-- Found ament_cmake: 1.3.13 (/opt/ros/humble/share/ament_cmake/cmake)
-- Override CMake install command with custom implementation using symlinks instead of copying resources
-- Found rclcpp: 16.0.18 (/opt/ros/humble/share/rclcpp/cmake)
-- Found rosidl_generator_c: 3.1.8 (/opt/ros/humble/share/rosidl_generator_c/cmake)
-- Found rosidl_adapter: 3.1.8 (/opt/ros/humble/share/rosidl_adapter/cmake)
-- Found rosidl_generator_cpp: 3.1.8 (/opt/ros/humble/share/rosidl_generator_cpp/cmake)
-- Using all available rosidl_typesupport_c: rosidl_typesupport_fastrtps_c;rosidl_typesupport_introspection_c
-- Using all available rosidl_typesupport_cpp: rosidl_typesupport_fastrtps_cpp;rosidl_typesupport_introspection_cpp
-- Found rmw_implementation_cmake: 6.1.2 (/opt/ros/humble/share/rmw_implementation_cmake/cmake)
-- Found rmw_fastrtps_cpp: 6.2.10 (/opt/ros/humble/share/rmw_fastrtps_cpp/cmake)
-- Using RMW implementation 'rmw_fastrtps_cpp' as default
-- Found sensor_msgs: 4.9.1 (/opt/ros/humble/share/sensor_msgs/cmake)
-- Found nav_msgs: 4.9.1 (/opt/ros/humble/share/nav_msgs/cmake)
-- Found tf2: 0.25.19 (/opt/ros/humble/share/tf2/cmake)
-- Found tf2_ros: 0.25.19 (/opt/ros/humble/share/tf2_ros/cmake)
-- Found tf2_geometry_msgs: 0.25.19 (/opt/ros/humble/share/tf2_geometry_msgs/cmake)
-- Found eigen3_cmake_module: 0.1.1 (/opt/ros/humble/share/eigen3_cmake_module/cmake)
-- Ensuring Eigen3 include directory is part of orocos-kdl CMake target
-- Found QGLViewer: /usr/include/QGLViewer
-- Configuring done
-- Generating done
-- Build files have been written to: /home/chuil/Desktop/zhongxi/build/graphslam
[  4%] [34m[1mAutomatic MOC and UIC for target graphslam_g2o[0m
[  8%] [34m[1mAutomatic MOC and UIC for target graphslam_node[0m
[ 12%] [34m[1mAutomatic MOC and UIC for target map_saver_node[0m
[ 16%] [34m[1mAutomatic MOC and UIC for target map_manager_node[0m
[ 16%] Built target map_saver_node_autogen
[ 16%] Built target graphslam_g2o_autogen
[ 16%] Built target map_manager_node_autogen
[ 16%] Built target graphslam_node_autogen
[35m[1mConsolidate compiler generated dependencies of target map_manager_node[0m
[35m[1mConsolidate compiler generated dependencies of target graphslam_g2o[0m
[35m[1mConsolidate compiler generated dependencies of target graphslam_node[0m
[35m[1mConsolidate compiler generated dependencies of target map_saver_node[0m
[ 20%] [32m[1mLinking CXX executable map_manager_node[0m
[ 25%] [32m[1mLinking CXX executable map_saver_node[0m
[ 33%] [32m[1mLinking CXX executable graphslam_node[0m
[ 33%] [32mBuilding CXX object CMakeFiles/graphslam_g2o.dir/slam2d_g2o.cpp.o[0m
In file included from [01m[K/home/chuil/Desktop/zhongxi/src/graphslam/slam2d_g2o.cpp:24[m[K:
[01m[K/home/chuil/Desktop/zhongxi/src/graphslam/main_window.h:23:10:[m[K [01;31m[Kfatal error: [m[Kui_main_window.h: 没有那个文件或目录
   23 | #include [01;31m[K"ui_main_window.h"[m[K  // Updated to use the new UI file
      |          [01;31m[K^~~~~~~~~~~~~~~~~~[m[K
compilation terminated.
gmake[2]: *** [CMakeFiles/graphslam_g2o.dir/build.make:118：CMakeFiles/graphslam_g2o.dir/slam2d_g2o.cpp.o] 错误 1
gmake[1]: *** [CMakeFiles/Makefile2:147：CMakeFiles/graphslam_g2o.dir/all] 错误 2
gmake[1]: *** 正在等待未完成的任务....
[ 41%] Built target map_saver_node
[ 50%] Built target map_manager_node
[ 83%] Built target graphslam_node
gmake: *** [Makefile:146：all] 错误 2
