[0.785s] Invoking command in '/home/chuil/Desktop/zhongxi/build/graphslam': CMAKE_PREFIX_PATH=${CMAKE_PREFIX_PATH}:/home/chuil/Desktop/zhongxi/install/demo_py:/opt/ros/humble /usr/bin/cmake /home/chuil/Desktop/zhongxi/src/graphslam -DCMAKE_INSTALL_PREFIX=/home/chuil/Desktop/zhongxi/install/graphslam
[0.837s] -- Found ament_cmake: 1.3.13 (/opt/ros/humble/share/ament_cmake/cmake)
[1.233s] -- Override CMake install command with custom implementation using symlinks instead of copying resources
[1.252s] -- Found rclcpp: 16.0.18 (/opt/ros/humble/share/rclcpp/cmake)
[1.322s] -- Found rosidl_generator_c: 3.1.8 (/opt/ros/humble/share/rosidl_generator_c/cmake)
[1.328s] -- Found rosidl_adapter: 3.1.8 (/opt/ros/humble/share/rosidl_adapter/cmake)
[1.344s] -- Found rosidl_generator_cpp: 3.1.8 (/opt/ros/humble/share/rosidl_generator_cpp/cmake)
[1.365s] -- Using all available rosidl_typesupport_c: rosidl_typesupport_fastrtps_c;rosidl_typesupport_introspection_c
[1.392s] -- Using all available rosidl_typesupport_cpp: rosidl_typesupport_fastrtps_cpp;rosidl_typesupport_introspection_cpp
[1.466s] -- Found rmw_implementation_cmake: 6.1.2 (/opt/ros/humble/share/rmw_implementation_cmake/cmake)
[1.469s] -- Found rmw_fastrtps_cpp: 6.2.10 (/opt/ros/humble/share/rmw_fastrtps_cpp/cmake)
[1.762s] -- Using RMW implementation 'rmw_fastrtps_cpp' as default
[1.888s] -- Found sensor_msgs: 4.9.1 (/opt/ros/humble/share/sensor_msgs/cmake)
[1.960s] -- Found nav_msgs: 4.9.1 (/opt/ros/humble/share/nav_msgs/cmake)
[2.008s] -- Found tf2: 0.25.19 (/opt/ros/humble/share/tf2/cmake)
[2.017s] -- Found tf2_ros: 0.25.19 (/opt/ros/humble/share/tf2_ros/cmake)
[2.212s] -- Found tf2_geometry_msgs: 0.25.19 (/opt/ros/humble/share/tf2_geometry_msgs/cmake)
[2.228s] -- Found eigen3_cmake_module: 0.1.1 (/opt/ros/humble/share/eigen3_cmake_module/cmake)
[2.234s] -- Ensuring Eigen3 include directory is part of orocos-kdl CMake target
[2.326s] -- Found QGLViewer: /usr/include/QGLViewer
[2.641s] -- Configuring done
[2.909s] -- Generating done
[2.958s] -- Build files have been written to: /home/chuil/Desktop/zhongxi/build/graphslam
[3.025s] Invoked command in '/home/chuil/Desktop/zhongxi/build/graphslam' returned '0': CMAKE_PREFIX_PATH=${CMAKE_PREFIX_PATH}:/home/chuil/Desktop/zhongxi/install/demo_py:/opt/ros/humble /usr/bin/cmake /home/chuil/Desktop/zhongxi/src/graphslam -DCMAKE_INSTALL_PREFIX=/home/chuil/Desktop/zhongxi/install/graphslam
[3.027s] Invoking command in '/home/chuil/Desktop/zhongxi/build/graphslam': CMAKE_PREFIX_PATH=${CMAKE_PREFIX_PATH}:/home/chuil/Desktop/zhongxi/install/demo_py:/opt/ros/humble /usr/bin/cmake --build /home/chuil/Desktop/zhongxi/build/graphslam -- -j6 -l6
[3.230s] [  4%] [34m[1mAutomatic MOC and UIC for target graphslam_g2o[0m
[3.234s] [  8%] [34m[1mAutomatic MOC and UIC for target graphslam_node[0m
[3.245s] [ 12%] [34m[1mAutomatic MOC and UIC for target map_saver_node[0m
[3.246s] [ 16%] [34m[1mAutomatic MOC and UIC for target map_manager_node[0m
[3.349s] [ 16%] Built target map_saver_node_autogen
[3.353s] [ 16%] Built target graphslam_g2o_autogen
[3.354s] [ 16%] Built target map_manager_node_autogen
[3.354s] [ 16%] Built target graphslam_node_autogen
[3.399s] [35m[1mConsolidate compiler generated dependencies of target map_manager_node[0m
[3.400s] [35m[1mConsolidate compiler generated dependencies of target graphslam_g2o[0m
[3.412s] [35m[1mConsolidate compiler generated dependencies of target graphslam_node[0m
[3.446s] [35m[1mConsolidate compiler generated dependencies of target map_saver_node[0m
[3.637s] [ 20%] [32m[1mLinking CXX executable map_manager_node[0m
[3.669s] [ 25%] [32m[1mLinking CXX executable map_saver_node[0m
[3.686s] [ 33%] [32m[1mLinking CXX executable graphslam_node[0m
[3.687s] [ 33%] [32mBuilding CXX object CMakeFiles/graphslam_g2o.dir/slam2d_g2o.cpp.o[0m
[5.946s] In file included from [01m[K/home/chuil/Desktop/zhongxi/src/graphslam/slam2d_g2o.cpp:24[m[K:
[5.947s] [01m[K/home/chuil/Desktop/zhongxi/src/graphslam/main_window.h:23:10:[m[K [01;31m[Kfatal error: [m[Kui_main_window.h: жІЎжњ‰й‚ЈдёЄж–‡д»¶ж€–з›®еЅ•
[5.947s]    23 | #include [01;31m[K"ui_main_window.h"[m[K  // Updated to use the new UI file
[5.947s]       |          [01;31m[K^~~~~~~~~~~~~~~~~~[m[K
[5.948s] compilation terminated.
[5.979s] gmake[2]: *** [CMakeFiles/graphslam_g2o.dir/build.make:118пјљCMakeFiles/graphslam_g2o.dir/slam2d_g2o.cpp.o] й”™иЇЇ 1
[5.982s] gmake[1]: *** [CMakeFiles/Makefile2:147пјљCMakeFiles/graphslam_g2o.dir/all] й”™иЇЇ 2
[5.982s] gmake[1]: *** ж­ЈењЁз­‰еѕ…жњЄе®Њж€ђзљ„д»»еЉЎ....
[7.694s] [ 41%] Built target map_saver_node
[8.489s] [ 50%] Built target map_manager_node
[8.815s] [ 83%] Built target graphslam_node
[8.819s] gmake: *** [Makefile:146пјљall] й”™иЇЇ 2
[8.827s] Invoked command in '/home/chuil/Desktop/zhongxi/build/graphslam' returned '2': CMAKE_PREFIX_PATH=${CMAKE_PREFIX_PATH}:/home/chuil/Desktop/zhongxi/install/demo_py:/opt/ros/humble /usr/bin/cmake --build /home/chuil/Desktop/zhongxi/build/graphslam -- -j6 -l6
