[0.023s] Invoking command in '/home/chuil/Desktop/zhongxi/zhongxi_2_5/src/GraphSLAM/build/GraphSLAM': CMAKE_PREFIX_PATH=/opt/ros/humble /usr/bin/cmake --build /home/chuil/Desktop/zhongxi/zhongxi_2_5/src/GraphSLAM/build/GraphSLAM -- -j6 -l6
[0.090s] -- Found ament_cmake: 1.3.12 (/opt/ros/humble/share/ament_cmake/cmake)
[0.433s] -- Found rclcpp: 16.0.17 (/opt/ros/humble/share/rclcpp/cmake)
[0.510s] -- Found rosidl_generator_c: 3.1.8 (/opt/ros/humble/share/rosidl_generator_c/cmake)
[0.515s] -- Found rosidl_adapter: 3.1.8 (/opt/ros/humble/share/rosidl_adapter/cmake)
[0.527s] -- Found rosidl_generator_cpp: 3.1.8 (/opt/ros/humble/share/rosidl_generator_cpp/cmake)
[0.547s] -- Using all available rosidl_typesupport_c: rosidl_typesupport_fastrtps_c;rosidl_typesupport_introspection_c
[0.573s] -- Using all available rosidl_typesupport_cpp: rosidl_typesupport_fastrtps_cpp;rosidl_typesupport_introspection_cpp
[0.639s] -- Found rmw_implementation_cmake: 6.1.2 (/opt/ros/humble/share/rmw_implementation_cmake/cmake)
[0.641s] -- Found rmw_fastrtps_cpp: 6.2.9 (/opt/ros/humble/share/rmw_fastrtps_cpp/cmake)
[0.860s] -- Using RMW implementation 'rmw_fastrtps_cpp' as default
[0.963s] -- Found sensor_msgs: 4.9.0 (/opt/ros/humble/share/sensor_msgs/cmake)
[1.022s] -- Found tf2: 0.25.18 (/opt/ros/humble/share/tf2/cmake)
[1.030s] -- Found tf2_ros: 0.25.18 (/opt/ros/humble/share/tf2_ros/cmake)
[1.355s] WARNING: Package name "GraphSLAM" does not follow the naming conventions. It should start with a lower case letter and only contain lower case letters, digits, underscores, and dashes.
[1.395s] -- Configuring done
[1.511s] -- Generating done
[1.528s] -- Build files have been written to: /home/chuil/Desktop/zhongxi/zhongxi_2_5/src/GraphSLAM/build/GraphSLAM
[1.638s] [ 12%] [34m[1mAutomatic MOC and UIC for target graphslam_g2o[0m
[1.638s] [ 12%] [34m[1mAutomatic MOC and UIC for target graphslam_node[0m
[1.701s] [ 12%] Built target graphslam_node_autogen
[1.701s] [ 12%] Built target graphslam_g2o_autogen
[1.734s] [35m[1mConsolidate compiler generated dependencies of target graphslam_node[0m
[1.738s] gmake[2]: *** 没有规则可制作目标“/usr/lib/aarch64-linux-gnu/libQGLViewer.so”，由“graphslam_g2o” 需求。 停止。
[1.738s] gmake[2]: *** 正在等待未完成的任务....
[1.757s] [ 18%] [32mBuilding CXX object CMakeFiles/graphslam_g2o.dir/slam2d_g2o.cpp.o[0m
[1.758s] [ 31%] [32mBuilding CXX object CMakeFiles/graphslam_g2o.dir/main_window.cpp.o[0m
[1.758s] [ 31%] [32mBuilding CXX object CMakeFiles/graphslam_g2o.dir/graphslam_g2o_autogen/mocs_compilation.cpp.o[0m
[1.771s] [ 37%] [32mBuilding CXX object CMakeFiles/graphslam_g2o.dir/slam2d_viewer.cpp.o[0m
[1.796s] [ 50%] [32mBuilding CXX object CMakeFiles/graphslam_node.dir/src/slam2d/front_end.cpp.o[0m
[1.796s] [ 50%] [32mBuilding CXX object CMakeFiles/graphslam_node.dir/src/slam2d/map.cpp.o[0m
[2.283s] In file included from [01m[K/home/chuil/Desktop/zhongxi/zhongxi_2_5/src/GraphSLAM/slam2d_viewer.cpp:19[m[K:
[2.284s] [01m[K/home/chuil/Desktop/zhongxi/zhongxi_2_5/src/GraphSLAM/slam2d_viewer.h:23:10:[m[K [01;31m[Kfatal error: [m[Kqglviewer.h: 没有那个文件或目录
[2.284s]    23 | #include [01;31m[K"qglviewer.h"[m[K
[2.284s]       |          [01;31m[K^~~~~~~~~~~~~[m[K
[2.284s] compilation terminated.
[2.298s] gmake[2]: *** [CMakeFiles/graphslam_g2o.dir/build.make:104：CMakeFiles/graphslam_g2o.dir/slam2d_viewer.cpp.o] 错误 1
[2.326s] [ 56%] [32mBuilding CXX object CMakeFiles/graphslam_node.dir/src/slam2d/utils.cpp.o[0m
[2.509s] In file included from [01m[K/home/chuil/Desktop/zhongxi/zhongxi_2_5/src/GraphSLAM/build/GraphSLAM/graphslam_g2o_autogen/include/ui_base_main_window.h:30[m[K,
[2.509s]                  from [01m[K/home/chuil/Desktop/zhongxi/zhongxi_2_5/src/GraphSLAM/main_window.h:22[m[K,
[2.509s]                  from [01m[K/home/chuil/Desktop/zhongxi/zhongxi_2_5/src/GraphSLAM/main_window.cpp:19[m[K:
[2.509s] [01m[K/home/chuil/Desktop/zhongxi/zhongxi_2_5/src/GraphSLAM/slam2d_viewer.h:23:10:[m[K [01;31m[Kfatal error: [m[Kqglviewer.h: 没有那个文件或目录
[2.510s]    23 | #include [01;31m[K"qglviewer.h"[m[K
[2.510s]       |          [01;31m[K^~~~~~~~~~~~~[m[K
[2.510s] compilation terminated.
[2.518s] In file included from [01m[K/home/chuil/Desktop/zhongxi/zhongxi_2_5/src/GraphSLAM/build/GraphSLAM/graphslam_g2o_autogen/include/ui_base_main_window.h:30[m[K,
[2.519s]                  from [01m[K/home/chuil/Desktop/zhongxi/zhongxi_2_5/src/GraphSLAM/main_window.h:22[m[K,
[2.519s]                  from [01m[K/home/chuil/Desktop/zhongxi/zhongxi_2_5/src/GraphSLAM/slam2d_g2o.cpp:24[m[K:
[2.519s] [01m[K/home/chuil/Desktop/zhongxi/zhongxi_2_5/src/GraphSLAM/slam2d_viewer.h:23:10:[m[K [01;31m[Kfatal error: [m[Kqglviewer.h: 没有那个文件或目录
[2.519s]    23 | #include [01;31m[K"qglviewer.h"[m[K
[2.519s]       |          [01;31m[K^~~~~~~~~~~~~[m[K
[2.519s] compilation terminated.
[2.526s] gmake[2]: *** [CMakeFiles/graphslam_g2o.dir/build.make:90：CMakeFiles/graphslam_g2o.dir/main_window.cpp.o] 错误 1
[2.533s] gmake[2]: *** [CMakeFiles/graphslam_g2o.dir/build.make:118：CMakeFiles/graphslam_g2o.dir/slam2d_g2o.cpp.o] 错误 1
[2.553s] [ 62%] [32mBuilding CXX object CMakeFiles/graphslam_node.dir/src/utils/transformations.cpp.o[0m
[2.555s] [ 68%] [32mBuilding CXX object CMakeFiles/graphslam_node.dir/src/utils/laser_scan.cpp.o[0m
[2.568s] In file included from [01m[K/home/chuil/Desktop/zhongxi/zhongxi_2_5/src/GraphSLAM/build/GraphSLAM/graphslam_g2o_autogen/include/ui_base_main_window.h:30[m[K,
[2.568s]                  from [01m[K/home/chuil/Desktop/zhongxi/zhongxi_2_5/src/GraphSLAM/build/GraphSLAM/graphslam_g2o_autogen/EWIEGA46WW/../../../../main_window.h:22[m[K,
[2.568s]                  from [01m[K/home/chuil/Desktop/zhongxi/zhongxi_2_5/src/GraphSLAM/build/GraphSLAM/graphslam_g2o_autogen/EWIEGA46WW/moc_main_window.cpp:10[m[K,
[2.568s]                  from [01m[K/home/chuil/Desktop/zhongxi/zhongxi_2_5/src/GraphSLAM/build/GraphSLAM/graphslam_g2o_autogen/mocs_compilation.cpp:2[m[K:
[2.569s] [01m[K/home/chuil/Desktop/zhongxi/zhongxi_2_5/src/GraphSLAM/slam2d_viewer.h:23:10:[m[K [01;31m[Kfatal error: [m[Kqglviewer.h: 没有那个文件或目录
[2.569s]    23 | #include [01;31m[K"qglviewer.h"[m[K
[2.569s]       |          [01;31m[K^~~~~~~~~~~~~[m[K
[2.569s] compilation terminated.
[2.587s] gmake[2]: *** [CMakeFiles/graphslam_g2o.dir/build.make:76：CMakeFiles/graphslam_g2o.dir/graphslam_g2o_autogen/mocs_compilation.cpp.o] 错误 1
[2.587s] gmake[1]: *** [CMakeFiles/Makefile2:141：CMakeFiles/graphslam_g2o.dir/all] 错误 2
[2.587s] gmake[1]: *** 正在等待未完成的任务....
[6.030s] In file included from [01m[K/home/chuil/Desktop/zhongxi/zhongxi_2_5/src/GraphSLAM/src/slam2d/map.cpp:2[m[K:
[6.031s] [01m[K/home/chuil/Desktop/zhongxi/zhongxi_2_5/src/GraphSLAM/include/slam2d/utils/transformations.h:115:37:[m[K [01;31m[Kerror: [m[K‘[01m[Kmean[m[K’ was not declared in this scope
[6.031s]   115 |     std::normal_distribution<> dist([01;31m[Kmean[m[K, stddev);
[6.031s]       |                                     [01;31m[K^~~~[m[K
[6.050s] [01m[K/home/chuil/Desktop/zhongxi/zhongxi_2_5/src/GraphSLAM/include/slam2d/utils/transformations.h:115:43:[m[K [01;31m[Kerror: [m[K‘[01m[Kstddev[m[K’ was not declared in this scope
[6.050s]   115 |     std::normal_distribution<> dist(mean, [01;31m[Kstddev[m[K);
[6.050s]       |                                           [01;31m[K^~~~~~[m[K
[6.050s] [01m[K/home/chuil/Desktop/zhongxi/zhongxi_2_5/src/GraphSLAM/include/slam2d/utils/transformations.h:116:5:[m[K [01;31m[Kerror: [m[Kexpected unqualified-id before ‘[01m[Kreturn[m[K’
[6.051s]   116 |     [01;31m[Kreturn[m[K dist(gen);
[6.051s]       |     [01;31m[K^~~~~~[m[K
[6.051s] [01m[K/home/chuil/Desktop/zhongxi/zhongxi_2_5/src/GraphSLAM/include/slam2d/utils/transformations.h:120:1:[m[K [01;31m[Kerror: [m[Kexpected declaration before ‘[01m[K}[m[K’ token
[6.051s]   120 | [01;31m[K}[m[K // namespace slam2d
[6.051s]       | [01;31m[K^[m[K
[6.140s] In file included from [01m[K/home/chuil/Desktop/zhongxi/zhongxi_2_5/src/GraphSLAM/src/slam2d/front_end.cpp:2[m[K:
[6.140s] [01m[K/home/chuil/Desktop/zhongxi/zhongxi_2_5/src/GraphSLAM/include/slam2d/utils/transformations.h:115:37:[m[K [01;31m[Kerror: [m[K‘[01m[Kmean[m[K’ was not declared in this scope
[6.140s]   115 |     std::normal_distribution<> dist([01;31m[Kmean[m[K, stddev);
[6.140s]       |                                     [01;31m[K^~~~[m[K
[6.160s] [01m[K/home/chuil/Desktop/zhongxi/zhongxi_2_5/src/GraphSLAM/include/slam2d/utils/transformations.h:115:43:[m[K [01;31m[Kerror: [m[K‘[01m[Kstddev[m[K’ was not declared in this scope
[6.161s]   115 |     std::normal_distribution<> dist(mean, [01;31m[Kstddev[m[K);
[6.161s]       |                                           [01;31m[K^~~~~~[m[K
[6.161s] [01m[K/home/chuil/Desktop/zhongxi/zhongxi_2_5/src/GraphSLAM/include/slam2d/utils/transformations.h:116:5:[m[K [01;31m[Kerror: [m[Kexpected unqualified-id before ‘[01m[Kreturn[m[K’
[6.161s]   116 |     [01;31m[Kreturn[m[K dist(gen);
[6.162s]       |     [01;31m[K^~~~~~[m[K
[6.162s] [01m[K/home/chuil/Desktop/zhongxi/zhongxi_2_5/src/GraphSLAM/include/slam2d/utils/transformations.h:120:1:[m[K [01;31m[Kerror: [m[Kexpected declaration before ‘[01m[K}[m[K’ token
[6.162s]   120 | [01;31m[K}[m[K // namespace slam2d
[6.162s]       | [01;31m[K^[m[K
[6.167s] [01m[K/home/chuil/Desktop/zhongxi/zhongxi_2_5/src/GraphSLAM/src/slam2d/front_end.cpp:[m[K In member function ‘[01m[Kslam2d::Pose2D slam2d::FrontEnd::predictPose(const slam2d::Pose2D&, const slam2d::Pose2D&)[m[K’:
[6.167s] [01m[K/home/chuil/Desktop/zhongxi/zhongxi_2_5/src/GraphSLAM/src/slam2d/front_end.cpp:22:39:[m[K [01;31m[Kerror: [m[K‘[01m[KsampleNormalDistribution[m[K’ is not a member of ‘[01m[Kslam2d::utils[m[K’
[6.167s]    22 |     double delta_rot1 = rot1 + utils::[01;31m[KsampleNormalDistribution[m[K(
[6.167s]       |                                       [01;31m[K^~~~~~~~~~~~~~~~~~~~~~~~[m[K
[6.170s] [01m[K/home/chuil/Desktop/zhongxi/zhongxi_2_5/src/GraphSLAM/src/slam2d/front_end.cpp:25:41:[m[K [01;31m[Kerror: [m[K‘[01m[KsampleNormalDistribution[m[K’ is not a member of ‘[01m[Kslam2d::utils[m[K’
[6.170s]    25 |     double delta_trans = trans + utils::[01;31m[KsampleNormalDistribution[m[K(
[6.177s]       |                                         [01;31m[K^~~~~~~~~~~~~~~~~~~~~~~~[m[K
[6.178s] [01m[K/home/chuil/Desktop/zhongxi/zhongxi_2_5/src/GraphSLAM/src/slam2d/front_end.cpp:29:39:[m[K [01;31m[Kerror: [m[K‘[01m[KsampleNormalDistribution[m[K’ is not a member of ‘[01m[Kslam2d::utils[m[K’
[6.178s]    29 |     double delta_rot2 = rot2 + utils::[01;31m[KsampleNormalDistribution[m[K(
[6.178s]       |                                       [01;31m[K^~~~~~~~~~~~~~~~~~~~~~~~[m[K
[6.670s] gmake[2]: *** [CMakeFiles/graphslam_node.dir/build.make:132：CMakeFiles/graphslam_node.dir/src/slam2d/map.cpp.o] 错误 1
[6.671s] gmake[2]: *** 正在等待未完成的任务....
[6.735s] In file included from [01m[K/home/chuil/Desktop/zhongxi/zhongxi_2_5/src/GraphSLAM/src/slam2d/utils.cpp:3[m[K:
[6.735s] [01m[K/home/chuil/Desktop/zhongxi/zhongxi_2_5/src/GraphSLAM/include/slam2d/utils/transformations.h:115:37:[m[K [01;31m[Kerror: [m[K‘[01m[Kmean[m[K’ was not declared in this scope
[6.735s]   115 |     std::normal_distribution<> dist([01;31m[Kmean[m[K, stddev);
[6.735s]       |                                     [01;31m[K^~~~[m[K
[6.756s] [01m[K/home/chuil/Desktop/zhongxi/zhongxi_2_5/src/GraphSLAM/include/slam2d/utils/transformations.h:115:43:[m[K [01;31m[Kerror: [m[K‘[01m[Kstddev[m[K’ was not declared in this scope
[6.756s]   115 |     std::normal_distribution<> dist(mean, [01;31m[Kstddev[m[K);
[6.756s]       |                                           [01;31m[K^~~~~~[m[K
[6.756s] [01m[K/home/chuil/Desktop/zhongxi/zhongxi_2_5/src/GraphSLAM/include/slam2d/utils/transformations.h:116:5:[m[K [01;31m[Kerror: [m[Kexpected unqualified-id before ‘[01m[Kreturn[m[K’
[6.757s]   116 |     [01;31m[Kreturn[m[K dist(gen);
[6.757s]       |     [01;31m[K^~~~~~[m[K
[6.757s] [01m[K/home/chuil/Desktop/zhongxi/zhongxi_2_5/src/GraphSLAM/include/slam2d/utils/transformations.h:120:1:[m[K [01;31m[Kerror: [m[Kexpected declaration before ‘[01m[K}[m[K’ token
[6.757s]   120 | [01;31m[K}[m[K // namespace slam2d
[6.757s]       | [01;31m[K^[m[K
[6.764s] gmake[2]: *** [CMakeFiles/graphslam_node.dir/build.make:118：CMakeFiles/graphslam_node.dir/src/slam2d/front_end.cpp.o] 错误 1
[6.849s] In file included from [01m[K/home/chuil/Desktop/zhongxi/zhongxi_2_5/src/GraphSLAM/src/utils/transformations.cpp:1[m[K:
[6.849s] [01m[K/home/chuil/Desktop/zhongxi/zhongxi_2_5/src/GraphSLAM/include/slam2d/utils/transformations.h:115:37:[m[K [01;31m[Kerror: [m[K‘[01m[Kmean[m[K’ was not declared in this scope
[6.850s]   115 |     std::normal_distribution<> dist([01;31m[Kmean[m[K, stddev);
[6.850s]       |                                     [01;31m[K^~~~[m[K
[6.865s] [01m[K/home/chuil/Desktop/zhongxi/zhongxi_2_5/src/GraphSLAM/include/slam2d/utils/transformations.h:115:43:[m[K [01;31m[Kerror: [m[K‘[01m[Kstddev[m[K’ was not declared in this scope
[6.866s]   115 |     std::normal_distribution<> dist(mean, [01;31m[Kstddev[m[K);
[6.866s]       |                                           [01;31m[K^~~~~~[m[K
[6.866s] [01m[K/home/chuil/Desktop/zhongxi/zhongxi_2_5/src/GraphSLAM/include/slam2d/utils/transformations.h:116:5:[m[K [01;31m[Kerror: [m[Kexpected unqualified-id before ‘[01m[Kreturn[m[K’
[6.866s]   116 |     [01;31m[Kreturn[m[K dist(gen);
[6.866s]       |     [01;31m[K^~~~~~[m[K
[6.867s] [01m[K/home/chuil/Desktop/zhongxi/zhongxi_2_5/src/GraphSLAM/include/slam2d/utils/transformations.h:120:1:[m[K [01;31m[Kerror: [m[Kexpected declaration before ‘[01m[K}[m[K’ token
[6.867s]   120 | [01;31m[K}[m[K // namespace slam2d
[6.867s]       | [01;31m[K^[m[K
[6.912s] In file included from [01m[K/home/chuil/Desktop/zhongxi/zhongxi_2_5/src/GraphSLAM/src/utils/laser_scan.cpp:2[m[K:
[6.913s] [01m[K/home/chuil/Desktop/zhongxi/zhongxi_2_5/src/GraphSLAM/include/slam2d/utils/transformations.h:115:37:[m[K [01;31m[Kerror: [m[K‘[01m[Kmean[m[K’ was not declared in this scope
[6.913s]   115 |     std::normal_distribution<> dist([01;31m[Kmean[m[K, stddev);
[6.913s]       |                                     [01;31m[K^~~~[m[K
[6.932s] [01m[K/home/chuil/Desktop/zhongxi/zhongxi_2_5/src/GraphSLAM/include/slam2d/utils/transformations.h:115:43:[m[K [01;31m[Kerror: [m[K‘[01m[Kstddev[m[K’ was not declared in this scope
[6.932s]   115 |     std::normal_distribution<> dist(mean, [01;31m[Kstddev[m[K);
[6.932s]       |                                           [01;31m[K^~~~~~[m[K
[6.932s] [01m[K/home/chuil/Desktop/zhongxi/zhongxi_2_5/src/GraphSLAM/include/slam2d/utils/transformations.h:116:5:[m[K [01;31m[Kerror: [m[Kexpected unqualified-id before ‘[01m[Kreturn[m[K’
[6.933s]   116 |     [01;31m[Kreturn[m[K dist(gen);
[6.933s]       |     [01;31m[K^~~~~~[m[K
[6.933s] [01m[K/home/chuil/Desktop/zhongxi/zhongxi_2_5/src/GraphSLAM/include/slam2d/utils/transformations.h:120:1:[m[K [01;31m[Kerror: [m[Kexpected declaration before ‘[01m[K}[m[K’ token
[6.933s]   120 | [01;31m[K}[m[K // namespace slam2d
[6.933s]       | [01;31m[K^[m[K
[7.452s] gmake[2]: *** [CMakeFiles/graphslam_node.dir/build.make:160：CMakeFiles/graphslam_node.dir/src/utils/laser_scan.cpp.o] 错误 1
[7.729s] gmake[2]: *** [CMakeFiles/graphslam_node.dir/build.make:146：CMakeFiles/graphslam_node.dir/src/slam2d/utils.cpp.o] 错误 1
[8.071s] gmake[2]: *** [CMakeFiles/graphslam_node.dir/build.make:174：CMakeFiles/graphslam_node.dir/src/utils/transformations.cpp.o] 错误 1
[8.071s] gmake[1]: *** [CMakeFiles/Makefile2:167：CMakeFiles/graphslam_node.dir/all] 错误 2
[8.072s] gmake: *** [Makefile:146：all] 错误 2
[8.081s] Invoked command in '/home/chuil/Desktop/zhongxi/zhongxi_2_5/src/GraphSLAM/build/GraphSLAM' returned '2': CMAKE_PREFIX_PATH=/opt/ros/humble /usr/bin/cmake --build /home/chuil/Desktop/zhongxi/zhongxi_2_5/src/GraphSLAM/build/GraphSLAM -- -j6 -l6
