[33mCMake Warning at CMakeLists.txt:182 (message):
  serial library not found, control_board_interface may not work properly

[0m
In file included from [01m[K/home/chuil/Desktop/zhongxi/src/sensor_interfaces/include/sensor_interfaces/control_board_interface.h:11[m[K,
                 from [01m[K/home/chuil/Desktop/zhongxi/src/sensor_interfaces/src/control_board_interface.cpp:1[m[K:
[01m[K/opt/ros/humble/include/tf2_geometry_msgs/tf2_geometry_msgs/tf2_geometry_msgs.h:35:2:[m[K [01;35m[Kwarning: [m[K#warning This header is obsolete, please include tf2_geometry_msgs/tf2_geometry_msgs.hpp instead [[01;35m[K]8;;https://gcc.gnu.org/onlinedocs/gcc/Warning-Options.html#index-Wcpp-Wcpp]8;;[m[K]
   35 | #[01;35m[Kwarning[m[K This header is obsolete, please include tf2_geometry_msgs/tf2_geometry_msgs.hpp instead
      |  [01;35m[K^~~~~~~[m[K
[01m[K/home/chuil/Desktop/zhongxi/src/sensor_interfaces/src/control_board_interface.cpp:[m[K In constructor ‘[01m[Ksensor_interfaces::ControlBoardInterface::ControlBoardInterface(const string&)[m[K’:
[01m[K/home/chuil/Desktop/zhongxi/src/sensor_interfaces/src/control_board_interface.cpp:39:62:[m[K [01;31m[Kerror: [m[K‘[01m[Kserial_port[m[K’ was not declared in this scope; did you mean ‘[01m[Kserial_port_[m[K’?
   39 |         comms_manager_ = std::make_shared<Stm32CommsManager>([01;31m[Kserial_port[m[K, baud_rate);
      |                                                              [01;31m[K^~~~~~~~~~~[m[K
      |                                                              [32m[Kserial_port_[m[K
[01m[K/home/chuil/Desktop/zhongxi/src/sensor_interfaces/src/control_board_interface.cpp:39:75:[m[K [01;31m[Kerror: [m[K‘[01m[Kbaud_rate[m[K’ was not declared in this scope; did you mean ‘[01m[Kbaud_rate_[m[K’?
   39 |         comms_manager_ = std::make_shared<Stm32CommsManager>(serial_port, [01;31m[Kbaud_rate[m[K);
      |                                                                           [01;31m[K^~~~~~~~~[m[K
      |                                                                           [32m[Kbaud_rate_[m[K
gmake[2]: *** [CMakeFiles/control_board_interface.dir/build.make:76: CMakeFiles/control_board_interface.dir/src/control_board_interface.cpp.o] 中断
gmake[1]: *** [CMakeFiles/Makefile2:250: CMakeFiles/control_board_interface.dir/all] 中断
gmake: *** [Makefile:146: all] 中断
