[0.031s] Invoking command in '/home/chuil/Desktop/zhongxi/build/sensor_interfaces': CMAKE_PREFIX_PATH=${CMAKE_PREFIX_PATH}:/home/chuil/Desktop/zhongxi/install/demo_py:/opt/ros/humble /usr/bin/cmake --build /home/chuil/Desktop/zhongxi/build/sensor_interfaces -- -j6 -l6
[0.125s] -- Found ament_cmake: 1.3.12 (/opt/ros/humble/share/ament_cmake/cmake)
[0.515s] -- Found rclcpp: 16.0.17 (/opt/ros/humble/share/rclcpp/cmake)
[0.610s] -- Found rosidl_generator_c: 3.1.8 (/opt/ros/humble/share/rosidl_generator_c/cmake)
[0.617s] -- Found rosidl_adapter: 3.1.8 (/opt/ros/humble/share/rosidl_adapter/cmake)
[0.637s] -- Found rosidl_generator_cpp: 3.1.8 (/opt/ros/humble/share/rosidl_generator_cpp/cmake)
[0.665s] -- Using all available rosidl_typesupport_c: rosidl_typesupport_fastrtps_c;rosidl_typesupport_introspection_c
[0.700s] -- Using all available rosidl_typesupport_cpp: rosidl_typesupport_fastrtps_cpp;rosidl_typesupport_introspection_cpp
[0.792s] -- Found rmw_implementation_cmake: 6.1.2 (/opt/ros/humble/share/rmw_implementation_cmake/cmake)
[0.796s] -- Found rmw_fastrtps_cpp: 6.2.9 (/opt/ros/humble/share/rmw_fastrtps_cpp/cmake)
[1.052s] -- Using RMW implementation 'rmw_fastrtps_cpp' as default
[1.189s] -- Found sensor_msgs: 4.9.0 (/opt/ros/humble/share/sensor_msgs/cmake)
[1.264s] -- Found cv_bridge: 3.2.1 (/opt/ros/humble/share/cv_bridge/cmake)
[1.279s] -- Found image_transport: 3.1.12 (/opt/ros/humble/share/image_transport/cmake)
[1.336s] -- Found nav_msgs: 4.9.0 (/opt/ros/humble/share/nav_msgs/cmake)
[1.380s] -- Found tf2: 0.25.18 (/opt/ros/humble/share/tf2/cmake)
[1.390s] -- Found tf2_ros: 0.25.18 (/opt/ros/humble/share/tf2_ros/cmake)
[1.589s] -- Found tf2_geometry_msgs: 0.25.18 (/opt/ros/humble/share/tf2_geometry_msgs/cmake)
[1.605s] -- Found eigen3_cmake_module: 0.1.1 (/opt/ros/humble/share/eigen3_cmake_module/cmake)
[1.607s] -- Ensuring Eigen3 include directory is part of orocos-kdl CMake target
[1.611s] -- Found std_srvs: 4.9.0 (/opt/ros/humble/share/std_srvs/cmake)
[1.679s] [33mCMake Warning at CMakeLists.txt:182 (message):
[1.680s]   serial library not found, control_board_interface may not work properly
[1.680s] 
[1.680s] [0m
[1.863s] -- Configuring done
[1.973s] -- Generating done
[2.001s] -- Build files have been written to: /home/chuil/Desktop/zhongxi/build/sensor_interfaces
[2.104s] [35m[1mConsolidate compiler generated dependencies of target sensor_interfaces_base[0m
[2.117s] [35m[1mConsolidate compiler generated dependencies of target ydlidar_sdk[0m
[2.163s] [  8%] Built target sensor_interfaces_base
[2.189s] [ 72%] Built target ydlidar_sdk
[2.190s] [35m[1mConsolidate compiler generated dependencies of target camera_driver[0m
[2.191s] [35m[1mConsolidate compiler generated dependencies of target control_board_interface[0m
[2.225s] [35m[1mConsolidate compiler generated dependencies of target lidar_driver[0m
[2.249s] [ 80%] Built target camera_driver
[2.254s] [ 84%] [32mBuilding CXX object CMakeFiles/control_board_interface.dir/src/control_board_interface.cpp.o[0m
[2.274s] [ 92%] Built target lidar_driver
[3.064s] In file included from [01m[K/home/chuil/Desktop/zhongxi/src/sensor_interfaces/include/sensor_interfaces/control_board_interface.h:11[m[K,
[3.065s]                  from [01m[K/home/chuil/Desktop/zhongxi/src/sensor_interfaces/src/control_board_interface.cpp:1[m[K:
[3.065s] [01m[K/opt/ros/humble/include/tf2_geometry_msgs/tf2_geometry_msgs/tf2_geometry_msgs.h:35:2:[m[K [01;35m[Kwarning: [m[K#warning This header is obsolete, please include tf2_geometry_msgs/tf2_geometry_msgs.hpp instead [[01;35m[K]8;;https://gcc.gnu.org/onlinedocs/gcc/Warning-Options.html#index-Wcpp-Wcpp]8;;[m[K]
[3.066s]    35 | #[01;35m[Kwarning[m[K This header is obsolete, please include tf2_geometry_msgs/tf2_geometry_msgs.hpp instead
[3.066s]       |  [01;35m[K^~~~~~~[m[K
[14.225s] [01m[K/home/chuil/Desktop/zhongxi/src/sensor_interfaces/src/control_board_interface.cpp:[m[K In constructor ‘[01m[Ksensor_interfaces::ControlBoardInterface::ControlBoardInterface(const string&)[m[K’:
[14.226s] [01m[K/home/chuil/Desktop/zhongxi/src/sensor_interfaces/src/control_board_interface.cpp:39:62:[m[K [01;31m[Kerror: [m[K‘[01m[Kserial_port[m[K’ was not declared in this scope; did you mean ‘[01m[Kserial_port_[m[K’?
[14.226s]    39 |         comms_manager_ = std::make_shared<Stm32CommsManager>([01;31m[Kserial_port[m[K, baud_rate);
[14.226s]       |                                                              [01;31m[K^~~~~~~~~~~[m[K
[14.226s]       |                                                              [32m[Kserial_port_[m[K
[14.266s] [01m[K/home/chuil/Desktop/zhongxi/src/sensor_interfaces/src/control_board_interface.cpp:39:75:[m[K [01;31m[Kerror: [m[K‘[01m[Kbaud_rate[m[K’ was not declared in this scope; did you mean ‘[01m[Kbaud_rate_[m[K’?
[14.266s]    39 |         comms_manager_ = std::make_shared<Stm32CommsManager>(serial_port, [01;31m[Kbaud_rate[m[K);
[14.267s]       |                                                                           [01;31m[K^~~~~~~~~[m[K
[14.267s]       |                                                                           [32m[Kbaud_rate_[m[K
[22.024s] gmake[2]: *** [CMakeFiles/control_board_interface.dir/build.make:76: CMakeFiles/control_board_interface.dir/src/control_board_interface.cpp.o] 中断
[22.024s] gmake[1]: *** [CMakeFiles/Makefile2:250: CMakeFiles/control_board_interface.dir/all] 中断
[22.025s] gmake: *** [Makefile:146: all] 中断
[22.166s] Invoked command in '/home/chuil/Desktop/zhongxi/build/sensor_interfaces' returned '-2': CMAKE_PREFIX_PATH=${CMAKE_PREFIX_PATH}:/home/chuil/Desktop/zhongxi/install/demo_py:/opt/ros/humble /usr/bin/cmake --build /home/chuil/Desktop/zhongxi/build/sensor_interfaces -- -j6 -l6
