[0.023s] Invoking command in '/home/chuil/Desktop/zhongxi/build/sensor_interfaces': CMAKE_PREFIX_PATH=${CMAKE_PREFIX_PATH}:/home/chuil/Desktop/zhongxi/install/demo_py:/opt/ros/humble /usr/bin/cmake /home/chuil/Desktop/zhongxi/src/sensor_interfaces -DCMAKE_INSTALL_PREFIX=/home/chuil/Desktop/zhongxi/install/sensor_interfaces
[0.058s] -- Found ament_cmake: 1.3.12 (/opt/ros/humble/share/ament_cmake/cmake)
[0.371s] -- Override CMake install command with custom implementation using symlinks instead of copying resources
[0.397s] -- Found rclcpp: 16.0.17 (/opt/ros/humble/share/rclcpp/cmake)
[0.468s] -- Found rosidl_generator_c: 3.1.8 (/opt/ros/humble/share/rosidl_generator_c/cmake)
[0.472s] -- Found rosidl_adapter: 3.1.8 (/opt/ros/humble/share/rosidl_adapter/cmake)
[0.485s] -- Found rosidl_generator_cpp: 3.1.8 (/opt/ros/humble/share/rosidl_generator_cpp/cmake)
[0.505s] -- Using all available rosidl_typesupport_c: rosidl_typesupport_fastrtps_c;rosidl_typesupport_introspection_c
[0.531s] -- Using all available rosidl_typesupport_cpp: rosidl_typesupport_fastrtps_cpp;rosidl_typesupport_introspection_cpp
[0.600s] -- Found rmw_implementation_cmake: 6.1.2 (/opt/ros/humble/share/rmw_implementation_cmake/cmake)
[0.602s] -- Found rmw_fastrtps_cpp: 6.2.9 (/opt/ros/humble/share/rmw_fastrtps_cpp/cmake)
[0.835s] -- Using RMW implementation 'rmw_fastrtps_cpp' as default
[0.944s] -- Found sensor_msgs: 4.9.0 (/opt/ros/humble/share/sensor_msgs/cmake)
[1.006s] -- Found cv_bridge: 3.2.1 (/opt/ros/humble/share/cv_bridge/cmake)
[1.017s] -- Found image_transport: 3.1.12 (/opt/ros/humble/share/image_transport/cmake)
[1.063s] -- Found nav_msgs: 4.9.0 (/opt/ros/humble/share/nav_msgs/cmake)
[1.098s] -- Found tf2: 0.25.18 (/opt/ros/humble/share/tf2/cmake)
[1.105s] -- Found tf2_ros: 0.25.18 (/opt/ros/humble/share/tf2_ros/cmake)
[1.258s] -- Found std_srvs: 4.9.0 (/opt/ros/humble/share/std_srvs/cmake)
[1.301s] [31mCMake Error at /opt/ros/humble/share/ament_cmake_target_dependencies/cmake/ament_target_dependencies.cmake:77 (message):
[1.302s]   ament_target_dependencies() the passed package name 'tf2_geometry_msgs' was
[1.302s]   not found before
[1.302s] Call Stack (most recent call first):
[1.302s]   CMakeLists.txt:94 (ament_target_dependencies)
[1.302s] 
[1.303s] [0m
[1.303s] -- Configuring incomplete, errors occurred!
[1.303s] See also "/home/chuil/Desktop/zhongxi/build/sensor_interfaces/CMakeFiles/CMakeOutput.log".
[1.336s] Invoked command in '/home/chuil/Desktop/zhongxi/build/sensor_interfaces' returned '1': CMAKE_PREFIX_PATH=${CMAKE_PREFIX_PATH}:/home/chuil/Desktop/zhongxi/install/demo_py:/opt/ros/humble /usr/bin/cmake /home/chuil/Desktop/zhongxi/src/sensor_interfaces -DCMAKE_INSTALL_PREFIX=/home/chuil/Desktop/zhongxi/install/sensor_interfaces
