[0.028s] Invoking command in '/home/chuil/Desktop/zhongxi/build/graphslam': CMAKE_PREFIX_PATH=${CMAKE_PREFIX_PATH}:/home/chuil/Desktop/zhongxi/install/demo_py:/opt/ros/humble /usr/bin/cmake --build /home/chuil/Desktop/zhongxi/build/graphslam -- -j6 -l6
[0.174s] [ 10%] [34m[1mAutomatic MOC and UIC for target graphslam_node[0m
[0.174s] [ 10%] [34m[1mAutomatic MOC and UIC for target graphslam_g2o[0m
[0.186s] [ 15%] [34m[1mAutomatic MOC and UIC for target map_manager_node[0m
[0.237s] [ 15%] Built target graphslam_node_autogen
[0.238s] [ 15%] Built target map_manager_node_autogen
[0.251s] [ 15%] Built target graphslam_g2o_autogen
[0.286s] [35m[1mConsolidate compiler generated dependencies of target graphslam_node[0m
[0.310s] [ 30%] Built target map_manager_node
[0.322s] [ 55%] Built target graphslam_g2o
[0.355s] [ 65%] [32mBuilding CXX object CMakeFiles/graphslam_node.dir/src/slam2d/back_end.cpp.o[0m
[0.355s] [ 65%] [32mBuilding CXX object CMakeFiles/graphslam_node.dir/src/slam2d/front_end.cpp.o[0m
[7.194s] [01m[K/home/chuil/Desktop/zhongxi/src/graphslam/src/slam2d/back_end.cpp:[m[K In constructor ‘[01m[Kslam2d::G2OBackend::G2OBackend()[m[K’:
[7.195s] [01m[K/home/chuil/Desktop/zhongxi/src/graphslam/src/slam2d/back_end.cpp:23:70:[m[K [01;31m[Kerror: [m[K‘[01m[KBlockSolver_2_2[m[K’ is not a member of ‘[01m[Kg2o[m[K’; did you mean ‘[01m[KBlockSolver_3_2[m[K’?
[7.195s]    23 |     auto linearSolver = std::make_unique<g2o::LinearSolverEigen<g2o::[01;31m[KBlockSolver_2_2[m[K::PoseMatrixType>>();
[7.195s]       |                                                                      [01;31m[K^~~~~~~~~~~~~~~[m[K
[7.195s]       |                                                                      [32m[KBlockSolver_3_2[m[K
[7.195s] [01m[K/home/chuil/Desktop/zhongxi/src/graphslam/src/slam2d/back_end.cpp:23:101:[m[K [01;31m[Kerror: [m[Ktemplate argument 1 is invalid
[7.195s]    23 |     auto linearSolver = std::make_unique<g2o::LinearSolverEigen<g2o::BlockSolver_2_2::PoseMatrixType[01;31m[K>>[m[K();
[7.196s]       |                                                                                                     [01;31m[K^~[m[K
[7.196s] [01m[K/home/chuil/Desktop/zhongxi/src/graphslam/src/slam2d/back_end.cpp:23:30:[m[K [01;31m[Kerror: [m[Kparse error in template argument list
[7.196s]    23 |     auto linearSolver = std::[01;31m[Kmake_unique<g2o::LinearSolverEigen<g2o::BlockSolver_2_2::PoseMatrixType>>()[m[K;
[7.196s]       |                              [01;31m[K^~~~~~~~~~~~~~~~~~~~~~~~~~~~~~~~~~~~~~~~~~~~~~~~~~~~~~~~~~~~~~~~~~~~~~~~~~~[m[K
[7.196s] [01m[K/home/chuil/Desktop/zhongxi/src/graphslam/src/slam2d/back_end.cpp:23:30:[m[K [01;31m[Kerror: [m[Kunable to deduce ‘[01m[Kauto[m[K’ from ‘[01m[Kmake_unique<<expression error> >[m[K’
[7.196s] [01m[K/home/chuil/Desktop/zhongxi/src/graphslam/src/slam2d/back_end.cpp:23:30:[m[K [01;36m[Knote: [m[K  couldn’t deduce template parameter ‘[01m[Kauto[m[K’
[7.197s] [01m[K/home/chuil/Desktop/zhongxi/src/graphslam/src/slam2d/back_end.cpp:24:46:[m[K [01;31m[Kerror: [m[K‘[01m[KBlockSolver_2_2[m[K’ is not a member of ‘[01m[Kg2o[m[K’; did you mean ‘[01m[KBlockSolver_3_2[m[K’?
[7.197s]    24 |     auto blockSolver = std::make_unique<g2o::[01;31m[KBlockSolver_2_2[m[K>(std::move(linearSolver));
[7.197s]       |                                              [01;31m[K^~~~~~~~~~~~~~~[m[K
[7.197s]       |                                              [32m[KBlockSolver_3_2[m[K
[7.464s] In file included from [01m[K/usr/include/eigen3/Eigen/Geometry:41[m[K,
[7.464s]                  from [01m[K/usr/local/include/g2o/core/eigen_types.h:31[m[K,
[7.464s]                  from [01m[K/usr/local/include/g2o/core/jacobian_workspace.h:34[m[K,
[7.464s]                  from [01m[K/usr/local/include/g2o/core/optimizable_graph.h:39[m[K,
[7.464s]                  from [01m[K/usr/local/include/g2o/core/sparse_optimizer.h:33[m[K,
[7.465s]                  from [01m[K/home/chuil/Desktop/zhongxi/src/graphslam/include/slam2d/back_end.h:8[m[K,
[7.465s]                  from [01m[K/home/chuil/Desktop/zhongxi/src/graphslam/src/slam2d/back_end.cpp:1[m[K:
[7.465s] /usr/include/eigen3/Eigen/src/Geometry/Rotation2D.h: In instantiation of ‘[01m[KEigen::Rotation2D<Scalar> Eigen::Rotation2D<Scalar>::inverse() const [with _Scalar = double][m[K’:
[7.465s] [01m[K/usr/local/include/g2o/types/slam2d/se2.h:85:24:[m[K   required from here
[7.465s] [01m[K/usr/include/eigen3/Eigen/src/Geometry/Rotation2D.h:98:39:[m[K [01;36m[Knote: [m[Kparameter passing for argument of type ‘[01m[KEigen::Rotation2D<double>[m[K’ when C++17 is enabled changed to match C++14 ]8;;https://gcc.gnu.org/gcc-10/changes.html#empty_basein GCC 10.1]8;;
[7.465s]    98 |   EIGEN_DEVICE_FUNC inline Rotation2D [01;36m[Kinverse[m[K() const { return Rotation2D(-m_angle); }
[7.466s]       |                                       [01;36m[K^~~~~~~[m[K
[9.001s] gmake[2]: *** [CMakeFiles/graphslam_node.dir/build.make:104：CMakeFiles/graphslam_node.dir/src/slam2d/back_end.cpp.o] 错误 1
[9.002s] gmake[1]: *** [CMakeFiles/Makefile2:170：CMakeFiles/graphslam_node.dir/all] 错误 2
[9.003s] gmake: *** [Makefile:146：all] 错误 2
[9.017s] Invoked command in '/home/chuil/Desktop/zhongxi/build/graphslam' returned '2': CMAKE_PREFIX_PATH=${CMAKE_PREFIX_PATH}:/home/chuil/Desktop/zhongxi/install/demo_py:/opt/ros/humble /usr/bin/cmake --build /home/chuil/Desktop/zhongxi/build/graphslam -- -j6 -l6
