[0.038s] Invoking command in '/home/chuil/Desktop/zhongxi/build/sensor_interfaces': CMAKE_PREFIX_PATH=${CMAKE_PREFIX_PATH}:/home/chuil/Desktop/zhongxi/install/demo_py:/opt/ros/humble /usr/bin/cmake --build /home/chuil/Desktop/zhongxi/build/sensor_interfaces -- -j6 -l6
[0.135s] -- Found ament_cmake: 1.3.12 (/opt/ros/humble/share/ament_cmake/cmake)
[0.487s] -- Found rclcpp: 16.0.17 (/opt/ros/humble/share/rclcpp/cmake)
[0.556s] -- Found rosidl_generator_c: 3.1.8 (/opt/ros/humble/share/rosidl_generator_c/cmake)
[0.562s] -- Found rosidl_adapter: 3.1.8 (/opt/ros/humble/share/rosidl_adapter/cmake)
[0.576s] -- Found rosidl_generator_cpp: 3.1.8 (/opt/ros/humble/share/rosidl_generator_cpp/cmake)
[0.597s] -- Using all available rosidl_typesupport_c: rosidl_typesupport_fastrtps_c;rosidl_typesupport_introspection_c
[0.626s] -- Using all available rosidl_typesupport_cpp: rosidl_typesupport_fastrtps_cpp;rosidl_typesupport_introspection_cpp
[0.699s] -- Found rmw_implementation_cmake: 6.1.2 (/opt/ros/humble/share/rmw_implementation_cmake/cmake)
[0.704s] -- Found rmw_fastrtps_cpp: 6.2.9 (/opt/ros/humble/share/rmw_fastrtps_cpp/cmake)
[0.963s] -- Using RMW implementation 'rmw_fastrtps_cpp' as default
[1.071s] -- Found sensor_msgs: 4.9.0 (/opt/ros/humble/share/sensor_msgs/cmake)
[1.131s] -- Found cv_bridge: 3.2.1 (/opt/ros/humble/share/cv_bridge/cmake)
[1.142s] -- Found image_transport: 3.1.12 (/opt/ros/humble/share/image_transport/cmake)
[1.189s] -- Found nav_msgs: 4.9.0 (/opt/ros/humble/share/nav_msgs/cmake)
[1.224s] -- Found tf2: 0.25.18 (/opt/ros/humble/share/tf2/cmake)
[1.230s] -- Found tf2_ros: 0.25.18 (/opt/ros/humble/share/tf2_ros/cmake)
[1.389s] -- Found std_srvs: 4.9.0 (/opt/ros/humble/share/std_srvs/cmake)
[1.478s] [0mCMake Deprecation Warning at /home/chuil/Desktop/ori_resource/EAI X3&X3 Pro激光雷达/ROS2-源码/源码/YDLidar-SDK-master/CMakeLists.txt:1 (cmake_minimum_required):
[1.479s]   Compatibility with CMake < 2.8.12 will be removed from a future version of
[1.479s]   CMake.
[1.479s] 
[1.479s]   Update the VERSION argument <min> value or use a ...<max> suffix to tell
[1.480s]   CMake that the project does not need compatibility with older versions.
[1.480s] 
[1.480s] [0m
[1.481s] [0mCMake Deprecation Warning at /home/chuil/Desktop/ori_resource/EAI X3&X3 Pro激光雷达/ROS2-源码/源码/YDLidar-SDK-master/CMakeLists.txt:44 (cmake_policy):
[1.481s]   The OLD behavior for policy CMP0053 will be removed from a future version
[1.481s]   of CMake.
[1.481s] 
[1.481s]   The cmake-policies(7) manual explains that the OLD behaviors of all
[1.481s]   policies are deprecated and that a policy should be set to OLD only under
[1.482s]   specific short-term circumstances.  Projects should be ported to the NEW
[1.482s]   behavior and not rely on setting a policy to OLD.
[1.482s] 
[1.482s] [0m
[1.482s] [0mCMake Deprecation Warning at /home/chuil/Desktop/ori_resource/EAI X3&X3 Pro激光雷达/ROS2-源码/源码/YDLidar-SDK-master/CMakeLists.txt:47 (cmake_policy):
[1.482s]   The OLD behavior for policy CMP0037 will be removed from a future version
[1.483s]   of CMake.
[1.483s] 
[1.483s]   The cmake-policies(7) manual explains that the OLD behaviors of all
[1.483s]   policies are deprecated and that a policy should be set to OLD only under
[1.483s]   specific short-term circumstances.  Projects should be ported to the NEW
[1.483s]   behavior and not rely on setting a policy to OLD.
[1.484s] 
[1.484s] [0m
[1.484s] [0mCMake Deprecation Warning at /home/chuil/Desktop/ori_resource/EAI X3&X3 Pro激光雷达/ROS2-源码/源码/YDLidar-SDK-master/CMakeLists.txt:50 (cmake_policy):
[1.484s]   The OLD behavior for policy CMP0043 will be removed from a future version
[1.484s]   of CMake.
[1.484s] 
[1.484s]   The cmake-policies(7) manual explains that the OLD behaviors of all
[1.485s]   policies are deprecated and that a policy should be set to OLD only under
[1.485s]   specific short-term circumstances.  Projects should be ported to the NEW
[1.485s]   behavior and not rely on setting a policy to OLD.
[1.485s] 
[1.485s] [0m
[1.491s] -- Could NOT find SWIG (missing: SWIG_EXECUTABLE SWIG_DIR) 
[1.548s] -- Found PythonInterp: /usr/bin/python (found version "3.10.12") 
[1.573s] -- Found PythonLibs: /usr/lib/aarch64-linux-gnu/libpython3.10.so (found version "3.10.12") 
[1.600s] -- Found GTest: /usr/lib/aarch64-linux-gnu/cmake/GTest/GTestConfig.cmake (found version "1.11.0")  
[1.607s] [0mCMake Deprecation Warning at /home/chuil/Desktop/ori_resource/EAI X3&X3 Pro激光雷达/ROS2-源码/源码/YDLidar-SDK-master/core/CMakeLists.txt:1 (cmake_minimum_required):
[1.608s]   Compatibility with CMake < 2.8.12 will be removed from a future version of
[1.609s]   CMake.
[1.609s] 
[1.609s]   Update the VERSION argument <min> value or use a ...<max> suffix to tell
[1.610s]   CMake that the project does not need compatibility with older versions.
[1.610s] 
[1.610s] [0m
[1.638s] [0mCMake Deprecation Warning at /home/chuil/Desktop/ori_resource/EAI X3&X3 Pro激光雷达/ROS2-源码/源码/YDLidar-SDK-master/samples/CMakeLists.txt:2 (cmake_minimum_required):
[1.639s]   Compatibility with CMake < 2.8.12 will be removed from a future version of
[1.639s]   CMake.
[1.639s] 
[1.639s]   Update the VERSION argument <min> value or use a ...<max> suffix to tell
[1.640s]   CMake that the project does not need compatibility with older versions.
[1.640s] 
[1.640s] [0m
[1.644s] -- build test is ON.....
[1.647s] [0mCMake Deprecation Warning at /home/chuil/Desktop/ori_resource/EAI X3&X3 Pro激光雷达/ROS2-源码/源码/YDLidar-SDK-master/cmake/install_package.cmake:101 (cmake_policy):
[1.648s]   The OLD behavior for policy CMP0026 will be removed from a future version
[1.648s]   of CMake.
[1.648s] 
[1.648s]   The cmake-policies(7) manual explains that the OLD behaviors of all
[1.649s]   policies are deprecated and that a policy should be set to OLD only under
[1.649s]   specific short-term circumstances.  Projects should be ported to the NEW
[1.649s]   behavior and not rely on setting a policy to OLD.
[1.649s] Call Stack (most recent call first):
[1.649s]   /home/chuil/Desktop/ori_resource/EAI X3&X3 Pro激光雷达/ROS2-源码/源码/YDLidar-SDK-master/CMakeLists.txt:161 (install_package)
[1.649s] 
[1.650s] [0m
[1.664s] [33mCMake Warning (dev) at /home/chuil/Desktop/ori_resource/EAI X3&X3 Pro激光雷达/ROS2-源码/源码/YDLidar-SDK-master/cmake/install_package.cmake:191 (install):
[1.664s]   Policy CMP0062 is not set: Disallow install() of export() result.  Run
[1.664s]   "cmake --help-policy CMP0062" for policy details.  Use the cmake_policy
[1.664s]   command to set the policy and suppress this warning.
[1.664s] 
[1.665s]   The file
[1.665s] 
[1.665s]     /home/chuil/Desktop/zhongxi/build/sensor_interfaces/ydlidar_sdk/ydlidar_sdkTargets.cmake
[1.665s] 
[1.665s]   was generated by the export() command.  It should not be installed with the
[1.666s]   install() command.  Use the install(EXPORT) mechanism instead.  See the
[1.666s]   cmake-packages(7) manual for more.
[1.666s] 
[1.666s] Call Stack (most recent call first):
[1.666s]   /home/chuil/Desktop/ori_resource/EAI X3&X3 Pro激光雷达/ROS2-源码/源码/YDLidar-SDK-master/CMakeLists.txt:161 (install_package)
[1.666s] This warning is for project developers.  Use -Wno-dev to suppress it.
[1.667s] [0m
[1.667s] [31mCMake Error at /home/chuil/Desktop/ori_resource/EAI X3&X3 Pro激光雷达/ROS2-源码/源码/YDLidar-SDK-master/CMakeLists.txt:186 (add_custom_target):
[1.667s]   add_custom_target cannot create target "uninstall" because another target
[1.667s]   with the same name already exists.  The existing target is a custom target
[1.667s]   created in source directory
[1.667s]   "/home/chuil/Desktop/zhongxi/src/sensor_interfaces".  See documentation for
[1.668s]   policy CMP0002 for more details.
[1.668s] 
[1.668s] [0m
[1.708s] -- 
[1.708s] -- +===========================================================================+
[1.709s] -- |         Resulting configuration for                             |
[1.709s] -- +===========================================================================+
[1.709s] --  _________________________ PLATFORM _____________________________
[1.709s] --  Host                        : Linux5.15.185-tegraaarch64
[1.709s] --  Is the system big endian?   :  No 
[1.713s] --  Word size (32/64 bit)       : 64
[1.713s] --  CMake version               : 3.22.1
[1.713s] --  CMake generator             : Unix Makefiles
[1.714s] --  CMake build tool            : /usr/bin/gmake
[1.714s] --  Compiler                    : GNU
[1.714s] --  Configuration               : 
[1.714s] -- 
[1.714s] --  __________________________ OPTIONS _____________________________
[1.714s] --  Build YDLidar-SDK as a shared library?　　 :  No 
[1.715s] --  Build Examples?　　　　　　　　　　　　　　 : Yes 
[1.715s] --  Build C Sharp API?　　　　　　　　　　　　 :  No 
[1.715s] --  Build TEST?  			　　　 : Yes 
[1.715s] -- 
[1.715s] --  _________________________ INSTALL _____________________
[1.715s] --  Install prefix                    : /home/chuil/Desktop/zhongxi/install/sensor_interfaces
[1.716s] -- 
[1.716s] --  _______________________ WRAPPERS/BINDINGS ______________________
[1.716s] --  Python bindings (pyydlidar)   :  No 
[1.716s] --   - dep: Swig found?       :  No [Version: ]
[1.716s] --   - dep: PythonLibs found?  : Yes [Version: 3.10.12]
[1.716s] -- 
[1.904s] -- Configuring incomplete, errors occurred!
[1.905s] See also "/home/chuil/Desktop/zhongxi/build/sensor_interfaces/CMakeFiles/CMakeOutput.log".
[1.964s] gmake: *** [Makefile:308：cmake_check_build_system] 错误 1
[1.974s] Invoked command in '/home/chuil/Desktop/zhongxi/build/sensor_interfaces' returned '2': CMAKE_PREFIX_PATH=${CMAKE_PREFIX_PATH}:/home/chuil/Desktop/zhongxi/install/demo_py:/opt/ros/humble /usr/bin/cmake --build /home/chuil/Desktop/zhongxi/build/sensor_interfaces -- -j6 -l6
