[0.039s] Invoking command in '/home/chuil/Desktop/zhongxi/build/sensor_interfaces': CMAKE_PREFIX_PATH=${CMAKE_PREFIX_PATH}:/home/chuil/Desktop/zhongxi/install/demo_py:/opt/ros/humble /usr/bin/cmake --build /home/chuil/Desktop/zhongxi/build/sensor_interfaces -- -j6 -l6
[0.132s] -- Found ament_cmake: 1.3.12 (/opt/ros/humble/share/ament_cmake/cmake)
[0.553s] -- Found rclcpp: 16.0.17 (/opt/ros/humble/share/rclcpp/cmake)
[0.619s] -- Found rosidl_generator_c: 3.1.8 (/opt/ros/humble/share/rosidl_generator_c/cmake)
[0.623s] -- Found rosidl_adapter: 3.1.8 (/opt/ros/humble/share/rosidl_adapter/cmake)
[0.637s] -- Found rosidl_generator_cpp: 3.1.8 (/opt/ros/humble/share/rosidl_generator_cpp/cmake)
[0.658s] -- Using all available rosidl_typesupport_c: rosidl_typesupport_fastrtps_c;rosidl_typesupport_introspection_c
[0.684s] -- Using all available rosidl_typesupport_cpp: rosidl_typesupport_fastrtps_cpp;rosidl_typesupport_introspection_cpp
[0.752s] -- Found rmw_implementation_cmake: 6.1.2 (/opt/ros/humble/share/rmw_implementation_cmake/cmake)
[0.755s] -- Found rmw_fastrtps_cpp: 6.2.9 (/opt/ros/humble/share/rmw_fastrtps_cpp/cmake)
[1.012s] -- Using RMW implementation 'rmw_fastrtps_cpp' as default
[1.116s] -- Found sensor_msgs: 4.9.0 (/opt/ros/humble/share/sensor_msgs/cmake)
[1.182s] -- Found cv_bridge: 3.2.1 (/opt/ros/humble/share/cv_bridge/cmake)
[1.193s] -- Found image_transport: 3.1.12 (/opt/ros/humble/share/image_transport/cmake)
[1.243s] -- Found nav_msgs: 4.9.0 (/opt/ros/humble/share/nav_msgs/cmake)
[1.280s] -- Found tf2: 0.25.18 (/opt/ros/humble/share/tf2/cmake)
[1.287s] -- Found tf2_ros: 0.25.18 (/opt/ros/humble/share/tf2_ros/cmake)
[1.447s] -- Found std_srvs: 4.9.0 (/opt/ros/humble/share/std_srvs/cmake)
[1.656s] -- Configuring done
[1.708s] -- Generating done
[1.725s] -- Build files have been written to: /home/chuil/Desktop/zhongxi/build/sensor_interfaces
[1.811s] [35m[1mConsolidate compiler generated dependencies of target camera_driver[0m
[1.840s] [ 10%] [32mBuilding CXX object CMakeFiles/ydlidar_sdk_lib.dir/home/chuil/Desktop/ori_resource/EAI_X3&X3_Pro激光雷达/ROS2-源码/源码/YDLidar-SDK-master/core/serial/serial.cpp.o[0m
[1.843s] [ 20%] [32mBuilding CXX object CMakeFiles/ydlidar_sdk_lib.dir/home/chuil/Desktop/ori_resource/EAI_X3&X3_Pro激光雷达/ROS2-源码/源码/YDLidar-SDK-master/src/ETLidarDriver.cpp.o[0m
[1.846s] [ 30%] [32mBuilding CXX object CMakeFiles/ydlidar_sdk_lib.dir/home/chuil/Desktop/ori_resource/EAI_X3&X3_Pro激光雷达/ROS2-源码/源码/YDLidar-SDK-master/src/ydlidar_driver.cpp.o[0m
[1.854s] [ 40%] [32mBuilding CXX object CMakeFiles/ydlidar_sdk_lib.dir/home/chuil/Desktop/ori_resource/EAI_X3&X3_Pro激光雷达/ROS2-源码/源码/YDLidar-SDK-master/src/CYdLidar.cpp.o[0m
[1.866s] [ 60%] [32mBuilding CXX object CMakeFiles/ydlidar_sdk_lib.dir/home/chuil/Desktop/ori_resource/EAI_X3&X3_Pro激光雷达/ROS2-源码/源码/YDLidar-SDK-master/src/ydlidar_sdk.cpp.o[0m
[1.866s] [ 60%] [32mBuilding CXX object CMakeFiles/camera_driver.dir/src/camera_driver.cpp.o[0m
[1.904s] [01m[K/home/chuil/Desktop/ori_resource/EAI X3&X3 Pro激光雷达/ROS2-源码/源码/YDLidar-SDK-master/src/ETLidarDriver.cpp:31:10:[m[K [01;31m[Kfatal error: [m[Kcore/network/PassiveSocket.h: 没有那个文件或目录
[1.905s]    31 | #include [01;31m[K<core/network/PassiveSocket.h>[m[K
[1.905s]       |          [01;31m[K^~~~~~~~~~~~~~~~~~~~~~~~~~~~~~[m[K
[1.905s] compilation terminated.
[1.905s] In file included from [01m[K/home/chuil/Desktop/ori_resource/EAI X3&X3 Pro激光雷达/ROS2-源码/源码/YDLidar-SDK-master/src/CYdLidar.cpp:24[m[K:
[1.905s] [01m[K/home/chuil/Desktop/ori_resource/EAI X3&X3 Pro激光雷达/ROS2-源码/源码/YDLidar-SDK-master/src/CYdLidar.h:46:10:[m[K [01;31m[Kfatal error: [m[Kcore/base/utils.h: 没有那个文件或目录
[1.906s]    46 | #include [01;31m[K<core/base/utils.h>[m[K
[1.906s]       |          [01;31m[K^~~~~~~~~~~~~~~~~~~[m[K
[1.906s] compilation terminated.
[1.908s] [01m[K/home/chuil/Desktop/ori_resource/EAI X3&X3 Pro激光雷达/ROS2-源码/源码/YDLidar-SDK-master/src/ydlidar_driver.cpp:24:10:[m[K [01;31m[Kfatal error: [m[Kcore/serial/serial.h: 没有那个文件或目录
[1.908s]    24 | #include [01;31m[K<core/serial/serial.h>[m[K
[1.908s]       |          [01;31m[K^~~~~~~~~~~~~~~~~~~~~~[m[K
[1.910s] compilation terminated.
[1.918s] gmake[2]: *** [CMakeFiles/ydlidar_sdk_lib.dir/build.make:104：CMakeFiles/ydlidar_sdk_lib.dir/home/chuil/Desktop/ori_resource/EAI_X3&X3_Pro激光雷达/ROS2-源码/源码/YDLidar-SDK-master/src/ETLidarDriver.cpp.o] 错误 1
[1.918s] gmake[2]: *** 正在等待未完成的任务....
[1.919s] gmake[2]: *** [CMakeFiles/ydlidar_sdk_lib.dir/build.make:118：CMakeFiles/ydlidar_sdk_lib.dir/home/chuil/Desktop/ori_resource/EAI_X3&X3_Pro激光雷达/ROS2-源码/源码/YDLidar-SDK-master/src/ydlidar_driver.cpp.o] 错误 1
[1.919s] gmake[2]: *** [CMakeFiles/ydlidar_sdk_lib.dir/build.make:90：CMakeFiles/ydlidar_sdk_lib.dir/home/chuil/Desktop/ori_resource/EAI_X3&X3_Pro激光雷达/ROS2-源码/源码/YDLidar-SDK-master/src/CYdLidar.cpp.o] 错误 1
[2.006s] In file included from [01m[K/home/chuil/Desktop/ori_resource/EAI X3&X3 Pro激光雷达/ROS2-源码/源码/YDLidar-SDK-master/src/ydlidar_sdk.cpp:26[m[K:
[2.007s] [01m[K/home/chuil/Desktop/ori_resource/EAI X3&X3 Pro激光雷达/ROS2-源码/源码/YDLidar-SDK-master/src/ydlidar_sdk.h:47:10:[m[K [01;31m[Kfatal error: [m[Kcore/common/ydlidar_def.h: 没有那个文件或目录
[2.007s]    47 | #include [01;31m[K<core/common/ydlidar_def.h>[m[K
[2.007s]       |          [01;31m[K^~~~~~~~~~~~~~~~~~~~~~~~~~~[m[K
[2.007s] compilation terminated.
[2.012s] gmake[2]: *** [CMakeFiles/ydlidar_sdk_lib.dir/build.make:132：CMakeFiles/ydlidar_sdk_lib.dir/home/chuil/Desktop/ori_resource/EAI_X3&X3_Pro激光雷达/ROS2-源码/源码/YDLidar-SDK-master/src/ydlidar_sdk.cpp.o] 错误 1
[2.020s] In file included from [01m[K/home/chuil/Desktop/ori_resource/EAI X3&X3 Pro激光雷达/ROS2-源码/源码/YDLidar-SDK-master/core/serial/serial.cpp:11[m[K:
[2.021s] [01m[K/home/chuil/Desktop/ori_resource/EAI X3&X3 Pro激光雷达/ROS2-源码/源码/YDLidar-SDK-master/core/serial/serial.h:9:10:[m[K [01;31m[Kfatal error: [m[Kcore/base/v8stdint.h: 没有那个文件或目录
[2.021s]     9 | #include [01;31m[K<core/base/v8stdint.h>[m[K
[2.021s]       |          [01;31m[K^~~~~~~~~~~~~~~~~~~~~~[m[K
[2.021s] compilation terminated.
[2.025s] gmake[2]: *** [CMakeFiles/ydlidar_sdk_lib.dir/build.make:76：CMakeFiles/ydlidar_sdk_lib.dir/home/chuil/Desktop/ori_resource/EAI_X3&X3_Pro激光雷达/ROS2-源码/源码/YDLidar-SDK-master/core/serial/serial.cpp.o] 错误 1
[2.026s] gmake[1]: *** [CMakeFiles/Makefile2:141：CMakeFiles/ydlidar_sdk_lib.dir/all] 错误 2
[2.027s] gmake[1]: *** 正在等待未完成的任务....
[13.296s] [01m[K/home/chuil/Desktop/zhongxi/src/sensor_interfaces/src/camera_driver.cpp:[m[K In constructor ‘[01m[KCameraDriver::CameraDriver()[m[K’:
[13.296s] [01m[K/home/chuil/Desktop/zhongxi/src/sensor_interfaces/src/camera_driver.cpp:27:13:[m[K [01;35m[Kwarning: [m[Kunused variable ‘[01m[Kcamera_id[m[K’ [[01;35m[K]8;;https://gcc.gnu.org/onlinedocs/gcc/Warning-Options.html#index-Wunused-variable-Wunused-variable]8;;[m[K]
[13.296s]    27 |         int [01;35m[Kcamera_id[m[K = this->get_parameter("camera_id").as_int();
[13.297s]       |             [01;35m[K^~~~~~~~~[m[K
[13.331s] [01m[K/home/chuil/Desktop/zhongxi/src/sensor_interfaces/src/camera_driver.cpp:[m[K In member function ‘[01m[Kvoid CameraDriver::publish_image()[m[K’:
[13.331s] [01m[K/home/chuil/Desktop/zhongxi/src/sensor_interfaces/src/camera_driver.cpp:153:35:[m[K [01;31m[Kerror: [m[Kno matching function for call to ‘[01m[Kimage_transport::CameraPublisher::publish(std::shared_ptr<sensor_msgs::msg::Image_<std::allocator<void> > >&, sensor_msgs::msg::CameraInfo&)[m[K’
[13.331s]   153 |                 [01;31m[Kimage_pub_.publish(img_msg, camera_info_msg_)[m[K;
[13.332s]       |                 [01;31m[K~~~~~~~~~~~~~~~~~~^~~~~~~~~~~~~~~~~~~~~~~~~~~[m[K
[13.332s] In file included from [01m[K/opt/ros/humble/include/image_transport/image_transport/image_transport.hpp:39[m[K,
[13.333s]                  from [01m[K/home/chuil/Desktop/zhongxi/src/sensor_interfaces/src/camera_driver.cpp:7[m[K:
[13.333s] [01m[K/opt/ros/humble/include/image_transport/image_transport/camera_publisher.hpp:103:8:[m[K [01;36m[Knote: [m[Kcandidate: ‘[01m[Kvoid image_transport::CameraPublisher::publish(const Image&, const CameraInfo&) const[m[K’
[13.333s]   103 |   void [01;36m[Kpublish[m[K(
[13.333s]       |        [01;36m[K^~~~~~~[m[K
[13.334s] [01m[K/opt/ros/humble/include/image_transport/image_transport/camera_publisher.hpp:104:37:[m[K [01;36m[Knote: [m[K  no known conversion for argument 1 from ‘[01m[Kstd::shared_ptr<sensor_msgs::msg::Image_<std::allocator<void> > >[m[K’ to ‘[01m[Kconst Image&[m[K’ {aka ‘[01m[Kconst sensor_msgs::msg::Image_<std::allocator<void> >&[m[K’}
[13.334s]   104 |     [01;36m[Kconst sensor_msgs::msg::Image & image[m[K,
[13.334s]       |     [01;36m[K~~~~~~~~~~~~~~~~~~~~~~~~~~~~~~~~^~~~~[m[K
[13.334s] [01m[K/opt/ros/humble/include/image_transport/image_transport/camera_publisher.hpp:111:8:[m[K [01;36m[Knote: [m[Kcandidate: ‘[01m[Kvoid image_transport::CameraPublisher::publish(const ConstSharedPtr&, const ConstSharedPtr&) const[m[K’
[13.335s]   111 |   void [01;36m[Kpublish[m[K(
[13.335s]       |        [01;36m[K^~~~~~~[m[K
[13.335s] [01m[K/opt/ros/humble/include/image_transport/image_transport/camera_publisher.hpp:113:58:[m[K [01;36m[Knote: [m[K  no known conversion for argument 2 from ‘[01m[Ksensor_msgs::msg::CameraInfo[m[K’ {aka ‘[01m[Ksensor_msgs::msg::CameraInfo_<std::allocator<void> >[m[K’} to ‘[01m[Kconst ConstSharedPtr&[m[K’ {aka ‘[01m[Kconst std::shared_ptr<const sensor_msgs::msg::CameraInfo_<std::allocator<void> > >&[m[K’}
[13.335s]   113 |     [01;36m[Kconst sensor_msgs::msg::CameraInfo::ConstSharedPtr & info[m[K) const;
[13.336s]       |     [01;36m[K~~~~~~~~~~~~~~~~~~~~~~~~~~~~~~~~~~~~~~~~~~~~~~~~~~~~~^~~~[m[K
[13.336s] [01m[K/opt/ros/humble/include/image_transport/image_transport/camera_publisher.hpp:123:8:[m[K [01;36m[Knote: [m[Kcandidate: ‘[01m[Kvoid image_transport::CameraPublisher::publish(sensor_msgs::msg::Image&, sensor_msgs::msg::CameraInfo&, rclcpp::Time) const[m[K’
[13.336s]   123 |   void [01;36m[Kpublish[m[K(
[13.336s]       |        [01;36m[K^~~~~~~[m[K
[13.337s] [01m[K/opt/ros/humble/include/image_transport/image_transport/camera_publisher.hpp:123:8:[m[K [01;36m[Knote: [m[K  candidate expects 3 arguments, 2 provided
[16.618s] gmake[2]: *** [CMakeFiles/camera_driver.dir/build.make:76：CMakeFiles/camera_driver.dir/src/camera_driver.cpp.o] 错误 1
[16.619s] gmake[1]: *** [CMakeFiles/Makefile2:167：CMakeFiles/camera_driver.dir/all] 错误 2
[16.619s] gmake: *** [Makefile:146：all] 错误 2
[16.633s] Invoked command in '/home/chuil/Desktop/zhongxi/build/sensor_interfaces' returned '2': CMAKE_PREFIX_PATH=${CMAKE_PREFIX_PATH}:/home/chuil/Desktop/zhongxi/install/demo_py:/opt/ros/humble /usr/bin/cmake --build /home/chuil/Desktop/zhongxi/build/sensor_interfaces -- -j6 -l6
