[35m[1mConsolidate compiler generated dependencies of target ydlidar_sdk[0m
[  8%] Built target sensor_interfaces_base
[ 72%] Built target ydlidar_sdk
[ 80%] Built target camera_driver
[ 92%] Built target control_board_interface
[100%] Built target lidar_driver
-- Install configuration: ""
-- Execute custom install script
-- Symlinking: /home/chuil/Desktop/zhongxi/install/sensor_interfaces/lib/sensor_interfaces/camera_driver
-- Symlinking: /home/chuil/Desktop/zhongxi/install/sensor_interfaces/lib/sensor_interfaces/lidar_driver
-- Symlinking: /home/chuil/Desktop/zhongxi/install/sensor_interfaces/lib/sensor_interfaces/control_board_interface
-- Symlinking: /home/chuil/Desktop/zhongxi/install/sensor_interfaces/lib/sensor_interfaces/libydlidar_sdk.a
-- Symlinking: /home/chuil/Desktop/zhongxi/install/sensor_interfaces/lib/sensor_interfaces/libsensor_interfaces_base.a
-- Symlinking: /home/chuil/Desktop/zhongxi/install/sensor_interfaces/include//sensor_interfaces/camera_interface.h
-- Symlinking: /home/chuil/Desktop/zhongxi/install/sensor_interfaces/include//sensor_interfaces/control_board_interface.h
-- Symlinking: /home/chuil/Desktop/zhongxi/install/sensor_interfaces/include//sensor_interfaces/lidar_interface.h
-- Symlinking: /home/chuil/Desktop/zhongxi/install/sensor_interfaces/include//sensor_interfaces/sensor_interfaces.h
-- Symlinking: /home/chuil/Desktop/zhongxi/install/sensor_interfaces/include//sensor_interfaces/stm32_comms_manager.h
-- Symlinking: /home/chuil/Desktop/zhongxi/install/sensor_interfaces/include//sensor_interfaces/stm32_protocol.h
-- Symlinking: /home/chuil/Desktop/zhongxi/install/sensor_interfaces/share/sensor_interfaces//launch/full_system.launch.py
-- Symlinking: /home/chuil/Desktop/zhongxi/install/sensor_interfaces/share/sensor_interfaces//launch/sensors.launch.py
-- Symlinking: /home/chuil/Desktop/zhongxi/install/sensor_interfaces/share/sensor_interfaces//config/camera_params.yaml
-- Symlinking: /home/chuil/Desktop/zhongxi/install/sensor_interfaces/share/sensor_interfaces//config/control_params.yaml
-- Symlinking: /home/chuil/Desktop/zhongxi/install/sensor_interfaces/share/sensor_interfaces//config/lidar_params.yaml
-- Symlinking: /home/chuil/Desktop/zhongxi/install/sensor_interfaces/share/sensor_interfaces//config/ydlidar_x3pro.yaml
-- Symlinking: /home/chuil/Desktop/zhongxi/install/sensor_interfaces/share/ament_index/resource_index/package_run_dependencies/sensor_interfaces
-- Symlinking: /home/chuil/Desktop/zhongxi/install/sensor_interfaces/share/ament_index/resource_index/parent_prefix_path/sensor_interfaces
-- Symlinking: /home/chuil/Desktop/zhongxi/install/sensor_interfaces/share/sensor_interfaces/environment/ament_prefix_path.sh
-- Symlinking: /home/chuil/Desktop/zhongxi/install/sensor_interfaces/share/sensor_interfaces/environment/ament_prefix_path.dsv
-- Symlinking: /home/chuil/Desktop/zhongxi/install/sensor_interfaces/share/sensor_interfaces/environment/path.sh
-- Symlinking: /home/chuil/Desktop/zhongxi/install/sensor_interfaces/share/sensor_interfaces/environment/path.dsv
-- Symlinking: /home/chuil/Desktop/zhongxi/install/sensor_interfaces/share/sensor_interfaces/local_setup.bash
-- Symlinking: /home/chuil/Desktop/zhongxi/install/sensor_interfaces/share/sensor_interfaces/local_setup.sh
-- Symlinking: /home/chuil/Desktop/zhongxi/install/sensor_interfaces/share/sensor_interfaces/local_setup.zsh
-- Symlinking: /home/chuil/Desktop/zhongxi/install/sensor_interfaces/share/sensor_interfaces/local_setup.dsv
-- Symlinking: /home/chuil/Desktop/zhongxi/install/sensor_interfaces/share/sensor_interfaces/package.dsv
-- Symlinking: /home/chuil/Desktop/zhongxi/install/sensor_interfaces/share/ament_index/resource_index/packages/sensor_interfaces
-- Symlinking: /home/chuil/Desktop/zhongxi/install/sensor_interfaces/share/sensor_interfaces/cmake/sensor_interfacesConfig.cmake
-- Symlinking: /home/chuil/Desktop/zhongxi/install/sensor_interfaces/share/sensor_interfaces/cmake/sensor_interfacesConfig-version.cmake
-- Symlinking: /home/chuil/Desktop/zhongxi/install/sensor_interfaces/share/sensor_interfaces/package.xml
