[0.696s] Invoking command in '/home/chuil/Desktop/zhongxi/build/graphslam': CMAKE_PREFIX_PATH=${CMAKE_PREFIX_PATH}:/home/chuil/Desktop/zhongxi/install/demo_py:/opt/ros/humble /usr/bin/cmake /home/chuil/Desktop/zhongxi/src/graphslam -DCMAKE_INSTALL_PREFIX=/home/chuil/Desktop/zhongxi/install/graphslam
[0.734s] -- Found ament_cmake: 1.3.12 (/opt/ros/humble/share/ament_cmake/cmake)
[1.083s] -- Override CMake install command with custom implementation using symlinks instead of copying resources
[1.109s] -- Found rclcpp: 16.0.17 (/opt/ros/humble/share/rclcpp/cmake)
[1.188s] -- Found rosidl_generator_c: 3.1.8 (/opt/ros/humble/share/rosidl_generator_c/cmake)
[1.191s] -- Found rosidl_adapter: 3.1.8 (/opt/ros/humble/share/rosidl_adapter/cmake)
[1.205s] -- Found rosidl_generator_cpp: 3.1.8 (/opt/ros/humble/share/rosidl_generator_cpp/cmake)
[1.226s] -- Using all available rosidl_typesupport_c: rosidl_typesupport_fastrtps_c;rosidl_typesupport_introspection_c
[1.253s] -- Using all available rosidl_typesupport_cpp: rosidl_typesupport_fastrtps_cpp;rosidl_typesupport_introspection_cpp
[1.322s] -- Found rmw_implementation_cmake: 6.1.2 (/opt/ros/humble/share/rmw_implementation_cmake/cmake)
[1.325s] -- Found rmw_fastrtps_cpp: 6.2.9 (/opt/ros/humble/share/rmw_fastrtps_cpp/cmake)
[1.603s] -- Using RMW implementation 'rmw_fastrtps_cpp' as default
[1.726s] -- Found sensor_msgs: 4.9.0 (/opt/ros/humble/share/sensor_msgs/cmake)
[1.789s] -- Found nav_msgs: 4.9.0 (/opt/ros/humble/share/nav_msgs/cmake)
[1.826s] -- Found tf2: 0.25.18 (/opt/ros/humble/share/tf2/cmake)
[1.840s] -- Found tf2_ros: 0.25.18 (/opt/ros/humble/share/tf2_ros/cmake)
[2.084s] -- Found QGLViewer: /usr/include/QGLViewer
[2.406s] -- Configuring done
[2.791s] -- Generating done
[2.816s] -- Build files have been written to: /home/chuil/Desktop/zhongxi/build/graphslam
[2.885s] Invoked command in '/home/chuil/Desktop/zhongxi/build/graphslam' returned '0': CMAKE_PREFIX_PATH=${CMAKE_PREFIX_PATH}:/home/chuil/Desktop/zhongxi/install/demo_py:/opt/ros/humble /usr/bin/cmake /home/chuil/Desktop/zhongxi/src/graphslam -DCMAKE_INSTALL_PREFIX=/home/chuil/Desktop/zhongxi/install/graphslam
[2.886s] Invoking command in '/home/chuil/Desktop/zhongxi/build/graphslam': CMAKE_PREFIX_PATH=${CMAKE_PREFIX_PATH}:/home/chuil/Desktop/zhongxi/install/demo_py:/opt/ros/humble /usr/bin/cmake --build /home/chuil/Desktop/zhongxi/build/graphslam -- -j6 -l6
[3.059s] [  6%] [34m[1mAutomatic MOC and UIC for target graphslam_node[0m
[3.071s] [ 12%] [34m[1mAutomatic MOC and UIC for target graphslam_g2o[0m
[3.127s] [ 12%] Built target graphslam_node_autogen
[3.143s] [ 12%] Built target graphslam_g2o_autogen
[3.172s] [35m[1mConsolidate compiler generated dependencies of target graphslam_node[0m
[3.193s] [35m[1mConsolidate compiler generated dependencies of target graphslam_g2o[0m
[3.272s] [ 43%] Built target graphslam_g2o
[3.299s] [ 50%] [32mBuilding CXX object CMakeFiles/graphslam_node.dir/src/node/graphslam_node.cpp.o[0m
[21.310s] gmake[2]: *** [CMakeFiles/graphslam_node.dir/build.make:90: CMakeFiles/graphslam_node.dir/src/node/graphslam_node.cpp.o] 中断
[21.311s] gmake[1]: *** [CMakeFiles/Makefile2:167: CMakeFiles/graphslam_node.dir/all] 中断
[21.311s] gmake: *** [Makefile:146: all] 中断
