[0.029s] Invoking command in '/home/chuil/Desktop/zhongxi/build/sensor_interfaces': CMAKE_PREFIX_PATH=${CMAKE_PREFIX_PATH}:/home/chuil/Desktop/zhongxi/install/demo_py:/opt/ros/humble /usr/bin/cmake --build /home/chuil/Desktop/zhongxi/build/sensor_interfaces -- -j6 -l6
[0.173s] [ 16%] Built target sensor_interfaces_base
[0.174s] [ 75%] Built target ydlidar_sdk
[0.207s] [35m[1mConsolidate compiler generated dependencies of target lidar_driver[0m
[0.244s] [ 91%] Built target control_board_interface
[0.245s] [ 91%] Built target camera_driver
[0.256s] [100%] Built target lidar_driver
[0.299s] Invoked command in '/home/chuil/Desktop/zhongxi/build/sensor_interfaces' returned '0': CMAKE_PREFIX_PATH=${CMAKE_PREFIX_PATH}:/home/chuil/Desktop/zhongxi/install/demo_py:/opt/ros/humble /usr/bin/cmake --build /home/chuil/Desktop/zhongxi/build/sensor_interfaces -- -j6 -l6
[0.333s] Invoking command in '/home/chuil/Desktop/zhongxi/build/sensor_interfaces': CMAKE_PREFIX_PATH=${CMAKE_PREFIX_PATH}:/home/chuil/Desktop/zhongxi/install/demo_py:/opt/ros/humble /usr/bin/cmake --install /home/chuil/Desktop/zhongxi/build/sensor_interfaces
[0.350s] -- Install configuration: ""
[0.350s] -- Up-to-date: /home/chuil/Desktop/zhongxi/install/sensor_interfaces/lib/sensor_interfaces/camera_driver
[0.351s] -- Up-to-date: /home/chuil/Desktop/zhongxi/install/sensor_interfaces/lib/sensor_interfaces/lidar_driver
[0.351s] -- Up-to-date: /home/chuil/Desktop/zhongxi/install/sensor_interfaces/lib/sensor_interfaces/control_board_interface
[0.352s] -- Up-to-date: /home/chuil/Desktop/zhongxi/install/sensor_interfaces/lib/sensor_interfaces/libydlidar_sdk.a
[0.352s] -- Up-to-date: /home/chuil/Desktop/zhongxi/install/sensor_interfaces/lib/sensor_interfaces/libsensor_interfaces_base.a
[0.352s] -- Up-to-date: /home/chuil/Desktop/zhongxi/install/sensor_interfaces/include/
[0.352s] -- Up-to-date: /home/chuil/Desktop/zhongxi/install/sensor_interfaces/include//sensor_interfaces
[0.353s] -- Up-to-date: /home/chuil/Desktop/zhongxi/install/sensor_interfaces/include//sensor_interfaces/control_board_interface.h
[0.353s] -- Up-to-date: /home/chuil/Desktop/zhongxi/install/sensor_interfaces/include//sensor_interfaces/lidar_interface.h
[0.353s] -- Up-to-date: /home/chuil/Desktop/zhongxi/install/sensor_interfaces/include//sensor_interfaces/sensor_interfaces.h
[0.353s] -- Up-to-date: /home/chuil/Desktop/zhongxi/install/sensor_interfaces/include//sensor_interfaces/camera_interface.h
[0.353s] -- Up-to-date: /home/chuil/Desktop/zhongxi/install/sensor_interfaces/share/sensor_interfaces//launch
[0.353s] -- Up-to-date: /home/chuil/Desktop/zhongxi/install/sensor_interfaces/share/sensor_interfaces//launch/full_system.launch.py
[0.354s] -- Installing: /home/chuil/Desktop/zhongxi/install/sensor_interfaces/share/sensor_interfaces//launch/sensors.launch.py
[0.355s] -- Up-to-date: /home/chuil/Desktop/zhongxi/install/sensor_interfaces/share/sensor_interfaces//config
[0.356s] -- Up-to-date: /home/chuil/Desktop/zhongxi/install/sensor_interfaces/share/sensor_interfaces//config/control_params.yaml
[0.356s] -- Up-to-date: /home/chuil/Desktop/zhongxi/install/sensor_interfaces/share/sensor_interfaces//config/camera_params.yaml
[0.356s] -- Up-to-date: /home/chuil/Desktop/zhongxi/install/sensor_interfaces/share/sensor_interfaces//config/lidar_params.yaml
[0.356s] -- Up-to-date: /home/chuil/Desktop/zhongxi/install/sensor_interfaces/share/sensor_interfaces//config/ydlidar_x3pro.yaml
[0.357s] -- Up-to-date: /home/chuil/Desktop/zhongxi/install/sensor_interfaces/share/ament_index/resource_index/package_run_dependencies/sensor_interfaces
[0.357s] -- Up-to-date: /home/chuil/Desktop/zhongxi/install/sensor_interfaces/share/ament_index/resource_index/parent_prefix_path/sensor_interfaces
[0.357s] -- Up-to-date: /home/chuil/Desktop/zhongxi/install/sensor_interfaces/share/sensor_interfaces/environment/ament_prefix_path.sh
[0.357s] -- Up-to-date: /home/chuil/Desktop/zhongxi/install/sensor_interfaces/share/sensor_interfaces/environment/ament_prefix_path.dsv
[0.357s] -- Up-to-date: /home/chuil/Desktop/zhongxi/install/sensor_interfaces/share/sensor_interfaces/environment/path.sh
[0.357s] -- Up-to-date: /home/chuil/Desktop/zhongxi/install/sensor_interfaces/share/sensor_interfaces/environment/path.dsv
[0.358s] -- Up-to-date: /home/chuil/Desktop/zhongxi/install/sensor_interfaces/share/sensor_interfaces/local_setup.bash
[0.358s] -- Up-to-date: /home/chuil/Desktop/zhongxi/install/sensor_interfaces/share/sensor_interfaces/local_setup.sh
[0.358s] -- Up-to-date: /home/chuil/Desktop/zhongxi/install/sensor_interfaces/share/sensor_interfaces/local_setup.zsh
[0.358s] -- Up-to-date: /home/chuil/Desktop/zhongxi/install/sensor_interfaces/share/sensor_interfaces/local_setup.dsv
[0.358s] -- Installing: /home/chuil/Desktop/zhongxi/install/sensor_interfaces/share/sensor_interfaces/package.dsv
[0.358s] -- Up-to-date: /home/chuil/Desktop/zhongxi/install/sensor_interfaces/share/ament_index/resource_index/packages/sensor_interfaces
[0.358s] -- Up-to-date: /home/chuil/Desktop/zhongxi/install/sensor_interfaces/share/sensor_interfaces/cmake/sensor_interfacesConfig.cmake
[0.359s] -- Up-to-date: /home/chuil/Desktop/zhongxi/install/sensor_interfaces/share/sensor_interfaces/cmake/sensor_interfacesConfig-version.cmake
[0.359s] -- Up-to-date: /home/chuil/Desktop/zhongxi/install/sensor_interfaces/share/sensor_interfaces/package.xml
[0.363s] Invoked command in '/home/chuil/Desktop/zhongxi/build/sensor_interfaces' returned '0': CMAKE_PREFIX_PATH=${CMAKE_PREFIX_PATH}:/home/chuil/Desktop/zhongxi/install/demo_py:/opt/ros/humble /usr/bin/cmake --install /home/chuil/Desktop/zhongxi/build/sensor_interfaces
