[35m[1mConsolidate compiler generated dependencies of target sensor_interfaces_base[0m
[35m[1mConsolidate compiler generated dependencies of target ydlidar_sdk[0m
[  8%] Built target sensor_interfaces_base
[ 75%] Built target ydlidar_sdk
[ 79%] [32mBuilding CXX object CMakeFiles/control_board_interface.dir/src/control_board_interface.cpp.o[0m
[ 83%] [32mBuilding CXX object CMakeFiles/camera_driver.dir/src/camera_driver.cpp.o[0m
[ 87%] [32mBuilding CXX object CMakeFiles/lidar_driver.dir/src/lidar_driver.cpp.o[0m
[ 91%] [32m[1mLinking CXX executable lidar_driver[0m
[ 91%] Built target lidar_driver
[ 95%] [32m[1mLinking CXX executable camera_driver[0m
[ 95%] Built target camera_driver
[100%] [32m[1mLinking CXX executable control_board_interface[0m
[100%] Built target control_board_interface
-- Install configuration: ""
-- Installing: /home/chuil/Desktop/zhongxi/install/sensor_interfaces/lib/sensor_interfaces/camera_driver
-- Set runtime path of "/home/chuil/Desktop/zhongxi/install/sensor_interfaces/lib/sensor_interfaces/camera_driver" to ""
-- Installing: /home/chuil/Desktop/zhongxi/install/sensor_interfaces/lib/sensor_interfaces/lidar_driver
-- Set runtime path of "/home/chuil/Desktop/zhongxi/install/sensor_interfaces/lib/sensor_interfaces/lidar_driver" to ""
-- Installing: /home/chuil/Desktop/zhongxi/install/sensor_interfaces/lib/sensor_interfaces/control_board_interface
-- Set runtime path of "/home/chuil/Desktop/zhongxi/install/sensor_interfaces/lib/sensor_interfaces/control_board_interface" to ""
-- Installing: /home/chuil/Desktop/zhongxi/install/sensor_interfaces/lib/sensor_interfaces/libydlidar_sdk.a
-- Installing: /home/chuil/Desktop/zhongxi/install/sensor_interfaces/lib/sensor_interfaces/libsensor_interfaces_base.a
-- Installing: /home/chuil/Desktop/zhongxi/install/sensor_interfaces/include/
-- Installing: /home/chuil/Desktop/zhongxi/install/sensor_interfaces/include//sensor_interfaces
-- Installing: /home/chuil/Desktop/zhongxi/install/sensor_interfaces/include//sensor_interfaces/control_board_interface.h
-- Installing: /home/chuil/Desktop/zhongxi/install/sensor_interfaces/include//sensor_interfaces/lidar_interface.h
-- Installing: /home/chuil/Desktop/zhongxi/install/sensor_interfaces/include//sensor_interfaces/sensor_interfaces.h
-- Installing: /home/chuil/Desktop/zhongxi/install/sensor_interfaces/include//sensor_interfaces/camera_interface.h
-- Installing: /home/chuil/Desktop/zhongxi/install/sensor_interfaces/share/sensor_interfaces//launch
-- Installing: /home/chuil/Desktop/zhongxi/install/sensor_interfaces/share/sensor_interfaces//launch/full_system.launch.py
-- Installing: /home/chuil/Desktop/zhongxi/install/sensor_interfaces/share/sensor_interfaces//launch/sensors.launch.py
-- Installing: /home/chuil/Desktop/zhongxi/install/sensor_interfaces/share/sensor_interfaces//config
-- Installing: /home/chuil/Desktop/zhongxi/install/sensor_interfaces/share/sensor_interfaces//config/control_params.yaml
-- Installing: /home/chuil/Desktop/zhongxi/install/sensor_interfaces/share/sensor_interfaces//config/camera_params.yaml
-- Installing: /home/chuil/Desktop/zhongxi/install/sensor_interfaces/share/sensor_interfaces//config/lidar_params.yaml
-- Installing: /home/chuil/Desktop/zhongxi/install/sensor_interfaces/share/sensor_interfaces//config/ydlidar_x3pro.yaml
-- Installing: /home/chuil/Desktop/zhongxi/install/sensor_interfaces/share/ament_index/resource_index/package_run_dependencies/sensor_interfaces
-- Installing: /home/chuil/Desktop/zhongxi/install/sensor_interfaces/share/ament_index/resource_index/parent_prefix_path/sensor_interfaces
-- Installing: /home/chuil/Desktop/zhongxi/install/sensor_interfaces/share/sensor_interfaces/environment/ament_prefix_path.sh
-- Installing: /home/chuil/Desktop/zhongxi/install/sensor_interfaces/share/sensor_interfaces/environment/ament_prefix_path.dsv
-- Installing: /home/chuil/Desktop/zhongxi/install/sensor_interfaces/share/sensor_interfaces/environment/path.sh
-- Installing: /home/chuil/Desktop/zhongxi/install/sensor_interfaces/share/sensor_interfaces/environment/path.dsv
-- Installing: /home/chuil/Desktop/zhongxi/install/sensor_interfaces/share/sensor_interfaces/local_setup.bash
-- Installing: /home/chuil/Desktop/zhongxi/install/sensor_interfaces/share/sensor_interfaces/local_setup.sh
-- Installing: /home/chuil/Desktop/zhongxi/install/sensor_interfaces/share/sensor_interfaces/local_setup.zsh
-- Installing: /home/chuil/Desktop/zhongxi/install/sensor_interfaces/share/sensor_interfaces/local_setup.dsv
-- Installing: /home/chuil/Desktop/zhongxi/install/sensor_interfaces/share/sensor_interfaces/package.dsv
-- Installing: /home/chuil/Desktop/zhongxi/install/sensor_interfaces/share/ament_index/resource_index/packages/sensor_interfaces
-- Installing: /home/chuil/Desktop/zhongxi/install/sensor_interfaces/share/sensor_interfaces/cmake/sensor_interfacesConfig.cmake
-- Installing: /home/chuil/Desktop/zhongxi/install/sensor_interfaces/share/sensor_interfaces/cmake/sensor_interfacesConfig-version.cmake
-- Installing: /home/chuil/Desktop/zhongxi/install/sensor_interfaces/share/sensor_interfaces/package.xml
