[0.365s] DEBUG:colcon:Command line arguments: ['/usr/bin/colcon', 'build', '--packages-select', 'sensor_interfaces', '--cmake-args', '--log-level=DEBUG']
[0.366s] DEBUG:colcon:Parsed command line arguments: Namespace(log_base=None, log_level=None, verb_name='build', build_base='build', install_base='install', merge_install=False, symlink_install=False, test_result_base=None, continue_on_error=False, executor='parallel', parallel_workers=6, event_handlers=None, ignore_user_meta=False, metas=['./colcon.meta'], base_paths=['.'], packages_ignore=None, packages_ignore_regex=None, paths=None, packages_up_to=None, packages_up_to_regex=None, packages_above=None, packages_above_and_dependencies=None, packages_above_depth=None, packages_select_by_dep=None, packages_skip_by_dep=None, packages_skip_up_to=None, packages_select_build_failed=False, packages_skip_build_finished=False, packages_select_test_failures=False, packages_skip_test_passed=False, packages_select=['sensor_interfaces'], packages_skip=None, packages_select_regex=None, packages_skip_regex=None, packages_start=None, packages_end=None, allow_overriding=[], cmake_args=['--log-level=DEBUG'], cmake_target=None, cmake_target_skip_unavailable=False, cmake_clean_cache=False, cmake_clean_first=False, cmake_force_configure=False, ament_cmake_args=None, catkin_cmake_args=None, catkin_skip_building_tests=False, verb_parser=<colcon_defaults.argument_parser.defaults.DefaultArgumentsDecorator object at 0xffff8eaeb9d0>, verb_extension=<colcon_core.verb.build.BuildVerb object at 0xffff8ecdc400>, main=<bound method BuildVerb.main of <colcon_core.verb.build.BuildVerb object at 0xffff8ecdc400>>)
[0.988s] Level 1:colcon.colcon_core.package_discovery:discover_packages(colcon_meta) check parameters
[0.988s] Level 1:colcon.colcon_core.package_discovery:discover_packages(recursive) check parameters
[0.988s] Level 1:colcon.colcon_core.package_discovery:discover_packages(ignore) check parameters
[0.989s] Level 1:colcon.colcon_core.package_discovery:discover_packages(path) check parameters
[0.989s] Level 1:colcon.colcon_core.package_discovery:discover_packages(colcon_meta) discover
[0.989s] Level 1:colcon.colcon_core.package_discovery:discover_packages(recursive) discover
[0.989s] INFO:colcon.colcon_core.package_discovery:Crawling recursively for packages in '/home/chuil/Desktop/zhongxi'
[0.989s] Level 1:colcon.colcon_core.package_identification:_identify(.) by extensions ['ignore', 'ignore_ament_install']
[0.990s] Level 1:colcon.colcon_core.package_identification:_identify(.) by extension 'ignore'
[0.990s] Level 1:colcon.colcon_core.package_identification:_identify(.) by extension 'ignore_ament_install'
[0.990s] Level 1:colcon.colcon_core.package_identification:_identify(.) by extensions ['colcon_pkg']
[0.990s] Level 1:colcon.colcon_core.package_identification:_identify(.) by extension 'colcon_pkg'
[0.990s] Level 1:colcon.colcon_core.package_identification:_identify(.) by extensions ['colcon_meta']
[0.990s] Level 1:colcon.colcon_core.package_identification:_identify(.) by extension 'colcon_meta'
[0.990s] Level 1:colcon.colcon_core.package_identification:_identify(.) by extensions ['ros']
[0.990s] Level 1:colcon.colcon_core.package_identification:_identify(.) by extension 'ros'
[1.029s] Level 1:colcon.colcon_core.package_identification:_identify(.) by extensions ['cmake', 'python']
[1.030s] Level 1:colcon.colcon_core.package_identification:_identify(.) by extension 'cmake'
[1.030s] Level 1:colcon.colcon_core.package_identification:_identify(.) by extension 'python'
[1.030s] Level 1:colcon.colcon_core.package_identification:_identify(.) by extensions ['python_setup_py']
[1.030s] Level 1:colcon.colcon_core.package_identification:_identify(.) by extension 'python_setup_py'
[1.031s] Level 1:colcon.colcon_core.package_identification:_identify(bin) by extensions ['ignore', 'ignore_ament_install']
[1.031s] Level 1:colcon.colcon_core.package_identification:_identify(bin) by extension 'ignore'
[1.032s] Level 1:colcon.colcon_core.package_identification:_identify(bin) by extension 'ignore_ament_install'
[1.032s] Level 1:colcon.colcon_core.package_identification:_identify(bin) by extensions ['colcon_pkg']
[1.032s] Level 1:colcon.colcon_core.package_identification:_identify(bin) by extension 'colcon_pkg'
[1.032s] Level 1:colcon.colcon_core.package_identification:_identify(bin) by extensions ['colcon_meta']
[1.032s] Level 1:colcon.colcon_core.package_identification:_identify(bin) by extension 'colcon_meta'
[1.032s] Level 1:colcon.colcon_core.package_identification:_identify(bin) by extensions ['ros']
[1.033s] Level 1:colcon.colcon_core.package_identification:_identify(bin) by extension 'ros'
[1.033s] Level 1:colcon.colcon_core.package_identification:_identify(bin) by extensions ['cmake', 'python']
[1.033s] Level 1:colcon.colcon_core.package_identification:_identify(bin) by extension 'cmake'
[1.033s] Level 1:colcon.colcon_core.package_identification:_identify(bin) by extension 'python'
[1.033s] Level 1:colcon.colcon_core.package_identification:_identify(bin) by extensions ['python_setup_py']
[1.033s] Level 1:colcon.colcon_core.package_identification:_identify(bin) by extension 'python_setup_py'
[1.033s] Level 1:colcon.colcon_core.package_identification:_identify(build) by extensions ['ignore', 'ignore_ament_install']
[1.034s] Level 1:colcon.colcon_core.package_identification:_identify(build) by extension 'ignore'
[1.034s] Level 1:colcon.colcon_core.package_identification:_identify(build) ignored
[1.034s] Level 1:colcon.colcon_core.package_identification:_identify(install) by extensions ['ignore', 'ignore_ament_install']
[1.034s] Level 1:colcon.colcon_core.package_identification:_identify(install) by extension 'ignore'
[1.034s] Level 1:colcon.colcon_core.package_identification:_identify(install) ignored
[1.035s] Level 1:colcon.colcon_core.package_identification:_identify(learning) by extensions ['ignore', 'ignore_ament_install']
[1.035s] Level 1:colcon.colcon_core.package_identification:_identify(learning) by extension 'ignore'
[1.035s] Level 1:colcon.colcon_core.package_identification:_identify(learning) by extension 'ignore_ament_install'
[1.035s] Level 1:colcon.colcon_core.package_identification:_identify(learning) by extensions ['colcon_pkg']
[1.035s] Level 1:colcon.colcon_core.package_identification:_identify(learning) by extension 'colcon_pkg'
[1.035s] Level 1:colcon.colcon_core.package_identification:_identify(learning) by extensions ['colcon_meta']
[1.035s] Level 1:colcon.colcon_core.package_identification:_identify(learning) by extension 'colcon_meta'
[1.035s] Level 1:colcon.colcon_core.package_identification:_identify(learning) by extensions ['ros']
[1.036s] Level 1:colcon.colcon_core.package_identification:_identify(learning) by extension 'ros'
[1.036s] Level 1:colcon.colcon_core.package_identification:_identify(learning) by extensions ['cmake', 'python']
[1.037s] Level 1:colcon.colcon_core.package_identification:_identify(learning) by extension 'cmake'
[1.037s] Level 1:colcon.colcon_core.package_identification:_identify(learning) by extension 'python'
[1.037s] Level 1:colcon.colcon_core.package_identification:_identify(learning) by extensions ['python_setup_py']
[1.038s] Level 1:colcon.colcon_core.package_identification:_identify(learning) by extension 'python_setup_py'
[1.039s] Level 1:colcon.colcon_core.package_identification:_identify(learning/simulations_解读) by extensions ['ignore', 'ignore_ament_install']
[1.039s] Level 1:colcon.colcon_core.package_identification:_identify(learning/simulations_解读) by extension 'ignore'
[1.039s] Level 1:colcon.colcon_core.package_identification:_identify(learning/simulations_解读) by extension 'ignore_ament_install'
[1.039s] Level 1:colcon.colcon_core.package_identification:_identify(learning/simulations_解读) by extensions ['colcon_pkg']
[1.039s] Level 1:colcon.colcon_core.package_identification:_identify(learning/simulations_解读) by extension 'colcon_pkg'
[1.039s] Level 1:colcon.colcon_core.package_identification:_identify(learning/simulations_解读) by extensions ['colcon_meta']
[1.040s] Level 1:colcon.colcon_core.package_identification:_identify(learning/simulations_解读) by extension 'colcon_meta'
[1.040s] Level 1:colcon.colcon_core.package_identification:_identify(learning/simulations_解读) by extensions ['ros']
[1.040s] Level 1:colcon.colcon_core.package_identification:_identify(learning/simulations_解读) by extension 'ros'
[1.040s] Level 1:colcon.colcon_core.package_identification:_identify(learning/simulations_解读) by extensions ['cmake', 'python']
[1.040s] Level 1:colcon.colcon_core.package_identification:_identify(learning/simulations_解读) by extension 'cmake'
[1.040s] Level 1:colcon.colcon_core.package_identification:_identify(learning/simulations_解读) by extension 'python'
[1.041s] Level 1:colcon.colcon_core.package_identification:_identify(learning/simulations_解读) by extensions ['python_setup_py']
[1.041s] Level 1:colcon.colcon_core.package_identification:_identify(learning/simulations_解读) by extension 'python_setup_py'
[1.041s] Level 1:colcon.colcon_core.package_identification:_identify(learning/src_解读) by extensions ['ignore', 'ignore_ament_install']
[1.041s] Level 1:colcon.colcon_core.package_identification:_identify(learning/src_解读) by extension 'ignore'
[1.041s] Level 1:colcon.colcon_core.package_identification:_identify(learning/src_解读) by extension 'ignore_ament_install'
[1.041s] Level 1:colcon.colcon_core.package_identification:_identify(learning/src_解读) by extensions ['colcon_pkg']
[1.041s] Level 1:colcon.colcon_core.package_identification:_identify(learning/src_解读) by extension 'colcon_pkg'
[1.042s] Level 1:colcon.colcon_core.package_identification:_identify(learning/src_解读) by extensions ['colcon_meta']
[1.042s] Level 1:colcon.colcon_core.package_identification:_identify(learning/src_解读) by extension 'colcon_meta'
[1.042s] Level 1:colcon.colcon_core.package_identification:_identify(learning/src_解读) by extensions ['ros']
[1.042s] Level 1:colcon.colcon_core.package_identification:_identify(learning/src_解读) by extension 'ros'
[1.042s] Level 1:colcon.colcon_core.package_identification:_identify(learning/src_解读) by extensions ['cmake', 'python']
[1.042s] Level 1:colcon.colcon_core.package_identification:_identify(learning/src_解读) by extension 'cmake'
[1.042s] Level 1:colcon.colcon_core.package_identification:_identify(learning/src_解读) by extension 'python'
[1.042s] Level 1:colcon.colcon_core.package_identification:_identify(learning/src_解读) by extensions ['python_setup_py']
[1.042s] Level 1:colcon.colcon_core.package_identification:_identify(learning/src_解读) by extension 'python_setup_py'
[1.043s] Level 1:colcon.colcon_core.package_identification:_identify(learning/src_解读/graphslam_解读) by extensions ['ignore', 'ignore_ament_install']
[1.043s] Level 1:colcon.colcon_core.package_identification:_identify(learning/src_解读/graphslam_解读) by extension 'ignore'
[1.043s] Level 1:colcon.colcon_core.package_identification:_identify(learning/src_解读/graphslam_解读) by extension 'ignore_ament_install'
[1.043s] Level 1:colcon.colcon_core.package_identification:_identify(learning/src_解读/graphslam_解读) by extensions ['colcon_pkg']
[1.043s] Level 1:colcon.colcon_core.package_identification:_identify(learning/src_解读/graphslam_解读) by extension 'colcon_pkg'
[1.043s] Level 1:colcon.colcon_core.package_identification:_identify(learning/src_解读/graphslam_解读) by extensions ['colcon_meta']
[1.043s] Level 1:colcon.colcon_core.package_identification:_identify(learning/src_解读/graphslam_解读) by extension 'colcon_meta'
[1.044s] Level 1:colcon.colcon_core.package_identification:_identify(learning/src_解读/graphslam_解读) by extensions ['ros']
[1.044s] Level 1:colcon.colcon_core.package_identification:_identify(learning/src_解读/graphslam_解读) by extension 'ros'
[1.044s] Level 1:colcon.colcon_core.package_identification:_identify(learning/src_解读/graphslam_解读) by extensions ['cmake', 'python']
[1.044s] Level 1:colcon.colcon_core.package_identification:_identify(learning/src_解读/graphslam_解读) by extension 'cmake'
[1.044s] Level 1:colcon.colcon_core.package_identification:_identify(learning/src_解读/graphslam_解读) by extension 'python'
[1.044s] Level 1:colcon.colcon_core.package_identification:_identify(learning/src_解读/graphslam_解读) by extensions ['python_setup_py']
[1.044s] Level 1:colcon.colcon_core.package_identification:_identify(learning/src_解读/graphslam_解读) by extension 'python_setup_py'
[1.045s] Level 1:colcon.colcon_core.package_identification:_identify(learning/src_解读/graphslam_解读/src_解读) by extensions ['ignore', 'ignore_ament_install']
[1.045s] Level 1:colcon.colcon_core.package_identification:_identify(learning/src_解读/graphslam_解读/src_解读) by extension 'ignore'
[1.045s] Level 1:colcon.colcon_core.package_identification:_identify(learning/src_解读/graphslam_解读/src_解读) by extension 'ignore_ament_install'
[1.045s] Level 1:colcon.colcon_core.package_identification:_identify(learning/src_解读/graphslam_解读/src_解读) by extensions ['colcon_pkg']
[1.045s] Level 1:colcon.colcon_core.package_identification:_identify(learning/src_解读/graphslam_解读/src_解读) by extension 'colcon_pkg'
[1.045s] Level 1:colcon.colcon_core.package_identification:_identify(learning/src_解读/graphslam_解读/src_解读) by extensions ['colcon_meta']
[1.045s] Level 1:colcon.colcon_core.package_identification:_identify(learning/src_解读/graphslam_解读/src_解读) by extension 'colcon_meta'
[1.046s] Level 1:colcon.colcon_core.package_identification:_identify(learning/src_解读/graphslam_解读/src_解读) by extensions ['ros']
[1.046s] Level 1:colcon.colcon_core.package_identification:_identify(learning/src_解读/graphslam_解读/src_解读) by extension 'ros'
[1.046s] Level 1:colcon.colcon_core.package_identification:_identify(learning/src_解读/graphslam_解读/src_解读) by extensions ['cmake', 'python']
[1.046s] Level 1:colcon.colcon_core.package_identification:_identify(learning/src_解读/graphslam_解读/src_解读) by extension 'cmake'
[1.046s] Level 1:colcon.colcon_core.package_identification:_identify(learning/src_解读/graphslam_解读/src_解读) by extension 'python'
[1.046s] Level 1:colcon.colcon_core.package_identification:_identify(learning/src_解读/graphslam_解读/src_解读) by extensions ['python_setup_py']
[1.046s] Level 1:colcon.colcon_core.package_identification:_identify(learning/src_解读/graphslam_解读/src_解读) by extension 'python_setup_py'
[1.047s] Level 1:colcon.colcon_core.package_identification:_identify(log) by extensions ['ignore', 'ignore_ament_install']
[1.047s] Level 1:colcon.colcon_core.package_identification:_identify(log) by extension 'ignore'
[1.047s] Level 1:colcon.colcon_core.package_identification:_identify(log) ignored
[1.047s] Level 1:colcon.colcon_core.package_identification:_identify(simulations) by extensions ['ignore', 'ignore_ament_install']
[1.047s] Level 1:colcon.colcon_core.package_identification:_identify(simulations) by extension 'ignore'
[1.047s] Level 1:colcon.colcon_core.package_identification:_identify(simulations) by extension 'ignore_ament_install'
[1.048s] Level 1:colcon.colcon_core.package_identification:_identify(simulations) by extensions ['colcon_pkg']
[1.048s] Level 1:colcon.colcon_core.package_identification:_identify(simulations) by extension 'colcon_pkg'
[1.048s] Level 1:colcon.colcon_core.package_identification:_identify(simulations) by extensions ['colcon_meta']
[1.048s] Level 1:colcon.colcon_core.package_identification:_identify(simulations) by extension 'colcon_meta'
[1.048s] Level 1:colcon.colcon_core.package_identification:_identify(simulations) by extensions ['ros']
[1.048s] Level 1:colcon.colcon_core.package_identification:_identify(simulations) by extension 'ros'
[1.048s] Level 1:colcon.colcon_core.package_identification:_identify(simulations) by extensions ['cmake', 'python']
[1.048s] Level 1:colcon.colcon_core.package_identification:_identify(simulations) by extension 'cmake'
[1.048s] Level 1:colcon.colcon_core.package_identification:_identify(simulations) by extension 'python'
[1.049s] Level 1:colcon.colcon_core.package_identification:_identify(simulations) by extensions ['python_setup_py']
[1.049s] Level 1:colcon.colcon_core.package_identification:_identify(simulations) by extension 'python_setup_py'
[1.049s] Level 1:colcon.colcon_core.package_identification:_identify(simulations/env) by extensions ['ignore', 'ignore_ament_install']
[1.049s] Level 1:colcon.colcon_core.package_identification:_identify(simulations/env) by extension 'ignore'
[1.049s] Level 1:colcon.colcon_core.package_identification:_identify(simulations/env) by extension 'ignore_ament_install'
[1.049s] Level 1:colcon.colcon_core.package_identification:_identify(simulations/env) by extensions ['colcon_pkg']
[1.049s] Level 1:colcon.colcon_core.package_identification:_identify(simulations/env) by extension 'colcon_pkg'
[1.050s] Level 1:colcon.colcon_core.package_identification:_identify(simulations/env) by extensions ['colcon_meta']
[1.050s] Level 1:colcon.colcon_core.package_identification:_identify(simulations/env) by extension 'colcon_meta'
[1.050s] Level 1:colcon.colcon_core.package_identification:_identify(simulations/env) by extensions ['ros']
[1.050s] Level 1:colcon.colcon_core.package_identification:_identify(simulations/env) by extension 'ros'
[1.050s] Level 1:colcon.colcon_core.package_identification:_identify(simulations/env) by extensions ['cmake', 'python']
[1.050s] Level 1:colcon.colcon_core.package_identification:_identify(simulations/env) by extension 'cmake'
[1.050s] Level 1:colcon.colcon_core.package_identification:_identify(simulations/env) by extension 'python'
[1.050s] Level 1:colcon.colcon_core.package_identification:_identify(simulations/env) by extensions ['python_setup_py']
[1.050s] Level 1:colcon.colcon_core.package_identification:_identify(simulations/env) by extension 'python_setup_py'
[1.051s] Level 1:colcon.colcon_core.package_identification:_identify(simulations/gazebo_local) by extensions ['ignore', 'ignore_ament_install']
[1.051s] Level 1:colcon.colcon_core.package_identification:_identify(simulations/gazebo_local) by extension 'ignore'
[1.051s] Level 1:colcon.colcon_core.package_identification:_identify(simulations/gazebo_local) by extension 'ignore_ament_install'
[1.051s] Level 1:colcon.colcon_core.package_identification:_identify(simulations/gazebo_local) by extensions ['colcon_pkg']
[1.051s] Level 1:colcon.colcon_core.package_identification:_identify(simulations/gazebo_local) by extension 'colcon_pkg'
[1.051s] Level 1:colcon.colcon_core.package_identification:_identify(simulations/gazebo_local) by extensions ['colcon_meta']
[1.051s] Level 1:colcon.colcon_core.package_identification:_identify(simulations/gazebo_local) by extension 'colcon_meta'
[1.051s] Level 1:colcon.colcon_core.package_identification:_identify(simulations/gazebo_local) by extensions ['ros']
[1.052s] Level 1:colcon.colcon_core.package_identification:_identify(simulations/gazebo_local) by extension 'ros'
[1.052s] Level 1:colcon.colcon_core.package_identification:_identify(simulations/gazebo_local) by extensions ['cmake', 'python']
[1.052s] Level 1:colcon.colcon_core.package_identification:_identify(simulations/gazebo_local) by extension 'cmake'
[1.052s] Level 1:colcon.colcon_core.package_identification:_identify(simulations/gazebo_local) by extension 'python'
[1.052s] Level 1:colcon.colcon_core.package_identification:_identify(simulations/gazebo_local) by extensions ['python_setup_py']
[1.052s] Level 1:colcon.colcon_core.package_identification:_identify(simulations/gazebo_local) by extension 'python_setup_py'
[1.052s] Level 1:colcon.colcon_core.package_identification:_identify(simulations/launch) by extensions ['ignore', 'ignore_ament_install']
[1.053s] Level 1:colcon.colcon_core.package_identification:_identify(simulations/launch) by extension 'ignore'
[1.053s] Level 1:colcon.colcon_core.package_identification:_identify(simulations/launch) by extension 'ignore_ament_install'
[1.053s] Level 1:colcon.colcon_core.package_identification:_identify(simulations/launch) by extensions ['colcon_pkg']
[1.053s] Level 1:colcon.colcon_core.package_identification:_identify(simulations/launch) by extension 'colcon_pkg'
[1.053s] Level 1:colcon.colcon_core.package_identification:_identify(simulations/launch) by extensions ['colcon_meta']
[1.053s] Level 1:colcon.colcon_core.package_identification:_identify(simulations/launch) by extension 'colcon_meta'
[1.053s] Level 1:colcon.colcon_core.package_identification:_identify(simulations/launch) by extensions ['ros']
[1.053s] Level 1:colcon.colcon_core.package_identification:_identify(simulations/launch) by extension 'ros'
[1.053s] Level 1:colcon.colcon_core.package_identification:_identify(simulations/launch) by extensions ['cmake', 'python']
[1.054s] Level 1:colcon.colcon_core.package_identification:_identify(simulations/launch) by extension 'cmake'
[1.054s] Level 1:colcon.colcon_core.package_identification:_identify(simulations/launch) by extension 'python'
[1.054s] Level 1:colcon.colcon_core.package_identification:_identify(simulations/launch) by extensions ['python_setup_py']
[1.054s] Level 1:colcon.colcon_core.package_identification:_identify(simulations/launch) by extension 'python_setup_py'
[1.054s] Level 1:colcon.colcon_core.package_identification:_identify(simulations/launch/__pycache__) by extensions ['ignore', 'ignore_ament_install']
[1.054s] Level 1:colcon.colcon_core.package_identification:_identify(simulations/launch/__pycache__) by extension 'ignore'
[1.054s] Level 1:colcon.colcon_core.package_identification:_identify(simulations/launch/__pycache__) by extension 'ignore_ament_install'
[1.055s] Level 1:colcon.colcon_core.package_identification:_identify(simulations/launch/__pycache__) by extensions ['colcon_pkg']
[1.055s] Level 1:colcon.colcon_core.package_identification:_identify(simulations/launch/__pycache__) by extension 'colcon_pkg'
[1.055s] Level 1:colcon.colcon_core.package_identification:_identify(simulations/launch/__pycache__) by extensions ['colcon_meta']
[1.055s] Level 1:colcon.colcon_core.package_identification:_identify(simulations/launch/__pycache__) by extension 'colcon_meta'
[1.055s] Level 1:colcon.colcon_core.package_identification:_identify(simulations/launch/__pycache__) by extensions ['ros']
[1.055s] Level 1:colcon.colcon_core.package_identification:_identify(simulations/launch/__pycache__) by extension 'ros'
[1.055s] Level 1:colcon.colcon_core.package_identification:_identify(simulations/launch/__pycache__) by extensions ['cmake', 'python']
[1.055s] Level 1:colcon.colcon_core.package_identification:_identify(simulations/launch/__pycache__) by extension 'cmake'
[1.055s] Level 1:colcon.colcon_core.package_identification:_identify(simulations/launch/__pycache__) by extension 'python'
[1.056s] Level 1:colcon.colcon_core.package_identification:_identify(simulations/launch/__pycache__) by extensions ['python_setup_py']
[1.056s] Level 1:colcon.colcon_core.package_identification:_identify(simulations/launch/__pycache__) by extension 'python_setup_py'
[1.056s] Level 1:colcon.colcon_core.package_identification:_identify(simulations/packages) by extensions ['ignore', 'ignore_ament_install']
[1.056s] Level 1:colcon.colcon_core.package_identification:_identify(simulations/packages) by extension 'ignore'
[1.056s] Level 1:colcon.colcon_core.package_identification:_identify(simulations/packages) by extension 'ignore_ament_install'
[1.057s] Level 1:colcon.colcon_core.package_identification:_identify(simulations/packages) by extensions ['colcon_pkg']
[1.057s] Level 1:colcon.colcon_core.package_identification:_identify(simulations/packages) by extension 'colcon_pkg'
[1.057s] Level 1:colcon.colcon_core.package_identification:_identify(simulations/packages) by extensions ['colcon_meta']
[1.057s] Level 1:colcon.colcon_core.package_identification:_identify(simulations/packages) by extension 'colcon_meta'
[1.057s] Level 1:colcon.colcon_core.package_identification:_identify(simulations/packages) by extensions ['ros']
[1.057s] Level 1:colcon.colcon_core.package_identification:_identify(simulations/packages) by extension 'ros'
[1.057s] Level 1:colcon.colcon_core.package_identification:_identify(simulations/packages) by extensions ['cmake', 'python']
[1.057s] Level 1:colcon.colcon_core.package_identification:_identify(simulations/packages) by extension 'cmake'
[1.058s] Level 1:colcon.colcon_core.package_identification:_identify(simulations/packages) by extension 'python'
[1.058s] Level 1:colcon.colcon_core.package_identification:_identify(simulations/packages) by extensions ['python_setup_py']
[1.058s] Level 1:colcon.colcon_core.package_identification:_identify(simulations/packages) by extension 'python_setup_py'
[1.058s] Level 1:colcon.colcon_core.package_identification:_identify(simulations/packages/sim_gazebo) by extensions ['ignore', 'ignore_ament_install']
[1.058s] Level 1:colcon.colcon_core.package_identification:_identify(simulations/packages/sim_gazebo) by extension 'ignore'
[1.058s] Level 1:colcon.colcon_core.package_identification:_identify(simulations/packages/sim_gazebo) ignored
[1.059s] Level 1:colcon.colcon_core.package_identification:_identify(simulations/packages/sim_sensors) by extensions ['ignore', 'ignore_ament_install']
[1.059s] Level 1:colcon.colcon_core.package_identification:_identify(simulations/packages/sim_sensors) by extension 'ignore'
[1.059s] Level 1:colcon.colcon_core.package_identification:_identify(simulations/packages/sim_sensors) by extension 'ignore_ament_install'
[1.059s] Level 1:colcon.colcon_core.package_identification:_identify(simulations/packages/sim_sensors) by extensions ['colcon_pkg']
[1.059s] Level 1:colcon.colcon_core.package_identification:_identify(simulations/packages/sim_sensors) by extension 'colcon_pkg'
[1.059s] Level 1:colcon.colcon_core.package_identification:_identify(simulations/packages/sim_sensors) by extensions ['colcon_meta']
[1.059s] Level 1:colcon.colcon_core.package_identification:_identify(simulations/packages/sim_sensors) by extension 'colcon_meta'
[1.059s] Level 1:colcon.colcon_core.package_identification:_identify(simulations/packages/sim_sensors) by extensions ['ros']
[1.059s] Level 1:colcon.colcon_core.package_identification:_identify(simulations/packages/sim_sensors) by extension 'ros'
[1.064s] DEBUG:colcon.colcon_core.package_identification:Failed to parse potential ROS package manifest in'simulations/packages/sim_sensors': Error(s) in package 'simulations/packages/sim_sensors/package.xml':
The manifest contains invalid XML:
no element found: line 1, column 0
[1.065s] Level 1:colcon.colcon_core.package_identification:_identify(simulations/packages/sim_sensors) by extensions ['cmake', 'python']
[1.065s] Level 1:colcon.colcon_core.package_identification:_identify(simulations/packages/sim_sensors) by extension 'cmake'
[1.065s] Level 1:colcon.colcon_core.package_identification:_identify(simulations/packages/sim_sensors) by extension 'python'
[1.065s] Level 1:colcon.colcon_core.package_identification:_identify(simulations/packages/sim_sensors) by extensions ['python_setup_py']
[1.065s] Level 1:colcon.colcon_core.package_identification:_identify(simulations/packages/sim_sensors) by extension 'python_setup_py'
[1.065s] Level 1:colcon.colcon_core.package_identification:_identify(simulations/packages/sim_sensors/launch) by extensions ['ignore', 'ignore_ament_install']
[1.066s] Level 1:colcon.colcon_core.package_identification:_identify(simulations/packages/sim_sensors/launch) by extension 'ignore'
[1.066s] Level 1:colcon.colcon_core.package_identification:_identify(simulations/packages/sim_sensors/launch) by extension 'ignore_ament_install'
[1.066s] Level 1:colcon.colcon_core.package_identification:_identify(simulations/packages/sim_sensors/launch) by extensions ['colcon_pkg']
[1.066s] Level 1:colcon.colcon_core.package_identification:_identify(simulations/packages/sim_sensors/launch) by extension 'colcon_pkg'
[1.066s] Level 1:colcon.colcon_core.package_identification:_identify(simulations/packages/sim_sensors/launch) by extensions ['colcon_meta']
[1.066s] Level 1:colcon.colcon_core.package_identification:_identify(simulations/packages/sim_sensors/launch) by extension 'colcon_meta'
[1.067s] Level 1:colcon.colcon_core.package_identification:_identify(simulations/packages/sim_sensors/launch) by extensions ['ros']
[1.067s] Level 1:colcon.colcon_core.package_identification:_identify(simulations/packages/sim_sensors/launch) by extension 'ros'
[1.067s] Level 1:colcon.colcon_core.package_identification:_identify(simulations/packages/sim_sensors/launch) by extensions ['cmake', 'python']
[1.067s] Level 1:colcon.colcon_core.package_identification:_identify(simulations/packages/sim_sensors/launch) by extension 'cmake'
[1.067s] Level 1:colcon.colcon_core.package_identification:_identify(simulations/packages/sim_sensors/launch) by extension 'python'
[1.067s] Level 1:colcon.colcon_core.package_identification:_identify(simulations/packages/sim_sensors/launch) by extensions ['python_setup_py']
[1.067s] Level 1:colcon.colcon_core.package_identification:_identify(simulations/packages/sim_sensors/launch) by extension 'python_setup_py'
[1.068s] Level 1:colcon.colcon_core.package_identification:_identify(simulations/packages/sim_sensors/src) by extensions ['ignore', 'ignore_ament_install']
[1.068s] Level 1:colcon.colcon_core.package_identification:_identify(simulations/packages/sim_sensors/src) by extension 'ignore'
[1.068s] Level 1:colcon.colcon_core.package_identification:_identify(simulations/packages/sim_sensors/src) by extension 'ignore_ament_install'
[1.068s] Level 1:colcon.colcon_core.package_identification:_identify(simulations/packages/sim_sensors/src) by extensions ['colcon_pkg']
[1.068s] Level 1:colcon.colcon_core.package_identification:_identify(simulations/packages/sim_sensors/src) by extension 'colcon_pkg'
[1.068s] Level 1:colcon.colcon_core.package_identification:_identify(simulations/packages/sim_sensors/src) by extensions ['colcon_meta']
[1.068s] Level 1:colcon.colcon_core.package_identification:_identify(simulations/packages/sim_sensors/src) by extension 'colcon_meta'
[1.068s] Level 1:colcon.colcon_core.package_identification:_identify(simulations/packages/sim_sensors/src) by extensions ['ros']
[1.068s] Level 1:colcon.colcon_core.package_identification:_identify(simulations/packages/sim_sensors/src) by extension 'ros'
[1.069s] Level 1:colcon.colcon_core.package_identification:_identify(simulations/packages/sim_sensors/src) by extensions ['cmake', 'python']
[1.069s] Level 1:colcon.colcon_core.package_identification:_identify(simulations/packages/sim_sensors/src) by extension 'cmake'
[1.069s] Level 1:colcon.colcon_core.package_identification:_identify(simulations/packages/sim_sensors/src) by extension 'python'
[1.069s] Level 1:colcon.colcon_core.package_identification:_identify(simulations/packages/sim_sensors/src) by extensions ['python_setup_py']
[1.069s] Level 1:colcon.colcon_core.package_identification:_identify(simulations/packages/sim_sensors/src) by extension 'python_setup_py'
[1.069s] Level 1:colcon.colcon_core.package_identification:_identify(simulations/rviz) by extensions ['ignore', 'ignore_ament_install']
[1.069s] Level 1:colcon.colcon_core.package_identification:_identify(simulations/rviz) by extension 'ignore'
[1.070s] Level 1:colcon.colcon_core.package_identification:_identify(simulations/rviz) by extension 'ignore_ament_install'
[1.070s] Level 1:colcon.colcon_core.package_identification:_identify(simulations/rviz) by extensions ['colcon_pkg']
[1.070s] Level 1:colcon.colcon_core.package_identification:_identify(simulations/rviz) by extension 'colcon_pkg'
[1.070s] Level 1:colcon.colcon_core.package_identification:_identify(simulations/rviz) by extensions ['colcon_meta']
[1.070s] Level 1:colcon.colcon_core.package_identification:_identify(simulations/rviz) by extension 'colcon_meta'
[1.070s] Level 1:colcon.colcon_core.package_identification:_identify(simulations/rviz) by extensions ['ros']
[1.070s] Level 1:colcon.colcon_core.package_identification:_identify(simulations/rviz) by extension 'ros'
[1.070s] Level 1:colcon.colcon_core.package_identification:_identify(simulations/rviz) by extensions ['cmake', 'python']
[1.071s] Level 1:colcon.colcon_core.package_identification:_identify(simulations/rviz) by extension 'cmake'
[1.071s] Level 1:colcon.colcon_core.package_identification:_identify(simulations/rviz) by extension 'python'
[1.071s] Level 1:colcon.colcon_core.package_identification:_identify(simulations/rviz) by extensions ['python_setup_py']
[1.071s] Level 1:colcon.colcon_core.package_identification:_identify(simulations/rviz) by extension 'python_setup_py'
[1.071s] Level 1:colcon.colcon_core.package_identification:_identify(simulations/scripts) by extensions ['ignore', 'ignore_ament_install']
[1.071s] Level 1:colcon.colcon_core.package_identification:_identify(simulations/scripts) by extension 'ignore'
[1.071s] Level 1:colcon.colcon_core.package_identification:_identify(simulations/scripts) by extension 'ignore_ament_install'
[1.072s] Level 1:colcon.colcon_core.package_identification:_identify(simulations/scripts) by extensions ['colcon_pkg']
[1.072s] Level 1:colcon.colcon_core.package_identification:_identify(simulations/scripts) by extension 'colcon_pkg'
[1.072s] Level 1:colcon.colcon_core.package_identification:_identify(simulations/scripts) by extensions ['colcon_meta']
[1.072s] Level 1:colcon.colcon_core.package_identification:_identify(simulations/scripts) by extension 'colcon_meta'
[1.072s] Level 1:colcon.colcon_core.package_identification:_identify(simulations/scripts) by extensions ['ros']
[1.072s] Level 1:colcon.colcon_core.package_identification:_identify(simulations/scripts) by extension 'ros'
[1.072s] Level 1:colcon.colcon_core.package_identification:_identify(simulations/scripts) by extensions ['cmake', 'python']
[1.072s] Level 1:colcon.colcon_core.package_identification:_identify(simulations/scripts) by extension 'cmake'
[1.072s] Level 1:colcon.colcon_core.package_identification:_identify(simulations/scripts) by extension 'python'
[1.073s] Level 1:colcon.colcon_core.package_identification:_identify(simulations/scripts) by extensions ['python_setup_py']
[1.073s] Level 1:colcon.colcon_core.package_identification:_identify(simulations/scripts) by extension 'python_setup_py'
[1.073s] Level 1:colcon.colcon_core.package_identification:_identify(simulations/worlds) by extensions ['ignore', 'ignore_ament_install']
[1.073s] Level 1:colcon.colcon_core.package_identification:_identify(simulations/worlds) by extension 'ignore'
[1.073s] Level 1:colcon.colcon_core.package_identification:_identify(simulations/worlds) by extension 'ignore_ament_install'
[1.073s] Level 1:colcon.colcon_core.package_identification:_identify(simulations/worlds) by extensions ['colcon_pkg']
[1.073s] Level 1:colcon.colcon_core.package_identification:_identify(simulations/worlds) by extension 'colcon_pkg'
[1.074s] Level 1:colcon.colcon_core.package_identification:_identify(simulations/worlds) by extensions ['colcon_meta']
[1.074s] Level 1:colcon.colcon_core.package_identification:_identify(simulations/worlds) by extension 'colcon_meta'
[1.074s] Level 1:colcon.colcon_core.package_identification:_identify(simulations/worlds) by extensions ['ros']
[1.074s] Level 1:colcon.colcon_core.package_identification:_identify(simulations/worlds) by extension 'ros'
[1.074s] Level 1:colcon.colcon_core.package_identification:_identify(simulations/worlds) by extensions ['cmake', 'python']
[1.074s] Level 1:colcon.colcon_core.package_identification:_identify(simulations/worlds) by extension 'cmake'
[1.075s] Level 1:colcon.colcon_core.package_identification:_identify(simulations/worlds) by extension 'python'
[1.075s] Level 1:colcon.colcon_core.package_identification:_identify(simulations/worlds) by extensions ['python_setup_py']
[1.075s] Level 1:colcon.colcon_core.package_identification:_identify(simulations/worlds) by extension 'python_setup_py'
[1.075s] Level 1:colcon.colcon_core.package_identification:_identify(src) by extensions ['ignore', 'ignore_ament_install']
[1.075s] Level 1:colcon.colcon_core.package_identification:_identify(src) by extension 'ignore'
[1.075s] Level 1:colcon.colcon_core.package_identification:_identify(src) by extension 'ignore_ament_install'
[1.075s] Level 1:colcon.colcon_core.package_identification:_identify(src) by extensions ['colcon_pkg']
[1.076s] Level 1:colcon.colcon_core.package_identification:_identify(src) by extension 'colcon_pkg'
[1.076s] Level 1:colcon.colcon_core.package_identification:_identify(src) by extensions ['colcon_meta']
[1.076s] Level 1:colcon.colcon_core.package_identification:_identify(src) by extension 'colcon_meta'
[1.076s] Level 1:colcon.colcon_core.package_identification:_identify(src) by extensions ['ros']
[1.076s] Level 1:colcon.colcon_core.package_identification:_identify(src) by extension 'ros'
[1.076s] Level 1:colcon.colcon_core.package_identification:_identify(src) by extensions ['cmake', 'python']
[1.076s] Level 1:colcon.colcon_core.package_identification:_identify(src) by extension 'cmake'
[1.076s] Level 1:colcon.colcon_core.package_identification:_identify(src) by extension 'python'
[1.076s] Level 1:colcon.colcon_core.package_identification:_identify(src) by extensions ['python_setup_py']
[1.076s] Level 1:colcon.colcon_core.package_identification:_identify(src) by extension 'python_setup_py'
[1.077s] Level 1:colcon.colcon_core.package_identification:_identify(src/build) by extensions ['ignore', 'ignore_ament_install']
[1.077s] Level 1:colcon.colcon_core.package_identification:_identify(src/build) by extension 'ignore'
[1.077s] Level 1:colcon.colcon_core.package_identification:_identify(src/build) ignored
[1.077s] Level 1:colcon.colcon_core.package_identification:_identify(src/demo_py) by extensions ['ignore', 'ignore_ament_install']
[1.077s] Level 1:colcon.colcon_core.package_identification:_identify(src/demo_py) by extension 'ignore'
[1.078s] Level 1:colcon.colcon_core.package_identification:_identify(src/demo_py) by extension 'ignore_ament_install'
[1.082s] Level 1:colcon.colcon_core.package_identification:_identify(src/demo_py) by extensions ['colcon_pkg']
[1.082s] Level 1:colcon.colcon_core.package_identification:_identify(src/demo_py) by extension 'colcon_pkg'
[1.082s] Level 1:colcon.colcon_core.package_identification:_identify(src/demo_py) by extensions ['colcon_meta']
[1.082s] Level 1:colcon.colcon_core.package_identification:_identify(src/demo_py) by extension 'colcon_meta'
[1.082s] Level 1:colcon.colcon_core.package_identification:_identify(src/demo_py) by extensions ['ros']
[1.082s] Level 1:colcon.colcon_core.package_identification:_identify(src/demo_py) by extension 'ros'
[1.089s] DEBUG:colcon.colcon_core.package_identification:Package 'src/demo_py' with type 'ros.ament_python' and name 'demo_py'
[1.089s] Level 1:colcon.colcon_core.package_identification:_identify(src/graphslam) by extensions ['ignore', 'ignore_ament_install']
[1.089s] Level 1:colcon.colcon_core.package_identification:_identify(src/graphslam) by extension 'ignore'
[1.089s] Level 1:colcon.colcon_core.package_identification:_identify(src/graphslam) by extension 'ignore_ament_install'
[1.090s] Level 1:colcon.colcon_core.package_identification:_identify(src/graphslam) by extensions ['colcon_pkg']
[1.090s] Level 1:colcon.colcon_core.package_identification:_identify(src/graphslam) by extension 'colcon_pkg'
[1.090s] Level 1:colcon.colcon_core.package_identification:_identify(src/graphslam) by extensions ['colcon_meta']
[1.090s] Level 1:colcon.colcon_core.package_identification:_identify(src/graphslam) by extension 'colcon_meta'
[1.090s] Level 1:colcon.colcon_core.package_identification:_identify(src/graphslam) by extensions ['ros']
[1.090s] Level 1:colcon.colcon_core.package_identification:_identify(src/graphslam) by extension 'ros'
[1.093s] DEBUG:colcon.colcon_core.package_identification:Package 'src/graphslam' with type 'ros.ament_cmake' and name 'graphslam'
[1.093s] Level 1:colcon.colcon_core.package_identification:_identify(src/install) by extensions ['ignore', 'ignore_ament_install']
[1.093s] Level 1:colcon.colcon_core.package_identification:_identify(src/install) by extension 'ignore'
[1.093s] Level 1:colcon.colcon_core.package_identification:_identify(src/install) ignored
[1.093s] Level 1:colcon.colcon_core.package_identification:_identify(src/log) by extensions ['ignore', 'ignore_ament_install']
[1.094s] Level 1:colcon.colcon_core.package_identification:_identify(src/log) by extension 'ignore'
[1.094s] Level 1:colcon.colcon_core.package_identification:_identify(src/log) ignored
[1.094s] Level 1:colcon.colcon_core.package_identification:_identify(src/sensor_interfaces) by extensions ['ignore', 'ignore_ament_install']
[1.094s] Level 1:colcon.colcon_core.package_identification:_identify(src/sensor_interfaces) by extension 'ignore'
[1.094s] Level 1:colcon.colcon_core.package_identification:_identify(src/sensor_interfaces) by extension 'ignore_ament_install'
[1.095s] Level 1:colcon.colcon_core.package_identification:_identify(src/sensor_interfaces) by extensions ['colcon_pkg']
[1.095s] Level 1:colcon.colcon_core.package_identification:_identify(src/sensor_interfaces) by extension 'colcon_pkg'
[1.095s] Level 1:colcon.colcon_core.package_identification:_identify(src/sensor_interfaces) by extensions ['colcon_meta']
[1.095s] Level 1:colcon.colcon_core.package_identification:_identify(src/sensor_interfaces) by extension 'colcon_meta'
[1.095s] Level 1:colcon.colcon_core.package_identification:_identify(src/sensor_interfaces) by extensions ['ros']
[1.095s] Level 1:colcon.colcon_core.package_identification:_identify(src/sensor_interfaces) by extension 'ros'
[1.098s] DEBUG:colcon.colcon_core.package_identification:Package 'src/sensor_interfaces' with type 'ros.ament_cmake' and name 'sensor_interfaces'
[1.098s] Level 1:colcon.colcon_core.package_identification:_identify(src/zhongxi_description) by extensions ['ignore', 'ignore_ament_install']
[1.098s] Level 1:colcon.colcon_core.package_identification:_identify(src/zhongxi_description) by extension 'ignore'
[1.099s] Level 1:colcon.colcon_core.package_identification:_identify(src/zhongxi_description) by extension 'ignore_ament_install'
[1.099s] Level 1:colcon.colcon_core.package_identification:_identify(src/zhongxi_description) by extensions ['colcon_pkg']
[1.099s] Level 1:colcon.colcon_core.package_identification:_identify(src/zhongxi_description) by extension 'colcon_pkg'
[1.099s] Level 1:colcon.colcon_core.package_identification:_identify(src/zhongxi_description) by extensions ['colcon_meta']
[1.099s] Level 1:colcon.colcon_core.package_identification:_identify(src/zhongxi_description) by extension 'colcon_meta'
[1.099s] Level 1:colcon.colcon_core.package_identification:_identify(src/zhongxi_description) by extensions ['ros']
[1.099s] Level 1:colcon.colcon_core.package_identification:_identify(src/zhongxi_description) by extension 'ros'
[1.101s] DEBUG:colcon.colcon_core.package_identification:Package 'src/zhongxi_description' with type 'ros.ament_cmake' and name 'zhongxi_description'
[1.101s] Level 1:colcon.colcon_core.package_identification:_identify(tools) by extensions ['ignore', 'ignore_ament_install']
[1.102s] Level 1:colcon.colcon_core.package_identification:_identify(tools) by extension 'ignore'
[1.102s] Level 1:colcon.colcon_core.package_identification:_identify(tools) by extension 'ignore_ament_install'
[1.102s] Level 1:colcon.colcon_core.package_identification:_identify(tools) by extensions ['colcon_pkg']
[1.102s] Level 1:colcon.colcon_core.package_identification:_identify(tools) by extension 'colcon_pkg'
[1.102s] Level 1:colcon.colcon_core.package_identification:_identify(tools) by extensions ['colcon_meta']
[1.102s] Level 1:colcon.colcon_core.package_identification:_identify(tools) by extension 'colcon_meta'
[1.102s] Level 1:colcon.colcon_core.package_identification:_identify(tools) by extensions ['ros']
[1.102s] Level 1:colcon.colcon_core.package_identification:_identify(tools) by extension 'ros'
[1.103s] Level 1:colcon.colcon_core.package_identification:_identify(tools) by extensions ['cmake', 'python']
[1.103s] Level 1:colcon.colcon_core.package_identification:_identify(tools) by extension 'cmake'
[1.103s] Level 1:colcon.colcon_core.package_identification:_identify(tools) by extension 'python'
[1.103s] Level 1:colcon.colcon_core.package_identification:_identify(tools) by extensions ['python_setup_py']
[1.103s] Level 1:colcon.colcon_core.package_identification:_identify(tools) by extension 'python_setup_py'
[1.103s] Level 1:colcon.colcon_core.package_identification:_identify(tutorials) by extensions ['ignore', 'ignore_ament_install']
[1.104s] Level 1:colcon.colcon_core.package_identification:_identify(tutorials) by extension 'ignore'
[1.104s] Level 1:colcon.colcon_core.package_identification:_identify(tutorials) by extension 'ignore_ament_install'
[1.104s] Level 1:colcon.colcon_core.package_identification:_identify(tutorials) by extensions ['colcon_pkg']
[1.104s] Level 1:colcon.colcon_core.package_identification:_identify(tutorials) by extension 'colcon_pkg'
[1.104s] Level 1:colcon.colcon_core.package_identification:_identify(tutorials) by extensions ['colcon_meta']
[1.104s] Level 1:colcon.colcon_core.package_identification:_identify(tutorials) by extension 'colcon_meta'
[1.104s] Level 1:colcon.colcon_core.package_identification:_identify(tutorials) by extensions ['ros']
[1.104s] Level 1:colcon.colcon_core.package_identification:_identify(tutorials) by extension 'ros'
[1.104s] Level 1:colcon.colcon_core.package_identification:_identify(tutorials) by extensions ['cmake', 'python']
[1.105s] Level 1:colcon.colcon_core.package_identification:_identify(tutorials) by extension 'cmake'
[1.105s] Level 1:colcon.colcon_core.package_identification:_identify(tutorials) by extension 'python'
[1.105s] Level 1:colcon.colcon_core.package_identification:_identify(tutorials) by extensions ['python_setup_py']
[1.105s] Level 1:colcon.colcon_core.package_identification:_identify(tutorials) by extension 'python_setup_py'
[1.105s] Level 1:colcon.colcon_core.package_discovery:discover_packages(recursive) using defaults
[1.105s] Level 1:colcon.colcon_core.package_discovery:discover_packages(ignore) discover
[1.105s] Level 1:colcon.colcon_core.package_discovery:discover_packages(ignore) using defaults
[1.105s] Level 1:colcon.colcon_core.package_discovery:discover_packages(path) discover
[1.105s] Level 1:colcon.colcon_core.package_discovery:discover_packages(path) using defaults
[1.168s] INFO:colcon.colcon_core.package_selection:Skipping not selected package 'demo_py' in 'src/demo_py'
[1.168s] INFO:colcon.colcon_core.package_selection:Skipping not selected package 'graphslam' in 'src/graphslam'
[1.168s] INFO:colcon.colcon_core.package_selection:Skipping not selected package 'zhongxi_description' in 'src/zhongxi_description'
[1.170s] Level 1:colcon.colcon_core.package_discovery:discover_packages(prefix_path) check parameters
[1.170s] Level 1:colcon.colcon_core.package_discovery:discover_packages(prefix_path) discover
[1.177s] DEBUG:colcon.colcon_installed_package_information.package_discovery:Found 4 installed packages in /home/chuil/Desktop/zhongxi/install
[1.180s] DEBUG:colcon.colcon_installed_package_information.package_discovery:Found 274 installed packages in /opt/ros/humble
[1.238s] Level 1:colcon.colcon_core.package_discovery:discover_packages(prefix_path) using defaults
[1.337s] Level 5:colcon.colcon_core.verb:set package 'sensor_interfaces' build argument 'cmake_args' from command line to '['--log-level=DEBUG']'
[1.338s] Level 5:colcon.colcon_core.verb:set package 'sensor_interfaces' build argument 'cmake_target' from command line to 'None'
[1.338s] Level 5:colcon.colcon_core.verb:set package 'sensor_interfaces' build argument 'cmake_target_skip_unavailable' from command line to 'False'
[1.338s] Level 5:colcon.colcon_core.verb:set package 'sensor_interfaces' build argument 'cmake_clean_cache' from command line to 'False'
[1.338s] Level 5:colcon.colcon_core.verb:set package 'sensor_interfaces' build argument 'cmake_clean_first' from command line to 'False'
[1.338s] Level 5:colcon.colcon_core.verb:set package 'sensor_interfaces' build argument 'cmake_force_configure' from command line to 'False'
[1.338s] Level 5:colcon.colcon_core.verb:set package 'sensor_interfaces' build argument 'ament_cmake_args' from command line to 'None'
[1.338s] Level 5:colcon.colcon_core.verb:set package 'sensor_interfaces' build argument 'catkin_cmake_args' from command line to 'None'
[1.338s] Level 5:colcon.colcon_core.verb:set package 'sensor_interfaces' build argument 'catkin_skip_building_tests' from command line to 'False'
[1.339s] DEBUG:colcon.colcon_core.verb:Building package 'sensor_interfaces' with the following arguments: {'ament_cmake_args': None, 'build_base': '/home/chuil/Desktop/zhongxi/build/sensor_interfaces', 'catkin_cmake_args': None, 'catkin_skip_building_tests': False, 'cmake_args': ['--log-level=DEBUG'], 'cmake_clean_cache': False, 'cmake_clean_first': False, 'cmake_force_configure': False, 'cmake_target': None, 'cmake_target_skip_unavailable': False, 'install_base': '/home/chuil/Desktop/zhongxi/install/sensor_interfaces', 'merge_install': False, 'path': '/home/chuil/Desktop/zhongxi/src/sensor_interfaces', 'symlink_install': False, 'test_result_base': None}
[1.339s] INFO:colcon.colcon_core.executor:Executing jobs using 'parallel' executor
[1.342s] DEBUG:colcon.colcon_parallel_executor.executor.parallel:run_until_complete
[1.343s] INFO:colcon.colcon_ros.task.ament_cmake.build:Building ROS package in '/home/chuil/Desktop/zhongxi/src/sensor_interfaces' with build type 'ament_cmake'
[1.344s] INFO:colcon.colcon_cmake.task.cmake.build:Building CMake package in '/home/chuil/Desktop/zhongxi/src/sensor_interfaces'
[1.352s] INFO:colcon.colcon_core.plugin_system:Skipping extension 'colcon_core.shell.bat': Not used on non-Windows systems
[1.353s] INFO:colcon.colcon_core.shell:Skip shell extension 'powershell' for command environment: Not usable outside of PowerShell
[1.353s] DEBUG:colcon.colcon_core.shell:Skip shell extension 'dsv' for command environment
[1.381s] DEBUG:colcon.colcon_core.event_handler.log_command:Invoking command in '/home/chuil/Desktop/zhongxi/build/sensor_interfaces': CMAKE_PREFIX_PATH=${CMAKE_PREFIX_PATH}:/home/chuil/Desktop/zhongxi/install/demo_py:/opt/ros/humble /usr/bin/cmake /home/chuil/Desktop/zhongxi/src/sensor_interfaces --log-level=DEBUG -DCMAKE_INSTALL_PREFIX=/home/chuil/Desktop/zhongxi/install/sensor_interfaces
[3.482s] DEBUG:colcon.colcon_core.event_handler.log_command:Invoked command in '/home/chuil/Desktop/zhongxi/build/sensor_interfaces' returned '0': CMAKE_PREFIX_PATH=${CMAKE_PREFIX_PATH}:/home/chuil/Desktop/zhongxi/install/demo_py:/opt/ros/humble /usr/bin/cmake /home/chuil/Desktop/zhongxi/src/sensor_interfaces --log-level=DEBUG -DCMAKE_INSTALL_PREFIX=/home/chuil/Desktop/zhongxi/install/sensor_interfaces
[3.489s] DEBUG:colcon.colcon_core.event_handler.log_command:Invoking command in '/home/chuil/Desktop/zhongxi/build/sensor_interfaces': CMAKE_PREFIX_PATH=${CMAKE_PREFIX_PATH}:/home/chuil/Desktop/zhongxi/install/demo_py:/opt/ros/humble /usr/bin/cmake --build /home/chuil/Desktop/zhongxi/build/sensor_interfaces -- -j6 -l6
[14.056s] DEBUG:colcon.colcon_core.event_handler.log_command:Invoked command in '/home/chuil/Desktop/zhongxi/build/sensor_interfaces' returned '2': CMAKE_PREFIX_PATH=${CMAKE_PREFIX_PATH}:/home/chuil/Desktop/zhongxi/install/demo_py:/opt/ros/humble /usr/bin/cmake --build /home/chuil/Desktop/zhongxi/build/sensor_interfaces -- -j6 -l6
[14.061s] Level 1:colcon.colcon_core.environment:create_environment_scripts_only(sensor_interfaces)
[14.079s] Level 1:colcon.colcon_core.environment:checking '/home/chuil/Desktop/zhongxi/install/sensor_interfaces' for CMake module files
[14.082s] Level 1:colcon.colcon_core.environment:checking '/home/chuil/Desktop/zhongxi/install/sensor_interfaces' for CMake config files
[14.084s] Level 1:colcon.colcon_core.shell:create_environment_hook('sensor_interfaces', 'cmake_prefix_path')
[14.085s] INFO:colcon.colcon_core.shell:Creating environment hook '/home/chuil/Desktop/zhongxi/install/sensor_interfaces/share/sensor_interfaces/hook/cmake_prefix_path.ps1'
[14.090s] INFO:colcon.colcon_core.shell:Creating environment descriptor '/home/chuil/Desktop/zhongxi/install/sensor_interfaces/share/sensor_interfaces/hook/cmake_prefix_path.dsv'
[14.094s] INFO:colcon.colcon_core.shell:Creating environment hook '/home/chuil/Desktop/zhongxi/install/sensor_interfaces/share/sensor_interfaces/hook/cmake_prefix_path.sh'
[14.099s] Level 1:colcon.colcon_core.environment:checking '/home/chuil/Desktop/zhongxi/install/sensor_interfaces/lib'
[14.100s] Level 1:colcon.colcon_core.environment:checking '/home/chuil/Desktop/zhongxi/install/sensor_interfaces/bin'
[14.100s] Level 1:colcon.colcon_core.environment:checking '/home/chuil/Desktop/zhongxi/install/sensor_interfaces/lib/pkgconfig/sensor_interfaces.pc'
[14.102s] Level 1:colcon.colcon_core.environment:checking '/home/chuil/Desktop/zhongxi/install/sensor_interfaces/lib/python3.10/site-packages'
[14.103s] Level 1:colcon.colcon_core.environment:checking '/home/chuil/Desktop/zhongxi/install/sensor_interfaces/bin'
[14.105s] INFO:colcon.colcon_core.shell:Creating package script '/home/chuil/Desktop/zhongxi/install/sensor_interfaces/share/sensor_interfaces/package.ps1'
[14.109s] INFO:colcon.colcon_core.shell:Creating package descriptor '/home/chuil/Desktop/zhongxi/install/sensor_interfaces/share/sensor_interfaces/package.dsv'
[14.113s] INFO:colcon.colcon_core.shell:Creating package script '/home/chuil/Desktop/zhongxi/install/sensor_interfaces/share/sensor_interfaces/package.sh'
[14.116s] INFO:colcon.colcon_core.shell:Creating package script '/home/chuil/Desktop/zhongxi/install/sensor_interfaces/share/sensor_interfaces/package.bash'
[14.120s] INFO:colcon.colcon_core.shell:Creating package script '/home/chuil/Desktop/zhongxi/install/sensor_interfaces/share/sensor_interfaces/package.zsh'
[14.128s] Level 1:colcon.colcon_core.environment:create_file_with_runtime_dependencies(/home/chuil/Desktop/zhongxi/install/sensor_interfaces/share/colcon-core/packages/sensor_interfaces)
[14.141s] DEBUG:colcon.colcon_parallel_executor.executor.parallel:closing loop
[14.142s] DEBUG:colcon.colcon_parallel_executor.executor.parallel:loop closed
[14.143s] DEBUG:colcon.colcon_parallel_executor.executor.parallel:run_until_complete finished with '2'
[14.145s] DEBUG:colcon.colcon_core.event_reactor:joining thread
[14.189s] INFO:colcon.colcon_core.plugin_system:Skipping extension 'colcon_notification.desktop_notification.terminal_notifier': Not used on non-Darwin systems
[14.191s] INFO:colcon.colcon_core.plugin_system:Skipping extension 'colcon_notification.desktop_notification.win32': Not used on non-Windows systems
[14.191s] INFO:colcon.colcon_notification.desktop_notification:Sending desktop notification using 'notify2'
[14.233s] DEBUG:colcon.colcon_core.event_reactor:joined thread
[14.237s] INFO:colcon.colcon_core.shell:Creating prefix script '/home/chuil/Desktop/zhongxi/install/local_setup.ps1'
[14.246s] INFO:colcon.colcon_core.shell:Creating prefix util module '/home/chuil/Desktop/zhongxi/install/_local_setup_util_ps1.py'
[14.260s] INFO:colcon.colcon_core.shell:Creating prefix chain script '/home/chuil/Desktop/zhongxi/install/setup.ps1'
[14.271s] INFO:colcon.colcon_core.shell:Creating prefix script '/home/chuil/Desktop/zhongxi/install/local_setup.sh'
[14.274s] INFO:colcon.colcon_core.shell:Creating prefix util module '/home/chuil/Desktop/zhongxi/install/_local_setup_util_sh.py'
[14.277s] INFO:colcon.colcon_core.shell:Creating prefix chain script '/home/chuil/Desktop/zhongxi/install/setup.sh'
[14.283s] INFO:colcon.colcon_core.shell:Creating prefix script '/home/chuil/Desktop/zhongxi/install/local_setup.bash'
[14.286s] INFO:colcon.colcon_core.shell:Creating prefix chain script '/home/chuil/Desktop/zhongxi/install/setup.bash'
[14.292s] INFO:colcon.colcon_core.shell:Creating prefix script '/home/chuil/Desktop/zhongxi/install/local_setup.zsh'
[14.294s] INFO:colcon.colcon_core.shell:Creating prefix chain script '/home/chuil/Desktop/zhongxi/install/setup.zsh'
