-- Found ament_cmake: 1.3.12 (/opt/ros/humble/share/ament_cmake/cmake)
-- Found rclcpp: 16.0.17 (/opt/ros/humble/share/rclcpp/cmake)
-- Found rosidl_generator_c: 3.1.8 (/opt/ros/humble/share/rosidl_generator_c/cmake)
-- Found rosidl_adapter: 3.1.8 (/opt/ros/humble/share/rosidl_adapter/cmake)
-- Found rosidl_generator_cpp: 3.1.8 (/opt/ros/humble/share/rosidl_generator_cpp/cmake)
-- Using all available rosidl_typesupport_c: rosidl_typesupport_fastrtps_c;rosidl_typesupport_introspection_c
-- Using all available rosidl_typesupport_cpp: rosidl_typesupport_fastrtps_cpp;rosidl_typesupport_introspection_cpp
-- Found rmw_implementation_cmake: 6.1.2 (/opt/ros/humble/share/rmw_implementation_cmake/cmake)
-- Found rmw_fastrtps_cpp: 6.2.9 (/opt/ros/humble/share/rmw_fastrtps_cpp/cmake)
-- Using RMW implementation 'rmw_fastrtps_cpp' as default
-- Found sensor_msgs: 4.9.0 (/opt/ros/humble/share/sensor_msgs/cmake)
-- Found nav_msgs: 4.9.0 (/opt/ros/humble/share/nav_msgs/cmake)
-- Found tf2: 0.25.18 (/opt/ros/humble/share/tf2/cmake)
-- Found tf2_ros: 0.25.18 (/opt/ros/humble/share/tf2_ros/cmake)
-- Found QGLViewer: /usr/include/QGLViewer
-- Configuring done
-- Generating done
-- Build files have been written to: /home/chuil/Desktop/zhongxi/build/graphslam
[ 12%] [34m[1mAutomatic MOC and UIC for target graphslam_g2o[0m
[ 12%] [34m[1mAutomatic MOC and UIC for target graphslam_node[0m
[ 12%] Built target graphslam_node_autogen
[ 12%] Built target graphslam_g2o_autogen
[35m[1mConsolidate compiler generated dependencies of target graphslam_g2o[0m
[35m[1mConsolidate compiler generated dependencies of target graphslam_node[0m
[ 43%] Built target graphslam_g2o
[ 50%] [32mBuilding CXX object CMakeFiles/graphslam_node.dir/src/node/graphslam_node.cpp.o[0m
[ 56%] [32m[1mLinking CXX executable graphslam_node[0m
[100%] Built target graphslam_node
-- Install configuration: ""
-- Up-to-date: /home/chuil/Desktop/zhongxi/install/graphslam/lib/graphslam/graphslam_g2o
-- Installing: /home/chuil/Desktop/zhongxi/install/graphslam/lib/graphslam/graphslam_node
-- Set runtime path of "/home/chuil/Desktop/zhongxi/install/graphslam/lib/graphslam/graphslam_node" to ""
-- Up-to-date: /home/chuil/Desktop/zhongxi/install/graphslam/lib/graphslam/graphslam_g2o
-- Up-to-date: /home/chuil/Desktop/zhongxi/install/graphslam/share/graphslam//launch
-- Up-to-date: /home/chuil/Desktop/zhongxi/install/graphslam/share/graphslam//launch/slam_with_robot.launch.py
-- Up-to-date: /home/chuil/Desktop/zhongxi/install/graphslam/share/graphslam//launch/slam_launch.py
-- Up-to-date: /home/chuil/Desktop/zhongxi/install/graphslam/share/graphslam//config
-- Up-to-date: /home/chuil/Desktop/zhongxi/install/graphslam/share/graphslam//config/camera.yalm
-- Up-to-date: /home/chuil/Desktop/zhongxi/install/graphslam/share/graphslam//config/parsms.yalm
-- Up-to-date: /home/chuil/Desktop/zhongxi/install/graphslam/include/graphslam
-- Up-to-date: /home/chuil/Desktop/zhongxi/install/graphslam/include/graphslam/slam2d
-- Up-to-date: /home/chuil/Desktop/zhongxi/install/graphslam/include/graphslam/slam2d/utils
-- Up-to-date: /home/chuil/Desktop/zhongxi/install/graphslam/include/graphslam/slam2d/utils/camera_model.h
-- Up-to-date: /home/chuil/Desktop/zhongxi/install/graphslam/include/graphslam/slam2d/utils/transformations.h
-- Up-to-date: /home/chuil/Desktop/zhongxi/install/graphslam/include/graphslam/slam2d/utils/laser_scan.h
-- Up-to-date: /home/chuil/Desktop/zhongxi/install/graphslam/include/graphslam/slam2d/back_end.h
-- Up-to-date: /home/chuil/Desktop/zhongxi/install/graphslam/include/graphslam/slam2d/utils.h
-- Up-to-date: /home/chuil/Desktop/zhongxi/install/graphslam/include/graphslam/slam2d/map.h
-- Up-to-date: /home/chuil/Desktop/zhongxi/install/graphslam/include/graphslam/slam2d/front_end.h
-- Up-to-date: /home/chuil/Desktop/zhongxi/install/graphslam/include/graphslam/slam2d/types.h
-- Up-to-date: /home/chuil/Desktop/zhongxi/install/graphslam/share/ament_index/resource_index/package_run_dependencies/graphslam
-- Up-to-date: /home/chuil/Desktop/zhongxi/install/graphslam/share/ament_index/resource_index/parent_prefix_path/graphslam
-- Up-to-date: /home/chuil/Desktop/zhongxi/install/graphslam/share/graphslam/environment/ament_prefix_path.sh
-- Installing: /home/chuil/Desktop/zhongxi/install/graphslam/share/graphslam/environment/ament_prefix_path.dsv
-- Up-to-date: /home/chuil/Desktop/zhongxi/install/graphslam/share/graphslam/environment/path.sh
-- Installing: /home/chuil/Desktop/zhongxi/install/graphslam/share/graphslam/environment/path.dsv
-- Up-to-date: /home/chuil/Desktop/zhongxi/install/graphslam/share/graphslam/local_setup.bash
-- Up-to-date: /home/chuil/Desktop/zhongxi/install/graphslam/share/graphslam/local_setup.sh
-- Up-to-date: /home/chuil/Desktop/zhongxi/install/graphslam/share/graphslam/local_setup.zsh
-- Installing: /home/chuil/Desktop/zhongxi/install/graphslam/share/graphslam/local_setup.dsv
-- Installing: /home/chuil/Desktop/zhongxi/install/graphslam/share/graphslam/package.dsv
-- Up-to-date: /home/chuil/Desktop/zhongxi/install/graphslam/share/ament_index/resource_index/packages/graphslam
-- Up-to-date: /home/chuil/Desktop/zhongxi/install/graphslam/share/graphslam/cmake/graphslamConfig.cmake
-- Up-to-date: /home/chuil/Desktop/zhongxi/install/graphslam/share/graphslam/cmake/graphslamConfig-version.cmake
-- Installing: /home/chuil/Desktop/zhongxi/install/graphslam/share/graphslam/package.xml
