-- The C compiler identification is GNU 11.4.0
-- The CXX compiler identification is GNU 11.4.0
-- Detecting C compiler ABI info
-- Detecting C compiler ABI info - done
-- Check for working C compiler: /usr/bin/cc - skipped
-- Detecting C compile features
-- Detecting C compile features - done
-- Detecting CXX compiler ABI info
-- Detecting CXX compiler ABI info - done
-- Check for working CXX compiler: /usr/bin/c++ - skipped
-- Detecting CXX compile features
-- Detecting CXX compile features - done
-- Found ament_cmake: 1.3.12 (/opt/ros/humble/share/ament_cmake/cmake)
-- Found Python3: /usr/bin/python3 (found version "3.10.12") found components: Interpreter 
-- Found rclcpp: 16.0.17 (/opt/ros/humble/share/rclcpp/cmake)
-- Found rosidl_generator_c: 3.1.8 (/opt/ros/humble/share/rosidl_generator_c/cmake)
-- Found rosidl_adapter: 3.1.8 (/opt/ros/humble/share/rosidl_adapter/cmake)
-- Found rosidl_generator_cpp: 3.1.8 (/opt/ros/humble/share/rosidl_generator_cpp/cmake)
-- Using all available rosidl_typesupport_c: rosidl_typesupport_fastrtps_c;rosidl_typesupport_introspection_c
-- Using all available rosidl_typesupport_cpp: rosidl_typesupport_fastrtps_cpp;rosidl_typesupport_introspection_cpp
-- Found rmw_implementation_cmake: 6.1.2 (/opt/ros/humble/share/rmw_implementation_cmake/cmake)
-- Found rmw_fastrtps_cpp: 6.2.9 (/opt/ros/humble/share/rmw_fastrtps_cpp/cmake)
-- Found OpenSSL: /usr/lib/aarch64-linux-gnu/libcrypto.so (found version "3.0.2")  
-- Found FastRTPS: /opt/ros/humble/include  
-- Using RMW implementation 'rmw_fastrtps_cpp' as default
-- Looking for pthread.h
-- Looking for pthread.h - found
-- Performing Test CMAKE_HAVE_LIBC_PTHREAD
-- Performing Test CMAKE_HAVE_LIBC_PTHREAD - Success
-- Found Threads: TRUE  
-- Found sensor_msgs: 4.9.0 (/opt/ros/humble/share/sensor_msgs/cmake)
-- Found cv_bridge: 3.2.1 (/opt/ros/humble/share/cv_bridge/cmake)
-- Found image_transport: 3.1.12 (/opt/ros/humble/share/image_transport/cmake)
-- Found nav_msgs: 4.9.0 (/opt/ros/humble/share/nav_msgs/cmake)
-- Found tf2: 0.25.18 (/opt/ros/humble/share/tf2/cmake)
-- Found tf2_ros: 0.25.18 (/opt/ros/humble/share/tf2_ros/cmake)
-- Found tf2_geometry_msgs: 0.25.18 (/opt/ros/humble/share/tf2_geometry_msgs/cmake)
-- Found eigen3_cmake_module: 0.1.1 (/opt/ros/humble/share/eigen3_cmake_module/cmake)
-- Found Eigen3: TRUE (found version "3.4.0") 
-- Ensuring Eigen3 include directory is part of orocos-kdl CMake target
-- Found std_srvs: 4.9.0 (/opt/ros/humble/share/std_srvs/cmake)
-- Found OpenCV: /usr (found version "4.8.0") 
-- Found PkgConfig: /usr/bin/pkg-config (found version "0.29.2") 
-- Checking for module 'serial'
--   No package 'serial' found
-- Configuring done
-- Generating done
-- Build files have been written to: /home/chuil/Desktop/zhongxi/build/sensor_interfaces
[  4%] [32mBuilding CXX object CMakeFiles/ydlidar_sdk.dir/sdk/core/base/timer.cpp.o[0m
[  8%] [32mBuilding CXX object CMakeFiles/sensor_interfaces_base.dir/src/sensor_interfaces.cpp.o[0m
[ 12%] [32mBuilding CXX object CMakeFiles/ydlidar_sdk.dir/sdk/core/common/ydlidar_def.cpp.o[0m
[ 25%] [32mBuilding CXX object CMakeFiles/ydlidar_sdk.dir/sdk/core/network/SimpleSocket.cpp.o[0m
[ 25%] [32mBuilding CXX object CMakeFiles/ydlidar_sdk.dir/sdk/core/network/PassiveSocket.cpp.o[0m
[ 25%] [32mBuilding CXX object CMakeFiles/ydlidar_sdk.dir/sdk/core/network/ActiveSocket.cpp.o[0m
[ 29%] [32mBuilding CXX object CMakeFiles/ydlidar_sdk.dir/sdk/core/serial/impl/unix/list_ports_linux.cpp.o[0m
[ 33%] [32mBuilding CXX object CMakeFiles/ydlidar_sdk.dir/sdk/core/serial/impl/unix/unix_serial.cpp.o[0m
[ 37%] [32mBuilding CXX object CMakeFiles/ydlidar_sdk.dir/sdk/core/serial/impl/windows/list_ports_win.cpp.o[0m
[ 41%] [32mBuilding CXX object CMakeFiles/ydlidar_sdk.dir/sdk/core/serial/impl/windows/win_serial.cpp.o[0m
[ 45%] [32mBuilding CXX object CMakeFiles/ydlidar_sdk.dir/sdk/core/serial/serial.cpp.o[0m
[ 50%] [32mBuilding CXX object CMakeFiles/ydlidar_sdk.dir/sdk/src/CYdLidar.cpp.o[0m
[ 54%] [32mBuilding CXX object CMakeFiles/ydlidar_sdk.dir/sdk/src/ETLidarDriver.cpp.o[0m
[ 58%] [32mBuilding CXX object CMakeFiles/ydlidar_sdk.dir/sdk/src/filters/NoiseFilter.cpp.o[0m
[ 62%] [32mBuilding CXX object CMakeFiles/ydlidar_sdk.dir/sdk/src/ydlidar_driver.cpp.o[0m
[ 66%] [32mBuilding CXX object CMakeFiles/ydlidar_sdk.dir/sdk/src/ydlidar_sdk.cpp.o[0m
[ 70%] [32m[1mLinking CXX static library libydlidar_sdk.a[0m
[ 70%] Built target ydlidar_sdk
