[0.022s] Invoking command in '/home/chuil/Desktop/zhongxi/zhongxi_2_5/src/build/GraphSLAM': /usr/bin/cmake /home/chuil/Desktop/zhongxi/zhongxi_2_5/src/GraphSLAM -DCMAKE_INSTALL_PREFIX=/home/chuil/Desktop/zhongxi/zhongxi_2_5/src/install/GraphSLAM
[0.471s] -- The C compiler identification is GNU 11.4.0
[0.633s] -- The CXX compiler identification is GNU 11.4.0
[0.670s] -- Detecting C compiler ABI info
[0.857s] -- Detecting C compiler ABI info - done
[0.884s] -- Check for working C compiler: /usr/bin/cc - skipped
[0.886s] -- Detecting C compile features
[0.888s] -- Detecting C compile features - done
[0.903s] -- Detecting CXX compiler ABI info
[1.122s] -- Detecting CXX compiler ABI info - done
[1.148s] -- Check for working CXX compiler: /usr/bin/c++ - skipped
[1.150s] -- Detecting CXX compile features
[1.152s] -- Detecting CXX compile features - done
[1.177s] -- Found ament_cmake: 1.3.12 (/opt/ros/humble/share/ament_cmake/cmake)
[1.569s] -- Found Python3: /usr/bin/python3 (found version "3.10.12") found components: Interpreter 
[1.867s] -- Found rclcpp: 16.0.17 (/opt/ros/humble/share/rclcpp/cmake)
[1.991s] -- Found rosidl_generator_c: 3.1.8 (/opt/ros/humble/share/rosidl_generator_c/cmake)
[2.004s] -- Found rosidl_adapter: 3.1.8 (/opt/ros/humble/share/rosidl_adapter/cmake)
[2.029s] -- Found rosidl_generator_cpp: 3.1.8 (/opt/ros/humble/share/rosidl_generator_cpp/cmake)
[2.065s] -- Using all available rosidl_typesupport_c: rosidl_typesupport_fastrtps_c;rosidl_typesupport_introspection_c
[2.107s] -- Using all available rosidl_typesupport_cpp: rosidl_typesupport_fastrtps_cpp;rosidl_typesupport_introspection_cpp
[2.223s] -- Found rmw_implementation_cmake: 6.1.2 (/opt/ros/humble/share/rmw_implementation_cmake/cmake)
[2.230s] -- Found rmw_fastrtps_cpp: 6.2.9 (/opt/ros/humble/share/rmw_fastrtps_cpp/cmake)
[2.478s] -- Found OpenSSL: /usr/lib/aarch64-linux-gnu/libcrypto.so (found version "3.0.2")  
[2.566s] -- Found FastRTPS: /opt/ros/humble/include  
[2.655s] -- Using RMW implementation 'rmw_fastrtps_cpp' as default
[2.677s] -- Looking for pthread.h
[2.858s] -- Looking for pthread.h - found
[2.858s] -- Performing Test CMAKE_HAVE_LIBC_PTHREAD
[3.062s] -- Performing Test CMAKE_HAVE_LIBC_PTHREAD - Success
[3.067s] -- Found Threads: TRUE  
[3.258s] -- Found sensor_msgs: 4.9.0 (/opt/ros/humble/share/sensor_msgs/cmake)
[3.349s] -- Found tf2: 0.25.18 (/opt/ros/humble/share/tf2/cmake)
[3.375s] -- Found tf2_ros: 0.25.18 (/opt/ros/humble/share/tf2_ros/cmake)
[3.698s] [31mCMake Error at CMakeLists.txt:22 (find_package):
[3.698s]   By not providing "FindQGLViewer.cmake" in CMAKE_MODULE_PATH this project
[3.698s]   has asked CMake to find a package configuration file provided by
[3.698s]   "QGLViewer", but CMake did not find one.
[3.699s] 
[3.699s]   Could not find a package configuration file provided by "QGLViewer" with
[3.699s]   any of the following names:
[3.699s] 
[3.699s]     QGLViewerConfig.cmake
[3.700s]     qglviewer-config.cmake
[3.700s] 
[3.700s]   Add the installation prefix of "QGLViewer" to CMAKE_PREFIX_PATH or set
[3.700s]   "QGLViewer_DIR" to a directory containing one of the above files.  If
[3.700s]   "QGLViewer" provides a separate development package or SDK, be sure it has
[3.700s]   been installed.
[3.700s] 
[3.700s] -- Configuring incomplete, errors occurred!
[3.701s] See also "/home/chuil/Desktop/zhongxi/zhongxi_2_5/src/build/GraphSLAM/CMakeFiles/CMakeOutput.log".
[3.701s] [0m
[3.736s] Invoked command in '/home/chuil/Desktop/zhongxi/zhongxi_2_5/src/build/GraphSLAM' returned '1': /usr/bin/cmake /home/chuil/Desktop/zhongxi/zhongxi_2_5/src/GraphSLAM -DCMAKE_INSTALL_PREFIX=/home/chuil/Desktop/zhongxi/zhongxi_2_5/src/install/GraphSLAM
