[0mCMake Deprecation Warning at /home/chuil/Desktop/ori_resource/EAI X3&X3 ProжїЂе…‰й›·иѕѕ/ROS2-жєђз Ѓ/жєђз Ѓ/YDLidar-SDK-master/CMakeLists.txt:1 (cmake_minimum_required):
  Compatibility with CMake < 2.8.12 will be removed from a future version of
  CMake.

  Update the VERSION argument <min> value or use a ...<max> suffix to tell
  CMake that the project does not need compatibility with older versions.

[0m
[0mCMake Deprecation Warning at /home/chuil/Desktop/ori_resource/EAI X3&X3 ProжїЂе…‰й›·иѕѕ/ROS2-жєђз Ѓ/жєђз Ѓ/YDLidar-SDK-master/CMakeLists.txt:44 (cmake_policy):
  The OLD behavior for policy CMP0053 will be removed from a future version
  of CMake.

  The cmake-policies(7) manual explains that the OLD behaviors of all
  policies are deprecated and that a policy should be set to OLD only under
  specific short-term circumstances.  Projects should be ported to the NEW
  behavior and not rely on setting a policy to OLD.

[0m
[0mCMake Deprecation Warning at /home/chuil/Desktop/ori_resource/EAI X3&X3 ProжїЂе…‰й›·иѕѕ/ROS2-жєђз Ѓ/жєђз Ѓ/YDLidar-SDK-master/CMakeLists.txt:47 (cmake_policy):
  The OLD behavior for policy CMP0037 will be removed from a future version
  of CMake.

  The cmake-policies(7) manual explains that the OLD behaviors of all
  policies are deprecated and that a policy should be set to OLD only under
  specific short-term circumstances.  Projects should be ported to the NEW
  behavior and not rely on setting a policy to OLD.

[0m
[0mCMake Deprecation Warning at /home/chuil/Desktop/ori_resource/EAI X3&X3 ProжїЂе…‰й›·иѕѕ/ROS2-жєђз Ѓ/жєђз Ѓ/YDLidar-SDK-master/CMakeLists.txt:50 (cmake_policy):
  The OLD behavior for policy CMP0043 will be removed from a future version
  of CMake.

  The cmake-policies(7) manual explains that the OLD behaviors of all
  policies are deprecated and that a policy should be set to OLD only under
  specific short-term circumstances.  Projects should be ported to the NEW
  behavior and not rely on setting a policy to OLD.

[0m
[0mCMake Deprecation Warning at /home/chuil/Desktop/ori_resource/EAI X3&X3 ProжїЂе…‰й›·иѕѕ/ROS2-жєђз Ѓ/жєђз Ѓ/YDLidar-SDK-master/core/CMakeLists.txt:1 (cmake_minimum_required):
  Compatibility with CMake < 2.8.12 will be removed from a future version of
  CMake.

  Update the VERSION argument <min> value or use a ...<max> suffix to tell
  CMake that the project does not need compatibility with older versions.

[0m
[0mCMake Deprecation Warning at /home/chuil/Desktop/ori_resource/EAI X3&X3 ProжїЂе…‰й›·иѕѕ/ROS2-жєђз Ѓ/жєђз Ѓ/YDLidar-SDK-master/samples/CMakeLists.txt:2 (cmake_minimum_required):
  Compatibility with CMake < 2.8.12 will be removed from a future version of
  CMake.

  Update the VERSION argument <min> value or use a ...<max> suffix to tell
  CMake that the project does not need compatibility with older versions.

[0m
[0mCMake Deprecation Warning at /home/chuil/Desktop/ori_resource/EAI X3&X3 ProжїЂе…‰й›·иѕѕ/ROS2-жєђз Ѓ/жєђз Ѓ/YDLidar-SDK-master/cmake/install_package.cmake:101 (cmake_policy):
  The OLD behavior for policy CMP0026 will be removed from a future version
  of CMake.

  The cmake-policies(7) manual explains that the OLD behaviors of all
  policies are deprecated and that a policy should be set to OLD only under
  specific short-term circumstances.  Projects should be ported to the NEW
  behavior and not rely on setting a policy to OLD.
Call Stack (most recent call first):
  /home/chuil/Desktop/ori_resource/EAI X3&X3 ProжїЂе…‰й›·иѕѕ/ROS2-жєђз Ѓ/жєђз Ѓ/YDLidar-SDK-master/CMakeLists.txt:161 (install_package)

[0m
[33mCMake Warning (dev) at /home/chuil/Desktop/ori_resource/EAI X3&X3 ProжїЂе…‰й›·иѕѕ/ROS2-жєђз Ѓ/жєђз Ѓ/YDLidar-SDK-master/cmake/install_package.cmake:191 (install):
  Policy CMP0062 is not set: Disallow install() of export() result.  Run
  "cmake --help-policy CMP0062" for policy details.  Use the cmake_policy
  command to set the policy and suppress this warning.

  The file

    /home/chuil/Desktop/zhongxi/build/sensor_interfaces/ydlidar_sdk/ydlidar_sdkTargets.cmake

  was generated by the export() command.  It should not be installed with the
  install() command.  Use the install(EXPORT) mechanism instead.  See the
  cmake-packages(7) manual for more.

Call Stack (most recent call first):
  /home/chuil/Desktop/ori_resource/EAI X3&X3 ProжїЂе…‰й›·иѕѕ/ROS2-жєђз Ѓ/жєђз Ѓ/YDLidar-SDK-master/CMakeLists.txt:161 (install_package)
This warning is for project developers.  Use -Wno-dev to suppress it.
[0m
[31mCMake Error at /home/chuil/Desktop/ori_resource/EAI X3&X3 ProжїЂе…‰й›·иѕѕ/ROS2-жєђз Ѓ/жєђз Ѓ/YDLidar-SDK-master/CMakeLists.txt:186 (add_custom_target):
  add_custom_target cannot create target "uninstall" because another target
  with the same name already exists.  The existing target is a custom target
  created in source directory
  "/home/chuil/Desktop/zhongxi/src/sensor_interfaces".  See documentation for
  policy CMP0002 for more details.

[0m
gmake: *** [Makefile:308пјљcmake_check_build_system] й”™иЇЇ 1
