-- Found ament_cmake: 1.3.13 (/opt/ros/humble/share/ament_cmake/cmake)
-- Override CMake install command with custom implementation using symlinks instead of copying resources
-- Found rclcpp: 16.0.18 (/opt/ros/humble/share/rclcpp/cmake)
-- Found rosidl_generator_c: 3.1.8 (/opt/ros/humble/share/rosidl_generator_c/cmake)
-- Found rosidl_adapter: 3.1.8 (/opt/ros/humble/share/rosidl_adapter/cmake)
-- Found rosidl_generator_cpp: 3.1.8 (/opt/ros/humble/share/rosidl_generator_cpp/cmake)
-- Using all available rosidl_typesupport_c: rosidl_typesupport_fastrtps_c;rosidl_typesupport_introspection_c
-- Using all available rosidl_typesupport_cpp: rosidl_typesupport_fastrtps_cpp;rosidl_typesupport_introspection_cpp
-- Found rmw_implementation_cmake: 6.1.2 (/opt/ros/humble/share/rmw_implementation_cmake/cmake)
-- Found rmw_fastrtps_cpp: 6.2.10 (/opt/ros/humble/share/rmw_fastrtps_cpp/cmake)
-- Using RMW implementation 'rmw_fastrtps_cpp' as default
-- Found sensor_msgs: 4.9.1 (/opt/ros/humble/share/sensor_msgs/cmake)
-- Found cv_bridge: 3.2.1 (/opt/ros/humble/share/cv_bridge/cmake)
-- Found image_transport: 3.1.12 (/opt/ros/humble/share/image_transport/cmake)
-- Found nav_msgs: 4.9.1 (/opt/ros/humble/share/nav_msgs/cmake)
-- Found tf2: 0.25.19 (/opt/ros/humble/share/tf2/cmake)
-- Found tf2_ros: 0.25.19 (/opt/ros/humble/share/tf2_ros/cmake)
-- Found tf2_geometry_msgs: 0.25.19 (/opt/ros/humble/share/tf2_geometry_msgs/cmake)
-- Found eigen3_cmake_module: 0.1.1 (/opt/ros/humble/share/eigen3_cmake_module/cmake)
-- Ensuring Eigen3 include directory is part of orocos-kdl CMake target
-- Found std_srvs: 4.9.1 (/opt/ros/humble/share/std_srvs/cmake)
-- Configuring done
-- Generating done
-- Build files have been written to: /home/chuil/Desktop/zhongxi/build/sensor_interfaces
[35m[1mConsolidate compiler generated dependencies of target sensor_interfaces_base[0m
[35m[1mConsolidate compiler generated dependencies of target ydlidar_sdk[0m
[  4%] [32mBuilding CXX object CMakeFiles/ydlidar_sdk.dir/sdk/src/CYdLidar.cpp.o[0m
[  8%] [32mBuilding CXX object CMakeFiles/ydlidar_sdk.dir/sdk/core/serial/serial.cpp.o[0m
[ 12%] [32mBuilding CXX object CMakeFiles/ydlidar_sdk.dir/sdk/src/ydlidar_driver.cpp.o[0m
[ 16%] [32mBuilding CXX object CMakeFiles/ydlidar_sdk.dir/sdk/src/ETLidarDriver.cpp.o[0m
[ 20%] [32m[1mLinking CXX static library libsensor_interfaces_base.a[0m
[ 24%] Built target sensor_interfaces_base
[35m[1mConsolidate compiler generated dependencies of target camera_driver[0m
[35m[1mConsolidate compiler generated dependencies of target control_board_interface[0m
[ 28%] [32m[1mLinking CXX executable control_board_interface[0m
[ 32%] [32m[1mLinking CXX executable camera_driver[0m
[ 40%] Built target control_board_interface
[ 44%] Built target camera_driver
[ 48%] [32m[1mLinking CXX static library libydlidar_sdk.a[0m
[ 92%] Built target ydlidar_sdk
[35m[1mConsolidate compiler generated dependencies of target lidar_driver[0m
[ 96%] [32m[1mLinking CXX executable lidar_driver[0m
[100%] Built target lidar_driver
