[0.022s] Invoking command in '/home/chuil/Desktop/zhongxi/build/sensor_interfaces': CMAKE_PREFIX_PATH=${CMAKE_PREFIX_PATH}:/home/chuil/Desktop/zhongxi/install/demo_py:/opt/ros/humble /usr/bin/cmake /home/chuil/Desktop/zhongxi/src/sensor_interfaces -DCMAKE_INSTALL_PREFIX=/home/chuil/Desktop/zhongxi/install/sensor_interfaces
[0.151s] -- The C compiler identification is GNU 11.4.0
[0.282s] -- The CXX compiler identification is GNU 11.4.0
[0.307s] -- Detecting C compiler ABI info
[0.492s] -- Detecting C compiler ABI info - done
[0.514s] -- Check for working C compiler: /usr/bin/cc - skipped
[0.514s] -- Detecting C compile features
[0.515s] -- Detecting C compile features - done
[0.527s] -- Detecting CXX compiler ABI info
[0.722s] -- Detecting CXX compiler ABI info - done
[0.748s] -- Check for working CXX compiler: /usr/bin/c++ - skipped
[0.749s] -- Detecting CXX compile features
[0.751s] -- Detecting CXX compile features - done
[0.760s] -- Found ament_cmake: 1.3.12 (/opt/ros/humble/share/ament_cmake/cmake)
[1.133s] -- Found Python3: /usr/bin/python3 (found version "3.10.12") found components: Interpreter 
[1.388s] -- Found rclcpp: 16.0.17 (/opt/ros/humble/share/rclcpp/cmake)
[1.485s] -- Found rosidl_generator_c: 3.1.8 (/opt/ros/humble/share/rosidl_generator_c/cmake)
[1.494s] -- Found rosidl_adapter: 3.1.8 (/opt/ros/humble/share/rosidl_adapter/cmake)
[1.512s] -- Found rosidl_generator_cpp: 3.1.8 (/opt/ros/humble/share/rosidl_generator_cpp/cmake)
[1.537s] -- Using all available rosidl_typesupport_c: rosidl_typesupport_fastrtps_c;rosidl_typesupport_introspection_c
[1.571s] -- Using all available rosidl_typesupport_cpp: rosidl_typesupport_fastrtps_cpp;rosidl_typesupport_introspection_cpp
[1.662s] -- Found rmw_implementation_cmake: 6.1.2 (/opt/ros/humble/share/rmw_implementation_cmake/cmake)
[1.666s] -- Found rmw_fastrtps_cpp: 6.2.9 (/opt/ros/humble/share/rmw_fastrtps_cpp/cmake)
[1.844s] -- Found OpenSSL: /usr/lib/aarch64-linux-gnu/libcrypto.so (found version "3.0.2")  
[1.907s] -- Found FastRTPS: /opt/ros/humble/include  
[2.003s] -- Using RMW implementation 'rmw_fastrtps_cpp' as default
[2.021s] -- Looking for pthread.h
[2.206s] -- Looking for pthread.h - found
[2.208s] -- Performing Test CMAKE_HAVE_LIBC_PTHREAD
[2.406s] -- Performing Test CMAKE_HAVE_LIBC_PTHREAD - Success
[2.414s] -- Found Threads: TRUE  
[2.549s] -- Found sensor_msgs: 4.9.0 (/opt/ros/humble/share/sensor_msgs/cmake)
[2.615s] -- Found cv_bridge: 3.2.1 (/opt/ros/humble/share/cv_bridge/cmake)
[2.634s] -- Found image_transport: 3.1.12 (/opt/ros/humble/share/image_transport/cmake)
[2.707s] -- Found nav_msgs: 4.9.0 (/opt/ros/humble/share/nav_msgs/cmake)
[2.744s] -- Found tf2: 0.25.18 (/opt/ros/humble/share/tf2/cmake)
[2.753s] -- Found tf2_ros: 0.25.18 (/opt/ros/humble/share/tf2_ros/cmake)
[2.929s] -- Found std_srvs: 4.9.0 (/opt/ros/humble/share/std_srvs/cmake)
[2.952s] -- Found OpenCV: /usr (found version "4.8.0") 
[3.129s] -- Configuring done
[3.179s] -- Generating done
[3.196s] -- Build files have been written to: /home/chuil/Desktop/zhongxi/build/sensor_interfaces
[3.241s] Invoked command in '/home/chuil/Desktop/zhongxi/build/sensor_interfaces' returned '0': CMAKE_PREFIX_PATH=${CMAKE_PREFIX_PATH}:/home/chuil/Desktop/zhongxi/install/demo_py:/opt/ros/humble /usr/bin/cmake /home/chuil/Desktop/zhongxi/src/sensor_interfaces -DCMAKE_INSTALL_PREFIX=/home/chuil/Desktop/zhongxi/install/sensor_interfaces
[3.250s] Invoking command in '/home/chuil/Desktop/zhongxi/build/sensor_interfaces': CMAKE_PREFIX_PATH=${CMAKE_PREFIX_PATH}:/home/chuil/Desktop/zhongxi/install/demo_py:/opt/ros/humble /usr/bin/cmake --build /home/chuil/Desktop/zhongxi/build/sensor_interfaces -- -j6 -l6
[3.385s] [ 33%] [32mBuilding CXX object CMakeFiles/control_board_interface.dir/src/control_board_interface.cpp.o[0m
[3.385s] [ 33%] [32mBuilding CXX object CMakeFiles/camera_driver.dir/src/camera_driver.cpp.o[0m
[3.387s] [ 50%] [32mBuilding CXX object CMakeFiles/lidar_driver.dir/src/lidar_driver.cpp.o[0m
[3.987s] [01m[K/home/chuil/Desktop/zhongxi/src/sensor_interfaces/src/control_board_interface.cpp:5:10:[m[K [01;31m[Kfatal error: [m[Ktf2_geometry_msgs/tf2_geometry_msgs.hpp: µ▓Īµ£ēķéŻõĖ¬µ¢ćõ╗Čµł¢ńø«ÕĮĢ
[3.988s]     5 | #include [01;31m[K<tf2_geometry_msgs/tf2_geometry_msgs.hpp>[m[K
[3.988s]       |          [01;31m[K^~~~~~~~~~~~~~~~~~~~~~~~~~~~~~~~~~~~~~~~~[m[K
[3.988s] compilation terminated.
[3.995s] gmake[2]: *** [CMakeFiles/control_board_interface.dir/build.make:76’╝ÜCMakeFiles/control_board_interface.dir/src/control_board_interface.cpp.o] ķöÖĶ»» 1
[3.996s] gmake[1]: *** [CMakeFiles/Makefile2:193’╝ÜCMakeFiles/control_board_interface.dir/all] ķöÖĶ»» 2
[3.996s] gmake[1]: *** µŁŻÕ£©ńŁēÕŠģµ£¬Õ«īµłÉńÜäõ╗╗ÕŖĪ....
[16.283s] [ 66%] [32m[1mLinking CXX executable lidar_driver[0m
[16.840s] [ 66%] Built target lidar_driver
[18.174s] [ 83%] [32m[1mLinking CXX executable camera_driver[0m
[18.406s] /usr/bin/ld: warning: libopencv_core.so.4.5d, needed by /opt/ros/humble/lib/libcv_bridge.so, may conflict with libopencv_core.so.408
[19.705s] [ 83%] Built target camera_driver
[19.709s] gmake: *** [Makefile:146’╝Üall] ķöÖĶ»» 2
[19.716s] Invoked command in '/home/chuil/Desktop/zhongxi/build/sensor_interfaces' returned '2': CMAKE_PREFIX_PATH=${CMAKE_PREFIX_PATH}:/home/chuil/Desktop/zhongxi/install/demo_py:/opt/ros/humble /usr/bin/cmake --build /home/chuil/Desktop/zhongxi/build/sensor_interfaces -- -j6 -l6
