[0.025s] Invoking command in '/home/chuil/Desktop/zhongxi/build/sensor_interfaces': CMAKE_PREFIX_PATH=${CMAKE_PREFIX_PATH}:/home/chuil/Desktop/zhongxi/install/demo_py:/opt/ros/humble /usr/bin/cmake --build /home/chuil/Desktop/zhongxi/build/sensor_interfaces -- -j6 -l6
[0.090s] -- Found ament_cmake: 1.3.12 (/opt/ros/humble/share/ament_cmake/cmake)
[0.443s] -- Found rclcpp: 16.0.17 (/opt/ros/humble/share/rclcpp/cmake)
[0.513s] -- Found rosidl_generator_c: 3.1.8 (/opt/ros/humble/share/rosidl_generator_c/cmake)
[0.517s] -- Found rosidl_adapter: 3.1.8 (/opt/ros/humble/share/rosidl_adapter/cmake)
[0.530s] -- Found rosidl_generator_cpp: 3.1.8 (/opt/ros/humble/share/rosidl_generator_cpp/cmake)
[0.550s] -- Using all available rosidl_typesupport_c: rosidl_typesupport_fastrtps_c;rosidl_typesupport_introspection_c
[0.578s] -- Using all available rosidl_typesupport_cpp: rosidl_typesupport_fastrtps_cpp;rosidl_typesupport_introspection_cpp
[0.645s] -- Found rmw_implementation_cmake: 6.1.2 (/opt/ros/humble/share/rmw_implementation_cmake/cmake)
[0.648s] -- Found rmw_fastrtps_cpp: 6.2.9 (/opt/ros/humble/share/rmw_fastrtps_cpp/cmake)
[0.887s] -- Using RMW implementation 'rmw_fastrtps_cpp' as default
[0.993s] -- Found sensor_msgs: 4.9.0 (/opt/ros/humble/share/sensor_msgs/cmake)
[1.052s] -- Found cv_bridge: 3.2.1 (/opt/ros/humble/share/cv_bridge/cmake)
[1.062s] -- Found image_transport: 3.1.12 (/opt/ros/humble/share/image_transport/cmake)
[1.111s] -- Found nav_msgs: 4.9.0 (/opt/ros/humble/share/nav_msgs/cmake)
[1.145s] -- Found tf2: 0.25.18 (/opt/ros/humble/share/tf2/cmake)
[1.152s] -- Found tf2_ros: 0.25.18 (/opt/ros/humble/share/tf2_ros/cmake)
[1.308s] -- Found std_srvs: 4.9.0 (/opt/ros/humble/share/std_srvs/cmake)
[1.367s] [31mCMake Error at CMakeLists.txt:41 (find_package):
[1.368s]   By not providing "Findserial.cmake" in CMAKE_MODULE_PATH this project has
[1.368s]   asked CMake to find a package configuration file provided by "serial", but
[1.368s]   CMake did not find one.
[1.368s] 
[1.369s]   Could not find a package configuration file provided by "serial" with any
[1.369s]   of the following names:
[1.369s] 
[1.369s]     serialConfig.cmake
[1.369s]     serial-config.cmake
[1.369s] 
[1.370s]   Add the installation prefix of "serial" to CMAKE_PREFIX_PATH or set
[1.370s]   "serial_DIR" to a directory containing one of the above files.  If "serial"
[1.370s]   provides a separate development package or SDK, be sure it has been
[1.370s]   installed.
[1.370s] 
[1.370s] [0m
[1.370s] -- Configuring incomplete, errors occurred!
[1.371s] See also "/home/chuil/Desktop/zhongxi/build/sensor_interfaces/CMakeFiles/CMakeOutput.log".
[1.405s] gmake: *** [Makefile:727：cmake_check_build_system] 错误 1
[1.416s] Invoked command in '/home/chuil/Desktop/zhongxi/build/sensor_interfaces' returned '2': CMAKE_PREFIX_PATH=${CMAKE_PREFIX_PATH}:/home/chuil/Desktop/zhongxi/install/demo_py:/opt/ros/humble /usr/bin/cmake --build /home/chuil/Desktop/zhongxi/build/sensor_interfaces -- -j6 -l6
