[0.034s] Invoking command in '/home/chuil/Desktop/zhongxi/build/sensor_interfaces': CMAKE_PREFIX_PATH=${CMAKE_PREFIX_PATH}:/home/chuil/Desktop/zhongxi/install/demo_py:/opt/ros/humble /usr/bin/cmake /home/chuil/Desktop/zhongxi/src/sensor_interfaces -DCMAKE_INSTALL_PREFIX=/home/chuil/Desktop/zhongxi/install/sensor_interfaces
[0.329s] -- The C compiler identification is GNU 11.4.0
[0.568s] -- The CXX compiler identification is GNU 11.4.0
[0.593s] -- Detecting C compiler ABI info
[0.768s] -- Detecting C compiler ABI info - done
[0.781s] -- Check for working C compiler: /usr/bin/cc - skipped
[0.784s] -- Detecting C compile features
[0.785s] -- Detecting C compile features - done
[0.803s] -- Detecting CXX compiler ABI info
[0.997s] -- Detecting CXX compiler ABI info - done
[1.012s] -- Check for working CXX compiler: /usr/bin/c++ - skipped
[1.013s] -- Detecting CXX compile features
[1.014s] -- Detecting CXX compile features - done
[1.027s] -- Found ament_cmake: 1.3.12 (/opt/ros/humble/share/ament_cmake/cmake)
[1.427s] -- Found Python3: /usr/bin/python3 (found version "3.10.12") found components: Interpreter 
[1.740s] -- Found rclcpp: 16.0.17 (/opt/ros/humble/share/rclcpp/cmake)
[1.880s] -- Found rosidl_generator_c: 3.1.8 (/opt/ros/humble/share/rosidl_generator_c/cmake)
[1.894s] -- Found rosidl_adapter: 3.1.8 (/opt/ros/humble/share/rosidl_adapter/cmake)
[1.921s] -- Found rosidl_generator_cpp: 3.1.8 (/opt/ros/humble/share/rosidl_generator_cpp/cmake)
[1.958s] -- Using all available rosidl_typesupport_c: rosidl_typesupport_fastrtps_c;rosidl_typesupport_introspection_c
[2.001s] -- Using all available rosidl_typesupport_cpp: rosidl_typesupport_fastrtps_cpp;rosidl_typesupport_introspection_cpp
[2.119s] -- Found rmw_implementation_cmake: 6.1.2 (/opt/ros/humble/share/rmw_implementation_cmake/cmake)
[2.126s] -- Found rmw_fastrtps_cpp: 6.2.9 (/opt/ros/humble/share/rmw_fastrtps_cpp/cmake)
[2.356s] -- Found OpenSSL: /usr/lib/aarch64-linux-gnu/libcrypto.so (found version "3.0.2")  
[2.426s] -- Found FastRTPS: /opt/ros/humble/include  
[2.526s] -- Using RMW implementation 'rmw_fastrtps_cpp' as default
[2.553s] -- Looking for pthread.h
[2.741s] -- Looking for pthread.h - found
[2.742s] -- Performing Test CMAKE_HAVE_LIBC_PTHREAD
[3.003s] -- Performing Test CMAKE_HAVE_LIBC_PTHREAD - Success
[3.013s] -- Found Threads: TRUE  
[3.209s] -- Found sensor_msgs: 4.9.0 (/opt/ros/humble/share/sensor_msgs/cmake)
[3.296s] -- Found cv_bridge: 3.2.1 (/opt/ros/humble/share/cv_bridge/cmake)
[3.318s] -- Found image_transport: 3.1.12 (/opt/ros/humble/share/image_transport/cmake)
[3.408s] -- Found nav_msgs: 4.9.0 (/opt/ros/humble/share/nav_msgs/cmake)
[3.456s] -- Found tf2: 0.25.18 (/opt/ros/humble/share/tf2/cmake)
[3.468s] -- Found tf2_ros: 0.25.18 (/opt/ros/humble/share/tf2_ros/cmake)
[3.685s] -- Found std_srvs: 4.9.0 (/opt/ros/humble/share/std_srvs/cmake)
[3.732s] [31mCMake Error at CMakeLists.txt:24 (find_package):
[3.733s]   By not providing "Findserial.cmake" in CMAKE_MODULE_PATH this project has
[3.733s]   asked CMake to find a package configuration file provided by "serial", but
[3.733s]   CMake did not find one.
[3.734s] 
[3.734s]   Could not find a package configuration file provided by "serial" with any
[3.734s]   of the following names:
[3.735s] 
[3.735s]     serialConfig.cmake
[3.735s]     serial-config.cmake
[3.735s] 
[3.736s]   Add the installation prefix of "serial" to CMAKE_PREFIX_PATH or set
[3.736s]   "serial_DIR" to a directory containing one of the above files.  If "serial"
[3.736s]   provides a separate development package or SDK, be sure it has been
[3.736s]   installed.
[3.736s] 
[3.737s] [0m
[3.737s] -- Configuring incomplete, errors occurred!
[3.737s] See also "/home/chuil/Desktop/zhongxi/build/sensor_interfaces/CMakeFiles/CMakeOutput.log".
[3.773s] Invoked command in '/home/chuil/Desktop/zhongxi/build/sensor_interfaces' returned '1': CMAKE_PREFIX_PATH=${CMAKE_PREFIX_PATH}:/home/chuil/Desktop/zhongxi/install/demo_py:/opt/ros/humble /usr/bin/cmake /home/chuil/Desktop/zhongxi/src/sensor_interfaces -DCMAKE_INSTALL_PREFIX=/home/chuil/Desktop/zhongxi/install/sensor_interfaces
