[0.022s] Invoking command in '/home/chuil/Desktop/zhongxi/build/sensor_interfaces': CMAKE_PREFIX_PATH=${CMAKE_PREFIX_PATH}:/home/chuil/Desktop/zhongxi/install/demo_py:/opt/ros/humble /usr/bin/cmake /home/chuil/Desktop/zhongxi/src/sensor_interfaces -DCMAKE_INSTALL_PREFIX=/home/chuil/Desktop/zhongxi/install/sensor_interfaces
[0.159s] -- The C compiler identification is GNU 11.4.0
[0.297s] -- The CXX compiler identification is GNU 11.4.0
[0.323s] -- Detecting C compiler ABI info
[0.500s] -- Detecting C compiler ABI info - done
[0.536s] -- Check for working C compiler: /usr/bin/cc - skipped
[0.537s] -- Detecting C compile features
[0.538s] -- Detecting C compile features - done
[0.549s] -- Detecting CXX compiler ABI info
[0.753s] -- Detecting CXX compiler ABI info - done
[0.783s] -- Check for working CXX compiler: /usr/bin/c++ - skipped
[0.784s] -- Detecting CXX compile features
[0.785s] -- Detecting CXX compile features - done
[0.796s] -- Found ament_cmake: 1.3.12 (/opt/ros/humble/share/ament_cmake/cmake)
[1.204s] -- Found Python3: /usr/bin/python3 (found version "3.10.12") found components: Interpreter 
[1.469s] -- Found rclcpp: 16.0.17 (/opt/ros/humble/share/rclcpp/cmake)
[1.557s] -- Found rosidl_generator_c: 3.1.8 (/opt/ros/humble/share/rosidl_generator_c/cmake)
[1.568s] -- Found rosidl_adapter: 3.1.8 (/opt/ros/humble/share/rosidl_adapter/cmake)
[1.586s] -- Found rosidl_generator_cpp: 3.1.8 (/opt/ros/humble/share/rosidl_generator_cpp/cmake)
[1.611s] -- Using all available rosidl_typesupport_c: rosidl_typesupport_fastrtps_c;rosidl_typesupport_introspection_c
[1.645s] -- Using all available rosidl_typesupport_cpp: rosidl_typesupport_fastrtps_cpp;rosidl_typesupport_introspection_cpp
[1.737s] -- Found rmw_implementation_cmake: 6.1.2 (/opt/ros/humble/share/rmw_implementation_cmake/cmake)
[1.745s] -- Found rmw_fastrtps_cpp: 6.2.9 (/opt/ros/humble/share/rmw_fastrtps_cpp/cmake)
[1.929s] -- Found OpenSSL: /usr/lib/aarch64-linux-gnu/libcrypto.so (found version "3.0.2")  
[1.996s] -- Found FastRTPS: /opt/ros/humble/include  
[2.098s] -- Using RMW implementation 'rmw_fastrtps_cpp' as default
[2.118s] -- Looking for pthread.h
[2.303s] -- Looking for pthread.h - found
[2.307s] -- Performing Test CMAKE_HAVE_LIBC_PTHREAD
[2.511s] -- Performing Test CMAKE_HAVE_LIBC_PTHREAD - Success
[2.516s] -- Found Threads: TRUE  
[2.656s] -- Found sensor_msgs: 4.9.0 (/opt/ros/humble/share/sensor_msgs/cmake)
[2.723s] -- Found cv_bridge: 3.2.1 (/opt/ros/humble/share/cv_bridge/cmake)
[2.742s] -- Found image_transport: 3.1.12 (/opt/ros/humble/share/image_transport/cmake)
[2.819s] -- Found nav_msgs: 4.9.0 (/opt/ros/humble/share/nav_msgs/cmake)
[2.858s] -- Found tf2: 0.25.18 (/opt/ros/humble/share/tf2/cmake)
[2.867s] -- Found tf2_ros: 0.25.18 (/opt/ros/humble/share/tf2_ros/cmake)
[3.048s] -- Found tf2_geometry_msgs: 0.25.18 (/opt/ros/humble/share/tf2_geometry_msgs/cmake)
[3.082s] -- Found eigen3_cmake_module: 0.1.1 (/opt/ros/humble/share/eigen3_cmake_module/cmake)
[3.085s] -- Found Eigen3: TRUE (found version "3.4.0") 
[3.085s] -- Ensuring Eigen3 include directory is part of orocos-kdl CMake target
[3.091s] -- Found std_srvs: 4.9.0 (/opt/ros/humble/share/std_srvs/cmake)
[3.114s] -- Found OpenCV: /usr (found version "4.8.0") 
[3.125s] -- Found PkgConfig: /usr/bin/pkg-config (found version "0.29.2") 
[3.155s] [31mCMake Error at CMakeLists.txt:47 (find_package):
[3.156s]   By not providing "Findserial.cmake" in CMAKE_MODULE_PATH this project has
[3.156s]   asked CMake to find a package configuration file provided by "serial", but
[3.156s]   CMake did not find one.
[3.156s] 
[3.156s]   Could not find a package configuration file provided by "serial" with any
[3.156s]   of the following names:
[3.156s] 
[3.157s]     serialConfig.cmake
[3.157s]     serial-config.cmake
[3.157s] 
[3.157s]   Add the installation prefix of "serial" to CMAKE_PREFIX_PATH or set
[3.157s]   "serial_DIR" to a directory containing one of the above files.  If "serial"
[3.157s]   provides a separate development package or SDK, be sure it has been
[3.157s]   installed.
[3.158s] 
[3.158s] [0m
[3.158s] -- Configuring incomplete, errors occurred!
[3.158s] See also "/home/chuil/Desktop/zhongxi/build/sensor_interfaces/CMakeFiles/CMakeOutput.log".
[3.201s] Invoked command in '/home/chuil/Desktop/zhongxi/build/sensor_interfaces' returned '1': CMAKE_PREFIX_PATH=${CMAKE_PREFIX_PATH}:/home/chuil/Desktop/zhongxi/install/demo_py:/opt/ros/humble /usr/bin/cmake /home/chuil/Desktop/zhongxi/src/sensor_interfaces -DCMAKE_INSTALL_PREFIX=/home/chuil/Desktop/zhongxi/install/sensor_interfaces
