[0.285s] DEBUG:colcon:Command line arguments: ['/usr/bin/colcon', 'build', '--packages-select', 'graphslam', '--symlink-install']
[0.286s] DEBUG:colcon:Parsed command line arguments: Namespace(log_base=None, log_level=None, verb_name='build', build_base='build', install_base='install', merge_install=False, symlink_install=True, test_result_base=None, continue_on_error=False, executor='parallel', parallel_workers=6, event_handlers=None, ignore_user_meta=False, metas=['./colcon.meta'], base_paths=['.'], packages_ignore=None, packages_ignore_regex=None, paths=None, packages_up_to=None, packages_up_to_regex=None, packages_above=None, packages_above_and_dependencies=None, packages_above_depth=None, packages_select_by_dep=None, packages_skip_by_dep=None, packages_skip_up_to=None, packages_select_build_failed=False, packages_skip_build_finished=False, packages_select_test_failures=False, packages_skip_test_passed=False, packages_select=['graphslam'], packages_skip=None, packages_select_regex=None, packages_skip_regex=None, packages_start=None, packages_end=None, allow_overriding=[], cmake_args=None, cmake_target=None, cmake_target_skip_unavailable=False, cmake_clean_cache=False, cmake_clean_first=False, cmake_force_configure=False, ament_cmake_args=None, catkin_cmake_args=None, catkin_skip_building_tests=False, verb_parser=<colcon_defaults.argument_parser.defaults.DefaultArgumentsDecorator object at 0xffff970f7d30>, verb_extension=<colcon_core.verb.build.BuildVerb object at 0xffff972ec760>, main=<bound method BuildVerb.main of <colcon_core.verb.build.BuildVerb object at 0xffff972ec760>>)
[0.683s] Level 1:colcon.colcon_core.package_discovery:discover_packages(colcon_meta) check parameters
[0.684s] Level 1:colcon.colcon_core.package_discovery:discover_packages(recursive) check parameters
[0.684s] Level 1:colcon.colcon_core.package_discovery:discover_packages(ignore) check parameters
[0.684s] Level 1:colcon.colcon_core.package_discovery:discover_packages(path) check parameters
[0.684s] Level 1:colcon.colcon_core.package_discovery:discover_packages(colcon_meta) discover
[0.685s] Level 1:colcon.colcon_core.package_discovery:discover_packages(recursive) discover
[0.685s] INFO:colcon.colcon_core.package_discovery:Crawling recursively for packages in '/home/chuil/Desktop/zhongxi'
[0.685s] Level 1:colcon.colcon_core.package_identification:_identify(.) by extensions ['ignore', 'ignore_ament_install']
[0.686s] Level 1:colcon.colcon_core.package_identification:_identify(.) by extension 'ignore'
[0.686s] Level 1:colcon.colcon_core.package_identification:_identify(.) by extension 'ignore_ament_install'
[0.686s] Level 1:colcon.colcon_core.package_identification:_identify(.) by extensions ['colcon_pkg']
[0.686s] Level 1:colcon.colcon_core.package_identification:_identify(.) by extension 'colcon_pkg'
[0.686s] Level 1:colcon.colcon_core.package_identification:_identify(.) by extensions ['colcon_meta']
[0.686s] Level 1:colcon.colcon_core.package_identification:_identify(.) by extension 'colcon_meta'
[0.686s] Level 1:colcon.colcon_core.package_identification:_identify(.) by extensions ['ros']
[0.687s] Level 1:colcon.colcon_core.package_identification:_identify(.) by extension 'ros'
[0.721s] Level 1:colcon.colcon_core.package_identification:_identify(.) by extensions ['cmake', 'python']
[0.721s] Level 1:colcon.colcon_core.package_identification:_identify(.) by extension 'cmake'
[0.721s] Level 1:colcon.colcon_core.package_identification:_identify(.) by extension 'python'
[0.721s] Level 1:colcon.colcon_core.package_identification:_identify(.) by extensions ['python_setup_py']
[0.722s] Level 1:colcon.colcon_core.package_identification:_identify(.) by extension 'python_setup_py'
[0.722s] Level 1:colcon.colcon_core.package_identification:_identify(bin) by extensions ['ignore', 'ignore_ament_install']
[0.722s] Level 1:colcon.colcon_core.package_identification:_identify(bin) by extension 'ignore'
[0.723s] Level 1:colcon.colcon_core.package_identification:_identify(bin) by extension 'ignore_ament_install'
[0.723s] Level 1:colcon.colcon_core.package_identification:_identify(bin) by extensions ['colcon_pkg']
[0.723s] Level 1:colcon.colcon_core.package_identification:_identify(bin) by extension 'colcon_pkg'
[0.723s] Level 1:colcon.colcon_core.package_identification:_identify(bin) by extensions ['colcon_meta']
[0.723s] Level 1:colcon.colcon_core.package_identification:_identify(bin) by extension 'colcon_meta'
[0.723s] Level 1:colcon.colcon_core.package_identification:_identify(bin) by extensions ['ros']
[0.723s] Level 1:colcon.colcon_core.package_identification:_identify(bin) by extension 'ros'
[0.724s] Level 1:colcon.colcon_core.package_identification:_identify(bin) by extensions ['cmake', 'python']
[0.724s] Level 1:colcon.colcon_core.package_identification:_identify(bin) by extension 'cmake'
[0.724s] Level 1:colcon.colcon_core.package_identification:_identify(bin) by extension 'python'
[0.724s] Level 1:colcon.colcon_core.package_identification:_identify(bin) by extensions ['python_setup_py']
[0.724s] Level 1:colcon.colcon_core.package_identification:_identify(bin) by extension 'python_setup_py'
[0.724s] Level 1:colcon.colcon_core.package_identification:_identify(bin/check) by extensions ['ignore', 'ignore_ament_install']
[0.725s] Level 1:colcon.colcon_core.package_identification:_identify(bin/check) by extension 'ignore'
[0.725s] Level 1:colcon.colcon_core.package_identification:_identify(bin/check) by extension 'ignore_ament_install'
[0.725s] Level 1:colcon.colcon_core.package_identification:_identify(bin/check) by extensions ['colcon_pkg']
[0.725s] Level 1:colcon.colcon_core.package_identification:_identify(bin/check) by extension 'colcon_pkg'
[0.725s] Level 1:colcon.colcon_core.package_identification:_identify(bin/check) by extensions ['colcon_meta']
[0.725s] Level 1:colcon.colcon_core.package_identification:_identify(bin/check) by extension 'colcon_meta'
[0.725s] Level 1:colcon.colcon_core.package_identification:_identify(bin/check) by extensions ['ros']
[0.725s] Level 1:colcon.colcon_core.package_identification:_identify(bin/check) by extension 'ros'
[0.726s] Level 1:colcon.colcon_core.package_identification:_identify(bin/check) by extensions ['cmake', 'python']
[0.726s] Level 1:colcon.colcon_core.package_identification:_identify(bin/check) by extension 'cmake'
[0.726s] Level 1:colcon.colcon_core.package_identification:_identify(bin/check) by extension 'python'
[0.726s] Level 1:colcon.colcon_core.package_identification:_identify(bin/check) by extensions ['python_setup_py']
[0.726s] Level 1:colcon.colcon_core.package_identification:_identify(bin/check) by extension 'python_setup_py'
[0.726s] Level 1:colcon.colcon_core.package_identification:_identify(build) by extensions ['ignore', 'ignore_ament_install']
[0.726s] Level 1:colcon.colcon_core.package_identification:_identify(build) by extension 'ignore'
[0.727s] Level 1:colcon.colcon_core.package_identification:_identify(build) ignored
[0.727s] Level 1:colcon.colcon_core.package_identification:_identify(config) by extensions ['ignore', 'ignore_ament_install']
[0.727s] Level 1:colcon.colcon_core.package_identification:_identify(config) by extension 'ignore'
[0.727s] Level 1:colcon.colcon_core.package_identification:_identify(config) by extension 'ignore_ament_install'
[0.727s] Level 1:colcon.colcon_core.package_identification:_identify(config) by extensions ['colcon_pkg']
[0.727s] Level 1:colcon.colcon_core.package_identification:_identify(config) by extension 'colcon_pkg'
[0.728s] Level 1:colcon.colcon_core.package_identification:_identify(config) by extensions ['colcon_meta']
[0.728s] Level 1:colcon.colcon_core.package_identification:_identify(config) by extension 'colcon_meta'
[0.728s] Level 1:colcon.colcon_core.package_identification:_identify(config) by extensions ['ros']
[0.728s] Level 1:colcon.colcon_core.package_identification:_identify(config) by extension 'ros'
[0.728s] Level 1:colcon.colcon_core.package_identification:_identify(config) by extensions ['cmake', 'python']
[0.728s] Level 1:colcon.colcon_core.package_identification:_identify(config) by extension 'cmake'
[0.728s] Level 1:colcon.colcon_core.package_identification:_identify(config) by extension 'python'
[0.728s] Level 1:colcon.colcon_core.package_identification:_identify(config) by extensions ['python_setup_py']
[0.728s] Level 1:colcon.colcon_core.package_identification:_identify(config) by extension 'python_setup_py'
[0.729s] Level 1:colcon.colcon_core.package_identification:_identify(install) by extensions ['ignore', 'ignore_ament_install']
[0.729s] Level 1:colcon.colcon_core.package_identification:_identify(install) by extension 'ignore'
[0.729s] Level 1:colcon.colcon_core.package_identification:_identify(install) ignored
[0.729s] Level 1:colcon.colcon_core.package_identification:_identify(learning) by extensions ['ignore', 'ignore_ament_install']
[0.730s] Level 1:colcon.colcon_core.package_identification:_identify(learning) by extension 'ignore'
[0.730s] Level 1:colcon.colcon_core.package_identification:_identify(learning) by extension 'ignore_ament_install'
[0.730s] Level 1:colcon.colcon_core.package_identification:_identify(learning) by extensions ['colcon_pkg']
[0.730s] Level 1:colcon.colcon_core.package_identification:_identify(learning) by extension 'colcon_pkg'
[0.730s] Level 1:colcon.colcon_core.package_identification:_identify(learning) by extensions ['colcon_meta']
[0.730s] Level 1:colcon.colcon_core.package_identification:_identify(learning) by extension 'colcon_meta'
[0.730s] Level 1:colcon.colcon_core.package_identification:_identify(learning) by extensions ['ros']
[0.730s] Level 1:colcon.colcon_core.package_identification:_identify(learning) by extension 'ros'
[0.731s] Level 1:colcon.colcon_core.package_identification:_identify(learning) by extensions ['cmake', 'python']
[0.731s] Level 1:colcon.colcon_core.package_identification:_identify(learning) by extension 'cmake'
[0.731s] Level 1:colcon.colcon_core.package_identification:_identify(learning) by extension 'python'
[0.731s] Level 1:colcon.colcon_core.package_identification:_identify(learning) by extensions ['python_setup_py']
[0.731s] Level 1:colcon.colcon_core.package_identification:_identify(learning) by extension 'python_setup_py'
[0.731s] Level 1:colcon.colcon_core.package_identification:_identify(learning/simulations_解读) by extensions ['ignore', 'ignore_ament_install']
[0.732s] Level 1:colcon.colcon_core.package_identification:_identify(learning/simulations_解读) by extension 'ignore'
[0.732s] Level 1:colcon.colcon_core.package_identification:_identify(learning/simulations_解读) by extension 'ignore_ament_install'
[0.732s] Level 1:colcon.colcon_core.package_identification:_identify(learning/simulations_解读) by extensions ['colcon_pkg']
[0.732s] Level 1:colcon.colcon_core.package_identification:_identify(learning/simulations_解读) by extension 'colcon_pkg'
[0.732s] Level 1:colcon.colcon_core.package_identification:_identify(learning/simulations_解读) by extensions ['colcon_meta']
[0.732s] Level 1:colcon.colcon_core.package_identification:_identify(learning/simulations_解读) by extension 'colcon_meta'
[0.732s] Level 1:colcon.colcon_core.package_identification:_identify(learning/simulations_解读) by extensions ['ros']
[0.732s] Level 1:colcon.colcon_core.package_identification:_identify(learning/simulations_解读) by extension 'ros'
[0.733s] Level 1:colcon.colcon_core.package_identification:_identify(learning/simulations_解读) by extensions ['cmake', 'python']
[0.733s] Level 1:colcon.colcon_core.package_identification:_identify(learning/simulations_解读) by extension 'cmake'
[0.733s] Level 1:colcon.colcon_core.package_identification:_identify(learning/simulations_解读) by extension 'python'
[0.733s] Level 1:colcon.colcon_core.package_identification:_identify(learning/simulations_解读) by extensions ['python_setup_py']
[0.733s] Level 1:colcon.colcon_core.package_identification:_identify(learning/simulations_解读) by extension 'python_setup_py'
[0.733s] Level 1:colcon.colcon_core.package_identification:_identify(learning/src_解读) by extensions ['ignore', 'ignore_ament_install']
[0.733s] Level 1:colcon.colcon_core.package_identification:_identify(learning/src_解读) by extension 'ignore'
[0.734s] Level 1:colcon.colcon_core.package_identification:_identify(learning/src_解读) by extension 'ignore_ament_install'
[0.734s] Level 1:colcon.colcon_core.package_identification:_identify(learning/src_解读) by extensions ['colcon_pkg']
[0.734s] Level 1:colcon.colcon_core.package_identification:_identify(learning/src_解读) by extension 'colcon_pkg'
[0.734s] Level 1:colcon.colcon_core.package_identification:_identify(learning/src_解读) by extensions ['colcon_meta']
[0.734s] Level 1:colcon.colcon_core.package_identification:_identify(learning/src_解读) by extension 'colcon_meta'
[0.734s] Level 1:colcon.colcon_core.package_identification:_identify(learning/src_解读) by extensions ['ros']
[0.734s] Level 1:colcon.colcon_core.package_identification:_identify(learning/src_解读) by extension 'ros'
[0.734s] Level 1:colcon.colcon_core.package_identification:_identify(learning/src_解读) by extensions ['cmake', 'python']
[0.735s] Level 1:colcon.colcon_core.package_identification:_identify(learning/src_解读) by extension 'cmake'
[0.735s] Level 1:colcon.colcon_core.package_identification:_identify(learning/src_解读) by extension 'python'
[0.735s] Level 1:colcon.colcon_core.package_identification:_identify(learning/src_解读) by extensions ['python_setup_py']
[0.735s] Level 1:colcon.colcon_core.package_identification:_identify(learning/src_解读) by extension 'python_setup_py'
[0.735s] Level 1:colcon.colcon_core.package_identification:_identify(learning/src_解读/graphslam_解读) by extensions ['ignore', 'ignore_ament_install']
[0.735s] Level 1:colcon.colcon_core.package_identification:_identify(learning/src_解读/graphslam_解读) by extension 'ignore'
[0.736s] Level 1:colcon.colcon_core.package_identification:_identify(learning/src_解读/graphslam_解读) by extension 'ignore_ament_install'
[0.736s] Level 1:colcon.colcon_core.package_identification:_identify(learning/src_解读/graphslam_解读) by extensions ['colcon_pkg']
[0.736s] Level 1:colcon.colcon_core.package_identification:_identify(learning/src_解读/graphslam_解读) by extension 'colcon_pkg'
[0.736s] Level 1:colcon.colcon_core.package_identification:_identify(learning/src_解读/graphslam_解读) by extensions ['colcon_meta']
[0.736s] Level 1:colcon.colcon_core.package_identification:_identify(learning/src_解读/graphslam_解读) by extension 'colcon_meta'
[0.736s] Level 1:colcon.colcon_core.package_identification:_identify(learning/src_解读/graphslam_解读) by extensions ['ros']
[0.736s] Level 1:colcon.colcon_core.package_identification:_identify(learning/src_解读/graphslam_解读) by extension 'ros'
[0.736s] Level 1:colcon.colcon_core.package_identification:_identify(learning/src_解读/graphslam_解读) by extensions ['cmake', 'python']
[0.737s] Level 1:colcon.colcon_core.package_identification:_identify(learning/src_解读/graphslam_解读) by extension 'cmake'
[0.737s] Level 1:colcon.colcon_core.package_identification:_identify(learning/src_解读/graphslam_解读) by extension 'python'
[0.737s] Level 1:colcon.colcon_core.package_identification:_identify(learning/src_解读/graphslam_解读) by extensions ['python_setup_py']
[0.737s] Level 1:colcon.colcon_core.package_identification:_identify(learning/src_解读/graphslam_解读) by extension 'python_setup_py'
[0.737s] Level 1:colcon.colcon_core.package_identification:_identify(learning/src_解读/graphslam_解读/src_解读) by extensions ['ignore', 'ignore_ament_install']
[0.737s] Level 1:colcon.colcon_core.package_identification:_identify(learning/src_解读/graphslam_解读/src_解读) by extension 'ignore'
[0.738s] Level 1:colcon.colcon_core.package_identification:_identify(learning/src_解读/graphslam_解读/src_解读) by extension 'ignore_ament_install'
[0.738s] Level 1:colcon.colcon_core.package_identification:_identify(learning/src_解读/graphslam_解读/src_解读) by extensions ['colcon_pkg']
[0.738s] Level 1:colcon.colcon_core.package_identification:_identify(learning/src_解读/graphslam_解读/src_解读) by extension 'colcon_pkg'
[0.738s] Level 1:colcon.colcon_core.package_identification:_identify(learning/src_解读/graphslam_解读/src_解读) by extensions ['colcon_meta']
[0.738s] Level 1:colcon.colcon_core.package_identification:_identify(learning/src_解读/graphslam_解读/src_解读) by extension 'colcon_meta'
[0.738s] Level 1:colcon.colcon_core.package_identification:_identify(learning/src_解读/graphslam_解读/src_解读) by extensions ['ros']
[0.738s] Level 1:colcon.colcon_core.package_identification:_identify(learning/src_解读/graphslam_解读/src_解读) by extension 'ros'
[0.739s] Level 1:colcon.colcon_core.package_identification:_identify(learning/src_解读/graphslam_解读/src_解读) by extensions ['cmake', 'python']
[0.739s] Level 1:colcon.colcon_core.package_identification:_identify(learning/src_解读/graphslam_解读/src_解读) by extension 'cmake'
[0.739s] Level 1:colcon.colcon_core.package_identification:_identify(learning/src_解读/graphslam_解读/src_解读) by extension 'python'
[0.739s] Level 1:colcon.colcon_core.package_identification:_identify(learning/src_解读/graphslam_解读/src_解读) by extensions ['python_setup_py']
[0.739s] Level 1:colcon.colcon_core.package_identification:_identify(learning/src_解读/graphslam_解读/src_解读) by extension 'python_setup_py'
[0.740s] Level 1:colcon.colcon_core.package_identification:_identify(log) by extensions ['ignore', 'ignore_ament_install']
[0.740s] Level 1:colcon.colcon_core.package_identification:_identify(log) by extension 'ignore'
[0.740s] Level 1:colcon.colcon_core.package_identification:_identify(log) ignored
[0.740s] Level 1:colcon.colcon_core.package_identification:_identify(simulations) by extensions ['ignore', 'ignore_ament_install']
[0.741s] Level 1:colcon.colcon_core.package_identification:_identify(simulations) by extension 'ignore'
[0.741s] Level 1:colcon.colcon_core.package_identification:_identify(simulations) by extension 'ignore_ament_install'
[0.741s] Level 1:colcon.colcon_core.package_identification:_identify(simulations) by extensions ['colcon_pkg']
[0.741s] Level 1:colcon.colcon_core.package_identification:_identify(simulations) by extension 'colcon_pkg'
[0.741s] Level 1:colcon.colcon_core.package_identification:_identify(simulations) by extensions ['colcon_meta']
[0.741s] Level 1:colcon.colcon_core.package_identification:_identify(simulations) by extension 'colcon_meta'
[0.741s] Level 1:colcon.colcon_core.package_identification:_identify(simulations) by extensions ['ros']
[0.741s] Level 1:colcon.colcon_core.package_identification:_identify(simulations) by extension 'ros'
[0.742s] Level 1:colcon.colcon_core.package_identification:_identify(simulations) by extensions ['cmake', 'python']
[0.742s] Level 1:colcon.colcon_core.package_identification:_identify(simulations) by extension 'cmake'
[0.742s] Level 1:colcon.colcon_core.package_identification:_identify(simulations) by extension 'python'
[0.742s] Level 1:colcon.colcon_core.package_identification:_identify(simulations) by extensions ['python_setup_py']
[0.742s] Level 1:colcon.colcon_core.package_identification:_identify(simulations) by extension 'python_setup_py'
[0.742s] Level 1:colcon.colcon_core.package_identification:_identify(simulations/env) by extensions ['ignore', 'ignore_ament_install']
[0.742s] Level 1:colcon.colcon_core.package_identification:_identify(simulations/env) by extension 'ignore'
[0.743s] Level 1:colcon.colcon_core.package_identification:_identify(simulations/env) by extension 'ignore_ament_install'
[0.743s] Level 1:colcon.colcon_core.package_identification:_identify(simulations/env) by extensions ['colcon_pkg']
[0.743s] Level 1:colcon.colcon_core.package_identification:_identify(simulations/env) by extension 'colcon_pkg'
[0.743s] Level 1:colcon.colcon_core.package_identification:_identify(simulations/env) by extensions ['colcon_meta']
[0.743s] Level 1:colcon.colcon_core.package_identification:_identify(simulations/env) by extension 'colcon_meta'
[0.743s] Level 1:colcon.colcon_core.package_identification:_identify(simulations/env) by extensions ['ros']
[0.743s] Level 1:colcon.colcon_core.package_identification:_identify(simulations/env) by extension 'ros'
[0.743s] Level 1:colcon.colcon_core.package_identification:_identify(simulations/env) by extensions ['cmake', 'python']
[0.744s] Level 1:colcon.colcon_core.package_identification:_identify(simulations/env) by extension 'cmake'
[0.744s] Level 1:colcon.colcon_core.package_identification:_identify(simulations/env) by extension 'python'
[0.744s] Level 1:colcon.colcon_core.package_identification:_identify(simulations/env) by extensions ['python_setup_py']
[0.744s] Level 1:colcon.colcon_core.package_identification:_identify(simulations/env) by extension 'python_setup_py'
[0.744s] Level 1:colcon.colcon_core.package_identification:_identify(simulations/gazebo_local) by extensions ['ignore', 'ignore_ament_install']
[0.744s] Level 1:colcon.colcon_core.package_identification:_identify(simulations/gazebo_local) by extension 'ignore'
[0.744s] Level 1:colcon.colcon_core.package_identification:_identify(simulations/gazebo_local) by extension 'ignore_ament_install'
[0.745s] Level 1:colcon.colcon_core.package_identification:_identify(simulations/gazebo_local) by extensions ['colcon_pkg']
[0.745s] Level 1:colcon.colcon_core.package_identification:_identify(simulations/gazebo_local) by extension 'colcon_pkg'
[0.745s] Level 1:colcon.colcon_core.package_identification:_identify(simulations/gazebo_local) by extensions ['colcon_meta']
[0.745s] Level 1:colcon.colcon_core.package_identification:_identify(simulations/gazebo_local) by extension 'colcon_meta'
[0.745s] Level 1:colcon.colcon_core.package_identification:_identify(simulations/gazebo_local) by extensions ['ros']
[0.745s] Level 1:colcon.colcon_core.package_identification:_identify(simulations/gazebo_local) by extension 'ros'
[0.745s] Level 1:colcon.colcon_core.package_identification:_identify(simulations/gazebo_local) by extensions ['cmake', 'python']
[0.745s] Level 1:colcon.colcon_core.package_identification:_identify(simulations/gazebo_local) by extension 'cmake'
[0.745s] Level 1:colcon.colcon_core.package_identification:_identify(simulations/gazebo_local) by extension 'python'
[0.746s] Level 1:colcon.colcon_core.package_identification:_identify(simulations/gazebo_local) by extensions ['python_setup_py']
[0.746s] Level 1:colcon.colcon_core.package_identification:_identify(simulations/gazebo_local) by extension 'python_setup_py'
[0.746s] Level 1:colcon.colcon_core.package_identification:_identify(simulations/launch) by extensions ['ignore', 'ignore_ament_install']
[0.746s] Level 1:colcon.colcon_core.package_identification:_identify(simulations/launch) by extension 'ignore'
[0.746s] Level 1:colcon.colcon_core.package_identification:_identify(simulations/launch) by extension 'ignore_ament_install'
[0.746s] Level 1:colcon.colcon_core.package_identification:_identify(simulations/launch) by extensions ['colcon_pkg']
[0.746s] Level 1:colcon.colcon_core.package_identification:_identify(simulations/launch) by extension 'colcon_pkg'
[0.747s] Level 1:colcon.colcon_core.package_identification:_identify(simulations/launch) by extensions ['colcon_meta']
[0.747s] Level 1:colcon.colcon_core.package_identification:_identify(simulations/launch) by extension 'colcon_meta'
[0.747s] Level 1:colcon.colcon_core.package_identification:_identify(simulations/launch) by extensions ['ros']
[0.747s] Level 1:colcon.colcon_core.package_identification:_identify(simulations/launch) by extension 'ros'
[0.747s] Level 1:colcon.colcon_core.package_identification:_identify(simulations/launch) by extensions ['cmake', 'python']
[0.747s] Level 1:colcon.colcon_core.package_identification:_identify(simulations/launch) by extension 'cmake'
[0.747s] Level 1:colcon.colcon_core.package_identification:_identify(simulations/launch) by extension 'python'
[0.747s] Level 1:colcon.colcon_core.package_identification:_identify(simulations/launch) by extensions ['python_setup_py']
[0.747s] Level 1:colcon.colcon_core.package_identification:_identify(simulations/launch) by extension 'python_setup_py'
[0.748s] Level 1:colcon.colcon_core.package_identification:_identify(simulations/launch/__pycache__) by extensions ['ignore', 'ignore_ament_install']
[0.748s] Level 1:colcon.colcon_core.package_identification:_identify(simulations/launch/__pycache__) by extension 'ignore'
[0.748s] Level 1:colcon.colcon_core.package_identification:_identify(simulations/launch/__pycache__) by extension 'ignore_ament_install'
[0.748s] Level 1:colcon.colcon_core.package_identification:_identify(simulations/launch/__pycache__) by extensions ['colcon_pkg']
[0.748s] Level 1:colcon.colcon_core.package_identification:_identify(simulations/launch/__pycache__) by extension 'colcon_pkg'
[0.748s] Level 1:colcon.colcon_core.package_identification:_identify(simulations/launch/__pycache__) by extensions ['colcon_meta']
[0.749s] Level 1:colcon.colcon_core.package_identification:_identify(simulations/launch/__pycache__) by extension 'colcon_meta'
[0.749s] Level 1:colcon.colcon_core.package_identification:_identify(simulations/launch/__pycache__) by extensions ['ros']
[0.749s] Level 1:colcon.colcon_core.package_identification:_identify(simulations/launch/__pycache__) by extension 'ros'
[0.749s] Level 1:colcon.colcon_core.package_identification:_identify(simulations/launch/__pycache__) by extensions ['cmake', 'python']
[0.749s] Level 1:colcon.colcon_core.package_identification:_identify(simulations/launch/__pycache__) by extension 'cmake'
[0.749s] Level 1:colcon.colcon_core.package_identification:_identify(simulations/launch/__pycache__) by extension 'python'
[0.749s] Level 1:colcon.colcon_core.package_identification:_identify(simulations/launch/__pycache__) by extensions ['python_setup_py']
[0.749s] Level 1:colcon.colcon_core.package_identification:_identify(simulations/launch/__pycache__) by extension 'python_setup_py'
[0.750s] Level 1:colcon.colcon_core.package_identification:_identify(simulations/packages) by extensions ['ignore', 'ignore_ament_install']
[0.750s] Level 1:colcon.colcon_core.package_identification:_identify(simulations/packages) by extension 'ignore'
[0.750s] Level 1:colcon.colcon_core.package_identification:_identify(simulations/packages) by extension 'ignore_ament_install'
[0.750s] Level 1:colcon.colcon_core.package_identification:_identify(simulations/packages) by extensions ['colcon_pkg']
[0.750s] Level 1:colcon.colcon_core.package_identification:_identify(simulations/packages) by extension 'colcon_pkg'
[0.750s] Level 1:colcon.colcon_core.package_identification:_identify(simulations/packages) by extensions ['colcon_meta']
[0.750s] Level 1:colcon.colcon_core.package_identification:_identify(simulations/packages) by extension 'colcon_meta'
[0.750s] Level 1:colcon.colcon_core.package_identification:_identify(simulations/packages) by extensions ['ros']
[0.751s] Level 1:colcon.colcon_core.package_identification:_identify(simulations/packages) by extension 'ros'
[0.751s] Level 1:colcon.colcon_core.package_identification:_identify(simulations/packages) by extensions ['cmake', 'python']
[0.751s] Level 1:colcon.colcon_core.package_identification:_identify(simulations/packages) by extension 'cmake'
[0.751s] Level 1:colcon.colcon_core.package_identification:_identify(simulations/packages) by extension 'python'
[0.751s] Level 1:colcon.colcon_core.package_identification:_identify(simulations/packages) by extensions ['python_setup_py']
[0.751s] Level 1:colcon.colcon_core.package_identification:_identify(simulations/packages) by extension 'python_setup_py'
[0.751s] Level 1:colcon.colcon_core.package_identification:_identify(simulations/packages/sim_gazebo) by extensions ['ignore', 'ignore_ament_install']
[0.752s] Level 1:colcon.colcon_core.package_identification:_identify(simulations/packages/sim_gazebo) by extension 'ignore'
[0.752s] Level 1:colcon.colcon_core.package_identification:_identify(simulations/packages/sim_gazebo) ignored
[0.752s] Level 1:colcon.colcon_core.package_identification:_identify(simulations/packages/sim_sensors) by extensions ['ignore', 'ignore_ament_install']
[0.752s] Level 1:colcon.colcon_core.package_identification:_identify(simulations/packages/sim_sensors) by extension 'ignore'
[0.752s] Level 1:colcon.colcon_core.package_identification:_identify(simulations/packages/sim_sensors) by extension 'ignore_ament_install'
[0.753s] Level 1:colcon.colcon_core.package_identification:_identify(simulations/packages/sim_sensors) by extensions ['colcon_pkg']
[0.753s] Level 1:colcon.colcon_core.package_identification:_identify(simulations/packages/sim_sensors) by extension 'colcon_pkg'
[0.753s] Level 1:colcon.colcon_core.package_identification:_identify(simulations/packages/sim_sensors) by extensions ['colcon_meta']
[0.753s] Level 1:colcon.colcon_core.package_identification:_identify(simulations/packages/sim_sensors) by extension 'colcon_meta'
[0.753s] Level 1:colcon.colcon_core.package_identification:_identify(simulations/packages/sim_sensors) by extensions ['ros']
[0.753s] Level 1:colcon.colcon_core.package_identification:_identify(simulations/packages/sim_sensors) by extension 'ros'
[0.756s] DEBUG:colcon.colcon_core.package_identification:Failed to parse potential ROS package manifest in'simulations/packages/sim_sensors': Error(s) in package 'simulations/packages/sim_sensors/package.xml':
The manifest contains invalid XML:
no element found: line 1, column 0
[0.757s] Level 1:colcon.colcon_core.package_identification:_identify(simulations/packages/sim_sensors) by extensions ['cmake', 'python']
[0.757s] Level 1:colcon.colcon_core.package_identification:_identify(simulations/packages/sim_sensors) by extension 'cmake'
[0.757s] Level 1:colcon.colcon_core.package_identification:_identify(simulations/packages/sim_sensors) by extension 'python'
[0.757s] Level 1:colcon.colcon_core.package_identification:_identify(simulations/packages/sim_sensors) by extensions ['python_setup_py']
[0.757s] Level 1:colcon.colcon_core.package_identification:_identify(simulations/packages/sim_sensors) by extension 'python_setup_py'
[0.758s] Level 1:colcon.colcon_core.package_identification:_identify(simulations/packages/sim_sensors/launch) by extensions ['ignore', 'ignore_ament_install']
[0.758s] Level 1:colcon.colcon_core.package_identification:_identify(simulations/packages/sim_sensors/launch) by extension 'ignore'
[0.758s] Level 1:colcon.colcon_core.package_identification:_identify(simulations/packages/sim_sensors/launch) by extension 'ignore_ament_install'
[0.758s] Level 1:colcon.colcon_core.package_identification:_identify(simulations/packages/sim_sensors/launch) by extensions ['colcon_pkg']
[0.759s] Level 1:colcon.colcon_core.package_identification:_identify(simulations/packages/sim_sensors/launch) by extension 'colcon_pkg'
[0.759s] Level 1:colcon.colcon_core.package_identification:_identify(simulations/packages/sim_sensors/launch) by extensions ['colcon_meta']
[0.759s] Level 1:colcon.colcon_core.package_identification:_identify(simulations/packages/sim_sensors/launch) by extension 'colcon_meta'
[0.759s] Level 1:colcon.colcon_core.package_identification:_identify(simulations/packages/sim_sensors/launch) by extensions ['ros']
[0.759s] Level 1:colcon.colcon_core.package_identification:_identify(simulations/packages/sim_sensors/launch) by extension 'ros'
[0.759s] Level 1:colcon.colcon_core.package_identification:_identify(simulations/packages/sim_sensors/launch) by extensions ['cmake', 'python']
[0.759s] Level 1:colcon.colcon_core.package_identification:_identify(simulations/packages/sim_sensors/launch) by extension 'cmake'
[0.759s] Level 1:colcon.colcon_core.package_identification:_identify(simulations/packages/sim_sensors/launch) by extension 'python'
[0.760s] Level 1:colcon.colcon_core.package_identification:_identify(simulations/packages/sim_sensors/launch) by extensions ['python_setup_py']
[0.760s] Level 1:colcon.colcon_core.package_identification:_identify(simulations/packages/sim_sensors/launch) by extension 'python_setup_py'
[0.760s] Level 1:colcon.colcon_core.package_identification:_identify(simulations/packages/sim_sensors/src) by extensions ['ignore', 'ignore_ament_install']
[0.760s] Level 1:colcon.colcon_core.package_identification:_identify(simulations/packages/sim_sensors/src) by extension 'ignore'
[0.760s] Level 1:colcon.colcon_core.package_identification:_identify(simulations/packages/sim_sensors/src) by extension 'ignore_ament_install'
[0.761s] Level 1:colcon.colcon_core.package_identification:_identify(simulations/packages/sim_sensors/src) by extensions ['colcon_pkg']
[0.761s] Level 1:colcon.colcon_core.package_identification:_identify(simulations/packages/sim_sensors/src) by extension 'colcon_pkg'
[0.761s] Level 1:colcon.colcon_core.package_identification:_identify(simulations/packages/sim_sensors/src) by extensions ['colcon_meta']
[0.761s] Level 1:colcon.colcon_core.package_identification:_identify(simulations/packages/sim_sensors/src) by extension 'colcon_meta'
[0.761s] Level 1:colcon.colcon_core.package_identification:_identify(simulations/packages/sim_sensors/src) by extensions ['ros']
[0.761s] Level 1:colcon.colcon_core.package_identification:_identify(simulations/packages/sim_sensors/src) by extension 'ros'
[0.761s] Level 1:colcon.colcon_core.package_identification:_identify(simulations/packages/sim_sensors/src) by extensions ['cmake', 'python']
[0.761s] Level 1:colcon.colcon_core.package_identification:_identify(simulations/packages/sim_sensors/src) by extension 'cmake'
[0.761s] Level 1:colcon.colcon_core.package_identification:_identify(simulations/packages/sim_sensors/src) by extension 'python'
[0.762s] Level 1:colcon.colcon_core.package_identification:_identify(simulations/packages/sim_sensors/src) by extensions ['python_setup_py']
[0.762s] Level 1:colcon.colcon_core.package_identification:_identify(simulations/packages/sim_sensors/src) by extension 'python_setup_py'
[0.762s] Level 1:colcon.colcon_core.package_identification:_identify(simulations/rviz) by extensions ['ignore', 'ignore_ament_install']
[0.762s] Level 1:colcon.colcon_core.package_identification:_identify(simulations/rviz) by extension 'ignore'
[0.762s] Level 1:colcon.colcon_core.package_identification:_identify(simulations/rviz) by extension 'ignore_ament_install'
[0.762s] Level 1:colcon.colcon_core.package_identification:_identify(simulations/rviz) by extensions ['colcon_pkg']
[0.762s] Level 1:colcon.colcon_core.package_identification:_identify(simulations/rviz) by extension 'colcon_pkg'
[0.763s] Level 1:colcon.colcon_core.package_identification:_identify(simulations/rviz) by extensions ['colcon_meta']
[0.763s] Level 1:colcon.colcon_core.package_identification:_identify(simulations/rviz) by extension 'colcon_meta'
[0.763s] Level 1:colcon.colcon_core.package_identification:_identify(simulations/rviz) by extensions ['ros']
[0.763s] Level 1:colcon.colcon_core.package_identification:_identify(simulations/rviz) by extension 'ros'
[0.763s] Level 1:colcon.colcon_core.package_identification:_identify(simulations/rviz) by extensions ['cmake', 'python']
[0.763s] Level 1:colcon.colcon_core.package_identification:_identify(simulations/rviz) by extension 'cmake'
[0.763s] Level 1:colcon.colcon_core.package_identification:_identify(simulations/rviz) by extension 'python'
[0.763s] Level 1:colcon.colcon_core.package_identification:_identify(simulations/rviz) by extensions ['python_setup_py']
[0.763s] Level 1:colcon.colcon_core.package_identification:_identify(simulations/rviz) by extension 'python_setup_py'
[0.764s] Level 1:colcon.colcon_core.package_identification:_identify(simulations/scripts) by extensions ['ignore', 'ignore_ament_install']
[0.764s] Level 1:colcon.colcon_core.package_identification:_identify(simulations/scripts) by extension 'ignore'
[0.764s] Level 1:colcon.colcon_core.package_identification:_identify(simulations/scripts) by extension 'ignore_ament_install'
[0.764s] Level 1:colcon.colcon_core.package_identification:_identify(simulations/scripts) by extensions ['colcon_pkg']
[0.764s] Level 1:colcon.colcon_core.package_identification:_identify(simulations/scripts) by extension 'colcon_pkg'
[0.764s] Level 1:colcon.colcon_core.package_identification:_identify(simulations/scripts) by extensions ['colcon_meta']
[0.765s] Level 1:colcon.colcon_core.package_identification:_identify(simulations/scripts) by extension 'colcon_meta'
[0.765s] Level 1:colcon.colcon_core.package_identification:_identify(simulations/scripts) by extensions ['ros']
[0.765s] Level 1:colcon.colcon_core.package_identification:_identify(simulations/scripts) by extension 'ros'
[0.765s] Level 1:colcon.colcon_core.package_identification:_identify(simulations/scripts) by extensions ['cmake', 'python']
[0.765s] Level 1:colcon.colcon_core.package_identification:_identify(simulations/scripts) by extension 'cmake'
[0.765s] Level 1:colcon.colcon_core.package_identification:_identify(simulations/scripts) by extension 'python'
[0.765s] Level 1:colcon.colcon_core.package_identification:_identify(simulations/scripts) by extensions ['python_setup_py']
[0.765s] Level 1:colcon.colcon_core.package_identification:_identify(simulations/scripts) by extension 'python_setup_py'
[0.766s] Level 1:colcon.colcon_core.package_identification:_identify(simulations/worlds) by extensions ['ignore', 'ignore_ament_install']
[0.766s] Level 1:colcon.colcon_core.package_identification:_identify(simulations/worlds) by extension 'ignore'
[0.766s] Level 1:colcon.colcon_core.package_identification:_identify(simulations/worlds) by extension 'ignore_ament_install'
[0.766s] Level 1:colcon.colcon_core.package_identification:_identify(simulations/worlds) by extensions ['colcon_pkg']
[0.766s] Level 1:colcon.colcon_core.package_identification:_identify(simulations/worlds) by extension 'colcon_pkg'
[0.766s] Level 1:colcon.colcon_core.package_identification:_identify(simulations/worlds) by extensions ['colcon_meta']
[0.766s] Level 1:colcon.colcon_core.package_identification:_identify(simulations/worlds) by extension 'colcon_meta'
[0.766s] Level 1:colcon.colcon_core.package_identification:_identify(simulations/worlds) by extensions ['ros']
[0.767s] Level 1:colcon.colcon_core.package_identification:_identify(simulations/worlds) by extension 'ros'
[0.767s] Level 1:colcon.colcon_core.package_identification:_identify(simulations/worlds) by extensions ['cmake', 'python']
[0.767s] Level 1:colcon.colcon_core.package_identification:_identify(simulations/worlds) by extension 'cmake'
[0.767s] Level 1:colcon.colcon_core.package_identification:_identify(simulations/worlds) by extension 'python'
[0.767s] Level 1:colcon.colcon_core.package_identification:_identify(simulations/worlds) by extensions ['python_setup_py']
[0.767s] Level 1:colcon.colcon_core.package_identification:_identify(simulations/worlds) by extension 'python_setup_py'
[0.767s] Level 1:colcon.colcon_core.package_identification:_identify(src) by extensions ['ignore', 'ignore_ament_install']
[0.768s] Level 1:colcon.colcon_core.package_identification:_identify(src) by extension 'ignore'
[0.768s] Level 1:colcon.colcon_core.package_identification:_identify(src) by extension 'ignore_ament_install'
[0.768s] Level 1:colcon.colcon_core.package_identification:_identify(src) by extensions ['colcon_pkg']
[0.768s] Level 1:colcon.colcon_core.package_identification:_identify(src) by extension 'colcon_pkg'
[0.768s] Level 1:colcon.colcon_core.package_identification:_identify(src) by extensions ['colcon_meta']
[0.768s] Level 1:colcon.colcon_core.package_identification:_identify(src) by extension 'colcon_meta'
[0.768s] Level 1:colcon.colcon_core.package_identification:_identify(src) by extensions ['ros']
[0.768s] Level 1:colcon.colcon_core.package_identification:_identify(src) by extension 'ros'
[0.769s] Level 1:colcon.colcon_core.package_identification:_identify(src) by extensions ['cmake', 'python']
[0.769s] Level 1:colcon.colcon_core.package_identification:_identify(src) by extension 'cmake'
[0.769s] Level 1:colcon.colcon_core.package_identification:_identify(src) by extension 'python'
[0.769s] Level 1:colcon.colcon_core.package_identification:_identify(src) by extensions ['python_setup_py']
[0.769s] Level 1:colcon.colcon_core.package_identification:_identify(src) by extension 'python_setup_py'
[0.769s] Level 1:colcon.colcon_core.package_identification:_identify(src/build) by extensions ['ignore', 'ignore_ament_install']
[0.769s] Level 1:colcon.colcon_core.package_identification:_identify(src/build) by extension 'ignore'
[0.770s] Level 1:colcon.colcon_core.package_identification:_identify(src/build) ignored
[0.770s] Level 1:colcon.colcon_core.package_identification:_identify(src/demo_py) by extensions ['ignore', 'ignore_ament_install']
[0.770s] Level 1:colcon.colcon_core.package_identification:_identify(src/demo_py) by extension 'ignore'
[0.770s] Level 1:colcon.colcon_core.package_identification:_identify(src/demo_py) by extension 'ignore_ament_install'
[0.770s] Level 1:colcon.colcon_core.package_identification:_identify(src/demo_py) by extensions ['colcon_pkg']
[0.770s] Level 1:colcon.colcon_core.package_identification:_identify(src/demo_py) by extension 'colcon_pkg'
[0.771s] Level 1:colcon.colcon_core.package_identification:_identify(src/demo_py) by extensions ['colcon_meta']
[0.771s] Level 1:colcon.colcon_core.package_identification:_identify(src/demo_py) by extension 'colcon_meta'
[0.771s] Level 1:colcon.colcon_core.package_identification:_identify(src/demo_py) by extensions ['ros']
[0.771s] Level 1:colcon.colcon_core.package_identification:_identify(src/demo_py) by extension 'ros'
[0.776s] DEBUG:colcon.colcon_core.package_identification:Package 'src/demo_py' with type 'ros.ament_python' and name 'demo_py'
[0.777s] Level 1:colcon.colcon_core.package_identification:_identify(src/graphslam) by extensions ['ignore', 'ignore_ament_install']
[0.777s] Level 1:colcon.colcon_core.package_identification:_identify(src/graphslam) by extension 'ignore'
[0.777s] Level 1:colcon.colcon_core.package_identification:_identify(src/graphslam) by extension 'ignore_ament_install'
[0.777s] Level 1:colcon.colcon_core.package_identification:_identify(src/graphslam) by extensions ['colcon_pkg']
[0.778s] Level 1:colcon.colcon_core.package_identification:_identify(src/graphslam) by extension 'colcon_pkg'
[0.778s] Level 1:colcon.colcon_core.package_identification:_identify(src/graphslam) by extensions ['colcon_meta']
[0.778s] Level 1:colcon.colcon_core.package_identification:_identify(src/graphslam) by extension 'colcon_meta'
[0.778s] Level 1:colcon.colcon_core.package_identification:_identify(src/graphslam) by extensions ['ros']
[0.778s] Level 1:colcon.colcon_core.package_identification:_identify(src/graphslam) by extension 'ros'
[0.780s] DEBUG:colcon.colcon_core.package_identification:Package 'src/graphslam' with type 'ros.ament_cmake' and name 'graphslam'
[0.781s] Level 1:colcon.colcon_core.package_identification:_identify(src/install) by extensions ['ignore', 'ignore_ament_install']
[0.781s] Level 1:colcon.colcon_core.package_identification:_identify(src/install) by extension 'ignore'
[0.781s] Level 1:colcon.colcon_core.package_identification:_identify(src/install) ignored
[0.781s] Level 1:colcon.colcon_core.package_identification:_identify(src/log) by extensions ['ignore', 'ignore_ament_install']
[0.782s] Level 1:colcon.colcon_core.package_identification:_identify(src/log) by extension 'ignore'
[0.782s] Level 1:colcon.colcon_core.package_identification:_identify(src/log) ignored
[0.782s] Level 1:colcon.colcon_core.package_identification:_identify(src/sensor_interfaces) by extensions ['ignore', 'ignore_ament_install']
[0.782s] Level 1:colcon.colcon_core.package_identification:_identify(src/sensor_interfaces) by extension 'ignore'
[0.782s] Level 1:colcon.colcon_core.package_identification:_identify(src/sensor_interfaces) by extension 'ignore_ament_install'
[0.783s] Level 1:colcon.colcon_core.package_identification:_identify(src/sensor_interfaces) by extensions ['colcon_pkg']
[0.783s] Level 1:colcon.colcon_core.package_identification:_identify(src/sensor_interfaces) by extension 'colcon_pkg'
[0.783s] Level 1:colcon.colcon_core.package_identification:_identify(src/sensor_interfaces) by extensions ['colcon_meta']
[0.783s] Level 1:colcon.colcon_core.package_identification:_identify(src/sensor_interfaces) by extension 'colcon_meta'
[0.783s] Level 1:colcon.colcon_core.package_identification:_identify(src/sensor_interfaces) by extensions ['ros']
[0.783s] Level 1:colcon.colcon_core.package_identification:_identify(src/sensor_interfaces) by extension 'ros'
[0.786s] DEBUG:colcon.colcon_core.package_identification:Package 'src/sensor_interfaces' with type 'ros.ament_cmake' and name 'sensor_interfaces'
[0.787s] Level 1:colcon.colcon_core.package_identification:_identify(src/zhongxi_description) by extensions ['ignore', 'ignore_ament_install']
[0.787s] Level 1:colcon.colcon_core.package_identification:_identify(src/zhongxi_description) by extension 'ignore'
[0.787s] Level 1:colcon.colcon_core.package_identification:_identify(src/zhongxi_description) by extension 'ignore_ament_install'
[0.787s] Level 1:colcon.colcon_core.package_identification:_identify(src/zhongxi_description) by extensions ['colcon_pkg']
[0.787s] Level 1:colcon.colcon_core.package_identification:_identify(src/zhongxi_description) by extension 'colcon_pkg'
[0.788s] Level 1:colcon.colcon_core.package_identification:_identify(src/zhongxi_description) by extensions ['colcon_meta']
[0.788s] Level 1:colcon.colcon_core.package_identification:_identify(src/zhongxi_description) by extension 'colcon_meta'
[0.788s] Level 1:colcon.colcon_core.package_identification:_identify(src/zhongxi_description) by extensions ['ros']
[0.788s] Level 1:colcon.colcon_core.package_identification:_identify(src/zhongxi_description) by extension 'ros'
[0.790s] DEBUG:colcon.colcon_core.package_identification:Package 'src/zhongxi_description' with type 'ros.ament_cmake' and name 'zhongxi_description'
[0.790s] Level 1:colcon.colcon_core.package_identification:_identify(tools) by extensions ['ignore', 'ignore_ament_install']
[0.791s] Level 1:colcon.colcon_core.package_identification:_identify(tools) by extension 'ignore'
[0.791s] Level 1:colcon.colcon_core.package_identification:_identify(tools) by extension 'ignore_ament_install'
[0.791s] Level 1:colcon.colcon_core.package_identification:_identify(tools) by extensions ['colcon_pkg']
[0.791s] Level 1:colcon.colcon_core.package_identification:_identify(tools) by extension 'colcon_pkg'
[0.791s] Level 1:colcon.colcon_core.package_identification:_identify(tools) by extensions ['colcon_meta']
[0.791s] Level 1:colcon.colcon_core.package_identification:_identify(tools) by extension 'colcon_meta'
[0.791s] Level 1:colcon.colcon_core.package_identification:_identify(tools) by extensions ['ros']
[0.792s] Level 1:colcon.colcon_core.package_identification:_identify(tools) by extension 'ros'
[0.792s] Level 1:colcon.colcon_core.package_identification:_identify(tools) by extensions ['cmake', 'python']
[0.792s] Level 1:colcon.colcon_core.package_identification:_identify(tools) by extension 'cmake'
[0.792s] Level 1:colcon.colcon_core.package_identification:_identify(tools) by extension 'python'
[0.792s] Level 1:colcon.colcon_core.package_identification:_identify(tools) by extensions ['python_setup_py']
[0.792s] Level 1:colcon.colcon_core.package_identification:_identify(tools) by extension 'python_setup_py'
[0.792s] Level 1:colcon.colcon_core.package_identification:_identify(tutorials) by extensions ['ignore', 'ignore_ament_install']
[0.793s] Level 1:colcon.colcon_core.package_identification:_identify(tutorials) by extension 'ignore'
[0.793s] Level 1:colcon.colcon_core.package_identification:_identify(tutorials) by extension 'ignore_ament_install'
[0.793s] Level 1:colcon.colcon_core.package_identification:_identify(tutorials) by extensions ['colcon_pkg']
[0.793s] Level 1:colcon.colcon_core.package_identification:_identify(tutorials) by extension 'colcon_pkg'
[0.793s] Level 1:colcon.colcon_core.package_identification:_identify(tutorials) by extensions ['colcon_meta']
[0.793s] Level 1:colcon.colcon_core.package_identification:_identify(tutorials) by extension 'colcon_meta'
[0.793s] Level 1:colcon.colcon_core.package_identification:_identify(tutorials) by extensions ['ros']
[0.793s] Level 1:colcon.colcon_core.package_identification:_identify(tutorials) by extension 'ros'
[0.794s] Level 1:colcon.colcon_core.package_identification:_identify(tutorials) by extensions ['cmake', 'python']
[0.794s] Level 1:colcon.colcon_core.package_identification:_identify(tutorials) by extension 'cmake'
[0.794s] Level 1:colcon.colcon_core.package_identification:_identify(tutorials) by extension 'python'
[0.794s] Level 1:colcon.colcon_core.package_identification:_identify(tutorials) by extensions ['python_setup_py']
[0.794s] Level 1:colcon.colcon_core.package_identification:_identify(tutorials) by extension 'python_setup_py'
[0.794s] Level 1:colcon.colcon_core.package_discovery:discover_packages(recursive) using defaults
[0.794s] Level 1:colcon.colcon_core.package_discovery:discover_packages(ignore) discover
[0.794s] Level 1:colcon.colcon_core.package_discovery:discover_packages(ignore) using defaults
[0.794s] Level 1:colcon.colcon_core.package_discovery:discover_packages(path) discover
[0.795s] Level 1:colcon.colcon_core.package_discovery:discover_packages(path) using defaults
[0.848s] INFO:colcon.colcon_core.package_selection:Skipping not selected package 'demo_py' in 'src/demo_py'
[0.849s] INFO:colcon.colcon_core.package_selection:Skipping not selected package 'sensor_interfaces' in 'src/sensor_interfaces'
[0.849s] INFO:colcon.colcon_core.package_selection:Skipping not selected package 'zhongxi_description' in 'src/zhongxi_description'
[0.850s] Level 1:colcon.colcon_core.package_discovery:discover_packages(prefix_path) check parameters
[0.850s] Level 1:colcon.colcon_core.package_discovery:discover_packages(prefix_path) discover
[0.856s] DEBUG:colcon.colcon_installed_package_information.package_discovery:Found 4 installed packages in /home/chuil/Desktop/zhongxi/install
[0.859s] DEBUG:colcon.colcon_installed_package_information.package_discovery:Found 274 installed packages in /opt/ros/humble
[0.918s] Level 1:colcon.colcon_core.package_discovery:discover_packages(prefix_path) using defaults
[1.011s] Level 5:colcon.colcon_core.verb:set package 'graphslam' build argument 'cmake_args' from command line to 'None'
[1.011s] Level 5:colcon.colcon_core.verb:set package 'graphslam' build argument 'cmake_target' from command line to 'None'
[1.012s] Level 5:colcon.colcon_core.verb:set package 'graphslam' build argument 'cmake_target_skip_unavailable' from command line to 'False'
[1.012s] Level 5:colcon.colcon_core.verb:set package 'graphslam' build argument 'cmake_clean_cache' from command line to 'False'
[1.012s] Level 5:colcon.colcon_core.verb:set package 'graphslam' build argument 'cmake_clean_first' from command line to 'False'
[1.012s] Level 5:colcon.colcon_core.verb:set package 'graphslam' build argument 'cmake_force_configure' from command line to 'False'
[1.012s] Level 5:colcon.colcon_core.verb:set package 'graphslam' build argument 'ament_cmake_args' from command line to 'None'
[1.012s] Level 5:colcon.colcon_core.verb:set package 'graphslam' build argument 'catkin_cmake_args' from command line to 'None'
[1.012s] Level 5:colcon.colcon_core.verb:set package 'graphslam' build argument 'catkin_skip_building_tests' from command line to 'False'
[1.012s] DEBUG:colcon.colcon_core.verb:Building package 'graphslam' with the following arguments: {'ament_cmake_args': None, 'build_base': '/home/chuil/Desktop/zhongxi/build/graphslam', 'catkin_cmake_args': None, 'catkin_skip_building_tests': False, 'cmake_args': None, 'cmake_clean_cache': False, 'cmake_clean_first': False, 'cmake_force_configure': False, 'cmake_target': None, 'cmake_target_skip_unavailable': False, 'install_base': '/home/chuil/Desktop/zhongxi/install/graphslam', 'merge_install': False, 'path': '/home/chuil/Desktop/zhongxi/src/graphslam', 'symlink_install': True, 'test_result_base': None}
[1.013s] INFO:colcon.colcon_core.executor:Executing jobs using 'parallel' executor
[1.016s] DEBUG:colcon.colcon_parallel_executor.executor.parallel:run_until_complete
[1.017s] INFO:colcon.colcon_ros.task.ament_cmake.build:Building ROS package in '/home/chuil/Desktop/zhongxi/src/graphslam' with build type 'ament_cmake'
[1.017s] INFO:colcon.colcon_cmake.task.cmake.build:Building CMake package in '/home/chuil/Desktop/zhongxi/src/graphslam'
[1.023s] INFO:colcon.colcon_core.plugin_system:Skipping extension 'colcon_core.shell.bat': Not used on non-Windows systems
[1.023s] INFO:colcon.colcon_core.shell:Skip shell extension 'powershell' for command environment: Not usable outside of PowerShell
[1.023s] DEBUG:colcon.colcon_core.shell:Skip shell extension 'dsv' for command environment
[1.043s] DEBUG:colcon.colcon_core.event_handler.log_command:Invoking command in '/home/chuil/Desktop/zhongxi/build/graphslam': CMAKE_PREFIX_PATH=${CMAKE_PREFIX_PATH}:/home/chuil/Desktop/zhongxi/install/demo_py:/opt/ros/humble /usr/bin/cmake /home/chuil/Desktop/zhongxi/src/graphslam -DAMENT_CMAKE_SYMLINK_INSTALL=1 -DCMAKE_INSTALL_PREFIX=/home/chuil/Desktop/zhongxi/install/graphslam
[2.721s] DEBUG:colcon.colcon_core.event_handler.log_command:Invoked command in '/home/chuil/Desktop/zhongxi/build/graphslam' returned '0': CMAKE_PREFIX_PATH=${CMAKE_PREFIX_PATH}:/home/chuil/Desktop/zhongxi/install/demo_py:/opt/ros/humble /usr/bin/cmake /home/chuil/Desktop/zhongxi/src/graphslam -DAMENT_CMAKE_SYMLINK_INSTALL=1 -DCMAKE_INSTALL_PREFIX=/home/chuil/Desktop/zhongxi/install/graphslam
[2.730s] DEBUG:colcon.colcon_core.event_handler.log_command:Invoking command in '/home/chuil/Desktop/zhongxi/build/graphslam': CMAKE_PREFIX_PATH=${CMAKE_PREFIX_PATH}:/home/chuil/Desktop/zhongxi/install/demo_py:/opt/ros/humble /usr/bin/cmake --build /home/chuil/Desktop/zhongxi/build/graphslam -- -j6 -l6
[7.696s] DEBUG:colcon.colcon_core.event_handler.log_command:Invoked command in '/home/chuil/Desktop/zhongxi/build/graphslam' returned '2': CMAKE_PREFIX_PATH=${CMAKE_PREFIX_PATH}:/home/chuil/Desktop/zhongxi/install/demo_py:/opt/ros/humble /usr/bin/cmake --build /home/chuil/Desktop/zhongxi/build/graphslam -- -j6 -l6
[7.700s] Level 1:colcon.colcon_core.environment:create_environment_scripts_only(graphslam)
[7.710s] Level 1:colcon.colcon_core.environment:checking '/home/chuil/Desktop/zhongxi/install/graphslam' for CMake module files
[7.713s] Level 1:colcon.colcon_core.environment:checking '/home/chuil/Desktop/zhongxi/install/graphslam' for CMake config files
[7.715s] Level 1:colcon.colcon_core.shell:create_environment_hook('graphslam', 'cmake_prefix_path')
[7.716s] INFO:colcon.colcon_core.shell:Creating environment hook '/home/chuil/Desktop/zhongxi/install/graphslam/share/graphslam/hook/cmake_prefix_path.ps1'
[7.721s] INFO:colcon.colcon_core.shell:Creating environment descriptor '/home/chuil/Desktop/zhongxi/install/graphslam/share/graphslam/hook/cmake_prefix_path.dsv'
[7.723s] INFO:colcon.colcon_core.shell:Creating environment hook '/home/chuil/Desktop/zhongxi/install/graphslam/share/graphslam/hook/cmake_prefix_path.sh'
[7.728s] Level 1:colcon.colcon_core.environment:checking '/home/chuil/Desktop/zhongxi/install/graphslam/lib'
[7.729s] Level 1:colcon.colcon_core.environment:checking '/home/chuil/Desktop/zhongxi/install/graphslam/bin'
[7.730s] Level 1:colcon.colcon_core.environment:checking '/home/chuil/Desktop/zhongxi/install/graphslam/lib/pkgconfig/graphslam.pc'
[7.731s] Level 1:colcon.colcon_core.environment:checking '/home/chuil/Desktop/zhongxi/install/graphslam/lib/python3.10/site-packages'
[7.732s] Level 1:colcon.colcon_core.environment:checking '/home/chuil/Desktop/zhongxi/install/graphslam/bin'
[7.734s] INFO:colcon.colcon_core.shell:Creating package script '/home/chuil/Desktop/zhongxi/install/graphslam/share/graphslam/package.ps1'
[7.738s] INFO:colcon.colcon_core.shell:Creating package descriptor '/home/chuil/Desktop/zhongxi/install/graphslam/share/graphslam/package.dsv'
[7.742s] INFO:colcon.colcon_core.shell:Creating package script '/home/chuil/Desktop/zhongxi/install/graphslam/share/graphslam/package.sh'
[7.745s] INFO:colcon.colcon_core.shell:Creating package script '/home/chuil/Desktop/zhongxi/install/graphslam/share/graphslam/package.bash'
[7.748s] INFO:colcon.colcon_core.shell:Creating package script '/home/chuil/Desktop/zhongxi/install/graphslam/share/graphslam/package.zsh'
[7.751s] Level 1:colcon.colcon_core.environment:create_file_with_runtime_dependencies(/home/chuil/Desktop/zhongxi/install/graphslam/share/colcon-core/packages/graphslam)
[7.764s] DEBUG:colcon.colcon_parallel_executor.executor.parallel:closing loop
[7.766s] DEBUG:colcon.colcon_parallel_executor.executor.parallel:loop closed
[7.766s] DEBUG:colcon.colcon_parallel_executor.executor.parallel:run_until_complete finished with '2'
[7.766s] DEBUG:colcon.colcon_core.event_reactor:joining thread
[7.802s] INFO:colcon.colcon_core.plugin_system:Skipping extension 'colcon_notification.desktop_notification.terminal_notifier': Not used on non-Darwin systems
[7.803s] INFO:colcon.colcon_core.plugin_system:Skipping extension 'colcon_notification.desktop_notification.win32': Not used on non-Windows systems
[7.803s] INFO:colcon.colcon_notification.desktop_notification:Sending desktop notification using 'notify2'
[7.831s] DEBUG:colcon.colcon_core.event_reactor:joined thread
[7.833s] INFO:colcon.colcon_core.shell:Creating prefix script '/home/chuil/Desktop/zhongxi/install/local_setup.ps1'
[7.840s] INFO:colcon.colcon_core.shell:Creating prefix util module '/home/chuil/Desktop/zhongxi/install/_local_setup_util_ps1.py'
[7.847s] INFO:colcon.colcon_core.shell:Creating prefix chain script '/home/chuil/Desktop/zhongxi/install/setup.ps1'
[7.853s] INFO:colcon.colcon_core.shell:Creating prefix script '/home/chuil/Desktop/zhongxi/install/local_setup.sh'
[7.856s] INFO:colcon.colcon_core.shell:Creating prefix util module '/home/chuil/Desktop/zhongxi/install/_local_setup_util_sh.py'
[7.860s] INFO:colcon.colcon_core.shell:Creating prefix chain script '/home/chuil/Desktop/zhongxi/install/setup.sh'
[7.866s] INFO:colcon.colcon_core.shell:Creating prefix script '/home/chuil/Desktop/zhongxi/install/local_setup.bash'
[7.868s] INFO:colcon.colcon_core.shell:Creating prefix chain script '/home/chuil/Desktop/zhongxi/install/setup.bash'
[7.874s] INFO:colcon.colcon_core.shell:Creating prefix script '/home/chuil/Desktop/zhongxi/install/local_setup.zsh'
[7.876s] INFO:colcon.colcon_core.shell:Creating prefix chain script '/home/chuil/Desktop/zhongxi/install/setup.zsh'
