[0.051s] Invoking command in '/home/chuil/Desktop/zhongxi/build/graphslam': CMAKE_PREFIX_PATH=${CMAKE_PREFIX_PATH}:/home/chuil/Desktop/zhongxi/install/demo_py:/opt/ros/humble /usr/bin/cmake --build /home/chuil/Desktop/zhongxi/build/graphslam -- -j6 -l6
[0.387s] [  6%] [34m[1mAutomatic MOC and UIC for target graphslam_node[0m
[0.387s] [ 12%] [34m[1mAutomatic MOC and UIC for target graphslam_g2o[0m
[0.448s] [ 12%] Built target graphslam_g2o_autogen
[0.448s] [ 12%] Built target graphslam_node_autogen
[0.554s] [ 18%] [32mBuilding CXX object CMakeFiles/graphslam_node.dir/src/node/graphslam_node.cpp.o[0m
[0.568s] [ 50%] Built target graphslam_g2o
[42.313s] [ 56%] [32m[1mLinking CXX executable graphslam_node[0m
[45.526s] [100%] Built target graphslam_node
[45.564s] Invoked command in '/home/chuil/Desktop/zhongxi/build/graphslam' returned '0': CMAKE_PREFIX_PATH=${CMAKE_PREFIX_PATH}:/home/chuil/Desktop/zhongxi/install/demo_py:/opt/ros/humble /usr/bin/cmake --build /home/chuil/Desktop/zhongxi/build/graphslam -- -j6 -l6
[45.600s] Invoking command in '/home/chuil/Desktop/zhongxi/build/graphslam': CMAKE_PREFIX_PATH=${CMAKE_PREFIX_PATH}:/home/chuil/Desktop/zhongxi/install/demo_py:/opt/ros/humble /usr/bin/cmake --install /home/chuil/Desktop/zhongxi/build/graphslam
[45.622s] -- Install configuration: ""
[45.623s] -- Execute custom install script
[45.623s] -- Up-to-date symlink: /home/chuil/Desktop/zhongxi/install/graphslam/lib/graphslam/graphslam_g2o
[45.624s] -- Up-to-date symlink: /home/chuil/Desktop/zhongxi/install/graphslam/lib/graphslam/graphslam_node
[45.624s] -- Up-to-date symlink: /home/chuil/Desktop/zhongxi/install/graphslam/lib/graphslam/graphslam_g2o
[45.625s] -- Up-to-date symlink: /home/chuil/Desktop/zhongxi/install/graphslam/share/graphslam//launch/slam_launch.py
[45.625s] -- Up-to-date symlink: /home/chuil/Desktop/zhongxi/install/graphslam/share/graphslam//launch/slam_with_robot.launch.py
[45.626s] -- Up-to-date symlink: /home/chuil/Desktop/zhongxi/install/graphslam/share/graphslam//config/camera.yalm
[45.626s] -- Up-to-date symlink: /home/chuil/Desktop/zhongxi/install/graphslam/share/graphslam//config/parsms.yalm
[45.627s] -- Up-to-date symlink: /home/chuil/Desktop/zhongxi/install/graphslam/include/graphslam/slam2d/back_end.h
[45.627s] -- Up-to-date symlink: /home/chuil/Desktop/zhongxi/install/graphslam/include/graphslam/slam2d/front_end.h
[45.628s] -- Up-to-date symlink: /home/chuil/Desktop/zhongxi/install/graphslam/include/graphslam/slam2d/map.h
[45.628s] -- Up-to-date symlink: /home/chuil/Desktop/zhongxi/install/graphslam/include/graphslam/slam2d/types.h
[45.628s] -- Up-to-date symlink: /home/chuil/Desktop/zhongxi/install/graphslam/include/graphslam/slam2d/utils.h
[45.628s] -- Up-to-date symlink: /home/chuil/Desktop/zhongxi/install/graphslam/include/graphslam/slam2d/utils/camera_model.h
[45.628s] -- Up-to-date symlink: /home/chuil/Desktop/zhongxi/install/graphslam/include/graphslam/slam2d/utils/laser_scan.h
[45.629s] -- Up-to-date symlink: /home/chuil/Desktop/zhongxi/install/graphslam/include/graphslam/slam2d/utils/transformations.h
[45.629s] -- Up-to-date symlink: /home/chuil/Desktop/zhongxi/install/graphslam/share/ament_index/resource_index/package_run_dependencies/graphslam
[45.630s] -- Up-to-date symlink: /home/chuil/Desktop/zhongxi/install/graphslam/share/ament_index/resource_index/parent_prefix_path/graphslam
[45.630s] -- Up-to-date symlink: /home/chuil/Desktop/zhongxi/install/graphslam/share/graphslam/environment/ament_prefix_path.sh
[45.630s] -- Up-to-date symlink: /home/chuil/Desktop/zhongxi/install/graphslam/share/graphslam/environment/ament_prefix_path.dsv
[45.631s] -- Up-to-date symlink: /home/chuil/Desktop/zhongxi/install/graphslam/share/graphslam/environment/path.sh
[45.631s] -- Up-to-date symlink: /home/chuil/Desktop/zhongxi/install/graphslam/share/graphslam/environment/path.dsv
[45.631s] -- Up-to-date symlink: /home/chuil/Desktop/zhongxi/install/graphslam/share/graphslam/local_setup.bash
[45.631s] -- Up-to-date symlink: /home/chuil/Desktop/zhongxi/install/graphslam/share/graphslam/local_setup.sh
[45.632s] -- Up-to-date symlink: /home/chuil/Desktop/zhongxi/install/graphslam/share/graphslam/local_setup.zsh
[45.632s] -- Up-to-date symlink: /home/chuil/Desktop/zhongxi/install/graphslam/share/graphslam/local_setup.dsv
[45.632s] -- Symlinking: /home/chuil/Desktop/zhongxi/install/graphslam/share/graphslam/package.dsv
[45.661s] -- Up-to-date symlink: /home/chuil/Desktop/zhongxi/install/graphslam/share/ament_index/resource_index/packages/graphslam
[45.662s] -- Up-to-date symlink: /home/chuil/Desktop/zhongxi/install/graphslam/share/graphslam/cmake/graphslamConfig.cmake
[45.662s] -- Up-to-date symlink: /home/chuil/Desktop/zhongxi/install/graphslam/share/graphslam/cmake/graphslamConfig-version.cmake
[45.662s] -- Up-to-date symlink: /home/chuil/Desktop/zhongxi/install/graphslam/share/graphslam/package.xml
[45.670s] Invoked command in '/home/chuil/Desktop/zhongxi/build/graphslam' returned '0': CMAKE_PREFIX_PATH=${CMAKE_PREFIX_PATH}:/home/chuil/Desktop/zhongxi/install/demo_py:/opt/ros/humble /usr/bin/cmake --install /home/chuil/Desktop/zhongxi/build/graphslam
