[2.925s] Invoking command in '/home/chuil/Desktop/zhongxi/src/demo_py': PYTHONPATH=/home/chuil/Desktop/zhongxi/build/demo_py/prefix_override:/usr/lib/python3/dist-packages/colcon_core/task/python/colcon_distutils_commands:/home/chuil/Desktop/zhongxi/install/demo_py/lib/python3.10/site-packages:${PYTHONPATH} /usr/bin/python3 -W ignore:setup.py install is deprecated -W ignore:easy_install command is deprecated setup.py egg_info --egg-base ../../build/demo_py build --build-base /home/chuil/Desktop/zhongxi/build/demo_py/build install --record /home/chuil/Desktop/zhongxi/build/demo_py/install.log --single-version-externally-managed install_data
[3.656s] running egg_info
[3.657s] creating ../../build/demo_py/demo_py.egg-info
[3.658s] writing ../../build/demo_py/demo_py.egg-info/PKG-INFO
[3.659s] writing dependency_links to ../../build/demo_py/demo_py.egg-info/dependency_links.txt
[3.659s] writing entry points to ../../build/demo_py/demo_py.egg-info/entry_points.txt
[3.660s] writing requirements to ../../build/demo_py/demo_py.egg-info/requires.txt
[3.660s] writing top-level names to ../../build/demo_py/demo_py.egg-info/top_level.txt
[3.661s] writing manifest file '../../build/demo_py/demo_py.egg-info/SOURCES.txt'
[3.670s] reading manifest file '../../build/demo_py/demo_py.egg-info/SOURCES.txt'
[3.670s] writing manifest file '../../build/demo_py/demo_py.egg-info/SOURCES.txt'
[3.670s] running build
[3.670s] running build_py
[3.671s] creating /home/chuil/Desktop/zhongxi/build/demo_py/build
[3.671s] creating /home/chuil/Desktop/zhongxi/build/demo_py/build/lib
[3.671s] creating /home/chuil/Desktop/zhongxi/build/demo_py/build/lib/demo_py
[3.671s] copying demo_py/__init__.py -> /home/chuil/Desktop/zhongxi/build/demo_py/build/lib/demo_py
[3.672s] copying demo_py/talker.py -> /home/chuil/Desktop/zhongxi/build/demo_py/build/lib/demo_py
[3.672s] running install
[3.672s] running install_lib
[3.675s] creating /home/chuil/Desktop/zhongxi/install/demo_py/lib/python3.10/site-packages/demo_py
[3.675s] copying /home/chuil/Desktop/zhongxi/build/demo_py/build/lib/demo_py/__init__.py -> /home/chuil/Desktop/zhongxi/install/demo_py/lib/python3.10/site-packages/demo_py
[3.675s] copying /home/chuil/Desktop/zhongxi/build/demo_py/build/lib/demo_py/talker.py -> /home/chuil/Desktop/zhongxi/install/demo_py/lib/python3.10/site-packages/demo_py
[3.677s] byte-compiling /home/chuil/Desktop/zhongxi/install/demo_py/lib/python3.10/site-packages/demo_py/__init__.py to __init__.cpython-310.pyc
[3.678s] byte-compiling /home/chuil/Desktop/zhongxi/install/demo_py/lib/python3.10/site-packages/demo_py/talker.py to talker.cpython-310.pyc
[3.679s] running install_data
[3.679s] creating /home/chuil/Desktop/zhongxi/install/demo_py/share/ament_index
[3.679s] creating /home/chuil/Desktop/zhongxi/install/demo_py/share/ament_index/resource_index
[3.680s] creating /home/chuil/Desktop/zhongxi/install/demo_py/share/ament_index/resource_index/packages
[3.680s] copying resource/demo_py -> /home/chuil/Desktop/zhongxi/install/demo_py/share/ament_index/resource_index/packages
[3.680s] copying package.xml -> /home/chuil/Desktop/zhongxi/install/demo_py/share/demo_py
[3.680s] running install_egg_info
[3.686s] Copying ../../build/demo_py/demo_py.egg-info to /home/chuil/Desktop/zhongxi/install/demo_py/lib/python3.10/site-packages/demo_py-0.0.1-py3.10.egg-info
[3.689s] running install_scripts
[3.754s] Installing talker script to /home/chuil/Desktop/zhongxi/install/demo_py/lib/demo_py
[3.755s] writing list of installed files to '/home/chuil/Desktop/zhongxi/build/demo_py/install.log'
[3.887s] Invoked command in '/home/chuil/Desktop/zhongxi/src/demo_py' returned '0': PYTHONPATH=/home/chuil/Desktop/zhongxi/build/demo_py/prefix_override:/usr/lib/python3/dist-packages/colcon_core/task/python/colcon_distutils_commands:/home/chuil/Desktop/zhongxi/install/demo_py/lib/python3.10/site-packages:${PYTHONPATH} /usr/bin/python3 -W ignore:setup.py install is deprecated -W ignore:easy_install command is deprecated setup.py egg_info --egg-base ../../build/demo_py build --build-base /home/chuil/Desktop/zhongxi/build/demo_py/build install --record /home/chuil/Desktop/zhongxi/build/demo_py/install.log --single-version-externally-managed install_data
