[0.026s] Invoking command in '/home/chuil/Desktop/zhongxi/build/sensor_interfaces': CMAKE_PREFIX_PATH=${CMAKE_PREFIX_PATH}:/home/chuil/Desktop/zhongxi/install/demo_py:/opt/ros/humble /usr/bin/cmake --build /home/chuil/Desktop/zhongxi/build/sensor_interfaces -- -j6 -l6
[0.094s] -- Found ament_cmake: 1.3.12 (/opt/ros/humble/share/ament_cmake/cmake)
[0.415s] -- Override CMake install command with custom implementation using symlinks instead of copying resources
[0.446s] -- Found rclcpp: 16.0.17 (/opt/ros/humble/share/rclcpp/cmake)
[0.526s] -- Found rosidl_generator_c: 3.1.8 (/opt/ros/humble/share/rosidl_generator_c/cmake)
[0.531s] -- Found rosidl_adapter: 3.1.8 (/opt/ros/humble/share/rosidl_adapter/cmake)
[0.544s] -- Found rosidl_generator_cpp: 3.1.8 (/opt/ros/humble/share/rosidl_generator_cpp/cmake)
[0.565s] -- Using all available rosidl_typesupport_c: rosidl_typesupport_fastrtps_c;rosidl_typesupport_introspection_c
[0.592s] -- Using all available rosidl_typesupport_cpp: rosidl_typesupport_fastrtps_cpp;rosidl_typesupport_introspection_cpp
[0.664s] -- Found rmw_implementation_cmake: 6.1.2 (/opt/ros/humble/share/rmw_implementation_cmake/cmake)
[0.666s] -- Found rmw_fastrtps_cpp: 6.2.9 (/opt/ros/humble/share/rmw_fastrtps_cpp/cmake)
[0.897s] -- Using RMW implementation 'rmw_fastrtps_cpp' as default
[1.002s] -- Found sensor_msgs: 4.9.0 (/opt/ros/humble/share/sensor_msgs/cmake)
[1.062s] -- Found cv_bridge: 3.2.1 (/opt/ros/humble/share/cv_bridge/cmake)
[1.072s] -- Found image_transport: 3.1.12 (/opt/ros/humble/share/image_transport/cmake)
[1.119s] -- Found nav_msgs: 4.9.0 (/opt/ros/humble/share/nav_msgs/cmake)
[1.153s] -- Found tf2: 0.25.18 (/opt/ros/humble/share/tf2/cmake)
[1.160s] -- Found tf2_ros: 0.25.18 (/opt/ros/humble/share/tf2_ros/cmake)
[1.314s] -- Found tf2_geometry_msgs: 0.25.18 (/opt/ros/humble/share/tf2_geometry_msgs/cmake)
[1.321s] -- Found eigen3_cmake_module: 0.1.1 (/opt/ros/humble/share/eigen3_cmake_module/cmake)
[1.324s] -- Ensuring Eigen3 include directory is part of orocos-kdl CMake target
[1.327s] -- Found std_srvs: 4.9.0 (/opt/ros/humble/share/std_srvs/cmake)
[1.554s] -- Configuring done
[1.629s] -- Generating done
[1.654s] -- Build files have been written to: /home/chuil/Desktop/zhongxi/build/sensor_interfaces
[1.750s] [35m[1mConsolidate compiler generated dependencies of target ydlidar_sdk[0m
[1.769s] [  4%] [32mBuilding CXX object CMakeFiles/sensor_interfaces_base.dir/src/sensor_interfaces.cpp.o[0m
[1.800s] [01m[K/home/chuil/Desktop/zhongxi/src/sensor_interfaces/src/sensor_interfaces.cpp:1:10:[m[K [01;31m[Kfatal error: [m[Ksensor_interfaces/sensor_interfaces.h: 没有那个文件或目录
[1.801s]     1 | #include [01;31m[K"sensor_interfaces/sensor_interfaces.h"[m[K
[1.801s]       |          [01;31m[K^~~~~~~~~~~~~~~~~~~~~~~~~~~~~~~~~~~~~~~[m[K
[1.801s] compilation terminated.
[1.804s] gmake[2]: *** [CMakeFiles/sensor_interfaces_base.dir/build.make:76：CMakeFiles/sensor_interfaces_base.dir/src/sensor_interfaces.cpp.o] 错误 1
[1.805s] gmake[1]: *** [CMakeFiles/Makefile2:171：CMakeFiles/sensor_interfaces_base.dir/all] 错误 2
[1.805s] gmake[1]: *** 正在等待未完成的任务....
[1.816s] [ 70%] Built target ydlidar_sdk
[1.819s] gmake: *** [Makefile:146：all] 错误 2
[1.826s] Invoked command in '/home/chuil/Desktop/zhongxi/build/sensor_interfaces' returned '2': CMAKE_PREFIX_PATH=${CMAKE_PREFIX_PATH}:/home/chuil/Desktop/zhongxi/install/demo_py:/opt/ros/humble /usr/bin/cmake --build /home/chuil/Desktop/zhongxi/build/sensor_interfaces -- -j6 -l6
