[0.022s] Invoking command in '/home/chuil/Desktop/zhongxi/build/sensor_interfaces': CMAKE_PREFIX_PATH=${CMAKE_PREFIX_PATH}:/home/chuil/Desktop/zhongxi/install/demo_py:/opt/ros/humble /usr/bin/cmake /home/chuil/Desktop/zhongxi/src/sensor_interfaces -DCMAKE_INSTALL_PREFIX=/home/chuil/Desktop/zhongxi/install/sensor_interfaces
[0.153s] -- The C compiler identification is GNU 11.4.0
[0.291s] -- The CXX compiler identification is GNU 11.4.0
[0.319s] -- Detecting C compiler ABI info
[0.504s] -- Detecting C compiler ABI info - done
[0.530s] -- Check for working C compiler: /usr/bin/cc - skipped
[0.531s] -- Detecting C compile features
[0.533s] -- Detecting C compile features - done
[0.543s] -- Detecting CXX compiler ABI info
[0.747s] -- Detecting CXX compiler ABI info - done
[0.776s] -- Check for working CXX compiler: /usr/bin/c++ - skipped
[0.777s] -- Detecting CXX compile features
[0.778s] -- Detecting CXX compile features - done
[0.793s] -- Found ament_cmake: 1.3.12 (/opt/ros/humble/share/ament_cmake/cmake)
[1.182s] -- Found Python3: /usr/bin/python3 (found version "3.10.12") found components: Interpreter 
[1.449s] -- Found rclcpp: 16.0.17 (/opt/ros/humble/share/rclcpp/cmake)
[1.543s] -- Found rosidl_generator_c: 3.1.8 (/opt/ros/humble/share/rosidl_generator_c/cmake)
[1.553s] -- Found rosidl_adapter: 3.1.8 (/opt/ros/humble/share/rosidl_adapter/cmake)
[1.570s] -- Found rosidl_generator_cpp: 3.1.8 (/opt/ros/humble/share/rosidl_generator_cpp/cmake)
[1.595s] -- Using all available rosidl_typesupport_c: rosidl_typesupport_fastrtps_c;rosidl_typesupport_introspection_c
[1.629s] -- Using all available rosidl_typesupport_cpp: rosidl_typesupport_fastrtps_cpp;rosidl_typesupport_introspection_cpp
[1.718s] -- Found rmw_implementation_cmake: 6.1.2 (/opt/ros/humble/share/rmw_implementation_cmake/cmake)
[1.724s] -- Found rmw_fastrtps_cpp: 6.2.9 (/opt/ros/humble/share/rmw_fastrtps_cpp/cmake)
[1.897s] -- Found OpenSSL: /usr/lib/aarch64-linux-gnu/libcrypto.so (found version "3.0.2")  
[1.963s] -- Found FastRTPS: /opt/ros/humble/include  
[2.068s] -- Using RMW implementation 'rmw_fastrtps_cpp' as default
[2.076s] -- Looking for pthread.h
[2.249s] -- Looking for pthread.h - found
[2.251s] -- Performing Test CMAKE_HAVE_LIBC_PTHREAD
[2.447s] -- Performing Test CMAKE_HAVE_LIBC_PTHREAD - Success
[2.452s] -- Found Threads: TRUE  
[2.580s] -- Found sensor_msgs: 4.9.0 (/opt/ros/humble/share/sensor_msgs/cmake)
[2.646s] -- Found cv_bridge: 3.2.1 (/opt/ros/humble/share/cv_bridge/cmake)
[2.663s] -- Found image_transport: 3.1.12 (/opt/ros/humble/share/image_transport/cmake)
[2.739s] -- Found nav_msgs: 4.9.0 (/opt/ros/humble/share/nav_msgs/cmake)
[2.776s] -- Found tf2: 0.25.18 (/opt/ros/humble/share/tf2/cmake)
[2.785s] -- Found tf2_ros: 0.25.18 (/opt/ros/humble/share/tf2_ros/cmake)
[2.958s] -- Found std_srvs: 4.9.0 (/opt/ros/humble/share/std_srvs/cmake)
[2.980s] -- Found OpenCV: /usr (found version "4.8.0") 
[2.998s] [33mCMake Warning at CMakeLists.txt:66 (message):
[2.998s]   serial library not found, implementing serial communication with standard
[2.999s]   methods
[2.999s] 
[2.999s] [0m
[3.166s] -- Configuring done
[3.215s] -- Generating done
[3.234s] -- Build files have been written to: /home/chuil/Desktop/zhongxi/build/sensor_interfaces
[3.278s] Invoked command in '/home/chuil/Desktop/zhongxi/build/sensor_interfaces' returned '0': CMAKE_PREFIX_PATH=${CMAKE_PREFIX_PATH}:/home/chuil/Desktop/zhongxi/install/demo_py:/opt/ros/humble /usr/bin/cmake /home/chuil/Desktop/zhongxi/src/sensor_interfaces -DCMAKE_INSTALL_PREFIX=/home/chuil/Desktop/zhongxi/install/sensor_interfaces
[3.286s] Invoking command in '/home/chuil/Desktop/zhongxi/build/sensor_interfaces': CMAKE_PREFIX_PATH=${CMAKE_PREFIX_PATH}:/home/chuil/Desktop/zhongxi/install/demo_py:/opt/ros/humble /usr/bin/cmake --build /home/chuil/Desktop/zhongxi/build/sensor_interfaces -- -j6 -l6
[3.416s] [ 50%] [32mBuilding CXX object CMakeFiles/camera_driver.dir/src/camera_driver.cpp.o[0m
[3.417s] [ 50%] [32mBuilding CXX object CMakeFiles/control_board_interface.dir/src/control_board_interface.cpp.o[0m
[3.417s] [ 50%] [32mBuilding CXX object CMakeFiles/lidar_driver.dir/src/lidar_driver.cpp.o[0m
[4.014s] [01m[K/home/chuil/Desktop/zhongxi/src/sensor_interfaces/src/control_board_interface.cpp:4:10:[m[K [01;31m[Kfatal error: [m[Ksensor_msgs/msg/imu.hpp: µ▓Īµ£ēķéŻõĖ¬µ¢ćõ╗Čµł¢ńø«ÕĮĢ
[4.015s]     4 | #include [01;31m[K<sensor_msgs/msg/imu.hpp>[m[K
[4.015s]       |          [01;31m[K^~~~~~~~~~~~~~~~~~~~~~~~~[m[K
[4.015s] compilation terminated.
[4.025s] gmake[2]: *** [CMakeFiles/control_board_interface.dir/build.make:76’╝ÜCMakeFiles/control_board_interface.dir/src/control_board_interface.cpp.o] ķöÖĶ»» 1
[4.026s] gmake[1]: *** [CMakeFiles/Makefile2:193’╝ÜCMakeFiles/control_board_interface.dir/all] ķöÖĶ»» 2
[4.026s] gmake[1]: *** µŁŻÕ£©ńŁēÕŠģµ£¬Õ«īµłÉńÜäõ╗╗ÕŖĪ....
[16.202s] [ 66%] [32m[1mLinking CXX executable lidar_driver[0m
[16.760s] [ 66%] Built target lidar_driver
[18.094s] [ 83%] [32m[1mLinking CXX executable camera_driver[0m
[18.320s] /usr/bin/ld: warning: libopencv_core.so.4.5d, needed by /opt/ros/humble/lib/libcv_bridge.so, may conflict with libopencv_core.so.408
[19.654s] [ 83%] Built target camera_driver
[19.657s] gmake: *** [Makefile:146’╝Üall] ķöÖĶ»» 2
[19.664s] Invoked command in '/home/chuil/Desktop/zhongxi/build/sensor_interfaces' returned '2': CMAKE_PREFIX_PATH=${CMAKE_PREFIX_PATH}:/home/chuil/Desktop/zhongxi/install/demo_py:/opt/ros/humble /usr/bin/cmake --build /home/chuil/Desktop/zhongxi/build/sensor_interfaces -- -j6 -l6
