[0.021s] Invoking command in '/home/chuil/Desktop/zhongxi/zhongxi_2_5/src/build/GraphSLAM': /usr/bin/cmake /home/chuil/Desktop/zhongxi/zhongxi_2_5/src/GraphSLAM -DCMAKE_INSTALL_PREFIX=/home/chuil/Desktop/zhongxi/zhongxi_2_5/src/install/GraphSLAM
[0.055s] -- Found ament_cmake: 1.3.12 (/opt/ros/humble/share/ament_cmake/cmake)
[0.396s] -- Found rclcpp: 16.0.17 (/opt/ros/humble/share/rclcpp/cmake)
[0.470s] -- Found rosidl_generator_c: 3.1.8 (/opt/ros/humble/share/rosidl_generator_c/cmake)
[0.475s] -- Found rosidl_adapter: 3.1.8 (/opt/ros/humble/share/rosidl_adapter/cmake)
[0.488s] -- Found rosidl_generator_cpp: 3.1.8 (/opt/ros/humble/share/rosidl_generator_cpp/cmake)
[0.507s] -- Using all available rosidl_typesupport_c: rosidl_typesupport_fastrtps_c;rosidl_typesupport_introspection_c
[0.533s] -- Using all available rosidl_typesupport_cpp: rosidl_typesupport_fastrtps_cpp;rosidl_typesupport_introspection_cpp
[0.603s] -- Found rmw_implementation_cmake: 6.1.2 (/opt/ros/humble/share/rmw_implementation_cmake/cmake)
[0.606s] -- Found rmw_fastrtps_cpp: 6.2.9 (/opt/ros/humble/share/rmw_fastrtps_cpp/cmake)
[0.813s] -- Using RMW implementation 'rmw_fastrtps_cpp' as default
[0.916s] -- Found sensor_msgs: 4.9.0 (/opt/ros/humble/share/sensor_msgs/cmake)
[0.976s] -- Found tf2: 0.25.18 (/opt/ros/humble/share/tf2/cmake)
[0.984s] -- Found tf2_ros: 0.25.18 (/opt/ros/humble/share/tf2_ros/cmake)
[1.197s] -- Found OpenGL: /usr/lib/aarch64-linux-gnu/libOpenGL.so   
[1.214s] -- Found PkgConfig: /usr/bin/pkg-config (found version "0.29.2") 
[1.215s] -- Checking for module 'libQGLViewer'
[1.220s] --   No package 'libQGLViewer' found
[1.221s] [31mCMake Error at /usr/share/cmake-3.22/Modules/FindPkgConfig.cmake:603 (message):
[1.221s]   A required package was not found
[1.221s] Call Stack (most recent call first):
[1.221s]   /usr/share/cmake-3.22/Modules/FindPkgConfig.cmake:825 (_pkg_check_modules_internal)
[1.221s]   CMakeLists.txt:28 (pkg_check_modules)
[1.222s] 
[1.222s] [0m
[1.222s] -- Configuring incomplete, errors occurred!
[1.222s] See also "/home/chuil/Desktop/zhongxi/zhongxi_2_5/src/build/GraphSLAM/CMakeFiles/CMakeOutput.log".
[1.257s] Invoked command in '/home/chuil/Desktop/zhongxi/zhongxi_2_5/src/build/GraphSLAM' returned '1': /usr/bin/cmake /home/chuil/Desktop/zhongxi/zhongxi_2_5/src/GraphSLAM -DCMAKE_INSTALL_PREFIX=/home/chuil/Desktop/zhongxi/zhongxi_2_5/src/install/GraphSLAM
