-- The C compiler identification is GNU 11.4.0
-- The CXX compiler identification is GNU 11.4.0
-- Detecting C compiler ABI info
-- Detecting C compiler ABI info - done
-- Check for working C compiler: /usr/bin/cc - skipped
-- Detecting C compile features
-- Detecting C compile features - done
-- Detecting CXX compiler ABI info
-- Detecting CXX compiler ABI info - done
-- Check for working CXX compiler: /usr/bin/c++ - skipped
-- Detecting CXX compile features
-- Detecting CXX compile features - done
-- Found ament_cmake: 1.3.13 (/opt/ros/humble/share/ament_cmake/cmake)
-- Found Python3: /usr/bin/python3 (found version "3.10.12") found components: Interpreter 
-- Found rclcpp: 16.0.18 (/opt/ros/humble/share/rclcpp/cmake)
-- Found rosidl_generator_c: 3.1.8 (/opt/ros/humble/share/rosidl_generator_c/cmake)
-- Found rosidl_adapter: 3.1.8 (/opt/ros/humble/share/rosidl_adapter/cmake)
-- Found rosidl_generator_cpp: 3.1.8 (/opt/ros/humble/share/rosidl_generator_cpp/cmake)
-- Using all available rosidl_typesupport_c: rosidl_typesupport_fastrtps_c;rosidl_typesupport_introspection_c
-- Using all available rosidl_typesupport_cpp: rosidl_typesupport_fastrtps_cpp;rosidl_typesupport_introspection_cpp
-- Found rmw_implementation_cmake: 6.1.2 (/opt/ros/humble/share/rmw_implementation_cmake/cmake)
-- Found rmw_fastrtps_cpp: 6.2.10 (/opt/ros/humble/share/rmw_fastrtps_cpp/cmake)
-- Found OpenSSL: /usr/lib/aarch64-linux-gnu/libcrypto.so (found version "3.0.2")  
-- Found FastRTPS: /opt/ros/humble/include  
-- Using RMW implementation 'rmw_fastrtps_cpp' as default
-- Looking for pthread.h
-- Looking for pthread.h - found
-- Performing Test CMAKE_HAVE_LIBC_PTHREAD
-- Performing Test CMAKE_HAVE_LIBC_PTHREAD - Success
-- Found Threads: TRUE  
-- Found sensor_msgs: 4.9.1 (/opt/ros/humble/share/sensor_msgs/cmake)
-- Found nav_msgs: 4.9.1 (/opt/ros/humble/share/nav_msgs/cmake)
-- Found tf2: 0.25.19 (/opt/ros/humble/share/tf2/cmake)
-- Found tf2_ros: 0.25.19 (/opt/ros/humble/share/tf2_ros/cmake)
-- Found tf2_geometry_msgs: 0.25.19 (/opt/ros/humble/share/tf2_geometry_msgs/cmake)
-- Found eigen3_cmake_module: 0.1.1 (/opt/ros/humble/share/eigen3_cmake_module/cmake)
-- Found Eigen3: TRUE (found version "3.4.0") 
-- Ensuring Eigen3 include directory is part of orocos-kdl CMake target
-- Found QGLViewer: /usr/include/QGLViewer
-- Found OpenGL: /usr/lib/aarch64-linux-gnu/libOpenGL.so   
-- Configuring done
-- Generating done
-- Build files have been written to: /home/chuil/Desktop/zhongxi/build/graphslam
[  4%] [34m[1mAutomatic MOC and UIC for target map_manager_node[0m
[  8%] [34m[1mAutomatic MOC and UIC for target graphslam_node[0m
[ 12%] [34m[1mAutomatic MOC and UIC for target map_saver_node[0m
[ 16%] [34m[1mAutomatic MOC and UIC for target graphslam_g2o[0m
[ 16%] Built target map_saver_node_autogen
[ 16%] Built target map_manager_node_autogen
[ 16%] Built target graphslam_node_autogen
[ 20%] [32mBuilding CXX object CMakeFiles/map_manager_node.dir/map_manager_node.cpp.o[0m
[ 25%] [32mBuilding CXX object CMakeFiles/map_manager_node.dir/map_manager_node_autogen/mocs_compilation.cpp.o[0m
[ 29%] [32mBuilding CXX object CMakeFiles/map_saver_node.dir/map_saver_node_autogen/mocs_compilation.cpp.o[0m
[ 33%] [32mBuilding CXX object CMakeFiles/map_saver_node.dir/map_saver_node.cpp.o[0m
[ 37%] [32mBuilding CXX object CMakeFiles/graphslam_node.dir/graphslam_node_autogen/mocs_compilation.cpp.o[0m
[ 41%] [32mBuilding CXX object CMakeFiles/graphslam_node.dir/src/node/graphslam_node.cpp.o[0m
[ 45%] [32mBuilding CXX object CMakeFiles/graphslam_node.dir/src/slam2d/back_end.cpp.o[0m
[ 50%] [32mBuilding CXX object CMakeFiles/graphslam_node.dir/src/slam2d/front_end.cpp.o[0m

AutoUic subprocess error
------------------------
The uic process failed to compile
  "SRC:/main_window.ui"
into
  "BIN:/graphslam_g2o_autogen/include/ui_main_window.h"
included by
  "SRC:/main_window.h"

Command
-------
/usr/lib/qt5/bin/uic -o /home/chuil/Desktop/zhongxi/build/graphslam/graphslam_g2o_autogen/include/ui_main_window.h /home/chuil/Desktop/zhongxi/src/graphslam/main_window.ui

Output
------
uic: Error in line 240, column 34 : Opening and ending tag mismatch.
File '/home/chuil/Desktop/zhongxi/src/graphslam/main_window.ui' is not valid

gmake[2]: *** [CMakeFiles/graphslam_g2o_autogen.dir/build.make:71：CMakeFiles/graphslam_g2o_autogen] 错误 1
gmake[1]: *** [CMakeFiles/Makefile2:251：CMakeFiles/graphslam_g2o_autogen.dir/all] 错误 2
gmake[1]: *** 正在等待未完成的任务....
[ 54%] [32mBuilding CXX object CMakeFiles/graphslam_node.dir/src/slam2d/map.cpp.o[0m
In file included from [01m[K/home/chuil/Desktop/zhongxi/src/graphslam/map_manager_node.cpp:7[m[K:
[01m[K/opt/ros/humble/include/tf2_geometry_msgs/tf2_geometry_msgs/tf2_geometry_msgs.h:35:2:[m[K [01;35m[Kwarning: [m[K#warning This header is obsolete, please include tf2_geometry_msgs/tf2_geometry_msgs.hpp instead [[01;35m[K]8;;https://gcc.gnu.org/onlinedocs/gcc/Warning-Options.html#index-Wcpp-Wcpp]8;;[m[K]
   35 | #[01;35m[Kwarning[m[K This header is obsolete, please include tf2_geometry_msgs/tf2_geometry_msgs.hpp instead
      |  [01;35m[K^~~~~~~[m[K
[ 58%] [32mBuilding CXX object CMakeFiles/graphslam_node.dir/src/slam2d/utils.cpp.o[0m
[ 62%] [32mBuilding CXX object CMakeFiles/graphslam_node.dir/src/utils/laser_scan.cpp.o[0m
In file included from [01m[K/usr/include/eigen3/Eigen/Geometry:41[m[K,
                 from [01m[K/usr/local/include/g2o/core/eigen_types.h:31[m[K,
                 from [01m[K/usr/local/include/g2o/core/jacobian_workspace.h:34[m[K,
                 from [01m[K/usr/local/include/g2o/core/optimizable_graph.h:39[m[K,
                 from [01m[K/usr/local/include/g2o/core/sparse_optimizer.h:33[m[K,
                 from [01m[K/home/chuil/Desktop/zhongxi/src/graphslam/include/slam2d/back_end.h:8[m[K,
                 from [01m[K/home/chuil/Desktop/zhongxi/src/graphslam/src/slam2d/back_end.cpp:1[m[K:
/usr/include/eigen3/Eigen/src/Geometry/Rotation2D.h: In instantiation of ‘[01m[KEigen::Rotation2D<Scalar> Eigen::Rotation2D<Scalar>::inverse() const [with _Scalar = double][m[K’:
[01m[K/usr/local/include/g2o/types/slam2d/se2.h:85:24:[m[K   required from here
[01m[K/usr/include/eigen3/Eigen/src/Geometry/Rotation2D.h:98:39:[m[K [01;36m[Knote: [m[Kparameter passing for argument of type ‘[01m[KEigen::Rotation2D<double>[m[K’ when C++17 is enabled changed to match C++14 ]8;;https://gcc.gnu.org/gcc-10/changes.html#empty_basein GCC 10.1]8;;
   98 |   EIGEN_DEVICE_FUNC inline Rotation2D [01;36m[Kinverse[m[K() const { return Rotation2D(-m_angle); }
      |                                       [01;36m[K^~~~~~~[m[K
[ 66%] [32mBuilding CXX object CMakeFiles/graphslam_node.dir/src/utils/transformations.cpp.o[0m
[ 70%] [32m[1mLinking CXX executable map_saver_node[0m
[ 70%] Built target map_saver_node
[ 75%] [32m[1mLinking CXX executable graphslam_node[0m
[ 79%] [32m[1mLinking CXX executable map_manager_node[0m
[ 79%] Built target map_manager_node
[ 79%] Built target graphslam_node
gmake: *** [Makefile:146：all] 错误 2
