[0.072s] Invoking command in '/home/chuil/Desktop/zhongxi/build/graphslam': CMAKE_PREFIX_PATH=${CMAKE_PREFIX_PATH}:/home/chuil/Desktop/zhongxi/install/sensor_interfaces:/home/chuil/Desktop/zhongxi/install/demo_py:/opt/ros/humble /usr/bin/cmake /home/chuil/Desktop/zhongxi/src/graphslam -DCMAKE_INSTALL_PREFIX=/home/chuil/Desktop/zhongxi/install/graphslam
[0.395s] -- The C compiler identification is GNU 11.4.0
[0.594s] -- The CXX compiler identification is GNU 11.4.0
[0.740s] -- Detecting C compiler ABI info
[0.979s] -- Detecting C compiler ABI info - done
[1.005s] -- Check for working C compiler: /usr/bin/cc - skipped
[1.006s] -- Detecting C compile features
[1.008s] -- Detecting C compile features - done
[1.022s] -- Detecting CXX compiler ABI info
[1.288s] -- Detecting CXX compiler ABI info - done
[1.309s] -- Check for working CXX compiler: /usr/bin/c++ - skipped
[1.310s] -- Detecting CXX compile features
[1.311s] -- Detecting CXX compile features - done
[1.325s] -- Found ament_cmake: 1.3.13 (/opt/ros/humble/share/ament_cmake/cmake)
[1.743s] -- Found Python3: /usr/bin/python3 (found version "3.10.12") found components: Interpreter 
[2.010s] -- Found rclcpp: 16.0.18 (/opt/ros/humble/share/rclcpp/cmake)
[2.113s] -- Found rosidl_generator_c: 3.1.8 (/opt/ros/humble/share/rosidl_generator_c/cmake)
[2.124s] -- Found rosidl_adapter: 3.1.8 (/opt/ros/humble/share/rosidl_adapter/cmake)
[2.145s] -- Found rosidl_generator_cpp: 3.1.8 (/opt/ros/humble/share/rosidl_generator_cpp/cmake)
[2.175s] -- Using all available rosidl_typesupport_c: rosidl_typesupport_fastrtps_c;rosidl_typesupport_introspection_c
[2.211s] -- Using all available rosidl_typesupport_cpp: rosidl_typesupport_fastrtps_cpp;rosidl_typesupport_introspection_cpp
[2.304s] -- Found rmw_implementation_cmake: 6.1.2 (/opt/ros/humble/share/rmw_implementation_cmake/cmake)
[2.309s] -- Found rmw_fastrtps_cpp: 6.2.10 (/opt/ros/humble/share/rmw_fastrtps_cpp/cmake)
[2.509s] -- Found OpenSSL: /usr/lib/aarch64-linux-gnu/libcrypto.so (found version "3.0.2")  
[2.580s] -- Found FastRTPS: /opt/ros/humble/include  
[2.679s] -- Using RMW implementation 'rmw_fastrtps_cpp' as default
[2.700s] -- Looking for pthread.h
[2.911s] -- Looking for pthread.h - found
[2.914s] -- Performing Test CMAKE_HAVE_LIBC_PTHREAD
[3.131s] -- Performing Test CMAKE_HAVE_LIBC_PTHREAD - Success
[3.132s] -- Found Threads: TRUE  
[3.266s] -- Found sensor_msgs: 4.9.1 (/opt/ros/humble/share/sensor_msgs/cmake)
[3.336s] -- Found nav_msgs: 4.9.1 (/opt/ros/humble/share/nav_msgs/cmake)
[3.395s] -- Found tf2: 0.25.19 (/opt/ros/humble/share/tf2/cmake)
[3.424s] -- Found tf2_ros: 0.25.19 (/opt/ros/humble/share/tf2_ros/cmake)
[3.612s] -- Found tf2_geometry_msgs: 0.25.19 (/opt/ros/humble/share/tf2_geometry_msgs/cmake)
[3.650s] -- Found eigen3_cmake_module: 0.1.1 (/opt/ros/humble/share/eigen3_cmake_module/cmake)
[3.653s] -- Found Eigen3: TRUE (found version "3.4.0") 
[3.654s] -- Ensuring Eigen3 include directory is part of orocos-kdl CMake target
[3.734s] -- Found QGLViewer: /usr/include/QGLViewer
[3.758s] -- Found OpenGL: /usr/lib/aarch64-linux-gnu/libOpenGL.so   
[3.984s] -- Configuring done
[4.402s] -- Generating done
[4.430s] -- Build files have been written to: /home/chuil/Desktop/zhongxi/build/graphslam
[4.483s] Invoked command in '/home/chuil/Desktop/zhongxi/build/graphslam' returned '0': CMAKE_PREFIX_PATH=${CMAKE_PREFIX_PATH}:/home/chuil/Desktop/zhongxi/install/sensor_interfaces:/home/chuil/Desktop/zhongxi/install/demo_py:/opt/ros/humble /usr/bin/cmake /home/chuil/Desktop/zhongxi/src/graphslam -DCMAKE_INSTALL_PREFIX=/home/chuil/Desktop/zhongxi/install/graphslam
[4.491s] Invoking command in '/home/chuil/Desktop/zhongxi/build/graphslam': CMAKE_PREFIX_PATH=${CMAKE_PREFIX_PATH}:/home/chuil/Desktop/zhongxi/install/sensor_interfaces:/home/chuil/Desktop/zhongxi/install/demo_py:/opt/ros/humble /usr/bin/cmake --build /home/chuil/Desktop/zhongxi/build/graphslam -- -j6 -l6
[4.650s] [  4%] [34m[1mAutomatic MOC and UIC for target map_manager_node[0m
[4.651s] [  8%] [34m[1mAutomatic MOC and UIC for target graphslam_node[0m
[4.664s] [ 12%] [34m[1mAutomatic MOC and UIC for target map_saver_node[0m
[4.675s] [ 16%] [34m[1mAutomatic MOC and UIC for target graphslam_g2o[0m
[4.838s] [ 16%] Built target map_saver_node_autogen
[4.838s] [ 16%] Built target map_manager_node_autogen
[4.839s] [ 16%] Built target graphslam_node_autogen
[4.903s] [ 20%] [32mBuilding CXX object CMakeFiles/map_manager_node.dir/map_manager_node.cpp.o[0m
[4.904s] [ 25%] [32mBuilding CXX object CMakeFiles/map_manager_node.dir/map_manager_node_autogen/mocs_compilation.cpp.o[0m
[4.912s] [ 29%] [32mBuilding CXX object CMakeFiles/map_saver_node.dir/map_saver_node_autogen/mocs_compilation.cpp.o[0m
[4.916s] [ 33%] [32mBuilding CXX object CMakeFiles/map_saver_node.dir/map_saver_node.cpp.o[0m
[4.917s] [ 37%] [32mBuilding CXX object CMakeFiles/graphslam_node.dir/graphslam_node_autogen/mocs_compilation.cpp.o[0m
[5.018s] [ 41%] [32mBuilding CXX object CMakeFiles/graphslam_node.dir/src/node/graphslam_node.cpp.o[0m
[5.027s] [ 45%] [32mBuilding CXX object CMakeFiles/graphslam_node.dir/src/slam2d/back_end.cpp.o[0m
[5.052s] [ 50%] [32mBuilding CXX object CMakeFiles/graphslam_node.dir/src/slam2d/front_end.cpp.o[0m
[5.091s] 
[5.091s] AutoUic subprocess error
[5.091s] ------------------------
[5.091s] The uic process failed to compile
[5.092s]   "SRC:/main_window.ui"
[5.092s] into
[5.092s]   "BIN:/graphslam_g2o_autogen/include/ui_main_window.h"
[5.092s] included by
[5.092s]   "SRC:/main_window.h"
[5.092s] 
[5.093s] Command
[5.093s] -------
[5.093s] /usr/lib/qt5/bin/uic -o /home/chuil/Desktop/zhongxi/build/graphslam/graphslam_g2o_autogen/include/ui_main_window.h /home/chuil/Desktop/zhongxi/src/graphslam/main_window.ui
[5.093s] 
[5.093s] Output
[5.094s] ------
[5.094s] uic: Error in line 240, column 34 : Opening and ending tag mismatch.
[5.094s] File '/home/chuil/Desktop/zhongxi/src/graphslam/main_window.ui' is not valid
[5.094s] 
[5.097s] gmake[2]: *** [CMakeFiles/graphslam_g2o_autogen.dir/build.make:71：CMakeFiles/graphslam_g2o_autogen] 错误 1
[5.097s] gmake[1]: *** [CMakeFiles/Makefile2:251：CMakeFiles/graphslam_g2o_autogen.dir/all] 错误 2
[5.097s] gmake[1]: *** 正在等待未完成的任务....
[5.132s] [ 54%] [32mBuilding CXX object CMakeFiles/graphslam_node.dir/src/slam2d/map.cpp.o[0m
[6.093s] In file included from [01m[K/home/chuil/Desktop/zhongxi/src/graphslam/map_manager_node.cpp:7[m[K:
[6.093s] [01m[K/opt/ros/humble/include/tf2_geometry_msgs/tf2_geometry_msgs/tf2_geometry_msgs.h:35:2:[m[K [01;35m[Kwarning: [m[K#warning This header is obsolete, please include tf2_geometry_msgs/tf2_geometry_msgs.hpp instead [[01;35m[K]8;;https://gcc.gnu.org/onlinedocs/gcc/Warning-Options.html#index-Wcpp-Wcpp]8;;[m[K]
[6.093s]    35 | #[01;35m[Kwarning[m[K This header is obsolete, please include tf2_geometry_msgs/tf2_geometry_msgs.hpp instead
[6.094s]       |  [01;35m[K^~~~~~~[m[K
[11.478s] [ 58%] [32mBuilding CXX object CMakeFiles/graphslam_node.dir/src/slam2d/utils.cpp.o[0m
[14.936s] [ 62%] [32mBuilding CXX object CMakeFiles/graphslam_node.dir/src/utils/laser_scan.cpp.o[0m
[15.415s] In file included from [01m[K/usr/include/eigen3/Eigen/Geometry:41[m[K,
[15.416s]                  from [01m[K/usr/local/include/g2o/core/eigen_types.h:31[m[K,
[15.416s]                  from [01m[K/usr/local/include/g2o/core/jacobian_workspace.h:34[m[K,
[15.416s]                  from [01m[K/usr/local/include/g2o/core/optimizable_graph.h:39[m[K,
[15.417s]                  from [01m[K/usr/local/include/g2o/core/sparse_optimizer.h:33[m[K,
[15.417s]                  from [01m[K/home/chuil/Desktop/zhongxi/src/graphslam/include/slam2d/back_end.h:8[m[K,
[15.417s]                  from [01m[K/home/chuil/Desktop/zhongxi/src/graphslam/src/slam2d/back_end.cpp:1[m[K:
[15.417s] /usr/include/eigen3/Eigen/src/Geometry/Rotation2D.h: In instantiation of ‘[01m[KEigen::Rotation2D<Scalar> Eigen::Rotation2D<Scalar>::inverse() const [with _Scalar = double][m[K’:
[15.417s] [01m[K/usr/local/include/g2o/types/slam2d/se2.h:85:24:[m[K   required from here
[15.418s] [01m[K/usr/include/eigen3/Eigen/src/Geometry/Rotation2D.h:98:39:[m[K [01;36m[Knote: [m[Kparameter passing for argument of type ‘[01m[KEigen::Rotation2D<double>[m[K’ when C++17 is enabled changed to match C++14 ]8;;https://gcc.gnu.org/gcc-10/changes.html#empty_basein GCC 10.1]8;;
[15.418s]    98 |   EIGEN_DEVICE_FUNC inline Rotation2D [01;36m[Kinverse[m[K() const { return Rotation2D(-m_angle); }
[15.418s]       |                                       [01;36m[K^~~~~~~[m[K
[19.814s] [ 66%] [32mBuilding CXX object CMakeFiles/graphslam_node.dir/src/utils/transformations.cpp.o[0m
[41.917s] [ 70%] [32m[1mLinking CXX executable map_saver_node[0m
[44.111s] [ 70%] Built target map_saver_node
[48.477s] [ 75%] [32m[1mLinking CXX executable graphslam_node[0m
[48.776s] [ 79%] [32m[1mLinking CXX executable map_manager_node[0m
[51.181s] [ 79%] Built target map_manager_node
[52.358s] [ 79%] Built target graphslam_node
[52.364s] gmake: *** [Makefile:146：all] 错误 2
[52.372s] Invoked command in '/home/chuil/Desktop/zhongxi/build/graphslam' returned '2': CMAKE_PREFIX_PATH=${CMAKE_PREFIX_PATH}:/home/chuil/Desktop/zhongxi/install/sensor_interfaces:/home/chuil/Desktop/zhongxi/install/demo_py:/opt/ros/humble /usr/bin/cmake --build /home/chuil/Desktop/zhongxi/build/graphslam -- -j6 -l6
