-- The C compiler identification is GNU 11.4.0
-- The CXX compiler identification is GNU 11.4.0
-- Detecting C compiler ABI info
-- Detecting C compiler ABI info - done
-- Check for working C compiler: /usr/bin/cc - skipped
-- Detecting C compile features
-- Detecting C compile features - done
-- Detecting CXX compiler ABI info
-- Detecting CXX compiler ABI info - done
-- Check for working CXX compiler: /usr/bin/c++ - skipped
-- Detecting CXX compile features
-- Detecting CXX compile features - done
-- Found ament_cmake: 1.3.12 (/opt/ros/humble/share/ament_cmake/cmake)
-- Found Python3: /usr/bin/python3 (found version "3.10.12") found components: Interpreter 
-- Found rclcpp: 16.0.17 (/opt/ros/humble/share/rclcpp/cmake)
-- Found rosidl_generator_c: 3.1.8 (/opt/ros/humble/share/rosidl_generator_c/cmake)
-- Found rosidl_adapter: 3.1.8 (/opt/ros/humble/share/rosidl_adapter/cmake)
-- Found rosidl_generator_cpp: 3.1.8 (/opt/ros/humble/share/rosidl_generator_cpp/cmake)
-- Using all available rosidl_typesupport_c: rosidl_typesupport_fastrtps_c;rosidl_typesupport_introspection_c
-- Using all available rosidl_typesupport_cpp: rosidl_typesupport_fastrtps_cpp;rosidl_typesupport_introspection_cpp
-- Found rmw_implementation_cmake: 6.1.2 (/opt/ros/humble/share/rmw_implementation_cmake/cmake)
-- Found rmw_fastrtps_cpp: 6.2.9 (/opt/ros/humble/share/rmw_fastrtps_cpp/cmake)
-- Found OpenSSL: /usr/lib/aarch64-linux-gnu/libcrypto.so (found version "3.0.2")  
-- Found FastRTPS: /opt/ros/humble/include  
-- Using RMW implementation 'rmw_fastrtps_cpp' as default
-- Looking for pthread.h
-- Looking for pthread.h - found
-- Performing Test CMAKE_HAVE_LIBC_PTHREAD
-- Performing Test CMAKE_HAVE_LIBC_PTHREAD - Success
-- Found Threads: TRUE  
-- Found sensor_msgs: 4.9.0 (/opt/ros/humble/share/sensor_msgs/cmake)
-- Found cv_bridge: 3.2.1 (/opt/ros/humble/share/cv_bridge/cmake)
-- Found image_transport: 3.1.12 (/opt/ros/humble/share/image_transport/cmake)
-- Found nav_msgs: 4.9.0 (/opt/ros/humble/share/nav_msgs/cmake)
-- Found tf2: 0.25.18 (/opt/ros/humble/share/tf2/cmake)
-- Found tf2_ros: 0.25.18 (/opt/ros/humble/share/tf2_ros/cmake)
-- Found std_srvs: 4.9.0 (/opt/ros/humble/share/std_srvs/cmake)
-- Found OpenCV: /usr (found version "4.8.0") 
-- Configuring done
-- Generating done
-- Build files have been written to: /home/chuil/Desktop/zhongxi/build/sensor_interfaces
[ 20%] [32mBuilding CXX object CMakeFiles/camera_driver.dir/src/camera_driver.cpp.o[0m
[ 20%] [32mBuilding CXX object CMakeFiles/ydlidar_sdk_lib.dir/home/chuil/Desktop/ori_resource/EAI_X3&X3_ProжҝҖе…үйӣ·иҫҫ/ROS2-жәҗз Ғ/жәҗз Ғ/YDLidar-SDK-master/core/serial/serial.cpp.o[0m
[ 30%] [32mBuilding CXX object CMakeFiles/ydlidar_sdk_lib.dir/home/chuil/Desktop/ori_resource/EAI_X3&X3_ProжҝҖе…үйӣ·иҫҫ/ROS2-жәҗз Ғ/жәҗз Ғ/YDLidar-SDK-master/src/ETLidarDriver.cpp.o[0m
[ 40%] [32mBuilding CXX object CMakeFiles/ydlidar_sdk_lib.dir/home/chuil/Desktop/ori_resource/EAI_X3&X3_ProжҝҖе…үйӣ·иҫҫ/ROS2-жәҗз Ғ/жәҗз Ғ/YDLidar-SDK-master/src/ydlidar_driver.cpp.o[0m
[ 50%] [32mBuilding CXX object CMakeFiles/ydlidar_sdk_lib.dir/home/chuil/Desktop/ori_resource/EAI_X3&X3_ProжҝҖе…үйӣ·иҫҫ/ROS2-жәҗз Ғ/жәҗз Ғ/YDLidar-SDK-master/src/CYdLidar.cpp.o[0m
[ 60%] [32mBuilding CXX object CMakeFiles/ydlidar_sdk_lib.dir/home/chuil/Desktop/ori_resource/EAI_X3&X3_ProжҝҖе…үйӣ·иҫҫ/ROS2-жәҗз Ғ/жәҗз Ғ/YDLidar-SDK-master/src/ydlidar_sdk.cpp.o[0m
[01m[K/home/chuil/Desktop/ori_resource/EAI X3&X3 ProжҝҖе…үйӣ·иҫҫ/ROS2-жәҗз Ғ/жәҗз Ғ/YDLidar-SDK-master/src/ydlidar_driver.cpp:24:10:[m[K [01;31m[Kfatal error: [m[Kcore/serial/serial.h: жІЎжңүйӮЈдёӘж–Үд»¶жҲ–зӣ®еҪ•
   24 | #include [01;31m[K<core/serial/serial.h>[m[K
      |          [01;31m[K^~~~~~~~~~~~~~~~~~~~~~[m[K
compilation terminated.
gmake[2]: *** [CMakeFiles/ydlidar_sdk_lib.dir/build.make:118пјҡCMakeFiles/ydlidar_sdk_lib.dir/home/chuil/Desktop/ori_resource/EAI_X3&X3_ProжҝҖе…үйӣ·иҫҫ/ROS2-жәҗз Ғ/жәҗз Ғ/YDLidar-SDK-master/src/ydlidar_driver.cpp.o] й”ҷиҜҜ 1
gmake[2]: *** жӯЈеңЁзӯүеҫ…жңӘе®ҢжҲҗзҡ„д»»еҠЎ....
[01m[K/home/chuil/Desktop/ori_resource/EAI X3&X3 ProжҝҖе…үйӣ·иҫҫ/ROS2-жәҗз Ғ/жәҗз Ғ/YDLidar-SDK-master/src/ETLidarDriver.cpp:31:10:[m[K [01;31m[Kfatal error: [m[Kcore/network/PassiveSocket.h: жІЎжңүйӮЈдёӘж–Үд»¶жҲ–зӣ®еҪ•
   31 | #include [01;31m[K<core/network/PassiveSocket.h>[m[K
      |          [01;31m[K^~~~~~~~~~~~~~~~~~~~~~~~~~~~~~[m[K
compilation terminated.
gmake[2]: *** [CMakeFiles/ydlidar_sdk_lib.dir/build.make:104пјҡCMakeFiles/ydlidar_sdk_lib.dir/home/chuil/Desktop/ori_resource/EAI_X3&X3_ProжҝҖе…үйӣ·иҫҫ/ROS2-жәҗз Ғ/жәҗз Ғ/YDLidar-SDK-master/src/ETLidarDriver.cpp.o] й”ҷиҜҜ 1
In file included from [01m[K/home/chuil/Desktop/ori_resource/EAI X3&X3 ProжҝҖе…үйӣ·иҫҫ/ROS2-жәҗз Ғ/жәҗз Ғ/YDLidar-SDK-master/src/CYdLidar.cpp:24[m[K:
[01m[K/home/chuil/Desktop/ori_resource/EAI X3&X3 ProжҝҖе…үйӣ·иҫҫ/ROS2-жәҗз Ғ/жәҗз Ғ/YDLidar-SDK-master/src/CYdLidar.h:46:10:[m[K [01;31m[Kfatal error: [m[Kcore/base/utils.h: жІЎжңүйӮЈдёӘж–Үд»¶жҲ–зӣ®еҪ•
   46 | #include [01;31m[K<core/base/utils.h>[m[K
      |          [01;31m[K^~~~~~~~~~~~~~~~~~~[m[K
compilation terminated.
gmake[2]: *** [CMakeFiles/ydlidar_sdk_lib.dir/build.make:90пјҡCMakeFiles/ydlidar_sdk_lib.dir/home/chuil/Desktop/ori_resource/EAI_X3&X3_ProжҝҖе…үйӣ·иҫҫ/ROS2-жәҗз Ғ/жәҗз Ғ/YDLidar-SDK-master/src/CYdLidar.cpp.o] й”ҷиҜҜ 1
In file included from [01m[K/home/chuil/Desktop/ori_resource/EAI X3&X3 ProжҝҖе…үйӣ·иҫҫ/ROS2-жәҗз Ғ/жәҗз Ғ/YDLidar-SDK-master/src/ydlidar_sdk.cpp:26[m[K:
[01m[K/home/chuil/Desktop/ori_resource/EAI X3&X3 ProжҝҖе…үйӣ·иҫҫ/ROS2-жәҗз Ғ/жәҗз Ғ/YDLidar-SDK-master/src/ydlidar_sdk.h:47:10:[m[K [01;31m[Kfatal error: [m[Kcore/common/ydlidar_def.h: жІЎжңүйӮЈдёӘж–Үд»¶жҲ–зӣ®еҪ•
   47 | #include [01;31m[K<core/common/ydlidar_def.h>[m[K
      |          [01;31m[K^~~~~~~~~~~~~~~~~~~~~~~~~~~[m[K
compilation terminated.
gmake[2]: *** [CMakeFiles/ydlidar_sdk_lib.dir/build.make:132пјҡCMakeFiles/ydlidar_sdk_lib.dir/home/chuil/Desktop/ori_resource/EAI_X3&X3_ProжҝҖе…үйӣ·иҫҫ/ROS2-жәҗз Ғ/жәҗз Ғ/YDLidar-SDK-master/src/ydlidar_sdk.cpp.o] й”ҷиҜҜ 1
In file included from [01m[K/home/chuil/Desktop/ori_resource/EAI X3&X3 ProжҝҖе…үйӣ·иҫҫ/ROS2-жәҗз Ғ/жәҗз Ғ/YDLidar-SDK-master/core/serial/serial.cpp:11[m[K:
[01m[K/home/chuil/Desktop/ori_resource/EAI X3&X3 ProжҝҖе…үйӣ·иҫҫ/ROS2-жәҗз Ғ/жәҗз Ғ/YDLidar-SDK-master/core/serial/serial.h:9:10:[m[K [01;31m[Kfatal error: [m[Kcore/base/v8stdint.h: жІЎжңүйӮЈдёӘж–Үд»¶жҲ–зӣ®еҪ•
    9 | #include [01;31m[K<core/base/v8stdint.h>[m[K
      |          [01;31m[K^~~~~~~~~~~~~~~~~~~~~~[m[K
compilation terminated.
gmake[2]: *** [CMakeFiles/ydlidar_sdk_lib.dir/build.make:76пјҡCMakeFiles/ydlidar_sdk_lib.dir/home/chuil/Desktop/ori_resource/EAI_X3&X3_ProжҝҖе…үйӣ·иҫҫ/ROS2-жәҗз Ғ/жәҗз Ғ/YDLidar-SDK-master/core/serial/serial.cpp.o] й”ҷиҜҜ 1
gmake[1]: *** [CMakeFiles/Makefile2:141пјҡCMakeFiles/ydlidar_sdk_lib.dir/all] й”ҷиҜҜ 2
gmake[1]: *** жӯЈеңЁзӯүеҫ…жңӘе®ҢжҲҗзҡ„д»»еҠЎ....
[01m[K/home/chuil/Desktop/zhongxi/src/sensor_interfaces/src/camera_driver.cpp:[m[K In constructor вҖҳ[01m[KCameraDriver::CameraDriver()[m[KвҖҷ:
[01m[K/home/chuil/Desktop/zhongxi/src/sensor_interfaces/src/camera_driver.cpp:27:13:[m[K [01;35m[Kwarning: [m[Kunused variable вҖҳ[01m[Kcamera_id[m[KвҖҷ [[01;35m[K]8;;https://gcc.gnu.org/onlinedocs/gcc/Warning-Options.html#index-Wunused-variable-Wunused-variable]8;;[m[K]
   27 |         int [01;35m[Kcamera_id[m[K = this->get_parameter("camera_id").as_int();
      |             [01;35m[K^~~~~~~~~[m[K
[01m[K/home/chuil/Desktop/zhongxi/src/sensor_interfaces/src/camera_driver.cpp:[m[K In member function вҖҳ[01m[Kvoid CameraDriver::publish_image()[m[KвҖҷ:
[01m[K/home/chuil/Desktop/zhongxi/src/sensor_interfaces/src/camera_driver.cpp:153:35:[m[K [01;31m[Kerror: [m[Kno matching function for call to вҖҳ[01m[Kimage_transport::CameraPublisher::publish(std::shared_ptr<sensor_msgs::msg::Image_<std::allocator<void> > >&, sensor_msgs::msg::CameraInfo&)[m[KвҖҷ
  153 |                 [01;31m[Kimage_pub_.publish(img_msg, camera_info_msg_)[m[K;
      |                 [01;31m[K~~~~~~~~~~~~~~~~~~^~~~~~~~~~~~~~~~~~~~~~~~~~~[m[K
In file included from [01m[K/opt/ros/humble/include/image_transport/image_transport/image_transport.hpp:39[m[K,
                 from [01m[K/home/chuil/Desktop/zhongxi/src/sensor_interfaces/src/camera_driver.cpp:7[m[K:
[01m[K/opt/ros/humble/include/image_transport/image_transport/camera_publisher.hpp:103:8:[m[K [01;36m[Knote: [m[Kcandidate: вҖҳ[01m[Kvoid image_transport::CameraPublisher::publish(const Image&, const CameraInfo&) const[m[KвҖҷ
  103 |   void [01;36m[Kpublish[m[K(
      |        [01;36m[K^~~~~~~[m[K
[01m[K/opt/ros/humble/include/image_transport/image_transport/camera_publisher.hpp:104:37:[m[K [01;36m[Knote: [m[K  no known conversion for argument 1 from вҖҳ[01m[Kstd::shared_ptr<sensor_msgs::msg::Image_<std::allocator<void> > >[m[KвҖҷ to вҖҳ[01m[Kconst Image&[m[KвҖҷ {aka вҖҳ[01m[Kconst sensor_msgs::msg::Image_<std::allocator<void> >&[m[KвҖҷ}
  104 |     [01;36m[Kconst sensor_msgs::msg::Image & image[m[K,
      |     [01;36m[K~~~~~~~~~~~~~~~~~~~~~~~~~~~~~~~~^~~~~[m[K
[01m[K/opt/ros/humble/include/image_transport/image_transport/camera_publisher.hpp:111:8:[m[K [01;36m[Knote: [m[Kcandidate: вҖҳ[01m[Kvoid image_transport::CameraPublisher::publish(const ConstSharedPtr&, const ConstSharedPtr&) const[m[KвҖҷ
  111 |   void [01;36m[Kpublish[m[K(
      |        [01;36m[K^~~~~~~[m[K
[01m[K/opt/ros/humble/include/image_transport/image_transport/camera_publisher.hpp:113:58:[m[K [01;36m[Knote: [m[K  no known conversion for argument 2 from вҖҳ[01m[Ksensor_msgs::msg::CameraInfo[m[KвҖҷ {aka вҖҳ[01m[Ksensor_msgs::msg::CameraInfo_<std::allocator<void> >[m[KвҖҷ} to вҖҳ[01m[Kconst ConstSharedPtr&[m[KвҖҷ {aka вҖҳ[01m[Kconst std::shared_ptr<const sensor_msgs::msg::CameraInfo_<std::allocator<void> > >&[m[KвҖҷ}
  113 |     [01;36m[Kconst sensor_msgs::msg::CameraInfo::ConstSharedPtr & info[m[K) const;
      |     [01;36m[K~~~~~~~~~~~~~~~~~~~~~~~~~~~~~~~~~~~~~~~~~~~~~~~~~~~~~^~~~[m[K
[01m[K/opt/ros/humble/include/image_transport/image_transport/camera_publisher.hpp:123:8:[m[K [01;36m[Knote: [m[Kcandidate: вҖҳ[01m[Kvoid image_transport::CameraPublisher::publish(sensor_msgs::msg::Image&, sensor_msgs::msg::CameraInfo&, rclcpp::Time) const[m[KвҖҷ
  123 |   void [01;36m[Kpublish[m[K(
      |        [01;36m[K^~~~~~~[m[K
[01m[K/opt/ros/humble/include/image_transport/image_transport/camera_publisher.hpp:123:8:[m[K [01;36m[Knote: [m[K  candidate expects 3 arguments, 2 provided
gmake[2]: *** [CMakeFiles/camera_driver.dir/build.make:76пјҡCMakeFiles/camera_driver.dir/src/camera_driver.cpp.o] й”ҷиҜҜ 1
gmake[1]: *** [CMakeFiles/Makefile2:167пјҡCMakeFiles/camera_driver.dir/all] й”ҷиҜҜ 2
gmake: *** [Makefile:146пјҡall] й”ҷиҜҜ 2
