-- The C compiler identification is GNU 11.4.0
-- The CXX compiler identification is GNU 11.4.0
-- Detecting C compiler ABI info
-- Detecting C compiler ABI info - done
-- Check for working C compiler: /usr/bin/cc - skipped
-- Detecting C compile features
-- Detecting C compile features - done
-- Detecting CXX compiler ABI info
-- Detecting CXX compiler ABI info - done
-- Check for working CXX compiler: /usr/bin/c++ - skipped
-- Detecting CXX compile features
-- Detecting CXX compile features - done
-- Found ament_cmake: 1.3.12 (/opt/ros/humble/share/ament_cmake/cmake)
-- Found Python3: /usr/bin/python3 (found version "3.10.12") found components: Interpreter 
-- Found rclcpp: 16.0.17 (/opt/ros/humble/share/rclcpp/cmake)
-- Found rosidl_generator_c: 3.1.8 (/opt/ros/humble/share/rosidl_generator_c/cmake)
-- Found rosidl_adapter: 3.1.8 (/opt/ros/humble/share/rosidl_adapter/cmake)
-- Found rosidl_generator_cpp: 3.1.8 (/opt/ros/humble/share/rosidl_generator_cpp/cmake)
-- Using all available rosidl_typesupport_c: rosidl_typesupport_fastrtps_c;rosidl_typesupport_introspection_c
-- Using all available rosidl_typesupport_cpp: rosidl_typesupport_fastrtps_cpp;rosidl_typesupport_introspection_cpp
-- Found rmw_implementation_cmake: 6.1.2 (/opt/ros/humble/share/rmw_implementation_cmake/cmake)
-- Found rmw_fastrtps_cpp: 6.2.9 (/opt/ros/humble/share/rmw_fastrtps_cpp/cmake)
-- Found OpenSSL: /usr/lib/aarch64-linux-gnu/libcrypto.so (found version "3.0.2")  
-- Found FastRTPS: /opt/ros/humble/include  
-- Using RMW implementation 'rmw_fastrtps_cpp' as default
-- Looking for pthread.h
-- Looking for pthread.h - found
-- Performing Test CMAKE_HAVE_LIBC_PTHREAD
-- Performing Test CMAKE_HAVE_LIBC_PTHREAD - Success
-- Found Threads: TRUE  
-- Found sensor_msgs: 4.9.0 (/opt/ros/humble/share/sensor_msgs/cmake)
-- Found cv_bridge: 3.2.1 (/opt/ros/humble/share/cv_bridge/cmake)
-- Found image_transport: 3.1.12 (/opt/ros/humble/share/image_transport/cmake)
-- Found nav_msgs: 4.9.0 (/opt/ros/humble/share/nav_msgs/cmake)
-- Found tf2: 0.25.18 (/opt/ros/humble/share/tf2/cmake)
-- Found tf2_ros: 0.25.18 (/opt/ros/humble/share/tf2_ros/cmake)
-- Found std_srvs: 4.9.0 (/opt/ros/humble/share/std_srvs/cmake)
-- Found OpenCV: /usr (found version "4.8.0") 
-- Configuring done
-- Generating done
-- Build files have been written to: /home/chuil/Desktop/zhongxi/build/sensor_interfaces
[ 20%] [32mBuilding CXX object CMakeFiles/camera_driver.dir/src/camera_driver.cpp.o[0m
[ 20%] [32mBuilding CXX object CMakeFiles/ydlidar_sdk_lib.dir/home/chuil/Desktop/ori_resource/EAI_X3&X3_Pro激光雷达/ROS2-源码/源码/YDLidar-SDK-master/core/serial/serial.cpp.o[0m
[ 30%] [32mBuilding CXX object CMakeFiles/ydlidar_sdk_lib.dir/home/chuil/Desktop/ori_resource/EAI_X3&X3_Pro激光雷达/ROS2-源码/源码/YDLidar-SDK-master/src/ETLidarDriver.cpp.o[0m
[ 40%] [32mBuilding CXX object CMakeFiles/ydlidar_sdk_lib.dir/home/chuil/Desktop/ori_resource/EAI_X3&X3_Pro激光雷达/ROS2-源码/源码/YDLidar-SDK-master/src/ydlidar_driver.cpp.o[0m
[ 50%] [32mBuilding CXX object CMakeFiles/ydlidar_sdk_lib.dir/home/chuil/Desktop/ori_resource/EAI_X3&X3_Pro激光雷达/ROS2-源码/源码/YDLidar-SDK-master/src/CYdLidar.cpp.o[0m
[ 60%] [32mBuilding CXX object CMakeFiles/ydlidar_sdk_lib.dir/home/chuil/Desktop/ori_resource/EAI_X3&X3_Pro激光雷达/ROS2-源码/源码/YDLidar-SDK-master/src/ydlidar_sdk.cpp.o[0m
