[0.031s] Invoking command in '/home/chuil/Desktop/zhongxi/build/sensor_interfaces': CMAKE_PREFIX_PATH=${CMAKE_PREFIX_PATH}:/home/chuil/Desktop/zhongxi/install/demo_py:/opt/ros/humble /usr/bin/cmake /home/chuil/Desktop/zhongxi/src/sensor_interfaces -DCMAKE_INSTALL_PREFIX=/home/chuil/Desktop/zhongxi/install/sensor_interfaces
[0.208s] -- The C compiler identification is GNU 11.4.0
[0.353s] -- The CXX compiler identification is GNU 11.4.0
[0.382s] -- Detecting C compiler ABI info
[0.576s] -- Detecting C compiler ABI info - done
[0.593s] -- Check for working C compiler: /usr/bin/cc - skipped
[0.596s] -- Detecting C compile features
[0.597s] -- Detecting C compile features - done
[0.610s] -- Detecting CXX compiler ABI info
[0.835s] -- Detecting CXX compiler ABI info - done
[0.857s] -- Check for working CXX compiler: /usr/bin/c++ - skipped
[0.857s] -- Detecting CXX compile features
[0.860s] -- Detecting CXX compile features - done
[0.872s] -- Found ament_cmake: 1.3.12 (/opt/ros/humble/share/ament_cmake/cmake)
[1.318s] -- Found Python3: /usr/bin/python3 (found version "3.10.12") found components: Interpreter 
[1.591s] -- Found rclcpp: 16.0.17 (/opt/ros/humble/share/rclcpp/cmake)
[1.691s] -- Found rosidl_generator_c: 3.1.8 (/opt/ros/humble/share/rosidl_generator_c/cmake)
[1.700s] -- Found rosidl_adapter: 3.1.8 (/opt/ros/humble/share/rosidl_adapter/cmake)
[1.720s] -- Found rosidl_generator_cpp: 3.1.8 (/opt/ros/humble/share/rosidl_generator_cpp/cmake)
[1.746s] -- Using all available rosidl_typesupport_c: rosidl_typesupport_fastrtps_c;rosidl_typesupport_introspection_c
[1.780s] -- Using all available rosidl_typesupport_cpp: rosidl_typesupport_fastrtps_cpp;rosidl_typesupport_introspection_cpp
[1.872s] -- Found rmw_implementation_cmake: 6.1.2 (/opt/ros/humble/share/rmw_implementation_cmake/cmake)
[1.877s] -- Found rmw_fastrtps_cpp: 6.2.9 (/opt/ros/humble/share/rmw_fastrtps_cpp/cmake)
[2.074s] -- Found OpenSSL: /usr/lib/aarch64-linux-gnu/libcrypto.so (found version "3.0.2")  
[2.140s] -- Found FastRTPS: /opt/ros/humble/include  
[2.241s] -- Using RMW implementation 'rmw_fastrtps_cpp' as default
[2.259s] -- Looking for pthread.h
[2.447s] -- Looking for pthread.h - found
[2.448s] -- Performing Test CMAKE_HAVE_LIBC_PTHREAD
[2.644s] -- Performing Test CMAKE_HAVE_LIBC_PTHREAD - Success
[2.648s] -- Found Threads: TRUE  
[2.770s] -- Found sensor_msgs: 4.9.0 (/opt/ros/humble/share/sensor_msgs/cmake)
[2.836s] -- Found cv_bridge: 3.2.1 (/opt/ros/humble/share/cv_bridge/cmake)
[2.854s] -- Found image_transport: 3.1.12 (/opt/ros/humble/share/image_transport/cmake)
[2.929s] -- Found nav_msgs: 4.9.0 (/opt/ros/humble/share/nav_msgs/cmake)
[2.966s] -- Found tf2: 0.25.18 (/opt/ros/humble/share/tf2/cmake)
[2.974s] -- Found tf2_ros: 0.25.18 (/opt/ros/humble/share/tf2_ros/cmake)
[3.147s] -- Found std_srvs: 4.9.0 (/opt/ros/humble/share/std_srvs/cmake)
[3.170s] -- Found OpenCV: /usr (found version "4.8.0") 
[3.352s] -- Configuring done
[3.394s] -- Generating done
[3.409s] -- Build files have been written to: /home/chuil/Desktop/zhongxi/build/sensor_interfaces
[3.455s] Invoked command in '/home/chuil/Desktop/zhongxi/build/sensor_interfaces' returned '0': CMAKE_PREFIX_PATH=${CMAKE_PREFIX_PATH}:/home/chuil/Desktop/zhongxi/install/demo_py:/opt/ros/humble /usr/bin/cmake /home/chuil/Desktop/zhongxi/src/sensor_interfaces -DCMAKE_INSTALL_PREFIX=/home/chuil/Desktop/zhongxi/install/sensor_interfaces
[3.463s] Invoking command in '/home/chuil/Desktop/zhongxi/build/sensor_interfaces': CMAKE_PREFIX_PATH=${CMAKE_PREFIX_PATH}:/home/chuil/Desktop/zhongxi/install/demo_py:/opt/ros/humble /usr/bin/cmake --build /home/chuil/Desktop/zhongxi/build/sensor_interfaces -- -j6 -l6
[3.606s] [ 20%] [32mBuilding CXX object CMakeFiles/camera_driver.dir/src/camera_driver.cpp.o[0m
[3.607s] [ 20%] [32mBuilding CXX object CMakeFiles/ydlidar_sdk_lib.dir/home/chuil/Desktop/ori_resource/EAI_X3&X3_Pro激光雷达/ROS2-源码/源码/YDLidar-SDK-master/core/serial/serial.cpp.o[0m
[3.607s] [ 30%] [32mBuilding CXX object CMakeFiles/ydlidar_sdk_lib.dir/home/chuil/Desktop/ori_resource/EAI_X3&X3_Pro激光雷达/ROS2-源码/源码/YDLidar-SDK-master/src/ETLidarDriver.cpp.o[0m
[3.610s] [ 40%] [32mBuilding CXX object CMakeFiles/ydlidar_sdk_lib.dir/home/chuil/Desktop/ori_resource/EAI_X3&X3_Pro激光雷达/ROS2-源码/源码/YDLidar-SDK-master/src/ydlidar_driver.cpp.o[0m
[3.615s] [ 50%] [32mBuilding CXX object CMakeFiles/ydlidar_sdk_lib.dir/home/chuil/Desktop/ori_resource/EAI_X3&X3_Pro激光雷达/ROS2-源码/源码/YDLidar-SDK-master/src/CYdLidar.cpp.o[0m
[3.634s] [ 60%] [32mBuilding CXX object CMakeFiles/ydlidar_sdk_lib.dir/home/chuil/Desktop/ori_resource/EAI_X3&X3_Pro激光雷达/ROS2-源码/源码/YDLidar-SDK-master/src/ydlidar_sdk.cpp.o[0m
[3.639s] [01m[K/home/chuil/Desktop/ori_resource/EAI X3&X3 Pro激光雷达/ROS2-源码/源码/YDLidar-SDK-master/src/ydlidar_driver.cpp:24:10:[m[K [01;31m[Kfatal error: [m[Kcore/serial/serial.h: 没有那个文件或目录
[3.639s]    24 | #include [01;31m[K<core/serial/serial.h>[m[K
[3.639s]       |          [01;31m[K^~~~~~~~~~~~~~~~~~~~~~[m[K
[3.641s] compilation terminated.
[3.644s] gmake[2]: *** [CMakeFiles/ydlidar_sdk_lib.dir/build.make:118：CMakeFiles/ydlidar_sdk_lib.dir/home/chuil/Desktop/ori_resource/EAI_X3&X3_Pro激光雷达/ROS2-源码/源码/YDLidar-SDK-master/src/ydlidar_driver.cpp.o] 错误 1
[3.644s] gmake[2]: *** 正在等待未完成的任务....
[3.655s] [01m[K/home/chuil/Desktop/ori_resource/EAI X3&X3 Pro激光雷达/ROS2-源码/源码/YDLidar-SDK-master/src/ETLidarDriver.cpp:31:10:[m[K [01;31m[Kfatal error: [m[Kcore/network/PassiveSocket.h: 没有那个文件或目录
[3.655s]    31 | #include [01;31m[K<core/network/PassiveSocket.h>[m[K
[3.656s]       |          [01;31m[K^~~~~~~~~~~~~~~~~~~~~~~~~~~~~~[m[K
[3.657s] compilation terminated.
[3.659s] gmake[2]: *** [CMakeFiles/ydlidar_sdk_lib.dir/build.make:104：CMakeFiles/ydlidar_sdk_lib.dir/home/chuil/Desktop/ori_resource/EAI_X3&X3_Pro激光雷达/ROS2-源码/源码/YDLidar-SDK-master/src/ETLidarDriver.cpp.o] 错误 1
[3.678s] In file included from [01m[K/home/chuil/Desktop/ori_resource/EAI X3&X3 Pro激光雷达/ROS2-源码/源码/YDLidar-SDK-master/src/CYdLidar.cpp:24[m[K:
[3.678s] [01m[K/home/chuil/Desktop/ori_resource/EAI X3&X3 Pro激光雷达/ROS2-源码/源码/YDLidar-SDK-master/src/CYdLidar.h:46:10:[m[K [01;31m[Kfatal error: [m[Kcore/base/utils.h: 没有那个文件或目录
[3.679s]    46 | #include [01;31m[K<core/base/utils.h>[m[K
[3.679s]       |          [01;31m[K^~~~~~~~~~~~~~~~~~~[m[K
[3.679s] compilation terminated.
[3.681s] gmake[2]: *** [CMakeFiles/ydlidar_sdk_lib.dir/build.make:90：CMakeFiles/ydlidar_sdk_lib.dir/home/chuil/Desktop/ori_resource/EAI_X3&X3_Pro激光雷达/ROS2-源码/源码/YDLidar-SDK-master/src/CYdLidar.cpp.o] 错误 1
[3.739s] In file included from [01m[K/home/chuil/Desktop/ori_resource/EAI X3&X3 Pro激光雷达/ROS2-源码/源码/YDLidar-SDK-master/src/ydlidar_sdk.cpp:26[m[K:
[3.740s] [01m[K/home/chuil/Desktop/ori_resource/EAI X3&X3 Pro激光雷达/ROS2-源码/源码/YDLidar-SDK-master/src/ydlidar_sdk.h:47:10:[m[K [01;31m[Kfatal error: [m[Kcore/common/ydlidar_def.h: 没有那个文件或目录
[3.740s]    47 | #include [01;31m[K<core/common/ydlidar_def.h>[m[K
[3.740s]       |          [01;31m[K^~~~~~~~~~~~~~~~~~~~~~~~~~~[m[K
[3.741s] compilation terminated.
[3.745s] gmake[2]: *** [CMakeFiles/ydlidar_sdk_lib.dir/build.make:132：CMakeFiles/ydlidar_sdk_lib.dir/home/chuil/Desktop/ori_resource/EAI_X3&X3_Pro激光雷达/ROS2-源码/源码/YDLidar-SDK-master/src/ydlidar_sdk.cpp.o] 错误 1
[3.761s] In file included from [01m[K/home/chuil/Desktop/ori_resource/EAI X3&X3 Pro激光雷达/ROS2-源码/源码/YDLidar-SDK-master/core/serial/serial.cpp:11[m[K:
[3.762s] [01m[K/home/chuil/Desktop/ori_resource/EAI X3&X3 Pro激光雷达/ROS2-源码/源码/YDLidar-SDK-master/core/serial/serial.h:9:10:[m[K [01;31m[Kfatal error: [m[Kcore/base/v8stdint.h: 没有那个文件或目录
[3.762s]     9 | #include [01;31m[K<core/base/v8stdint.h>[m[K
[3.762s]       |          [01;31m[K^~~~~~~~~~~~~~~~~~~~~~[m[K
[3.762s] compilation terminated.
[3.768s] gmake[2]: *** [CMakeFiles/ydlidar_sdk_lib.dir/build.make:76：CMakeFiles/ydlidar_sdk_lib.dir/home/chuil/Desktop/ori_resource/EAI_X3&X3_Pro激光雷达/ROS2-源码/源码/YDLidar-SDK-master/core/serial/serial.cpp.o] 错误 1
[3.769s] gmake[1]: *** [CMakeFiles/Makefile2:141：CMakeFiles/ydlidar_sdk_lib.dir/all] 错误 2
[3.769s] gmake[1]: *** 正在等待未完成的任务....
[14.946s] [01m[K/home/chuil/Desktop/zhongxi/src/sensor_interfaces/src/camera_driver.cpp:[m[K In constructor ‘[01m[KCameraDriver::CameraDriver()[m[K’:
[14.946s] [01m[K/home/chuil/Desktop/zhongxi/src/sensor_interfaces/src/camera_driver.cpp:27:13:[m[K [01;35m[Kwarning: [m[Kunused variable ‘[01m[Kcamera_id[m[K’ [[01;35m[K]8;;https://gcc.gnu.org/onlinedocs/gcc/Warning-Options.html#index-Wunused-variable-Wunused-variable]8;;[m[K]
[14.947s]    27 |         int [01;35m[Kcamera_id[m[K = this->get_parameter("camera_id").as_int();
[14.947s]       |             [01;35m[K^~~~~~~~~[m[K
[14.980s] [01m[K/home/chuil/Desktop/zhongxi/src/sensor_interfaces/src/camera_driver.cpp:[m[K In member function ‘[01m[Kvoid CameraDriver::publish_image()[m[K’:
[14.980s] [01m[K/home/chuil/Desktop/zhongxi/src/sensor_interfaces/src/camera_driver.cpp:153:35:[m[K [01;31m[Kerror: [m[Kno matching function for call to ‘[01m[Kimage_transport::CameraPublisher::publish(std::shared_ptr<sensor_msgs::msg::Image_<std::allocator<void> > >&, sensor_msgs::msg::CameraInfo&)[m[K’
[14.981s]   153 |                 [01;31m[Kimage_pub_.publish(img_msg, camera_info_msg_)[m[K;
[14.981s]       |                 [01;31m[K~~~~~~~~~~~~~~~~~~^~~~~~~~~~~~~~~~~~~~~~~~~~~[m[K
[14.981s] In file included from [01m[K/opt/ros/humble/include/image_transport/image_transport/image_transport.hpp:39[m[K,
[14.981s]                  from [01m[K/home/chuil/Desktop/zhongxi/src/sensor_interfaces/src/camera_driver.cpp:7[m[K:
[14.981s] [01m[K/opt/ros/humble/include/image_transport/image_transport/camera_publisher.hpp:103:8:[m[K [01;36m[Knote: [m[Kcandidate: ‘[01m[Kvoid image_transport::CameraPublisher::publish(const Image&, const CameraInfo&) const[m[K’
[14.981s]   103 |   void [01;36m[Kpublish[m[K(
[14.981s]       |        [01;36m[K^~~~~~~[m[K
[14.982s] [01m[K/opt/ros/humble/include/image_transport/image_transport/camera_publisher.hpp:104:37:[m[K [01;36m[Knote: [m[K  no known conversion for argument 1 from ‘[01m[Kstd::shared_ptr<sensor_msgs::msg::Image_<std::allocator<void> > >[m[K’ to ‘[01m[Kconst Image&[m[K’ {aka ‘[01m[Kconst sensor_msgs::msg::Image_<std::allocator<void> >&[m[K’}
[14.982s]   104 |     [01;36m[Kconst sensor_msgs::msg::Image & image[m[K,
[14.982s]       |     [01;36m[K~~~~~~~~~~~~~~~~~~~~~~~~~~~~~~~~^~~~~[m[K
[14.982s] [01m[K/opt/ros/humble/include/image_transport/image_transport/camera_publisher.hpp:111:8:[m[K [01;36m[Knote: [m[Kcandidate: ‘[01m[Kvoid image_transport::CameraPublisher::publish(const ConstSharedPtr&, const ConstSharedPtr&) const[m[K’
[14.982s]   111 |   void [01;36m[Kpublish[m[K(
[14.982s]       |        [01;36m[K^~~~~~~[m[K
[14.982s] [01m[K/opt/ros/humble/include/image_transport/image_transport/camera_publisher.hpp:113:58:[m[K [01;36m[Knote: [m[K  no known conversion for argument 2 from ‘[01m[Ksensor_msgs::msg::CameraInfo[m[K’ {aka ‘[01m[Ksensor_msgs::msg::CameraInfo_<std::allocator<void> >[m[K’} to ‘[01m[Kconst ConstSharedPtr&[m[K’ {aka ‘[01m[Kconst std::shared_ptr<const sensor_msgs::msg::CameraInfo_<std::allocator<void> > >&[m[K’}
[14.983s]   113 |     [01;36m[Kconst sensor_msgs::msg::CameraInfo::ConstSharedPtr & info[m[K) const;
[14.983s]       |     [01;36m[K~~~~~~~~~~~~~~~~~~~~~~~~~~~~~~~~~~~~~~~~~~~~~~~~~~~~~^~~~[m[K
[14.983s] [01m[K/opt/ros/humble/include/image_transport/image_transport/camera_publisher.hpp:123:8:[m[K [01;36m[Knote: [m[Kcandidate: ‘[01m[Kvoid image_transport::CameraPublisher::publish(sensor_msgs::msg::Image&, sensor_msgs::msg::CameraInfo&, rclcpp::Time) const[m[K’
[14.983s]   123 |   void [01;36m[Kpublish[m[K(
[14.983s]       |        [01;36m[K^~~~~~~[m[K
[14.983s] [01m[K/opt/ros/humble/include/image_transport/image_transport/camera_publisher.hpp:123:8:[m[K [01;36m[Knote: [m[K  candidate expects 3 arguments, 2 provided
[18.294s] gmake[2]: *** [CMakeFiles/camera_driver.dir/build.make:76：CMakeFiles/camera_driver.dir/src/camera_driver.cpp.o] 错误 1
[18.297s] gmake[1]: *** [CMakeFiles/Makefile2:167：CMakeFiles/camera_driver.dir/all] 错误 2
[18.297s] gmake: *** [Makefile:146：all] 错误 2
[18.304s] Invoked command in '/home/chuil/Desktop/zhongxi/build/sensor_interfaces' returned '2': CMAKE_PREFIX_PATH=${CMAKE_PREFIX_PATH}:/home/chuil/Desktop/zhongxi/install/demo_py:/opt/ros/humble /usr/bin/cmake --build /home/chuil/Desktop/zhongxi/build/sensor_interfaces -- -j6 -l6
