[0.312s] DEBUG:colcon:Command line arguments: ['/usr/bin/colcon', 'build', '--packages-select', 'graphslam', '--symlink-install', '--event-handlers', 'console_direct+']
[0.313s] DEBUG:colcon:Parsed command line arguments: Namespace(log_base=None, log_level=None, verb_name='build', build_base='build', install_base='install', merge_install=False, symlink_install=True, test_result_base=None, continue_on_error=False, executor='parallel', parallel_workers=6, event_handlers=['console_direct+'], ignore_user_meta=False, metas=['./colcon.meta'], base_paths=['.'], packages_ignore=None, packages_ignore_regex=None, paths=None, packages_up_to=None, packages_up_to_regex=None, packages_above=None, packages_above_and_dependencies=None, packages_above_depth=None, packages_select_by_dep=None, packages_skip_by_dep=None, packages_skip_up_to=None, packages_select_build_failed=False, packages_skip_build_finished=False, packages_select_test_failures=False, packages_skip_test_passed=False, packages_select=['graphslam'], packages_skip=None, packages_select_regex=None, packages_skip_regex=None, packages_start=None, packages_end=None, allow_overriding=[], cmake_args=None, cmake_target=None, cmake_target_skip_unavailable=False, cmake_clean_cache=False, cmake_clean_first=False, cmake_force_configure=False, ament_cmake_args=None, catkin_cmake_args=None, catkin_skip_building_tests=False, verb_parser=<colcon_defaults.argument_parser.defaults.DefaultArgumentsDecorator object at 0xffffaf13bcd0>, verb_extension=<colcon_core.verb.build.BuildVerb object at 0xffffaf32c700>, main=<bound method BuildVerb.main of <colcon_core.verb.build.BuildVerb object at 0xffffaf32c700>>)
[0.725s] Level 1:colcon.colcon_core.package_discovery:discover_packages(colcon_meta) check parameters
[0.725s] Level 1:colcon.colcon_core.package_discovery:discover_packages(recursive) check parameters
[0.725s] Level 1:colcon.colcon_core.package_discovery:discover_packages(ignore) check parameters
[0.726s] Level 1:colcon.colcon_core.package_discovery:discover_packages(path) check parameters
[0.726s] Level 1:colcon.colcon_core.package_discovery:discover_packages(colcon_meta) discover
[0.726s] Level 1:colcon.colcon_core.package_discovery:discover_packages(recursive) discover
[0.726s] INFO:colcon.colcon_core.package_discovery:Crawling recursively for packages in '/home/chuil/Desktop/zhongxi'
[0.726s] Level 1:colcon.colcon_core.package_identification:_identify(.) by extensions ['ignore', 'ignore_ament_install']
[0.727s] Level 1:colcon.colcon_core.package_identification:_identify(.) by extension 'ignore'
[0.727s] Level 1:colcon.colcon_core.package_identification:_identify(.) by extension 'ignore_ament_install'
[0.727s] Level 1:colcon.colcon_core.package_identification:_identify(.) by extensions ['colcon_pkg']
[0.727s] Level 1:colcon.colcon_core.package_identification:_identify(.) by extension 'colcon_pkg'
[0.727s] Level 1:colcon.colcon_core.package_identification:_identify(.) by extensions ['colcon_meta']
[0.727s] Level 1:colcon.colcon_core.package_identification:_identify(.) by extension 'colcon_meta'
[0.727s] Level 1:colcon.colcon_core.package_identification:_identify(.) by extensions ['ros']
[0.727s] Level 1:colcon.colcon_core.package_identification:_identify(.) by extension 'ros'
[0.764s] Level 1:colcon.colcon_core.package_identification:_identify(.) by extensions ['cmake', 'python']
[0.765s] Level 1:colcon.colcon_core.package_identification:_identify(.) by extension 'cmake'
[0.765s] Level 1:colcon.colcon_core.package_identification:_identify(.) by extension 'python'
[0.765s] Level 1:colcon.colcon_core.package_identification:_identify(.) by extensions ['python_setup_py']
[0.765s] Level 1:colcon.colcon_core.package_identification:_identify(.) by extension 'python_setup_py'
[0.766s] Level 1:colcon.colcon_core.package_identification:_identify(bin) by extensions ['ignore', 'ignore_ament_install']
[0.766s] Level 1:colcon.colcon_core.package_identification:_identify(bin) by extension 'ignore'
[0.766s] Level 1:colcon.colcon_core.package_identification:_identify(bin) by extension 'ignore_ament_install'
[0.766s] Level 1:colcon.colcon_core.package_identification:_identify(bin) by extensions ['colcon_pkg']
[0.766s] Level 1:colcon.colcon_core.package_identification:_identify(bin) by extension 'colcon_pkg'
[0.767s] Level 1:colcon.colcon_core.package_identification:_identify(bin) by extensions ['colcon_meta']
[0.767s] Level 1:colcon.colcon_core.package_identification:_identify(bin) by extension 'colcon_meta'
[0.767s] Level 1:colcon.colcon_core.package_identification:_identify(bin) by extensions ['ros']
[0.767s] Level 1:colcon.colcon_core.package_identification:_identify(bin) by extension 'ros'
[0.767s] Level 1:colcon.colcon_core.package_identification:_identify(bin) by extensions ['cmake', 'python']
[0.767s] Level 1:colcon.colcon_core.package_identification:_identify(bin) by extension 'cmake'
[0.767s] Level 1:colcon.colcon_core.package_identification:_identify(bin) by extension 'python'
[0.767s] Level 1:colcon.colcon_core.package_identification:_identify(bin) by extensions ['python_setup_py']
[0.767s] Level 1:colcon.colcon_core.package_identification:_identify(bin) by extension 'python_setup_py'
[0.768s] Level 1:colcon.colcon_core.package_identification:_identify(bin/check) by extensions ['ignore', 'ignore_ament_install']
[0.768s] Level 1:colcon.colcon_core.package_identification:_identify(bin/check) by extension 'ignore'
[0.768s] Level 1:colcon.colcon_core.package_identification:_identify(bin/check) by extension 'ignore_ament_install'
[0.768s] Level 1:colcon.colcon_core.package_identification:_identify(bin/check) by extensions ['colcon_pkg']
[0.768s] Level 1:colcon.colcon_core.package_identification:_identify(bin/check) by extension 'colcon_pkg'
[0.768s] Level 1:colcon.colcon_core.package_identification:_identify(bin/check) by extensions ['colcon_meta']
[0.768s] Level 1:colcon.colcon_core.package_identification:_identify(bin/check) by extension 'colcon_meta'
[0.769s] Level 1:colcon.colcon_core.package_identification:_identify(bin/check) by extensions ['ros']
[0.769s] Level 1:colcon.colcon_core.package_identification:_identify(bin/check) by extension 'ros'
[0.769s] Level 1:colcon.colcon_core.package_identification:_identify(bin/check) by extensions ['cmake', 'python']
[0.769s] Level 1:colcon.colcon_core.package_identification:_identify(bin/check) by extension 'cmake'
[0.769s] Level 1:colcon.colcon_core.package_identification:_identify(bin/check) by extension 'python'
[0.769s] Level 1:colcon.colcon_core.package_identification:_identify(bin/check) by extensions ['python_setup_py']
[0.769s] Level 1:colcon.colcon_core.package_identification:_identify(bin/check) by extension 'python_setup_py'
[0.769s] Level 1:colcon.colcon_core.package_identification:_identify(build) by extensions ['ignore', 'ignore_ament_install']
[0.770s] Level 1:colcon.colcon_core.package_identification:_identify(build) by extension 'ignore'
[0.770s] Level 1:colcon.colcon_core.package_identification:_identify(build) ignored
[0.770s] Level 1:colcon.colcon_core.package_identification:_identify(config) by extensions ['ignore', 'ignore_ament_install']
[0.770s] Level 1:colcon.colcon_core.package_identification:_identify(config) by extension 'ignore'
[0.770s] Level 1:colcon.colcon_core.package_identification:_identify(config) by extension 'ignore_ament_install'
[0.771s] Level 1:colcon.colcon_core.package_identification:_identify(config) by extensions ['colcon_pkg']
[0.771s] Level 1:colcon.colcon_core.package_identification:_identify(config) by extension 'colcon_pkg'
[0.771s] Level 1:colcon.colcon_core.package_identification:_identify(config) by extensions ['colcon_meta']
[0.771s] Level 1:colcon.colcon_core.package_identification:_identify(config) by extension 'colcon_meta'
[0.771s] Level 1:colcon.colcon_core.package_identification:_identify(config) by extensions ['ros']
[0.771s] Level 1:colcon.colcon_core.package_identification:_identify(config) by extension 'ros'
[0.771s] Level 1:colcon.colcon_core.package_identification:_identify(config) by extensions ['cmake', 'python']
[0.771s] Level 1:colcon.colcon_core.package_identification:_identify(config) by extension 'cmake'
[0.771s] Level 1:colcon.colcon_core.package_identification:_identify(config) by extension 'python'
[0.772s] Level 1:colcon.colcon_core.package_identification:_identify(config) by extensions ['python_setup_py']
[0.772s] Level 1:colcon.colcon_core.package_identification:_identify(config) by extension 'python_setup_py'
[0.772s] Level 1:colcon.colcon_core.package_identification:_identify(install) by extensions ['ignore', 'ignore_ament_install']
[0.772s] Level 1:colcon.colcon_core.package_identification:_identify(install) by extension 'ignore'
[0.772s] Level 1:colcon.colcon_core.package_identification:_identify(install) ignored
[0.772s] Level 1:colcon.colcon_core.package_identification:_identify(learning) by extensions ['ignore', 'ignore_ament_install']
[0.773s] Level 1:colcon.colcon_core.package_identification:_identify(learning) by extension 'ignore'
[0.773s] Level 1:colcon.colcon_core.package_identification:_identify(learning) by extension 'ignore_ament_install'
[0.773s] Level 1:colcon.colcon_core.package_identification:_identify(learning) by extensions ['colcon_pkg']
[0.773s] Level 1:colcon.colcon_core.package_identification:_identify(learning) by extension 'colcon_pkg'
[0.773s] Level 1:colcon.colcon_core.package_identification:_identify(learning) by extensions ['colcon_meta']
[0.773s] Level 1:colcon.colcon_core.package_identification:_identify(learning) by extension 'colcon_meta'
[0.773s] Level 1:colcon.colcon_core.package_identification:_identify(learning) by extensions ['ros']
[0.773s] Level 1:colcon.colcon_core.package_identification:_identify(learning) by extension 'ros'
[0.774s] Level 1:colcon.colcon_core.package_identification:_identify(learning) by extensions ['cmake', 'python']
[0.774s] Level 1:colcon.colcon_core.package_identification:_identify(learning) by extension 'cmake'
[0.774s] Level 1:colcon.colcon_core.package_identification:_identify(learning) by extension 'python'
[0.774s] Level 1:colcon.colcon_core.package_identification:_identify(learning) by extensions ['python_setup_py']
[0.774s] Level 1:colcon.colcon_core.package_identification:_identify(learning) by extension 'python_setup_py'
[0.774s] Level 1:colcon.colcon_core.package_identification:_identify(learning/simulations_解读) by extensions ['ignore', 'ignore_ament_install']
[0.774s] Level 1:colcon.colcon_core.package_identification:_identify(learning/simulations_解读) by extension 'ignore'
[0.775s] Level 1:colcon.colcon_core.package_identification:_identify(learning/simulations_解读) by extension 'ignore_ament_install'
[0.775s] Level 1:colcon.colcon_core.package_identification:_identify(learning/simulations_解读) by extensions ['colcon_pkg']
[0.775s] Level 1:colcon.colcon_core.package_identification:_identify(learning/simulations_解读) by extension 'colcon_pkg'
[0.775s] Level 1:colcon.colcon_core.package_identification:_identify(learning/simulations_解读) by extensions ['colcon_meta']
[0.775s] Level 1:colcon.colcon_core.package_identification:_identify(learning/simulations_解读) by extension 'colcon_meta'
[0.775s] Level 1:colcon.colcon_core.package_identification:_identify(learning/simulations_解读) by extensions ['ros']
[0.775s] Level 1:colcon.colcon_core.package_identification:_identify(learning/simulations_解读) by extension 'ros'
[0.775s] Level 1:colcon.colcon_core.package_identification:_identify(learning/simulations_解读) by extensions ['cmake', 'python']
[0.776s] Level 1:colcon.colcon_core.package_identification:_identify(learning/simulations_解读) by extension 'cmake'
[0.776s] Level 1:colcon.colcon_core.package_identification:_identify(learning/simulations_解读) by extension 'python'
[0.776s] Level 1:colcon.colcon_core.package_identification:_identify(learning/simulations_解读) by extensions ['python_setup_py']
[0.776s] Level 1:colcon.colcon_core.package_identification:_identify(learning/simulations_解读) by extension 'python_setup_py'
[0.776s] Level 1:colcon.colcon_core.package_identification:_identify(learning/src_解读) by extensions ['ignore', 'ignore_ament_install']
[0.776s] Level 1:colcon.colcon_core.package_identification:_identify(learning/src_解读) by extension 'ignore'
[0.776s] Level 1:colcon.colcon_core.package_identification:_identify(learning/src_解读) by extension 'ignore_ament_install'
[0.777s] Level 1:colcon.colcon_core.package_identification:_identify(learning/src_解读) by extensions ['colcon_pkg']
[0.777s] Level 1:colcon.colcon_core.package_identification:_identify(learning/src_解读) by extension 'colcon_pkg'
[0.777s] Level 1:colcon.colcon_core.package_identification:_identify(learning/src_解读) by extensions ['colcon_meta']
[0.777s] Level 1:colcon.colcon_core.package_identification:_identify(learning/src_解读) by extension 'colcon_meta'
[0.777s] Level 1:colcon.colcon_core.package_identification:_identify(learning/src_解读) by extensions ['ros']
[0.777s] Level 1:colcon.colcon_core.package_identification:_identify(learning/src_解读) by extension 'ros'
[0.777s] Level 1:colcon.colcon_core.package_identification:_identify(learning/src_解读) by extensions ['cmake', 'python']
[0.777s] Level 1:colcon.colcon_core.package_identification:_identify(learning/src_解读) by extension 'cmake'
[0.778s] Level 1:colcon.colcon_core.package_identification:_identify(learning/src_解读) by extension 'python'
[0.778s] Level 1:colcon.colcon_core.package_identification:_identify(learning/src_解读) by extensions ['python_setup_py']
[0.778s] Level 1:colcon.colcon_core.package_identification:_identify(learning/src_解读) by extension 'python_setup_py'
[0.778s] Level 1:colcon.colcon_core.package_identification:_identify(learning/src_解读/graphslam_解读) by extensions ['ignore', 'ignore_ament_install']
[0.778s] Level 1:colcon.colcon_core.package_identification:_identify(learning/src_解读/graphslam_解读) by extension 'ignore'
[0.778s] Level 1:colcon.colcon_core.package_identification:_identify(learning/src_解读/graphslam_解读) by extension 'ignore_ament_install'
[0.778s] Level 1:colcon.colcon_core.package_identification:_identify(learning/src_解读/graphslam_解读) by extensions ['colcon_pkg']
[0.779s] Level 1:colcon.colcon_core.package_identification:_identify(learning/src_解读/graphslam_解读) by extension 'colcon_pkg'
[0.779s] Level 1:colcon.colcon_core.package_identification:_identify(learning/src_解读/graphslam_解读) by extensions ['colcon_meta']
[0.779s] Level 1:colcon.colcon_core.package_identification:_identify(learning/src_解读/graphslam_解读) by extension 'colcon_meta'
[0.779s] Level 1:colcon.colcon_core.package_identification:_identify(learning/src_解读/graphslam_解读) by extensions ['ros']
[0.779s] Level 1:colcon.colcon_core.package_identification:_identify(learning/src_解读/graphslam_解读) by extension 'ros'
[0.779s] Level 1:colcon.colcon_core.package_identification:_identify(learning/src_解读/graphslam_解读) by extensions ['cmake', 'python']
[0.779s] Level 1:colcon.colcon_core.package_identification:_identify(learning/src_解读/graphslam_解读) by extension 'cmake'
[0.779s] Level 1:colcon.colcon_core.package_identification:_identify(learning/src_解读/graphslam_解读) by extension 'python'
[0.779s] Level 1:colcon.colcon_core.package_identification:_identify(learning/src_解读/graphslam_解读) by extensions ['python_setup_py']
[0.780s] Level 1:colcon.colcon_core.package_identification:_identify(learning/src_解读/graphslam_解读) by extension 'python_setup_py'
[0.780s] Level 1:colcon.colcon_core.package_identification:_identify(learning/src_解读/graphslam_解读/src_解读) by extensions ['ignore', 'ignore_ament_install']
[0.780s] Level 1:colcon.colcon_core.package_identification:_identify(learning/src_解读/graphslam_解读/src_解读) by extension 'ignore'
[0.780s] Level 1:colcon.colcon_core.package_identification:_identify(learning/src_解读/graphslam_解读/src_解读) by extension 'ignore_ament_install'
[0.780s] Level 1:colcon.colcon_core.package_identification:_identify(learning/src_解读/graphslam_解读/src_解读) by extensions ['colcon_pkg']
[0.780s] Level 1:colcon.colcon_core.package_identification:_identify(learning/src_解读/graphslam_解读/src_解读) by extension 'colcon_pkg'
[0.781s] Level 1:colcon.colcon_core.package_identification:_identify(learning/src_解读/graphslam_解读/src_解读) by extensions ['colcon_meta']
[0.781s] Level 1:colcon.colcon_core.package_identification:_identify(learning/src_解读/graphslam_解读/src_解读) by extension 'colcon_meta'
[0.781s] Level 1:colcon.colcon_core.package_identification:_identify(learning/src_解读/graphslam_解读/src_解读) by extensions ['ros']
[0.781s] Level 1:colcon.colcon_core.package_identification:_identify(learning/src_解读/graphslam_解读/src_解读) by extension 'ros'
[0.781s] Level 1:colcon.colcon_core.package_identification:_identify(learning/src_解读/graphslam_解读/src_解读) by extensions ['cmake', 'python']
[0.781s] Level 1:colcon.colcon_core.package_identification:_identify(learning/src_解读/graphslam_解读/src_解读) by extension 'cmake'
[0.781s] Level 1:colcon.colcon_core.package_identification:_identify(learning/src_解读/graphslam_解读/src_解读) by extension 'python'
[0.781s] Level 1:colcon.colcon_core.package_identification:_identify(learning/src_解读/graphslam_解读/src_解读) by extensions ['python_setup_py']
[0.781s] Level 1:colcon.colcon_core.package_identification:_identify(learning/src_解读/graphslam_解读/src_解读) by extension 'python_setup_py'
[0.782s] Level 1:colcon.colcon_core.package_identification:_identify(log) by extensions ['ignore', 'ignore_ament_install']
[0.782s] Level 1:colcon.colcon_core.package_identification:_identify(log) by extension 'ignore'
[0.782s] Level 1:colcon.colcon_core.package_identification:_identify(log) ignored
[0.783s] Level 1:colcon.colcon_core.package_identification:_identify(simulations) by extensions ['ignore', 'ignore_ament_install']
[0.783s] Level 1:colcon.colcon_core.package_identification:_identify(simulations) by extension 'ignore'
[0.783s] Level 1:colcon.colcon_core.package_identification:_identify(simulations) by extension 'ignore_ament_install'
[0.783s] Level 1:colcon.colcon_core.package_identification:_identify(simulations) by extensions ['colcon_pkg']
[0.783s] Level 1:colcon.colcon_core.package_identification:_identify(simulations) by extension 'colcon_pkg'
[0.783s] Level 1:colcon.colcon_core.package_identification:_identify(simulations) by extensions ['colcon_meta']
[0.783s] Level 1:colcon.colcon_core.package_identification:_identify(simulations) by extension 'colcon_meta'
[0.783s] Level 1:colcon.colcon_core.package_identification:_identify(simulations) by extensions ['ros']
[0.784s] Level 1:colcon.colcon_core.package_identification:_identify(simulations) by extension 'ros'
[0.784s] Level 1:colcon.colcon_core.package_identification:_identify(simulations) by extensions ['cmake', 'python']
[0.784s] Level 1:colcon.colcon_core.package_identification:_identify(simulations) by extension 'cmake'
[0.785s] Level 1:colcon.colcon_core.package_identification:_identify(simulations) by extension 'python'
[0.785s] Level 1:colcon.colcon_core.package_identification:_identify(simulations) by extensions ['python_setup_py']
[0.785s] Level 1:colcon.colcon_core.package_identification:_identify(simulations) by extension 'python_setup_py'
[0.785s] Level 1:colcon.colcon_core.package_identification:_identify(simulations/env) by extensions ['ignore', 'ignore_ament_install']
[0.786s] Level 1:colcon.colcon_core.package_identification:_identify(simulations/env) by extension 'ignore'
[0.786s] Level 1:colcon.colcon_core.package_identification:_identify(simulations/env) by extension 'ignore_ament_install'
[0.786s] Level 1:colcon.colcon_core.package_identification:_identify(simulations/env) by extensions ['colcon_pkg']
[0.786s] Level 1:colcon.colcon_core.package_identification:_identify(simulations/env) by extension 'colcon_pkg'
[0.786s] Level 1:colcon.colcon_core.package_identification:_identify(simulations/env) by extensions ['colcon_meta']
[0.786s] Level 1:colcon.colcon_core.package_identification:_identify(simulations/env) by extension 'colcon_meta'
[0.786s] Level 1:colcon.colcon_core.package_identification:_identify(simulations/env) by extensions ['ros']
[0.786s] Level 1:colcon.colcon_core.package_identification:_identify(simulations/env) by extension 'ros'
[0.787s] Level 1:colcon.colcon_core.package_identification:_identify(simulations/env) by extensions ['cmake', 'python']
[0.787s] Level 1:colcon.colcon_core.package_identification:_identify(simulations/env) by extension 'cmake'
[0.787s] Level 1:colcon.colcon_core.package_identification:_identify(simulations/env) by extension 'python'
[0.787s] Level 1:colcon.colcon_core.package_identification:_identify(simulations/env) by extensions ['python_setup_py']
[0.787s] Level 1:colcon.colcon_core.package_identification:_identify(simulations/env) by extension 'python_setup_py'
[0.787s] Level 1:colcon.colcon_core.package_identification:_identify(simulations/gazebo_local) by extensions ['ignore', 'ignore_ament_install']
[0.787s] Level 1:colcon.colcon_core.package_identification:_identify(simulations/gazebo_local) by extension 'ignore'
[0.788s] Level 1:colcon.colcon_core.package_identification:_identify(simulations/gazebo_local) by extension 'ignore_ament_install'
[0.788s] Level 1:colcon.colcon_core.package_identification:_identify(simulations/gazebo_local) by extensions ['colcon_pkg']
[0.788s] Level 1:colcon.colcon_core.package_identification:_identify(simulations/gazebo_local) by extension 'colcon_pkg'
[0.788s] Level 1:colcon.colcon_core.package_identification:_identify(simulations/gazebo_local) by extensions ['colcon_meta']
[0.788s] Level 1:colcon.colcon_core.package_identification:_identify(simulations/gazebo_local) by extension 'colcon_meta'
[0.788s] Level 1:colcon.colcon_core.package_identification:_identify(simulations/gazebo_local) by extensions ['ros']
[0.788s] Level 1:colcon.colcon_core.package_identification:_identify(simulations/gazebo_local) by extension 'ros'
[0.788s] Level 1:colcon.colcon_core.package_identification:_identify(simulations/gazebo_local) by extensions ['cmake', 'python']
[0.788s] Level 1:colcon.colcon_core.package_identification:_identify(simulations/gazebo_local) by extension 'cmake'
[0.789s] Level 1:colcon.colcon_core.package_identification:_identify(simulations/gazebo_local) by extension 'python'
[0.789s] Level 1:colcon.colcon_core.package_identification:_identify(simulations/gazebo_local) by extensions ['python_setup_py']
[0.789s] Level 1:colcon.colcon_core.package_identification:_identify(simulations/gazebo_local) by extension 'python_setup_py'
[0.789s] Level 1:colcon.colcon_core.package_identification:_identify(simulations/launch) by extensions ['ignore', 'ignore_ament_install']
[0.789s] Level 1:colcon.colcon_core.package_identification:_identify(simulations/launch) by extension 'ignore'
[0.789s] Level 1:colcon.colcon_core.package_identification:_identify(simulations/launch) by extension 'ignore_ament_install'
[0.789s] Level 1:colcon.colcon_core.package_identification:_identify(simulations/launch) by extensions ['colcon_pkg']
[0.790s] Level 1:colcon.colcon_core.package_identification:_identify(simulations/launch) by extension 'colcon_pkg'
[0.790s] Level 1:colcon.colcon_core.package_identification:_identify(simulations/launch) by extensions ['colcon_meta']
[0.790s] Level 1:colcon.colcon_core.package_identification:_identify(simulations/launch) by extension 'colcon_meta'
[0.790s] Level 1:colcon.colcon_core.package_identification:_identify(simulations/launch) by extensions ['ros']
[0.790s] Level 1:colcon.colcon_core.package_identification:_identify(simulations/launch) by extension 'ros'
[0.790s] Level 1:colcon.colcon_core.package_identification:_identify(simulations/launch) by extensions ['cmake', 'python']
[0.790s] Level 1:colcon.colcon_core.package_identification:_identify(simulations/launch) by extension 'cmake'
[0.790s] Level 1:colcon.colcon_core.package_identification:_identify(simulations/launch) by extension 'python'
[0.790s] Level 1:colcon.colcon_core.package_identification:_identify(simulations/launch) by extensions ['python_setup_py']
[0.790s] Level 1:colcon.colcon_core.package_identification:_identify(simulations/launch) by extension 'python_setup_py'
[0.791s] Level 1:colcon.colcon_core.package_identification:_identify(simulations/launch/__pycache__) by extensions ['ignore', 'ignore_ament_install']
[0.791s] Level 1:colcon.colcon_core.package_identification:_identify(simulations/launch/__pycache__) by extension 'ignore'
[0.791s] Level 1:colcon.colcon_core.package_identification:_identify(simulations/launch/__pycache__) by extension 'ignore_ament_install'
[0.791s] Level 1:colcon.colcon_core.package_identification:_identify(simulations/launch/__pycache__) by extensions ['colcon_pkg']
[0.791s] Level 1:colcon.colcon_core.package_identification:_identify(simulations/launch/__pycache__) by extension 'colcon_pkg'
[0.791s] Level 1:colcon.colcon_core.package_identification:_identify(simulations/launch/__pycache__) by extensions ['colcon_meta']
[0.791s] Level 1:colcon.colcon_core.package_identification:_identify(simulations/launch/__pycache__) by extension 'colcon_meta'
[0.792s] Level 1:colcon.colcon_core.package_identification:_identify(simulations/launch/__pycache__) by extensions ['ros']
[0.792s] Level 1:colcon.colcon_core.package_identification:_identify(simulations/launch/__pycache__) by extension 'ros'
[0.792s] Level 1:colcon.colcon_core.package_identification:_identify(simulations/launch/__pycache__) by extensions ['cmake', 'python']
[0.792s] Level 1:colcon.colcon_core.package_identification:_identify(simulations/launch/__pycache__) by extension 'cmake'
[0.792s] Level 1:colcon.colcon_core.package_identification:_identify(simulations/launch/__pycache__) by extension 'python'
[0.792s] Level 1:colcon.colcon_core.package_identification:_identify(simulations/launch/__pycache__) by extensions ['python_setup_py']
[0.792s] Level 1:colcon.colcon_core.package_identification:_identify(simulations/launch/__pycache__) by extension 'python_setup_py'
[0.792s] Level 1:colcon.colcon_core.package_identification:_identify(simulations/packages) by extensions ['ignore', 'ignore_ament_install']
[0.793s] Level 1:colcon.colcon_core.package_identification:_identify(simulations/packages) by extension 'ignore'
[0.793s] Level 1:colcon.colcon_core.package_identification:_identify(simulations/packages) by extension 'ignore_ament_install'
[0.793s] Level 1:colcon.colcon_core.package_identification:_identify(simulations/packages) by extensions ['colcon_pkg']
[0.793s] Level 1:colcon.colcon_core.package_identification:_identify(simulations/packages) by extension 'colcon_pkg'
[0.793s] Level 1:colcon.colcon_core.package_identification:_identify(simulations/packages) by extensions ['colcon_meta']
[0.793s] Level 1:colcon.colcon_core.package_identification:_identify(simulations/packages) by extension 'colcon_meta'
[0.793s] Level 1:colcon.colcon_core.package_identification:_identify(simulations/packages) by extensions ['ros']
[0.793s] Level 1:colcon.colcon_core.package_identification:_identify(simulations/packages) by extension 'ros'
[0.794s] Level 1:colcon.colcon_core.package_identification:_identify(simulations/packages) by extensions ['cmake', 'python']
[0.794s] Level 1:colcon.colcon_core.package_identification:_identify(simulations/packages) by extension 'cmake'
[0.794s] Level 1:colcon.colcon_core.package_identification:_identify(simulations/packages) by extension 'python'
[0.794s] Level 1:colcon.colcon_core.package_identification:_identify(simulations/packages) by extensions ['python_setup_py']
[0.794s] Level 1:colcon.colcon_core.package_identification:_identify(simulations/packages) by extension 'python_setup_py'
[0.794s] Level 1:colcon.colcon_core.package_identification:_identify(simulations/packages/sim_gazebo) by extensions ['ignore', 'ignore_ament_install']
[0.794s] Level 1:colcon.colcon_core.package_identification:_identify(simulations/packages/sim_gazebo) by extension 'ignore'
[0.795s] Level 1:colcon.colcon_core.package_identification:_identify(simulations/packages/sim_gazebo) ignored
[0.795s] Level 1:colcon.colcon_core.package_identification:_identify(simulations/packages/sim_sensors) by extensions ['ignore', 'ignore_ament_install']
[0.795s] Level 1:colcon.colcon_core.package_identification:_identify(simulations/packages/sim_sensors) by extension 'ignore'
[0.795s] Level 1:colcon.colcon_core.package_identification:_identify(simulations/packages/sim_sensors) by extension 'ignore_ament_install'
[0.795s] Level 1:colcon.colcon_core.package_identification:_identify(simulations/packages/sim_sensors) by extensions ['colcon_pkg']
[0.795s] Level 1:colcon.colcon_core.package_identification:_identify(simulations/packages/sim_sensors) by extension 'colcon_pkg'
[0.795s] Level 1:colcon.colcon_core.package_identification:_identify(simulations/packages/sim_sensors) by extensions ['colcon_meta']
[0.795s] Level 1:colcon.colcon_core.package_identification:_identify(simulations/packages/sim_sensors) by extension 'colcon_meta'
[0.796s] Level 1:colcon.colcon_core.package_identification:_identify(simulations/packages/sim_sensors) by extensions ['ros']
[0.796s] Level 1:colcon.colcon_core.package_identification:_identify(simulations/packages/sim_sensors) by extension 'ros'
[0.799s] DEBUG:colcon.colcon_core.package_identification:Failed to parse potential ROS package manifest in'simulations/packages/sim_sensors': Error(s) in package 'simulations/packages/sim_sensors/package.xml':
The manifest contains invalid XML:
no element found: line 1, column 0
[0.799s] Level 1:colcon.colcon_core.package_identification:_identify(simulations/packages/sim_sensors) by extensions ['cmake', 'python']
[0.799s] Level 1:colcon.colcon_core.package_identification:_identify(simulations/packages/sim_sensors) by extension 'cmake'
[0.799s] Level 1:colcon.colcon_core.package_identification:_identify(simulations/packages/sim_sensors) by extension 'python'
[0.799s] Level 1:colcon.colcon_core.package_identification:_identify(simulations/packages/sim_sensors) by extensions ['python_setup_py']
[0.799s] Level 1:colcon.colcon_core.package_identification:_identify(simulations/packages/sim_sensors) by extension 'python_setup_py'
[0.800s] Level 1:colcon.colcon_core.package_identification:_identify(simulations/packages/sim_sensors/launch) by extensions ['ignore', 'ignore_ament_install']
[0.800s] Level 1:colcon.colcon_core.package_identification:_identify(simulations/packages/sim_sensors/launch) by extension 'ignore'
[0.800s] Level 1:colcon.colcon_core.package_identification:_identify(simulations/packages/sim_sensors/launch) by extension 'ignore_ament_install'
[0.800s] Level 1:colcon.colcon_core.package_identification:_identify(simulations/packages/sim_sensors/launch) by extensions ['colcon_pkg']
[0.800s] Level 1:colcon.colcon_core.package_identification:_identify(simulations/packages/sim_sensors/launch) by extension 'colcon_pkg'
[0.800s] Level 1:colcon.colcon_core.package_identification:_identify(simulations/packages/sim_sensors/launch) by extensions ['colcon_meta']
[0.801s] Level 1:colcon.colcon_core.package_identification:_identify(simulations/packages/sim_sensors/launch) by extension 'colcon_meta'
[0.801s] Level 1:colcon.colcon_core.package_identification:_identify(simulations/packages/sim_sensors/launch) by extensions ['ros']
[0.801s] Level 1:colcon.colcon_core.package_identification:_identify(simulations/packages/sim_sensors/launch) by extension 'ros'
[0.801s] Level 1:colcon.colcon_core.package_identification:_identify(simulations/packages/sim_sensors/launch) by extensions ['cmake', 'python']
[0.801s] Level 1:colcon.colcon_core.package_identification:_identify(simulations/packages/sim_sensors/launch) by extension 'cmake'
[0.801s] Level 1:colcon.colcon_core.package_identification:_identify(simulations/packages/sim_sensors/launch) by extension 'python'
[0.801s] Level 1:colcon.colcon_core.package_identification:_identify(simulations/packages/sim_sensors/launch) by extensions ['python_setup_py']
[0.801s] Level 1:colcon.colcon_core.package_identification:_identify(simulations/packages/sim_sensors/launch) by extension 'python_setup_py'
[0.802s] Level 1:colcon.colcon_core.package_identification:_identify(simulations/packages/sim_sensors/src) by extensions ['ignore', 'ignore_ament_install']
[0.802s] Level 1:colcon.colcon_core.package_identification:_identify(simulations/packages/sim_sensors/src) by extension 'ignore'
[0.802s] Level 1:colcon.colcon_core.package_identification:_identify(simulations/packages/sim_sensors/src) by extension 'ignore_ament_install'
[0.802s] Level 1:colcon.colcon_core.package_identification:_identify(simulations/packages/sim_sensors/src) by extensions ['colcon_pkg']
[0.802s] Level 1:colcon.colcon_core.package_identification:_identify(simulations/packages/sim_sensors/src) by extension 'colcon_pkg'
[0.802s] Level 1:colcon.colcon_core.package_identification:_identify(simulations/packages/sim_sensors/src) by extensions ['colcon_meta']
[0.802s] Level 1:colcon.colcon_core.package_identification:_identify(simulations/packages/sim_sensors/src) by extension 'colcon_meta'
[0.803s] Level 1:colcon.colcon_core.package_identification:_identify(simulations/packages/sim_sensors/src) by extensions ['ros']
[0.803s] Level 1:colcon.colcon_core.package_identification:_identify(simulations/packages/sim_sensors/src) by extension 'ros'
[0.803s] Level 1:colcon.colcon_core.package_identification:_identify(simulations/packages/sim_sensors/src) by extensions ['cmake', 'python']
[0.803s] Level 1:colcon.colcon_core.package_identification:_identify(simulations/packages/sim_sensors/src) by extension 'cmake'
[0.803s] Level 1:colcon.colcon_core.package_identification:_identify(simulations/packages/sim_sensors/src) by extension 'python'
[0.803s] Level 1:colcon.colcon_core.package_identification:_identify(simulations/packages/sim_sensors/src) by extensions ['python_setup_py']
[0.803s] Level 1:colcon.colcon_core.package_identification:_identify(simulations/packages/sim_sensors/src) by extension 'python_setup_py'
[0.803s] Level 1:colcon.colcon_core.package_identification:_identify(simulations/rviz) by extensions ['ignore', 'ignore_ament_install']
[0.804s] Level 1:colcon.colcon_core.package_identification:_identify(simulations/rviz) by extension 'ignore'
[0.804s] Level 1:colcon.colcon_core.package_identification:_identify(simulations/rviz) by extension 'ignore_ament_install'
[0.804s] Level 1:colcon.colcon_core.package_identification:_identify(simulations/rviz) by extensions ['colcon_pkg']
[0.804s] Level 1:colcon.colcon_core.package_identification:_identify(simulations/rviz) by extension 'colcon_pkg'
[0.804s] Level 1:colcon.colcon_core.package_identification:_identify(simulations/rviz) by extensions ['colcon_meta']
[0.804s] Level 1:colcon.colcon_core.package_identification:_identify(simulations/rviz) by extension 'colcon_meta'
[0.804s] Level 1:colcon.colcon_core.package_identification:_identify(simulations/rviz) by extensions ['ros']
[0.804s] Level 1:colcon.colcon_core.package_identification:_identify(simulations/rviz) by extension 'ros'
[0.805s] Level 1:colcon.colcon_core.package_identification:_identify(simulations/rviz) by extensions ['cmake', 'python']
[0.805s] Level 1:colcon.colcon_core.package_identification:_identify(simulations/rviz) by extension 'cmake'
[0.805s] Level 1:colcon.colcon_core.package_identification:_identify(simulations/rviz) by extension 'python'
[0.805s] Level 1:colcon.colcon_core.package_identification:_identify(simulations/rviz) by extensions ['python_setup_py']
[0.805s] Level 1:colcon.colcon_core.package_identification:_identify(simulations/rviz) by extension 'python_setup_py'
[0.805s] Level 1:colcon.colcon_core.package_identification:_identify(simulations/scripts) by extensions ['ignore', 'ignore_ament_install']
[0.805s] Level 1:colcon.colcon_core.package_identification:_identify(simulations/scripts) by extension 'ignore'
[0.806s] Level 1:colcon.colcon_core.package_identification:_identify(simulations/scripts) by extension 'ignore_ament_install'
[0.806s] Level 1:colcon.colcon_core.package_identification:_identify(simulations/scripts) by extensions ['colcon_pkg']
[0.806s] Level 1:colcon.colcon_core.package_identification:_identify(simulations/scripts) by extension 'colcon_pkg'
[0.806s] Level 1:colcon.colcon_core.package_identification:_identify(simulations/scripts) by extensions ['colcon_meta']
[0.806s] Level 1:colcon.colcon_core.package_identification:_identify(simulations/scripts) by extension 'colcon_meta'
[0.806s] Level 1:colcon.colcon_core.package_identification:_identify(simulations/scripts) by extensions ['ros']
[0.806s] Level 1:colcon.colcon_core.package_identification:_identify(simulations/scripts) by extension 'ros'
[0.806s] Level 1:colcon.colcon_core.package_identification:_identify(simulations/scripts) by extensions ['cmake', 'python']
[0.807s] Level 1:colcon.colcon_core.package_identification:_identify(simulations/scripts) by extension 'cmake'
[0.807s] Level 1:colcon.colcon_core.package_identification:_identify(simulations/scripts) by extension 'python'
[0.807s] Level 1:colcon.colcon_core.package_identification:_identify(simulations/scripts) by extensions ['python_setup_py']
[0.807s] Level 1:colcon.colcon_core.package_identification:_identify(simulations/scripts) by extension 'python_setup_py'
[0.807s] Level 1:colcon.colcon_core.package_identification:_identify(simulations/worlds) by extensions ['ignore', 'ignore_ament_install']
[0.807s] Level 1:colcon.colcon_core.package_identification:_identify(simulations/worlds) by extension 'ignore'
[0.807s] Level 1:colcon.colcon_core.package_identification:_identify(simulations/worlds) by extension 'ignore_ament_install'
[0.808s] Level 1:colcon.colcon_core.package_identification:_identify(simulations/worlds) by extensions ['colcon_pkg']
[0.808s] Level 1:colcon.colcon_core.package_identification:_identify(simulations/worlds) by extension 'colcon_pkg'
[0.808s] Level 1:colcon.colcon_core.package_identification:_identify(simulations/worlds) by extensions ['colcon_meta']
[0.808s] Level 1:colcon.colcon_core.package_identification:_identify(simulations/worlds) by extension 'colcon_meta'
[0.808s] Level 1:colcon.colcon_core.package_identification:_identify(simulations/worlds) by extensions ['ros']
[0.808s] Level 1:colcon.colcon_core.package_identification:_identify(simulations/worlds) by extension 'ros'
[0.808s] Level 1:colcon.colcon_core.package_identification:_identify(simulations/worlds) by extensions ['cmake', 'python']
[0.808s] Level 1:colcon.colcon_core.package_identification:_identify(simulations/worlds) by extension 'cmake'
[0.808s] Level 1:colcon.colcon_core.package_identification:_identify(simulations/worlds) by extension 'python'
[0.809s] Level 1:colcon.colcon_core.package_identification:_identify(simulations/worlds) by extensions ['python_setup_py']
[0.809s] Level 1:colcon.colcon_core.package_identification:_identify(simulations/worlds) by extension 'python_setup_py'
[0.809s] Level 1:colcon.colcon_core.package_identification:_identify(src) by extensions ['ignore', 'ignore_ament_install']
[0.809s] Level 1:colcon.colcon_core.package_identification:_identify(src) by extension 'ignore'
[0.809s] Level 1:colcon.colcon_core.package_identification:_identify(src) by extension 'ignore_ament_install'
[0.809s] Level 1:colcon.colcon_core.package_identification:_identify(src) by extensions ['colcon_pkg']
[0.809s] Level 1:colcon.colcon_core.package_identification:_identify(src) by extension 'colcon_pkg'
[0.810s] Level 1:colcon.colcon_core.package_identification:_identify(src) by extensions ['colcon_meta']
[0.810s] Level 1:colcon.colcon_core.package_identification:_identify(src) by extension 'colcon_meta'
[0.810s] Level 1:colcon.colcon_core.package_identification:_identify(src) by extensions ['ros']
[0.810s] Level 1:colcon.colcon_core.package_identification:_identify(src) by extension 'ros'
[0.810s] Level 1:colcon.colcon_core.package_identification:_identify(src) by extensions ['cmake', 'python']
[0.810s] Level 1:colcon.colcon_core.package_identification:_identify(src) by extension 'cmake'
[0.810s] Level 1:colcon.colcon_core.package_identification:_identify(src) by extension 'python'
[0.810s] Level 1:colcon.colcon_core.package_identification:_identify(src) by extensions ['python_setup_py']
[0.810s] Level 1:colcon.colcon_core.package_identification:_identify(src) by extension 'python_setup_py'
[0.811s] Level 1:colcon.colcon_core.package_identification:_identify(src/build) by extensions ['ignore', 'ignore_ament_install']
[0.811s] Level 1:colcon.colcon_core.package_identification:_identify(src/build) by extension 'ignore'
[0.811s] Level 1:colcon.colcon_core.package_identification:_identify(src/build) ignored
[0.811s] Level 1:colcon.colcon_core.package_identification:_identify(src/demo_py) by extensions ['ignore', 'ignore_ament_install']
[0.811s] Level 1:colcon.colcon_core.package_identification:_identify(src/demo_py) by extension 'ignore'
[0.811s] Level 1:colcon.colcon_core.package_identification:_identify(src/demo_py) by extension 'ignore_ament_install'
[0.812s] Level 1:colcon.colcon_core.package_identification:_identify(src/demo_py) by extensions ['colcon_pkg']
[0.812s] Level 1:colcon.colcon_core.package_identification:_identify(src/demo_py) by extension 'colcon_pkg'
[0.812s] Level 1:colcon.colcon_core.package_identification:_identify(src/demo_py) by extensions ['colcon_meta']
[0.812s] Level 1:colcon.colcon_core.package_identification:_identify(src/demo_py) by extension 'colcon_meta'
[0.812s] Level 1:colcon.colcon_core.package_identification:_identify(src/demo_py) by extensions ['ros']
[0.812s] Level 1:colcon.colcon_core.package_identification:_identify(src/demo_py) by extension 'ros'
[0.817s] DEBUG:colcon.colcon_core.package_identification:Package 'src/demo_py' with type 'ros.ament_python' and name 'demo_py'
[0.817s] Level 1:colcon.colcon_core.package_identification:_identify(src/graphslam) by extensions ['ignore', 'ignore_ament_install']
[0.818s] Level 1:colcon.colcon_core.package_identification:_identify(src/graphslam) by extension 'ignore'
[0.818s] Level 1:colcon.colcon_core.package_identification:_identify(src/graphslam) by extension 'ignore_ament_install'
[0.818s] Level 1:colcon.colcon_core.package_identification:_identify(src/graphslam) by extensions ['colcon_pkg']
[0.818s] Level 1:colcon.colcon_core.package_identification:_identify(src/graphslam) by extension 'colcon_pkg'
[0.818s] Level 1:colcon.colcon_core.package_identification:_identify(src/graphslam) by extensions ['colcon_meta']
[0.818s] Level 1:colcon.colcon_core.package_identification:_identify(src/graphslam) by extension 'colcon_meta'
[0.818s] Level 1:colcon.colcon_core.package_identification:_identify(src/graphslam) by extensions ['ros']
[0.818s] Level 1:colcon.colcon_core.package_identification:_identify(src/graphslam) by extension 'ros'
[0.820s] DEBUG:colcon.colcon_core.package_identification:Package 'src/graphslam' with type 'ros.ament_cmake' and name 'graphslam'
[0.821s] Level 1:colcon.colcon_core.package_identification:_identify(src/install) by extensions ['ignore', 'ignore_ament_install']
[0.821s] Level 1:colcon.colcon_core.package_identification:_identify(src/install) by extension 'ignore'
[0.821s] Level 1:colcon.colcon_core.package_identification:_identify(src/install) ignored
[0.821s] Level 1:colcon.colcon_core.package_identification:_identify(src/log) by extensions ['ignore', 'ignore_ament_install']
[0.822s] Level 1:colcon.colcon_core.package_identification:_identify(src/log) by extension 'ignore'
[0.822s] Level 1:colcon.colcon_core.package_identification:_identify(src/log) ignored
[0.822s] Level 1:colcon.colcon_core.package_identification:_identify(src/sensor_interfaces) by extensions ['ignore', 'ignore_ament_install']
[0.822s] Level 1:colcon.colcon_core.package_identification:_identify(src/sensor_interfaces) by extension 'ignore'
[0.822s] Level 1:colcon.colcon_core.package_identification:_identify(src/sensor_interfaces) by extension 'ignore_ament_install'
[0.822s] Level 1:colcon.colcon_core.package_identification:_identify(src/sensor_interfaces) by extensions ['colcon_pkg']
[0.822s] Level 1:colcon.colcon_core.package_identification:_identify(src/sensor_interfaces) by extension 'colcon_pkg'
[0.823s] Level 1:colcon.colcon_core.package_identification:_identify(src/sensor_interfaces) by extensions ['colcon_meta']
[0.823s] Level 1:colcon.colcon_core.package_identification:_identify(src/sensor_interfaces) by extension 'colcon_meta'
[0.823s] Level 1:colcon.colcon_core.package_identification:_identify(src/sensor_interfaces) by extensions ['ros']
[0.823s] Level 1:colcon.colcon_core.package_identification:_identify(src/sensor_interfaces) by extension 'ros'
[0.826s] DEBUG:colcon.colcon_core.package_identification:Package 'src/sensor_interfaces' with type 'ros.ament_cmake' and name 'sensor_interfaces'
[0.826s] Level 1:colcon.colcon_core.package_identification:_identify(src/zhongxi_description) by extensions ['ignore', 'ignore_ament_install']
[0.826s] Level 1:colcon.colcon_core.package_identification:_identify(src/zhongxi_description) by extension 'ignore'
[0.827s] Level 1:colcon.colcon_core.package_identification:_identify(src/zhongxi_description) by extension 'ignore_ament_install'
[0.827s] Level 1:colcon.colcon_core.package_identification:_identify(src/zhongxi_description) by extensions ['colcon_pkg']
[0.827s] Level 1:colcon.colcon_core.package_identification:_identify(src/zhongxi_description) by extension 'colcon_pkg'
[0.827s] Level 1:colcon.colcon_core.package_identification:_identify(src/zhongxi_description) by extensions ['colcon_meta']
[0.827s] Level 1:colcon.colcon_core.package_identification:_identify(src/zhongxi_description) by extension 'colcon_meta'
[0.827s] Level 1:colcon.colcon_core.package_identification:_identify(src/zhongxi_description) by extensions ['ros']
[0.827s] Level 1:colcon.colcon_core.package_identification:_identify(src/zhongxi_description) by extension 'ros'
[0.829s] DEBUG:colcon.colcon_core.package_identification:Package 'src/zhongxi_description' with type 'ros.ament_cmake' and name 'zhongxi_description'
[0.829s] Level 1:colcon.colcon_core.package_identification:_identify(tools) by extensions ['ignore', 'ignore_ament_install']
[0.830s] Level 1:colcon.colcon_core.package_identification:_identify(tools) by extension 'ignore'
[0.830s] Level 1:colcon.colcon_core.package_identification:_identify(tools) by extension 'ignore_ament_install'
[0.830s] Level 1:colcon.colcon_core.package_identification:_identify(tools) by extensions ['colcon_pkg']
[0.830s] Level 1:colcon.colcon_core.package_identification:_identify(tools) by extension 'colcon_pkg'
[0.830s] Level 1:colcon.colcon_core.package_identification:_identify(tools) by extensions ['colcon_meta']
[0.830s] Level 1:colcon.colcon_core.package_identification:_identify(tools) by extension 'colcon_meta'
[0.830s] Level 1:colcon.colcon_core.package_identification:_identify(tools) by extensions ['ros']
[0.830s] Level 1:colcon.colcon_core.package_identification:_identify(tools) by extension 'ros'
[0.831s] Level 1:colcon.colcon_core.package_identification:_identify(tools) by extensions ['cmake', 'python']
[0.831s] Level 1:colcon.colcon_core.package_identification:_identify(tools) by extension 'cmake'
[0.831s] Level 1:colcon.colcon_core.package_identification:_identify(tools) by extension 'python'
[0.831s] Level 1:colcon.colcon_core.package_identification:_identify(tools) by extensions ['python_setup_py']
[0.831s] Level 1:colcon.colcon_core.package_identification:_identify(tools) by extension 'python_setup_py'
[0.831s] Level 1:colcon.colcon_core.package_identification:_identify(tutorials) by extensions ['ignore', 'ignore_ament_install']
[0.832s] Level 1:colcon.colcon_core.package_identification:_identify(tutorials) by extension 'ignore'
[0.832s] Level 1:colcon.colcon_core.package_identification:_identify(tutorials) by extension 'ignore_ament_install'
[0.832s] Level 1:colcon.colcon_core.package_identification:_identify(tutorials) by extensions ['colcon_pkg']
[0.832s] Level 1:colcon.colcon_core.package_identification:_identify(tutorials) by extension 'colcon_pkg'
[0.832s] Level 1:colcon.colcon_core.package_identification:_identify(tutorials) by extensions ['colcon_meta']
[0.832s] Level 1:colcon.colcon_core.package_identification:_identify(tutorials) by extension 'colcon_meta'
[0.832s] Level 1:colcon.colcon_core.package_identification:_identify(tutorials) by extensions ['ros']
[0.832s] Level 1:colcon.colcon_core.package_identification:_identify(tutorials) by extension 'ros'
[0.833s] Level 1:colcon.colcon_core.package_identification:_identify(tutorials) by extensions ['cmake', 'python']
[0.833s] Level 1:colcon.colcon_core.package_identification:_identify(tutorials) by extension 'cmake'
[0.833s] Level 1:colcon.colcon_core.package_identification:_identify(tutorials) by extension 'python'
[0.833s] Level 1:colcon.colcon_core.package_identification:_identify(tutorials) by extensions ['python_setup_py']
[0.833s] Level 1:colcon.colcon_core.package_identification:_identify(tutorials) by extension 'python_setup_py'
[0.833s] Level 1:colcon.colcon_core.package_discovery:discover_packages(recursive) using defaults
[0.833s] Level 1:colcon.colcon_core.package_discovery:discover_packages(ignore) discover
[0.833s] Level 1:colcon.colcon_core.package_discovery:discover_packages(ignore) using defaults
[0.833s] Level 1:colcon.colcon_core.package_discovery:discover_packages(path) discover
[0.833s] Level 1:colcon.colcon_core.package_discovery:discover_packages(path) using defaults
[0.889s] INFO:colcon.colcon_core.package_selection:Skipping not selected package 'demo_py' in 'src/demo_py'
[0.889s] INFO:colcon.colcon_core.package_selection:Skipping not selected package 'sensor_interfaces' in 'src/sensor_interfaces'
[0.889s] INFO:colcon.colcon_core.package_selection:Skipping not selected package 'zhongxi_description' in 'src/zhongxi_description'
[0.890s] Level 1:colcon.colcon_core.package_discovery:discover_packages(prefix_path) check parameters
[0.891s] Level 1:colcon.colcon_core.package_discovery:discover_packages(prefix_path) discover
[0.895s] DEBUG:colcon.colcon_installed_package_information.package_discovery:Found 4 installed packages in /home/chuil/Desktop/zhongxi/install
[0.898s] DEBUG:colcon.colcon_installed_package_information.package_discovery:Found 274 installed packages in /opt/ros/humble
[0.953s] Level 1:colcon.colcon_core.package_discovery:discover_packages(prefix_path) using defaults
[1.045s] Level 5:colcon.colcon_core.verb:set package 'graphslam' build argument 'cmake_args' from command line to 'None'
[1.046s] Level 5:colcon.colcon_core.verb:set package 'graphslam' build argument 'cmake_target' from command line to 'None'
[1.046s] Level 5:colcon.colcon_core.verb:set package 'graphslam' build argument 'cmake_target_skip_unavailable' from command line to 'False'
[1.046s] Level 5:colcon.colcon_core.verb:set package 'graphslam' build argument 'cmake_clean_cache' from command line to 'False'
[1.046s] Level 5:colcon.colcon_core.verb:set package 'graphslam' build argument 'cmake_clean_first' from command line to 'False'
[1.046s] Level 5:colcon.colcon_core.verb:set package 'graphslam' build argument 'cmake_force_configure' from command line to 'False'
[1.046s] Level 5:colcon.colcon_core.verb:set package 'graphslam' build argument 'ament_cmake_args' from command line to 'None'
[1.046s] Level 5:colcon.colcon_core.verb:set package 'graphslam' build argument 'catkin_cmake_args' from command line to 'None'
[1.046s] Level 5:colcon.colcon_core.verb:set package 'graphslam' build argument 'catkin_skip_building_tests' from command line to 'False'
[1.046s] DEBUG:colcon.colcon_core.verb:Building package 'graphslam' with the following arguments: {'ament_cmake_args': None, 'build_base': '/home/chuil/Desktop/zhongxi/build/graphslam', 'catkin_cmake_args': None, 'catkin_skip_building_tests': False, 'cmake_args': None, 'cmake_clean_cache': False, 'cmake_clean_first': False, 'cmake_force_configure': False, 'cmake_target': None, 'cmake_target_skip_unavailable': False, 'install_base': '/home/chuil/Desktop/zhongxi/install/graphslam', 'merge_install': False, 'path': '/home/chuil/Desktop/zhongxi/src/graphslam', 'symlink_install': True, 'test_result_base': None}
[1.047s] INFO:colcon.colcon_core.executor:Executing jobs using 'parallel' executor
[1.051s] DEBUG:colcon.colcon_parallel_executor.executor.parallel:run_until_complete
[1.052s] INFO:colcon.colcon_ros.task.ament_cmake.build:Building ROS package in '/home/chuil/Desktop/zhongxi/src/graphslam' with build type 'ament_cmake'
[1.053s] INFO:colcon.colcon_cmake.task.cmake.build:Building CMake package in '/home/chuil/Desktop/zhongxi/src/graphslam'
[1.059s] INFO:colcon.colcon_core.plugin_system:Skipping extension 'colcon_core.shell.bat': Not used on non-Windows systems
[1.059s] INFO:colcon.colcon_core.shell:Skip shell extension 'powershell' for command environment: Not usable outside of PowerShell
[1.059s] DEBUG:colcon.colcon_core.shell:Skip shell extension 'dsv' for command environment
[1.089s] DEBUG:colcon.colcon_core.event_handler.log_command:Invoking command in '/home/chuil/Desktop/zhongxi/build/graphslam': CMAKE_PREFIX_PATH=${CMAKE_PREFIX_PATH}:/home/chuil/Desktop/zhongxi/install/demo_py:/opt/ros/humble /usr/bin/cmake --build /home/chuil/Desktop/zhongxi/build/graphslam -- -j6 -l6
[36.066s] DEBUG:colcon.colcon_core.event_handler.log_command:Invoked command in '/home/chuil/Desktop/zhongxi/build/graphslam' returned '2': CMAKE_PREFIX_PATH=${CMAKE_PREFIX_PATH}:/home/chuil/Desktop/zhongxi/install/demo_py:/opt/ros/humble /usr/bin/cmake --build /home/chuil/Desktop/zhongxi/build/graphslam -- -j6 -l6
[36.069s] Level 1:colcon.colcon_core.environment:create_environment_scripts_only(graphslam)
[36.078s] Level 1:colcon.colcon_core.environment:checking '/home/chuil/Desktop/zhongxi/install/graphslam' for CMake module files
[36.080s] Level 1:colcon.colcon_core.environment:checking '/home/chuil/Desktop/zhongxi/install/graphslam' for CMake config files
[36.082s] Level 1:colcon.colcon_core.shell:create_environment_hook('graphslam', 'cmake_prefix_path')
[36.083s] INFO:colcon.colcon_core.shell:Creating environment hook '/home/chuil/Desktop/zhongxi/install/graphslam/share/graphslam/hook/cmake_prefix_path.ps1'
[36.086s] INFO:colcon.colcon_core.shell:Creating environment descriptor '/home/chuil/Desktop/zhongxi/install/graphslam/share/graphslam/hook/cmake_prefix_path.dsv'
[36.087s] INFO:colcon.colcon_core.shell:Creating environment hook '/home/chuil/Desktop/zhongxi/install/graphslam/share/graphslam/hook/cmake_prefix_path.sh'
[36.092s] Level 1:colcon.colcon_core.environment:checking '/home/chuil/Desktop/zhongxi/install/graphslam/lib'
[36.093s] Level 1:colcon.colcon_core.environment:checking '/home/chuil/Desktop/zhongxi/install/graphslam/bin'
[36.093s] Level 1:colcon.colcon_core.environment:checking '/home/chuil/Desktop/zhongxi/install/graphslam/lib/pkgconfig/graphslam.pc'
[36.094s] Level 1:colcon.colcon_core.environment:checking '/home/chuil/Desktop/zhongxi/install/graphslam/lib/python3.10/site-packages'
[36.096s] Level 1:colcon.colcon_core.environment:checking '/home/chuil/Desktop/zhongxi/install/graphslam/bin'
[36.097s] INFO:colcon.colcon_core.shell:Creating package script '/home/chuil/Desktop/zhongxi/install/graphslam/share/graphslam/package.ps1'
[36.101s] INFO:colcon.colcon_core.shell:Creating package descriptor '/home/chuil/Desktop/zhongxi/install/graphslam/share/graphslam/package.dsv'
[36.103s] INFO:colcon.colcon_core.shell:Creating package script '/home/chuil/Desktop/zhongxi/install/graphslam/share/graphslam/package.sh'
[36.106s] INFO:colcon.colcon_core.shell:Creating package script '/home/chuil/Desktop/zhongxi/install/graphslam/share/graphslam/package.bash'
[36.110s] INFO:colcon.colcon_core.shell:Creating package script '/home/chuil/Desktop/zhongxi/install/graphslam/share/graphslam/package.zsh'
[36.113s] Level 1:colcon.colcon_core.environment:create_file_with_runtime_dependencies(/home/chuil/Desktop/zhongxi/install/graphslam/share/colcon-core/packages/graphslam)
[36.126s] DEBUG:colcon.colcon_parallel_executor.executor.parallel:closing loop
[36.127s] DEBUG:colcon.colcon_parallel_executor.executor.parallel:loop closed
[36.127s] DEBUG:colcon.colcon_parallel_executor.executor.parallel:run_until_complete finished with '2'
[36.128s] DEBUG:colcon.colcon_core.event_reactor:joining thread
[36.165s] INFO:colcon.colcon_core.plugin_system:Skipping extension 'colcon_notification.desktop_notification.terminal_notifier': Not used on non-Darwin systems
[36.166s] INFO:colcon.colcon_core.plugin_system:Skipping extension 'colcon_notification.desktop_notification.win32': Not used on non-Windows systems
[36.166s] INFO:colcon.colcon_notification.desktop_notification:Sending desktop notification using 'notify2'
[36.193s] DEBUG:colcon.colcon_core.event_reactor:joined thread
[36.196s] INFO:colcon.colcon_core.shell:Creating prefix script '/home/chuil/Desktop/zhongxi/install/local_setup.ps1'
[36.203s] INFO:colcon.colcon_core.shell:Creating prefix util module '/home/chuil/Desktop/zhongxi/install/_local_setup_util_ps1.py'
[36.210s] INFO:colcon.colcon_core.shell:Creating prefix chain script '/home/chuil/Desktop/zhongxi/install/setup.ps1'
[36.216s] INFO:colcon.colcon_core.shell:Creating prefix script '/home/chuil/Desktop/zhongxi/install/local_setup.sh'
[36.219s] INFO:colcon.colcon_core.shell:Creating prefix util module '/home/chuil/Desktop/zhongxi/install/_local_setup_util_sh.py'
[36.222s] INFO:colcon.colcon_core.shell:Creating prefix chain script '/home/chuil/Desktop/zhongxi/install/setup.sh'
[36.227s] INFO:colcon.colcon_core.shell:Creating prefix script '/home/chuil/Desktop/zhongxi/install/local_setup.bash'
[36.229s] INFO:colcon.colcon_core.shell:Creating prefix chain script '/home/chuil/Desktop/zhongxi/install/setup.bash'
[36.234s] INFO:colcon.colcon_core.shell:Creating prefix script '/home/chuil/Desktop/zhongxi/install/local_setup.zsh'
[36.236s] INFO:colcon.colcon_core.shell:Creating prefix chain script '/home/chuil/Desktop/zhongxi/install/setup.zsh'
