[01m[K/home/chuil/Desktop/zhongxi/src/graphslam/src/slam2d/back_end.cpp:12:10:[m[K [01;31m[Kfatal error: [m[Kg2o/types/slam2d/edge_se2_odometry.h: 没有那个文件或目录
   12 | #include [01;31m[K<g2o/types/slam2d/edge_se2_odometry.h>[m[K
      |          [01;31m[K^~~~~~~~~~~~~~~~~~~~~~~~~~~~~~~~~~~~~~[m[K
compilation terminated.
gmake[2]: *** [CMakeFiles/graphslam_node.dir/build.make:104：CMakeFiles/graphslam_node.dir/src/slam2d/back_end.cpp.o] 错误 1
gmake[2]: *** 正在等待未完成的任务....
[01m[K/home/chuil/Desktop/zhongxi/src/graphslam/src/slam2d/front_end.cpp:[m[K In member function ‘[01m[Kvirtual slam2d::Pose2D slam2d::ICPFrontEnd::scanMatchPose(const slam2d::LaserScan&, const slam2d::LaserScan&, const slam2d::Pose2D&)[m[K’:
[01m[K/home/chuil/Desktop/zhongxi/src/graphslam/src/slam2d/front_end.cpp:95:13:[m[K [01;31m[Kerror: [m[K‘[01m[KfindClosestPoints[m[K’ was not declared in this scope
   95 |             [01;31m[KfindClosestPoints[m[K(current_scan, prev_scan, initial_pose, transform);
      |             [01;31m[K^~~~~~~~~~~~~~~~~[m[K
[01m[K/home/chuil/Desktop/zhongxi/src/graphslam/src/slam2d/front_end.cpp:103:32:[m[K [01;31m[Kerror: [m[K‘[01m[KcomputeTransform[m[K’ was not declared in this scope
  103 |         Pose2D new_transform = [01;31m[KcomputeTransform[m[K(correspondences);
      |                                [01;31m[K^~~~~~~~~~~~~~~~[m[K
[01m[K/home/chuil/Desktop/zhongxi/src/graphslam/src/slam2d/front_end.cpp:120:21:[m[K [01;31m[Kerror: [m[K‘[01m[KcomposePoses[m[K’ was not declared in this scope
  120 |     Pose2D result = [01;31m[KcomposePoses[m[K(initial_pose, transform);
      |                     [01;31m[K^~~~~~~~~~~~[m[K
[01m[K/home/chuil/Desktop/zhongxi/src/graphslam/src/slam2d/front_end.cpp:[m[K At global scope:
[01m[K/home/chuil/Desktop/zhongxi/src/graphslam/src/slam2d/front_end.cpp:125:1:[m[K [01;31m[Kerror: [m[Kno declaration matches ‘[01m[Kstd::vector<std::pair<slam2d::Point2D, slam2d::Point2D> > slam2d::ICPFrontEnd::findClosestPoints(const slam2d::LaserScan&, const slam2d::LaserScan&, const slam2d::Pose2D&, const slam2d::Pose2D&)[m[K’
  125 | [01;31m[KICPFrontEnd[m[K::findClosestPoints(const LaserScan& current_scan,
      | [01;31m[K^~~~~~~~~~~[m[K
[01m[K/home/chuil/Desktop/zhongxi/src/graphslam/src/slam2d/front_end.cpp:125:1:[m[K [01;36m[Knote: [m[Kno functions named ‘[01m[Kstd::vector<std::pair<slam2d::Point2D, slam2d::Point2D> > slam2d::ICPFrontEnd::findClosestPoints(const slam2d::LaserScan&, const slam2d::LaserScan&, const slam2d::Pose2D&, const slam2d::Pose2D&)[m[K’
In file included from [01m[K/home/chuil/Desktop/zhongxi/src/graphslam/src/slam2d/front_end.cpp:1[m[K:
[01m[K/home/chuil/Desktop/zhongxi/src/graphslam/include/slam2d/front_end.h:60:7:[m[K [01;36m[Knote: [m[K‘[01m[Kclass slam2d::ICPFrontEnd[m[K’ defined here
   60 | class [01;36m[KICPFrontEnd[m[K : public FrontEnd {
      |       [01;36m[K^~~~~~~~~~~[m[K
[01m[K/home/chuil/Desktop/zhongxi/src/graphslam/src/slam2d/front_end.cpp:165:8:[m[K [01;31m[Kerror: [m[Kno declaration matches ‘[01m[Kslam2d::Pose2D slam2d::ICPFrontEnd::computeTransform(const std::vector<std::pair<slam2d::Point2D, slam2d::Point2D> >&)[m[K’
  165 | Pose2D [01;31m[KICPFrontEnd[m[K::computeTransform(const std::vector<std::pair<Point2D, Point2D>>& correspondences) {
      |        [01;31m[K^~~~~~~~~~~[m[K
[01m[K/home/chuil/Desktop/zhongxi/src/graphslam/src/slam2d/front_end.cpp:165:8:[m[K [01;36m[Knote: [m[Kno functions named ‘[01m[Kslam2d::Pose2D slam2d::ICPFrontEnd::computeTransform(const std::vector<std::pair<slam2d::Point2D, slam2d::Point2D> >&)[m[K’
In file included from [01m[K/home/chuil/Desktop/zhongxi/src/graphslam/src/slam2d/front_end.cpp:1[m[K:
[01m[K/home/chuil/Desktop/zhongxi/src/graphslam/include/slam2d/front_end.h:60:7:[m[K [01;36m[Knote: [m[K‘[01m[Kclass slam2d::ICPFrontEnd[m[K’ defined here
   60 | class [01;36m[KICPFrontEnd[m[K : public FrontEnd {
      |       [01;36m[K^~~~~~~~~~~[m[K
[01m[K/home/chuil/Desktop/zhongxi/src/graphslam/src/slam2d/front_end.cpp:231:8:[m[K [01;31m[Kerror: [m[Kno declaration matches ‘[01m[Kslam2d::Pose2D slam2d::ICPFrontEnd::composePoses(const slam2d::Pose2D&, const slam2d::Pose2D&)[m[K’
  231 | Pose2D [01;31m[KICPFrontEnd[m[K::composePoses(const Pose2D& p1, const Pose2D& p2) {
      |        [01;31m[K^~~~~~~~~~~[m[K
[01m[K/home/chuil/Desktop/zhongxi/src/graphslam/src/slam2d/front_end.cpp:231:8:[m[K [01;36m[Knote: [m[Kno functions named ‘[01m[Kslam2d::Pose2D slam2d::ICPFrontEnd::composePoses(const slam2d::Pose2D&, const slam2d::Pose2D&)[m[K’
In file included from [01m[K/home/chuil/Desktop/zhongxi/src/graphslam/src/slam2d/front_end.cpp:1[m[K:
[01m[K/home/chuil/Desktop/zhongxi/src/graphslam/include/slam2d/front_end.h:60:7:[m[K [01;36m[Knote: [m[K‘[01m[Kclass slam2d::ICPFrontEnd[m[K’ defined here
   60 | class [01;36m[KICPFrontEnd[m[K : public FrontEnd {
      |       [01;36m[K^~~~~~~~~~~[m[K
[01m[K/home/chuil/Desktop/zhongxi/src/graphslam/src/slam2d/front_end.cpp:[m[K In member function ‘[01m[Kvirtual bool slam2d::FeatureBasedFrontEnd::processLaserScan(const slam2d::LaserScan&, const slam2d::Pose2D&, slam2d::Pose2D&, std::vector<slam2d::Observation>&)[m[K’:
[01m[K/home/chuil/Desktop/zhongxi/src/graphslam/src/slam2d/front_end.cpp:249:45:[m[K [01;31m[Kerror: [m[K‘[01m[KextractFeatures[m[K’ was not declared in this scope
  249 |     std::vector<Point2D> current_features = [01;31m[KextractFeatures[m[K(scan);
      |                                             [01;31m[K^~~~~~~~~~~~~~~[m[K
[01m[K/home/chuil/Desktop/zhongxi/src/graphslam/src/slam2d/front_end.cpp:260:62:[m[K [01;31m[Kerror: [m[Kinvalid initialization of reference of type ‘[01m[Kconst slam2d::Pose2D&[m[K’ from expression of type ‘[01m[Kslam2d::Point2D[m[K’
  260 |                 Point2D global_point = utils::transformPoint([01;31m[Klocal_point[m[K, predicted_pose);
      |                                                              [01;31m[K^~~~~~~~~~~[m[K
In file included from [01m[K/home/chuil/Desktop/zhongxi/src/graphslam/src/slam2d/front_end.cpp:2[m[K:
[01m[K/home/chuil/Desktop/zhongxi/src/graphslam/include/slam2d/utils/transformations.h:49:38:[m[K [01;36m[Knote: [m[Kin passing argument 1 of ‘[01m[Kslam2d::Point2D slam2d::utils::transformPoint(const slam2d::Pose2D&, const slam2d::Point2D&)[m[K’
   49 | Point2D transformPoint([01;36m[Kconst Pose2D& pose[m[K, const Point2D& point);
      |                        [01;36m[K~~~~~~~~~~~~~~^~~~[m[K
[01m[K/home/chuil/Desktop/zhongxi/src/graphslam/src/slam2d/front_end.cpp:[m[K At global scope:
[01m[K/home/chuil/Desktop/zhongxi/src/graphslam/src/slam2d/front_end.cpp:291:22:[m[K [01;31m[Kerror: [m[Kno declaration matches ‘[01m[Kstd::vector<slam2d::Point2D> slam2d::FeatureBasedFrontEnd::extractFeatures(const slam2d::LaserScan&)[m[K’
  291 | std::vector<Point2D> [01;31m[KFeatureBasedFrontEnd[m[K::extractFeatures(const LaserScan& scan) {
      |                      [01;31m[K^~~~~~~~~~~~~~~~~~~~[m[K
[01m[K/home/chuil/Desktop/zhongxi/src/graphslam/src/slam2d/front_end.cpp:291:22:[m[K [01;36m[Knote: [m[Kno functions named ‘[01m[Kstd::vector<slam2d::Point2D> slam2d::FeatureBasedFrontEnd::extractFeatures(const slam2d::LaserScan&)[m[K’
In file included from [01m[K/home/chuil/Desktop/zhongxi/src/graphslam/src/slam2d/front_end.cpp:1[m[K:
[01m[K/home/chuil/Desktop/zhongxi/src/graphslam/include/slam2d/front_end.h:83:7:[m[K [01;36m[Knote: [m[K‘[01m[Kclass slam2d::FeatureBasedFrontEnd[m[K’ defined here
   83 | class [01;36m[KFeatureBasedFrontEnd[m[K : public FrontEnd {
      |       [01;36m[K^~~~~~~~~~~~~~~~~~~~[m[K
gmake[2]: *** [CMakeFiles/graphslam_node.dir/build.make:118：CMakeFiles/graphslam_node.dir/src/slam2d/front_end.cpp.o] 错误 1
gmake[1]: *** [CMakeFiles/Makefile2:170：CMakeFiles/graphslam_node.dir/all] 错误 2
gmake: *** [Makefile:146：all] 错误 2
