running develop
running egg_info
creating demo_py.egg-info
writing demo_py.egg-info/PKG-INFO
writing dependency_links to demo_py.egg-info/dependency_links.txt
writing entry points to demo_py.egg-info/entry_points.txt
writing requirements to demo_py.egg-info/requires.txt
writing top-level names to demo_py.egg-info/top_level.txt
writing manifest file 'demo_py.egg-info/SOURCES.txt'
reading manifest file 'demo_py.egg-info/SOURCES.txt'
writing manifest file 'demo_py.egg-info/SOURCES.txt'
running build_ext
Creating /home/sylas/zhongxi/install/demo_py/lib/python3.10/site-packages/demo-py.egg-link (link to .)

Installed /home/sylas/zhongxi/build/demo_py
running symlink_data
creating /home/sylas/zhongxi/install/demo_py/share/ament_index
creating /home/sylas/zhongxi/install/demo_py/share/ament_index/resource_index
creating /home/sylas/zhongxi/install/demo_py/share/ament_index/resource_index/packages
symbolically linking /home/sylas/zhongxi/build/demo_py/resource/demo_py -> /home/sylas/zhongxi/install/demo_py/share/ament_index/resource_index/packages
symbolically linking /home/sylas/zhongxi/build/demo_py/package.xml -> /home/sylas/zhongxi/install/demo_py/share/demo_py
