[0.043s] Invoking command in '/home/chuil/Desktop/zhongxi/build/sensor_interfaces': CMAKE_PREFIX_PATH=${CMAKE_PREFIX_PATH}:/home/chuil/Desktop/zhongxi/install/demo_py:/opt/ros/humble /usr/bin/cmake /home/chuil/Desktop/zhongxi/src/sensor_interfaces -DCMAKE_INSTALL_PREFIX=/home/chuil/Desktop/zhongxi/install/sensor_interfaces
[0.233s] -- The C compiler identification is GNU 11.4.0
[0.402s] -- The CXX compiler identification is GNU 11.4.0
[0.428s] -- Detecting C compiler ABI info
[0.656s] -- Detecting C compiler ABI info - done
[0.677s] -- Check for working C compiler: /usr/bin/cc - skipped
[0.679s] -- Detecting C compile features
[0.684s] -- Detecting C compile features - done
[0.695s] -- Detecting CXX compiler ABI info
[0.951s] -- Detecting CXX compiler ABI info - done
[0.967s] -- Check for working CXX compiler: /usr/bin/c++ - skipped
[0.971s] -- Detecting CXX compile features
[0.976s] -- Detecting CXX compile features - done
[0.985s] -- Found ament_cmake: 1.3.12 (/opt/ros/humble/share/ament_cmake/cmake)
[1.450s] -- Found Python3: /usr/bin/python3 (found version "3.10.12") found components: Interpreter 
[1.750s] -- Found rclcpp: 16.0.17 (/opt/ros/humble/share/rclcpp/cmake)
[1.847s] -- Found rosidl_generator_c: 3.1.8 (/opt/ros/humble/share/rosidl_generator_c/cmake)
[1.857s] -- Found rosidl_adapter: 3.1.8 (/opt/ros/humble/share/rosidl_adapter/cmake)
[1.881s] -- Found rosidl_generator_cpp: 3.1.8 (/opt/ros/humble/share/rosidl_generator_cpp/cmake)
[1.905s] -- Using all available rosidl_typesupport_c: rosidl_typesupport_fastrtps_c;rosidl_typesupport_introspection_c
[1.942s] -- Using all available rosidl_typesupport_cpp: rosidl_typesupport_fastrtps_cpp;rosidl_typesupport_introspection_cpp
[2.042s] -- Found rmw_implementation_cmake: 6.1.2 (/opt/ros/humble/share/rmw_implementation_cmake/cmake)
[2.048s] -- Found rmw_fastrtps_cpp: 6.2.9 (/opt/ros/humble/share/rmw_fastrtps_cpp/cmake)
[2.286s] -- Found OpenSSL: /usr/lib/aarch64-linux-gnu/libcrypto.so (found version "3.0.2")  
[2.392s] -- Found FastRTPS: /opt/ros/humble/include  
[2.515s] -- Using RMW implementation 'rmw_fastrtps_cpp' as default
[2.536s] -- Looking for pthread.h
[2.762s] -- Looking for pthread.h - found
[2.764s] -- Performing Test CMAKE_HAVE_LIBC_PTHREAD
[2.987s] -- Performing Test CMAKE_HAVE_LIBC_PTHREAD - Success
[2.991s] -- Found Threads: TRUE  
[3.129s] -- Found sensor_msgs: 4.9.0 (/opt/ros/humble/share/sensor_msgs/cmake)
[3.207s] -- Found cv_bridge: 3.2.1 (/opt/ros/humble/share/cv_bridge/cmake)
[3.230s] -- Found image_transport: 3.1.12 (/opt/ros/humble/share/image_transport/cmake)
[3.331s] -- Found nav_msgs: 4.9.0 (/opt/ros/humble/share/nav_msgs/cmake)
[3.371s] -- Found tf2: 0.25.18 (/opt/ros/humble/share/tf2/cmake)
[3.385s] -- Found tf2_ros: 0.25.18 (/opt/ros/humble/share/tf2_ros/cmake)
[3.612s] -- Found std_srvs: 4.9.0 (/opt/ros/humble/share/std_srvs/cmake)
[3.640s] -- Found OpenCV: /usr (found version "4.8.0") 
[3.862s] -- Configuring done
[3.913s] -- Generating done
[3.937s] -- Build files have been written to: /home/chuil/Desktop/zhongxi/build/sensor_interfaces
[4.002s] Invoked command in '/home/chuil/Desktop/zhongxi/build/sensor_interfaces' returned '0': CMAKE_PREFIX_PATH=${CMAKE_PREFIX_PATH}:/home/chuil/Desktop/zhongxi/install/demo_py:/opt/ros/humble /usr/bin/cmake /home/chuil/Desktop/zhongxi/src/sensor_interfaces -DCMAKE_INSTALL_PREFIX=/home/chuil/Desktop/zhongxi/install/sensor_interfaces
[4.004s] Invoking command in '/home/chuil/Desktop/zhongxi/build/sensor_interfaces': CMAKE_PREFIX_PATH=${CMAKE_PREFIX_PATH}:/home/chuil/Desktop/zhongxi/install/demo_py:/opt/ros/humble /usr/bin/cmake --build /home/chuil/Desktop/zhongxi/build/sensor_interfaces -- -j6 -l6
[4.192s] [ 10%] [32mBuilding CXX object CMakeFiles/camera_driver.dir/src/camera_driver.cpp.o[0m
[4.193s] [ 20%] [32mBuilding CXX object CMakeFiles/ydlidar_sdk_lib.dir/home/chuil/Desktop/ori_resource/EAI_X3&X3_Pro激光雷达/ROS2-源码/源码/YDLidar-SDK-master/src/CYdLidar.cpp.o[0m
[4.199s] [ 30%] [32mBuilding CXX object CMakeFiles/ydlidar_sdk_lib.dir/home/chuil/Desktop/ori_resource/EAI_X3&X3_Pro激光雷达/ROS2-源码/源码/YDLidar-SDK-master/src/ydlidar_driver.cpp.o[0m
[4.200s] [ 40%] [32mBuilding CXX object CMakeFiles/ydlidar_sdk_lib.dir/home/chuil/Desktop/ori_resource/EAI_X3&X3_Pro激光雷达/ROS2-源码/源码/YDLidar-SDK-master/src/ydlidar_sdk.cpp.o[0m
[4.208s] [ 50%] [32mBuilding CXX object CMakeFiles/ydlidar_sdk_lib.dir/home/chuil/Desktop/ori_resource/EAI_X3&X3_Pro激光雷达/ROS2-源码/源码/YDLidar-SDK-master/core/serial/serial.cpp.o[0m
[4.214s] [ 60%] [32mBuilding CXX object CMakeFiles/ydlidar_sdk_lib.dir/home/chuil/Desktop/ori_resource/EAI_X3&X3_Pro激光雷达/ROS2-源码/源码/YDLidar-SDK-master/src/ETLidarDriver.cpp.o[0m
[4.241s] In file included from [01m[K/home/chuil/Desktop/ori_resource/EAI X3&X3 Pro激光雷达/ROS2-源码/源码/YDLidar-SDK-master/src/CYdLidar.cpp:24[m[K:
[4.243s] [01m[K/home/chuil/Desktop/ori_resource/EAI X3&X3 Pro激光雷达/ROS2-源码/源码/YDLidar-SDK-master/src/CYdLidar.h:46:10:[m[K [01;31m[Kfatal error: [m[Kcore/base/utils.h: 没有那个文件或目录
[4.243s]    46 | #include [01;31m[K<core/base/utils.h>[m[K
[4.243s]       |          [01;31m[K^~~~~~~~~~~~~~~~~~~[m[K
[4.244s] compilation terminated.
[4.253s] gmake[2]: *** [CMakeFiles/ydlidar_sdk_lib.dir/build.make:90：CMakeFiles/ydlidar_sdk_lib.dir/home/chuil/Desktop/ori_resource/EAI_X3&X3_Pro激光雷达/ROS2-源码/源码/YDLidar-SDK-master/src/CYdLidar.cpp.o] 错误 1
[4.253s] gmake[2]: *** 正在等待未完成的任务....
[4.264s] [01m[K/home/chuil/Desktop/ori_resource/EAI X3&X3 Pro激光雷达/ROS2-源码/源码/YDLidar-SDK-master/src/ETLidarDriver.cpp:31:10:[m[K [01;31m[Kfatal error: [m[Kcore/network/PassiveSocket.h: 没有那个文件或目录
[4.264s]    31 | #include [01;31m[K<core/network/PassiveSocket.h>[m[K
[4.264s]       |          [01;31m[K^~~~~~~~~~~~~~~~~~~~~~~~~~~~~~[m[K
[4.264s] compilation terminated.
[4.271s] gmake[2]: *** [CMakeFiles/ydlidar_sdk_lib.dir/build.make:104：CMakeFiles/ydlidar_sdk_lib.dir/home/chuil/Desktop/ori_resource/EAI_X3&X3_Pro激光雷达/ROS2-源码/源码/YDLidar-SDK-master/src/ETLidarDriver.cpp.o] 错误 1
[4.294s] [01m[K/home/chuil/Desktop/ori_resource/EAI X3&X3 Pro激光雷达/ROS2-源码/源码/YDLidar-SDK-master/src/ydlidar_driver.cpp:24:10:[m[K [01;31m[Kfatal error: [m[Kcore/serial/serial.h: 没有那个文件或目录
[4.294s]    24 | #include [01;31m[K<core/serial/serial.h>[m[K
[4.295s]       |          [01;31m[K^~~~~~~~~~~~~~~~~~~~~~[m[K
[4.295s] compilation terminated.
[4.300s] gmake[2]: *** [CMakeFiles/ydlidar_sdk_lib.dir/build.make:118：CMakeFiles/ydlidar_sdk_lib.dir/home/chuil/Desktop/ori_resource/EAI_X3&X3_Pro激光雷达/ROS2-源码/源码/YDLidar-SDK-master/src/ydlidar_driver.cpp.o] 错误 1
[4.339s] In file included from [01m[K/home/chuil/Desktop/ori_resource/EAI X3&X3 Pro激光雷达/ROS2-源码/源码/YDLidar-SDK-master/src/ydlidar_sdk.cpp:26[m[K:
[4.340s] [01m[K/home/chuil/Desktop/ori_resource/EAI X3&X3 Pro激光雷达/ROS2-源码/源码/YDLidar-SDK-master/src/ydlidar_sdk.h:47:10:[m[K [01;31m[Kfatal error: [m[Kcore/common/ydlidar_def.h: 没有那个文件或目录
[4.340s]    47 | #include [01;31m[K<core/common/ydlidar_def.h>[m[K
[4.340s]       |          [01;31m[K^~~~~~~~~~~~~~~~~~~~~~~~~~~[m[K
[4.340s] compilation terminated.
[4.345s] gmake[2]: *** [CMakeFiles/ydlidar_sdk_lib.dir/build.make:132：CMakeFiles/ydlidar_sdk_lib.dir/home/chuil/Desktop/ori_resource/EAI_X3&X3_Pro激光雷达/ROS2-源码/源码/YDLidar-SDK-master/src/ydlidar_sdk.cpp.o] 错误 1
[4.389s] In file included from [01m[K/home/chuil/Desktop/ori_resource/EAI X3&X3 Pro激光雷达/ROS2-源码/源码/YDLidar-SDK-master/core/serial/serial.cpp:11[m[K:
[4.389s] [01m[K/home/chuil/Desktop/ori_resource/EAI X3&X3 Pro激光雷达/ROS2-源码/源码/YDLidar-SDK-master/core/serial/serial.h:9:10:[m[K [01;31m[Kfatal error: [m[Kcore/base/v8stdint.h: 没有那个文件或目录
[4.389s]     9 | #include [01;31m[K<core/base/v8stdint.h>[m[K
[4.390s]       |          [01;31m[K^~~~~~~~~~~~~~~~~~~~~~[m[K
[4.403s] compilation terminated.
[5.042s] gmake[2]: *** [CMakeFiles/ydlidar_sdk_lib.dir/build.make:76：CMakeFiles/ydlidar_sdk_lib.dir/home/chuil/Desktop/ori_resource/EAI_X3&X3_Pro激光雷达/ROS2-源码/源码/YDLidar-SDK-master/core/serial/serial.cpp.o] 错误 1
[5.042s] gmake[1]: *** [CMakeFiles/Makefile2:141：CMakeFiles/ydlidar_sdk_lib.dir/all] 错误 2
[5.042s] gmake[1]: *** 正在等待未完成的任务....
[24.116s] [ 70%] [32m[1mLinking CXX executable camera_driver[0m
[24.441s] /usr/bin/ld: warning: libopencv_core.so.4.5d, needed by /opt/ros/humble/lib/libcv_bridge.so, may conflict with libopencv_core.so.408
[25.837s] /usr/bin/ld: CMakeFiles/camera_driver.dir/src/camera_driver.cpp.o: in function `YAML::Exception::Exception(YAML::Mark const&, std::__cxx11::basic_string<char, std::char_traits<char>, std::allocator<char> > const&)':
[25.838s] camera_driver.cpp:(.text._ZN4YAML9ExceptionC2ERKNS_4MarkERKNSt7__cxx1112basic_stringIcSt11char_traitsIcESaIcEEE[_ZN4YAML9ExceptionC5ERKNS_4MarkERKNSt7__cxx1112basic_stringIcSt11char_traitsIcESaIcEEE]+0x60): undefined reference to `vtable for YAML::Exception'
[25.838s] /usr/bin/ld: camera_driver.cpp:(.text._ZN4YAML9ExceptionC2ERKNS_4MarkERKNSt7__cxx1112basic_stringIcSt11char_traitsIcESaIcEEE[_ZN4YAML9ExceptionC5ERKNS_4MarkERKNSt7__cxx1112basic_stringIcSt11char_traitsIcESaIcEEE]+0x64): undefined reference to `vtable for YAML::Exception'
[25.838s] /usr/bin/ld: CMakeFiles/camera_driver.dir/src/camera_driver.cpp.o: in function `YAML::RepresentationException::RepresentationException(YAML::Mark const&, std::__cxx11::basic_string<char, std::char_traits<char>, std::allocator<char> > const&)':
[25.839s] camera_driver.cpp:(.text._ZN4YAML23RepresentationExceptionC2ERKNS_4MarkERKNSt7__cxx1112basic_stringIcSt11char_traitsIcESaIcEEE[_ZN4YAML23RepresentationExceptionC5ERKNS_4MarkERKNSt7__cxx1112basic_stringIcSt11char_traitsIcESaIcEEE]+0x24): undefined reference to `vtable for YAML::RepresentationException'
[25.839s] /usr/bin/ld: camera_driver.cpp:(.text._ZN4YAML23RepresentationExceptionC2ERKNS_4MarkERKNSt7__cxx1112basic_stringIcSt11char_traitsIcESaIcEEE[_ZN4YAML23RepresentationExceptionC5ERKNS_4MarkERKNSt7__cxx1112basic_stringIcSt11char_traitsIcESaIcEEE]+0x28): undefined reference to `vtable for YAML::RepresentationException'
[25.839s] /usr/bin/ld: CMakeFiles/camera_driver.dir/src/camera_driver.cpp.o: in function `YAML::InvalidNode::InvalidNode(std::__cxx11::basic_string<char, std::char_traits<char>, std::allocator<char> > const&)':
[25.839s] camera_driver.cpp:(.text._ZN4YAML11InvalidNodeC2ERKNSt7__cxx1112basic_stringIcSt11char_traitsIcESaIcEEE[_ZN4YAML11InvalidNodeC5ERKNSt7__cxx1112basic_stringIcSt11char_traitsIcESaIcEEE]+0x7c): undefined reference to `vtable for YAML::InvalidNode'
[25.839s] /usr/bin/ld: camera_driver.cpp:(.text._ZN4YAML11InvalidNodeC2ERKNSt7__cxx1112basic_stringIcSt11char_traitsIcESaIcEEE[_ZN4YAML11InvalidNodeC5ERKNSt7__cxx1112basic_stringIcSt11char_traitsIcESaIcEEE]+0x80): undefined reference to `vtable for YAML::InvalidNode'
[25.839s] /usr/bin/ld: CMakeFiles/camera_driver.dir/src/camera_driver.cpp.o: in function `YAML::BadConversion::BadConversion(YAML::Mark const&)':
[25.839s] camera_driver.cpp:(.text._ZN4YAML13BadConversionC2ERKNS_4MarkE[_ZN4YAML13BadConversionC5ERKNS_4MarkE]+0x78): undefined reference to `vtable for YAML::BadConversion'
[25.840s] /usr/bin/ld: camera_driver.cpp:(.text._ZN4YAML13BadConversionC2ERKNS_4MarkE[_ZN4YAML13BadConversionC5ERKNS_4MarkE]+0x7c): undefined reference to `vtable for YAML::BadConversion'
[25.840s] /usr/bin/ld: CMakeFiles/camera_driver.dir/src/camera_driver.cpp.o: in function `YAML::detail::memory_holder::create_node()':
[25.840s] camera_driver.cpp:(.text._ZN4YAML6detail13memory_holder11create_nodeEv[_ZN4YAML6detail13memory_holder11create_nodeEv]+0x14): undefined reference to `YAML::detail::memory::create_node()'
[25.840s] /usr/bin/ld: CMakeFiles/camera_driver.dir/src/camera_driver.cpp.o: in function `YAML::detail::node_ref::mark_defined()':
[25.841s] camera_driver.cpp:(.text._ZN4YAML6detail8node_ref12mark_definedEv[_ZN4YAML6detail8node_ref12mark_definedEv]+0x14): undefined reference to `YAML::detail::node_data::mark_defined()'
[25.841s] /usr/bin/ld: CMakeFiles/camera_driver.dir/src/camera_driver.cpp.o: in function `YAML::detail::node_ref::set_null()':
[25.841s] camera_driver.cpp:(.text._ZN4YAML6detail8node_ref8set_nullEv[_ZN4YAML6detail8node_ref8set_nullEv]+0x14): undefined reference to `YAML::detail::node_data::set_null()'
[25.841s] /usr/bin/ld: CMakeFiles/camera_driver.dir/src/camera_driver.cpp.o: in function `YAML::detail::node_ref::set_scalar(std::__cxx11::basic_string<char, std::char_traits<char>, std::allocator<char> > const&)':
[25.841s] camera_driver.cpp:(.text._ZN4YAML6detail8node_ref10set_scalarERKNSt7__cxx1112basic_stringIcSt11char_traitsIcESaIcEEE[_ZN4YAML6detail8node_ref10set_scalarERKNSt7__cxx1112basic_stringIcSt11char_traitsIcESaIcEEE]+0x1c): undefined reference to `YAML::detail::node_data::set_scalar(std::__cxx11::basic_string<char, std::char_traits<char>, std::allocator<char> > const&)'
[25.842s] /usr/bin/ld: CMakeFiles/camera_driver.dir/src/camera_driver.cpp.o: in function `YAML::detail::node_ref::begin()':
[25.843s] camera_driver.cpp:(.text._ZN4YAML6detail8node_ref5beginEv[_ZN4YAML6detail8node_ref5beginEv]+0x38): undefined reference to `YAML::detail::node_data::begin()'
[25.843s] /usr/bin/ld: CMakeFiles/camera_driver.dir/src/camera_driver.cpp.o: in function `YAML::detail::node_ref::end()':
[25.843s] camera_driver.cpp:(.text._ZN4YAML6detail8node_ref3endEv[_ZN4YAML6detail8node_ref3endEv]+0x38): undefined reference to `YAML::detail::node_data::end()'
[25.844s] /usr/bin/ld: CMakeFiles/camera_driver.dir/src/camera_driver.cpp.o: in function `YAML::Node::EnsureNodeExists() const':
[25.844s] camera_driver.cpp:(.text._ZNK4YAML4Node16EnsureNodeExistsEv[_ZNK4YAML4Node16EnsureNodeExistsEv]+0x48): undefined reference to `YAML::InvalidNode::~InvalidNode()'
[25.844s] /usr/bin/ld: camera_driver.cpp:(.text._ZNK4YAML4Node16EnsureNodeExistsEv[_ZNK4YAML4Node16EnsureNodeExistsEv]+0x4c): undefined reference to `YAML::InvalidNode::~InvalidNode()'
[25.844s] /usr/bin/ld: camera_driver.cpp:(.text._ZNK4YAML4Node16EnsureNodeExistsEv[_ZNK4YAML4Node16EnsureNodeExistsEv]+0x50): undefined reference to `typeinfo for YAML::InvalidNode'
[25.845s] /usr/bin/ld: camera_driver.cpp:(.text._ZNK4YAML4Node16EnsureNodeExistsEv[_ZNK4YAML4Node16EnsureNodeExistsEv]+0x54): undefined reference to `typeinfo for YAML::InvalidNode'
[25.845s] /usr/bin/ld: CMakeFiles/camera_driver.dir/src/camera_driver.cpp.o: in function `YAML::Node::Mark() const':
[25.845s] camera_driver.cpp:(.text._ZNK4YAML4Node4MarkEv[_ZNK4YAML4Node4MarkEv]+0x4c): undefined reference to `YAML::InvalidNode::~InvalidNode()'
[25.845s] /usr/bin/ld: camera_driver.cpp:(.text._ZNK4YAML4Node4MarkEv[_ZNK4YAML4Node4MarkEv]+0x50): undefined reference to `YAML::InvalidNode::~InvalidNode()'
[25.845s] /usr/bin/ld: camera_driver.cpp:(.text._ZNK4YAML4Node4MarkEv[_ZNK4YAML4Node4MarkEv]+0x54): undefined reference to `typeinfo for YAML::InvalidNode'
[25.845s] /usr/bin/ld: camera_driver.cpp:(.text._ZNK4YAML4Node4MarkEv[_ZNK4YAML4Node4MarkEv]+0x58): undefined reference to `typeinfo for YAML::InvalidNode'
[25.846s] /usr/bin/ld: CMakeFiles/camera_driver.dir/src/camera_driver.cpp.o: in function `YAML::Node::Type() const':
[25.846s] camera_driver.cpp:(.text._ZNK4YAML4Node4TypeEv[_ZNK4YAML4Node4TypeEv]+0x48): undefined reference to `YAML::InvalidNode::~InvalidNode()'
[25.846s] /usr/bin/ld: camera_driver.cpp:(.text._ZNK4YAML4Node4TypeEv[_ZNK4YAML4Node4TypeEv]+0x4c): undefined reference to `YAML::InvalidNode::~InvalidNode()'
[25.847s] /usr/bin/ld: camera_driver.cpp:(.text._ZNK4YAML4Node4TypeEv[_ZNK4YAML4Node4TypeEv]+0x50): undefined reference to `typeinfo for YAML::InvalidNode'
[25.847s] /usr/bin/ld: camera_driver.cpp:(.text._ZNK4YAML4Node4TypeEv[_ZNK4YAML4Node4TypeEv]+0x54): undefined reference to `typeinfo for YAML::InvalidNode'
[25.847s] /usr/bin/ld: CMakeFiles/camera_driver.dir/src/camera_driver.cpp.o: in function `YAML::Node::Scalar[abi:cxx11]() const':
[25.847s] camera_driver.cpp:(.text._ZNK4YAML4Node6ScalarB5cxx11Ev[_ZNK4YAML4Node6ScalarB5cxx11Ev]+0x48): undefined reference to `YAML::InvalidNode::~InvalidNode()'
[25.848s] /usr/bin/ld: camera_driver.cpp:(.text._ZNK4YAML4Node6ScalarB5cxx11Ev[_ZNK4YAML4Node6ScalarB5cxx11Ev]+0x4c): undefined reference to `YAML::InvalidNode::~InvalidNode()'
[25.848s] /usr/bin/ld: camera_driver.cpp:(.text._ZNK4YAML4Node6ScalarB5cxx11Ev[_ZNK4YAML4Node6ScalarB5cxx11Ev]+0x50): undefined reference to `typeinfo for YAML::InvalidNode'
[25.848s] /usr/bin/ld: camera_driver.cpp:(.text._ZNK4YAML4Node6ScalarB5cxx11Ev[_ZNK4YAML4Node6ScalarB5cxx11Ev]+0x54): undefined reference to `typeinfo for YAML::InvalidNode'
[25.848s] /usr/bin/ld: camera_driver.cpp:(.text._ZNK4YAML4Node6ScalarB5cxx11Ev[_ZNK4YAML4Node6ScalarB5cxx11Ev]+0x80): undefined reference to `YAML::detail::node_data::empty_scalar[abi:cxx11]()'
[25.849s] /usr/bin/ld: CMakeFiles/camera_driver.dir/src/camera_driver.cpp.o: in function `CameraDriver::loadCameraInfo()':
[25.849s] camera_driver.cpp:(.text._ZN12CameraDriver14loadCameraInfoEv[_ZN12CameraDriver14loadCameraInfoEv]+0x5c): undefined reference to `YAML::LoadFile(std::__cxx11::basic_string<char, std::char_traits<char>, std::allocator<char> > const&)'
[25.849s] /usr/bin/ld: CMakeFiles/camera_driver.dir/src/camera_driver.cpp.o: in function `int YAML::Node::as<int>() const':
[25.849s] camera_driver.cpp:(.text._ZNK4YAML4Node2asIiEET_v[_ZNK4YAML4Node2asIiEET_v]+0x60): undefined reference to `YAML::InvalidNode::~InvalidNode()'
[25.850s] /usr/bin/ld: camera_driver.cpp:(.text._ZNK4YAML4Node2asIiEET_v[_ZNK4YAML4Node2asIiEET_v]+0x64): undefined reference to `YAML::InvalidNode::~InvalidNode()'
[25.850s] /usr/bin/ld: camera_driver.cpp:(.text._ZNK4YAML4Node2asIiEET_v[_ZNK4YAML4Node2asIiEET_v]+0x68): undefined reference to `typeinfo for YAML::InvalidNode'
[25.850s] /usr/bin/ld: camera_driver.cpp:(.text._ZNK4YAML4Node2asIiEET_v[_ZNK4YAML4Node2asIiEET_v]+0x6c): undefined reference to `typeinfo for YAML::InvalidNode'
[25.850s] /usr/bin/ld: CMakeFiles/camera_driver.dir/src/camera_driver.cpp.o: in function `std::vector<double, std::allocator<double> > YAML::Node::as<std::vector<double, std::allocator<double> > >() const':
[25.851s] camera_driver.cpp:(.text._ZNK4YAML4Node2asISt6vectorIdSaIdEEEET_v[_ZNK4YAML4Node2asISt6vectorIdSaIdEEEET_v]+0x64): undefined reference to `YAML::InvalidNode::~InvalidNode()'
[25.852s] /usr/bin/ld: camera_driver.cpp:(.text._ZNK4YAML4Node2asISt6vectorIdSaIdEEEET_v[_ZNK4YAML4Node2asISt6vectorIdSaIdEEEET_v]+0x68): undefined reference to `YAML::InvalidNode::~InvalidNode()'
[25.852s] /usr/bin/ld: camera_driver.cpp:(.text._ZNK4YAML4Node2asISt6vectorIdSaIdEEEET_v[_ZNK4YAML4Node2asISt6vectorIdSaIdEEEET_v]+0x6c): undefined reference to `typeinfo for YAML::InvalidNode'
[25.852s] /usr/bin/ld: camera_driver.cpp:(.text._ZNK4YAML4Node2asISt6vectorIdSaIdEEEET_v[_ZNK4YAML4Node2asISt6vectorIdSaIdEEEET_v]+0x70): undefined reference to `typeinfo for YAML::InvalidNode'
[25.853s] /usr/bin/ld: CMakeFiles/camera_driver.dir/src/camera_driver.cpp.o: in function `YAML::TypedBadConversion<int>::~TypedBadConversion()':
[25.854s] camera_driver.cpp:(.text._ZN4YAML18TypedBadConversionIiED2Ev[_ZN4YAML18TypedBadConversionIiED5Ev]+0x20): undefined reference to `YAML::BadConversion::~BadConversion()'
[25.854s] /usr/bin/ld: CMakeFiles/camera_driver.dir/src/camera_driver.cpp.o: in function `YAML::TypedBadConversion<std::vector<double, std::allocator<double> > >::~TypedBadConversion()':
[25.854s] camera_driver.cpp:(.text._ZN4YAML18TypedBadConversionISt6vectorIdSaIdEEED2Ev[_ZN4YAML18TypedBadConversionISt6vectorIdSaIdEEED5Ev]+0x20): undefined reference to `YAML::BadConversion::~BadConversion()'
[25.854s] /usr/bin/ld: CMakeFiles/camera_driver.dir/src/camera_driver.cpp.o: in function `YAML::detail::node& YAML::detail::node_data::get<char [12]>(char const (&) [12], std::shared_ptr<YAML::detail::memory_holder>)':
[25.854s] camera_driver.cpp:(.text._ZN4YAML6detail9node_data3getIA12_cEERNS0_4nodeERKT_St10shared_ptrINS0_13memory_holderEE[_ZN4YAML6detail9node_data3getIA12_cEERNS0_4nodeERKT_St10shared_ptrINS0_13memory_holderEE]+0xd8): undefined reference to `YAML::detail::node_data::convert_to_map(std::shared_ptr<YAML::detail::memory_holder> const&)'
[25.855s] /usr/bin/ld: camera_driver.cpp:(.text._ZN4YAML6detail9node_data3getIA12_cEERNS0_4nodeERKT_St10shared_ptrINS0_13memory_holderEE[_ZN4YAML6detail9node_data3getIA12_cEERNS0_4nodeERKT_St10shared_ptrINS0_13memory_holderEE]+0x104): undefined reference to `YAML::BadSubscript::~BadSubscript()'
[25.855s] /usr/bin/ld: camera_driver.cpp:(.text._ZN4YAML6detail9node_data3getIA12_cEERNS0_4nodeERKT_St10shared_ptrINS0_13memory_holderEE[_ZN4YAML6detail9node_data3getIA12_cEERNS0_4nodeERKT_St10shared_ptrINS0_13memory_holderEE]+0x108): undefined reference to `YAML::BadSubscript::~BadSubscript()'
[25.855s] /usr/bin/ld: camera_driver.cpp:(.text._ZN4YAML6detail9node_data3getIA12_cEERNS0_4nodeERKT_St10shared_ptrINS0_13memory_holderEE[_ZN4YAML6detail9node_data3getIA12_cEERNS0_4nodeERKT_St10shared_ptrINS0_13memory_holderEE]+0x10c): undefined reference to `typeinfo for YAML::BadSubscript'
[25.855s] /usr/bin/ld: camera_driver.cpp:(.text._ZN4YAML6detail9node_data3getIA12_cEERNS0_4nodeERKT_St10shared_ptrINS0_13memory_holderEE[_ZN4YAML6detail9node_data3getIA12_cEERNS0_4nodeERKT_St10shared_ptrINS0_13memory_holderEE]+0x110): undefined reference to `typeinfo for YAML::BadSubscript'
[25.855s] /usr/bin/ld: camera_driver.cpp:(.text._ZN4YAML6detail9node_data3getIA12_cEERNS0_4nodeERKT_St10shared_ptrINS0_13memory_holderEE[_ZN4YAML6detail9node_data3getIA12_cEERNS0_4nodeERKT_St10shared_ptrINS0_13memory_holderEE]+0x1d8): undefined reference to `YAML::detail::node_data::insert_map_pair(YAML::detail::node&, YAML::detail::node&)'
[25.856s] /usr/bin/ld: CMakeFiles/camera_driver.dir/src/camera_driver.cpp.o: in function `YAML::detail::node& YAML::detail::node_data::get<char [13]>(char const (&) [13], std::shared_ptr<YAML::detail::memory_holder>)':
[25.856s] camera_driver.cpp:(.text._ZN4YAML6detail9node_data3getIA13_cEERNS0_4nodeERKT_St10shared_ptrINS0_13memory_holderEE[_ZN4YAML6detail9node_data3getIA13_cEERNS0_4nodeERKT_St10shared_ptrINS0_13memory_holderEE]+0xd8): undefined reference to `YAML::detail::node_data::convert_to_map(std::shared_ptr<YAML::detail::memory_holder> const&)'
[25.856s] /usr/bin/ld: camera_driver.cpp:(.text._ZN4YAML6detail9node_data3getIA13_cEERNS0_4nodeERKT_St10shared_ptrINS0_13memory_holderEE[_ZN4YAML6detail9node_data3getIA13_cEERNS0_4nodeERKT_St10shared_ptrINS0_13memory_holderEE]+0x104): undefined reference to `YAML::BadSubscript::~BadSubscript()'
[25.856s] /usr/bin/ld: camera_driver.cpp:(.text._ZN4YAML6detail9node_data3getIA13_cEERNS0_4nodeERKT_St10shared_ptrINS0_13memory_holderEE[_ZN4YAML6detail9node_data3getIA13_cEERNS0_4nodeERKT_St10shared_ptrINS0_13memory_holderEE]+0x108): undefined reference to `YAML::BadSubscript::~BadSubscript()'
[25.857s] /usr/bin/ld: camera_driver.cpp:(.text._ZN4YAML6detail9node_data3getIA13_cEERNS0_4nodeERKT_St10shared_ptrINS0_13memory_holderEE[_ZN4YAML6detail9node_data3getIA13_cEERNS0_4nodeERKT_St10shared_ptrINS0_13memory_holderEE]+0x10c): undefined reference to `typeinfo for YAML::BadSubscript'
[25.857s] /usr/bin/ld: camera_driver.cpp:(.text._ZN4YAML6detail9node_data3getIA13_cEERNS0_4nodeERKT_St10shared_ptrINS0_13memory_holderEE[_ZN4YAML6detail9node_data3getIA13_cEERNS0_4nodeERKT_St10shared_ptrINS0_13memory_holderEE]+0x110): undefined reference to `typeinfo for YAML::BadSubscript'
[25.857s] /usr/bin/ld: camera_driver.cpp:(.text._ZN4YAML6detail9node_data3getIA13_cEERNS0_4nodeERKT_St10shared_ptrINS0_13memory_holderEE[_ZN4YAML6detail9node_data3getIA13_cEERNS0_4nodeERKT_St10shared_ptrINS0_13memory_holderEE]+0x1d8): undefined reference to `YAML::detail::node_data::insert_map_pair(YAML::detail::node&, YAML::detail::node&)'
[25.857s] /usr/bin/ld: CMakeFiles/camera_driver.dir/src/camera_driver.cpp.o: in function `YAML::detail::node& YAML::detail::node_data::get<char [14]>(char const (&) [14], std::shared_ptr<YAML::detail::memory_holder>)':
[25.857s] camera_driver.cpp:(.text._ZN4YAML6detail9node_data3getIA14_cEERNS0_4nodeERKT_St10shared_ptrINS0_13memory_holderEE[_ZN4YAML6detail9node_data3getIA14_cEERNS0_4nodeERKT_St10shared_ptrINS0_13memory_holderEE]+0xd8): undefined reference to `YAML::detail::node_data::convert_to_map(std::shared_ptr<YAML::detail::memory_holder> const&)'
[25.857s] /usr/bin/ld: camera_driver.cpp:(.text._ZN4YAML6detail9node_data3getIA14_cEERNS0_4nodeERKT_St10shared_ptrINS0_13memory_holderEE[_ZN4YAML6detail9node_data3getIA14_cEERNS0_4nodeERKT_St10shared_ptrINS0_13memory_holderEE]+0x104): undefined reference to `YAML::BadSubscript::~BadSubscript()'
[25.858s] /usr/bin/ld: camera_driver.cpp:(.text._ZN4YAML6detail9node_data3getIA14_cEERNS0_4nodeERKT_St10shared_ptrINS0_13memory_holderEE[_ZN4YAML6detail9node_data3getIA14_cEERNS0_4nodeERKT_St10shared_ptrINS0_13memory_holderEE]+0x108): undefined reference to `YAML::BadSubscript::~BadSubscript()'
[25.858s] /usr/bin/ld: camera_driver.cpp:(.text._ZN4YAML6detail9node_data3getIA14_cEERNS0_4nodeERKT_St10shared_ptrINS0_13memory_holderEE[_ZN4YAML6detail9node_data3getIA14_cEERNS0_4nodeERKT_St10shared_ptrINS0_13memory_holderEE]+0x10c): undefined reference to `typeinfo for YAML::BadSubscript'
[25.858s] /usr/bin/ld: camera_driver.cpp:(.text._ZN4YAML6detail9node_data3getIA14_cEERNS0_4nodeERKT_St10shared_ptrINS0_13memory_holderEE[_ZN4YAML6detail9node_data3getIA14_cEERNS0_4nodeERKT_St10shared_ptrINS0_13memory_holderEE]+0x110): undefined reference to `typeinfo for YAML::BadSubscript'
[25.858s] /usr/bin/ld: camera_driver.cpp:(.text._ZN4YAML6detail9node_data3getIA14_cEERNS0_4nodeERKT_St10shared_ptrINS0_13memory_holderEE[_ZN4YAML6detail9node_data3getIA14_cEERNS0_4nodeERKT_St10shared_ptrINS0_13memory_holderEE]+0x1d8): undefined reference to `YAML::detail::node_data::insert_map_pair(YAML::detail::node&, YAML::detail::node&)'
[25.858s] /usr/bin/ld: CMakeFiles/camera_driver.dir/src/camera_driver.cpp.o: in function `YAML::detail::node& YAML::detail::node_data::get<char [5]>(char const (&) [5], std::shared_ptr<YAML::detail::memory_holder>)':
[25.858s] camera_driver.cpp:(.text._ZN4YAML6detail9node_data3getIA5_cEERNS0_4nodeERKT_St10shared_ptrINS0_13memory_holderEE[_ZN4YAML6detail9node_data3getIA5_cEERNS0_4nodeERKT_St10shared_ptrINS0_13memory_holderEE]+0xd8): undefined reference to `YAML::detail::node_data::convert_to_map(std::shared_ptr<YAML::detail::memory_holder> const&)'
[25.859s] /usr/bin/ld: camera_driver.cpp:(.text._ZN4YAML6detail9node_data3getIA5_cEERNS0_4nodeERKT_St10shared_ptrINS0_13memory_holderEE[_ZN4YAML6detail9node_data3getIA5_cEERNS0_4nodeERKT_St10shared_ptrINS0_13memory_holderEE]+0x104): undefined reference to `YAML::BadSubscript::~BadSubscript()'
[25.860s] /usr/bin/ld: camera_driver.cpp:(.text._ZN4YAML6detail9node_data3getIA5_cEERNS0_4nodeERKT_St10shared_ptrINS0_13memory_holderEE[_ZN4YAML6detail9node_data3getIA5_cEERNS0_4nodeERKT_St10shared_ptrINS0_13memory_holderEE]+0x108): undefined reference to `YAML::BadSubscript::~BadSubscript()'
[25.860s] /usr/bin/ld: camera_driver.cpp:(.text._ZN4YAML6detail9node_data3getIA5_cEERNS0_4nodeERKT_St10shared_ptrINS0_13memory_holderEE[_ZN4YAML6detail9node_data3getIA5_cEERNS0_4nodeERKT_St10shared_ptrINS0_13memory_holderEE]+0x10c): undefined reference to `typeinfo for YAML::BadSubscript'
[25.860s] /usr/bin/ld: camera_driver.cpp:(.text._ZN4YAML6detail9node_data3getIA5_cEERNS0_4nodeERKT_St10shared_ptrINS0_13memory_holderEE[_ZN4YAML6detail9node_data3getIA5_cEERNS0_4nodeERKT_St10shared_ptrINS0_13memory_holderEE]+0x110): undefined reference to `typeinfo for YAML::BadSubscript'
[25.860s] /usr/bin/ld: camera_driver.cpp:(.text._ZN4YAML6detail9node_data3getIA5_cEERNS0_4nodeERKT_St10shared_ptrINS0_13memory_holderEE[_ZN4YAML6detail9node_data3getIA5_cEERNS0_4nodeERKT_St10shared_ptrINS0_13memory_holderEE]+0x1d8): undefined reference to `YAML::detail::node_data::insert_map_pair(YAML::detail::node&, YAML::detail::node&)'
[25.860s] /usr/bin/ld: CMakeFiles/camera_driver.dir/src/camera_driver.cpp.o: in function `double YAML::Node::as<double>() const':
[25.860s] camera_driver.cpp:(.text._ZNK4YAML4Node2asIdEET_v[_ZNK4YAML4Node2asIdEET_v]+0x60): undefined reference to `YAML::InvalidNode::~InvalidNode()'
[25.860s] /usr/bin/ld: camera_driver.cpp:(.text._ZNK4YAML4Node2asIdEET_v[_ZNK4YAML4Node2asIdEET_v]+0x64): undefined reference to `YAML::InvalidNode::~InvalidNode()'
[25.861s] /usr/bin/ld: camera_driver.cpp:(.text._ZNK4YAML4Node2asIdEET_v[_ZNK4YAML4Node2asIdEET_v]+0x68): undefined reference to `typeinfo for YAML::InvalidNode'
[25.861s] /usr/bin/ld: camera_driver.cpp:(.text._ZNK4YAML4Node2asIdEET_v[_ZNK4YAML4Node2asIdEET_v]+0x6c): undefined reference to `typeinfo for YAML::InvalidNode'
[25.862s] /usr/bin/ld: CMakeFiles/camera_driver.dir/src/camera_driver.cpp.o: in function `YAML::detail::node& YAML::detail::node_data::get<char [24]>(char const (&) [24], std::shared_ptr<YAML::detail::memory_holder>)':
[25.862s] camera_driver.cpp:(.text._ZN4YAML6detail9node_data3getIA24_cEERNS0_4nodeERKT_St10shared_ptrINS0_13memory_holderEE[_ZN4YAML6detail9node_data3getIA24_cEERNS0_4nodeERKT_St10shared_ptrINS0_13memory_holderEE]+0xd8): undefined reference to `YAML::detail::node_data::convert_to_map(std::shared_ptr<YAML::detail::memory_holder> const&)'
[25.862s] /usr/bin/ld: camera_driver.cpp:(.text._ZN4YAML6detail9node_data3getIA24_cEERNS0_4nodeERKT_St10shared_ptrINS0_13memory_holderEE[_ZN4YAML6detail9node_data3getIA24_cEERNS0_4nodeERKT_St10shared_ptrINS0_13memory_holderEE]+0x104): undefined reference to `YAML::BadSubscript::~BadSubscript()'
[25.862s] /usr/bin/ld: camera_driver.cpp:(.text._ZN4YAML6detail9node_data3getIA24_cEERNS0_4nodeERKT_St10shared_ptrINS0_13memory_holderEE[_ZN4YAML6detail9node_data3getIA24_cEERNS0_4nodeERKT_St10shared_ptrINS0_13memory_holderEE]+0x108): undefined reference to `YAML::BadSubscript::~BadSubscript()'
[25.863s] /usr/bin/ld: camera_driver.cpp:(.text._ZN4YAML6detail9node_data3getIA24_cEERNS0_4nodeERKT_St10shared_ptrINS0_13memory_holderEE[_ZN4YAML6detail9node_data3getIA24_cEERNS0_4nodeERKT_St10shared_ptrINS0_13memory_holderEE]+0x10c): undefined reference to `typeinfo for YAML::BadSubscript'
[25.863s] /usr/bin/ld: camera_driver.cpp:(.text._ZN4YAML6detail9node_data3getIA24_cEERNS0_4nodeERKT_St10shared_ptrINS0_13memory_holderEE[_ZN4YAML6detail9node_data3getIA24_cEERNS0_4nodeERKT_St10shared_ptrINS0_13memory_holderEE]+0x110): undefined reference to `typeinfo for YAML::BadSubscript'
[25.863s] /usr/bin/ld: camera_driver.cpp:(.text._ZN4YAML6detail9node_data3getIA24_cEERNS0_4nodeERKT_St10shared_ptrINS0_13memory_holderEE[_ZN4YAML6detail9node_data3getIA24_cEERNS0_4nodeERKT_St10shared_ptrINS0_13memory_holderEE]+0x1d8): undefined reference to `YAML::detail::node_data::insert_map_pair(YAML::detail::node&, YAML::detail::node&)'
[25.863s] /usr/bin/ld: CMakeFiles/camera_driver.dir/src/camera_driver.cpp.o: in function `YAML::detail::node& YAML::detail::node_data::get<char [21]>(char const (&) [21], std::shared_ptr<YAML::detail::memory_holder>)':
[25.863s] camera_driver.cpp:(.text._ZN4YAML6detail9node_data3getIA21_cEERNS0_4nodeERKT_St10shared_ptrINS0_13memory_holderEE[_ZN4YAML6detail9node_data3getIA21_cEERNS0_4nodeERKT_St10shared_ptrINS0_13memory_holderEE]+0xd8): undefined reference to `YAML::detail::node_data::convert_to_map(std::shared_ptr<YAML::detail::memory_holder> const&)'
[25.863s] /usr/bin/ld: camera_driver.cpp:(.text._ZN4YAML6detail9node_data3getIA21_cEERNS0_4nodeERKT_St10shared_ptrINS0_13memory_holderEE[_ZN4YAML6detail9node_data3getIA21_cEERNS0_4nodeERKT_St10shared_ptrINS0_13memory_holderEE]+0x104): undefined reference to `YAML::BadSubscript::~BadSubscript()'
[25.863s] /usr/bin/ld: camera_driver.cpp:(.text._ZN4YAML6detail9node_data3getIA21_cEERNS0_4nodeERKT_St10shared_ptrINS0_13memory_holderEE[_ZN4YAML6detail9node_data3getIA21_cEERNS0_4nodeERKT_St10shared_ptrINS0_13memory_holderEE]+0x108): undefined reference to `YAML::BadSubscript::~BadSubscript()'
[25.864s] /usr/bin/ld: camera_driver.cpp:(.text._ZN4YAML6detail9node_data3getIA21_cEERNS0_4nodeERKT_St10shared_ptrINS0_13memory_holderEE[_ZN4YAML6detail9node_data3getIA21_cEERNS0_4nodeERKT_St10shared_ptrINS0_13memory_holderEE]+0x10c): undefined reference to `typeinfo for YAML::BadSubscript'
[25.864s] /usr/bin/ld: camera_driver.cpp:(.text._ZN4YAML6detail9node_data3getIA21_cEERNS0_4nodeERKT_St10shared_ptrINS0_13memory_holderEE[_ZN4YAML6detail9node_data3getIA21_cEERNS0_4nodeERKT_St10shared_ptrINS0_13memory_holderEE]+0x110): undefined reference to `typeinfo for YAML::BadSubscript'
[25.864s] /usr/bin/ld: camera_driver.cpp:(.text._ZN4YAML6detail9node_data3getIA21_cEERNS0_4nodeERKT_St10shared_ptrINS0_13memory_holderEE[_ZN4YAML6detail9node_data3getIA21_cEERNS0_4nodeERKT_St10shared_ptrINS0_13memory_holderEE]+0x1d8): undefined reference to `YAML::detail::node_data::insert_map_pair(YAML::detail::node&, YAML::detail::node&)'
[25.866s] /usr/bin/ld: CMakeFiles/camera_driver.dir/src/camera_driver.cpp.o: in function `YAML::detail::node& YAML::detail::node_data::get<char [18]>(char const (&) [18], std::shared_ptr<YAML::detail::memory_holder>)':
[25.866s] camera_driver.cpp:(.text._ZN4YAML6detail9node_data3getIA18_cEERNS0_4nodeERKT_St10shared_ptrINS0_13memory_holderEE[_ZN4YAML6detail9node_data3getIA18_cEERNS0_4nodeERKT_St10shared_ptrINS0_13memory_holderEE]+0xd8): undefined reference to `YAML::detail::node_data::convert_to_map(std::shared_ptr<YAML::detail::memory_holder> const&)'
[25.866s] /usr/bin/ld: camera_driver.cpp:(.text._ZN4YAML6detail9node_data3getIA18_cEERNS0_4nodeERKT_St10shared_ptrINS0_13memory_holderEE[_ZN4YAML6detail9node_data3getIA18_cEERNS0_4nodeERKT_St10shared_ptrINS0_13memory_holderEE]+0x104): undefined reference to `YAML::BadSubscript::~BadSubscript()'
[25.867s] /usr/bin/ld: camera_driver.cpp:(.text._ZN4YAML6detail9node_data3getIA18_cEERNS0_4nodeERKT_St10shared_ptrINS0_13memory_holderEE[_ZN4YAML6detail9node_data3getIA18_cEERNS0_4nodeERKT_St10shared_ptrINS0_13memory_holderEE]+0x108): undefined reference to `YAML::BadSubscript::~BadSubscript()'
[25.867s] /usr/bin/ld: camera_driver.cpp:(.text._ZN4YAML6detail9node_data3getIA18_cEERNS0_4nodeERKT_St10shared_ptrINS0_13memory_holderEE[_ZN4YAML6detail9node_data3getIA18_cEERNS0_4nodeERKT_St10shared_ptrINS0_13memory_holderEE]+0x10c): undefined reference to `typeinfo for YAML::BadSubscript'
[25.868s] /usr/bin/ld: camera_driver.cpp:(.text._ZN4YAML6detail9node_data3getIA18_cEERNS0_4nodeERKT_St10shared_ptrINS0_13memory_holderEE[_ZN4YAML6detail9node_data3getIA18_cEERNS0_4nodeERKT_St10shared_ptrINS0_13memory_holderEE]+0x110): undefined reference to `typeinfo for YAML::BadSubscript'
[25.868s] /usr/bin/ld: camera_driver.cpp:(.text._ZN4YAML6detail9node_data3getIA18_cEERNS0_4nodeERKT_St10shared_ptrINS0_13memory_holderEE[_ZN4YAML6detail9node_data3getIA18_cEERNS0_4nodeERKT_St10shared_ptrINS0_13memory_holderEE]+0x1d8): undefined reference to `YAML::detail::node_data::insert_map_pair(YAML::detail::node&, YAML::detail::node&)'
[25.868s] /usr/bin/ld: CMakeFiles/camera_driver.dir/src/camera_driver.cpp.o: in function `YAML::BadSubscript::BadSubscript<char [12]>(YAML::Mark const&, char const (&) [12])':
[25.869s] camera_driver.cpp:(.text._ZN4YAML12BadSubscriptC2IA12_cEERKNS_4MarkERKT_[_ZN4YAML12BadSubscriptC5IA12_cEERKNS_4MarkERKT_]+0x60): undefined reference to `vtable for YAML::BadSubscript'
[25.869s] /usr/bin/ld: camera_driver.cpp:(.text._ZN4YAML12BadSubscriptC2IA12_cEERKNS_4MarkERKT_[_ZN4YAML12BadSubscriptC5IA12_cEERKNS_4MarkERKT_]+0x64): undefined reference to `vtable for YAML::BadSubscript'
[25.869s] /usr/bin/ld: CMakeFiles/camera_driver.dir/src/camera_driver.cpp.o: in function `YAML::detail::node& YAML::detail::node_data::convert_to_node<char [12]>(char const (&) [12], std::shared_ptr<YAML::detail::memory_holder>)':
[25.869s] camera_driver.cpp:(.text._ZN4YAML6detail9node_data15convert_to_nodeIA12_cEERNS0_4nodeERKT_St10shared_ptrINS0_13memory_holderEE[_ZN4YAML6detail9node_data15convert_to_nodeIA12_cEERNS0_4nodeERKT_St10shared_ptrINS0_13memory_holderEE]+0x64): undefined reference to `YAML::detail::memory_holder::merge(YAML::detail::memory_holder&)'
[25.869s] /usr/bin/ld: CMakeFiles/camera_driver.dir/src/camera_driver.cpp.o: in function `YAML::BadSubscript::BadSubscript<char [13]>(YAML::Mark const&, char const (&) [13])':
[25.869s] camera_driver.cpp:(.text._ZN4YAML12BadSubscriptC2IA13_cEERKNS_4MarkERKT_[_ZN4YAML12BadSubscriptC5IA13_cEERKNS_4MarkERKT_]+0x60): undefined reference to `vtable for YAML::BadSubscript'
[25.870s] /usr/bin/ld: camera_driver.cpp:(.text._ZN4YAML12BadSubscriptC2IA13_cEERKNS_4MarkERKT_[_ZN4YAML12BadSubscriptC5IA13_cEERKNS_4MarkERKT_]+0x64): undefined reference to `vtable for YAML::BadSubscript'
[25.870s] /usr/bin/ld: CMakeFiles/camera_driver.dir/src/camera_driver.cpp.o: in function `YAML::detail::node& YAML::detail::node_data::convert_to_node<char [13]>(char const (&) [13], std::shared_ptr<YAML::detail::memory_holder>)':
[25.870s] camera_driver.cpp:(.text._ZN4YAML6detail9node_data15convert_to_nodeIA13_cEERNS0_4nodeERKT_St10shared_ptrINS0_13memory_holderEE[_ZN4YAML6detail9node_data15convert_to_nodeIA13_cEERNS0_4nodeERKT_St10shared_ptrINS0_13memory_holderEE]+0x64): undefined reference to `YAML::detail::memory_holder::merge(YAML::detail::memory_holder&)'
[25.871s] /usr/bin/ld: CMakeFiles/camera_driver.dir/src/camera_driver.cpp.o: in function `YAML::BadSubscript::BadSubscript<char [14]>(YAML::Mark const&, char const (&) [14])':
[25.871s] camera_driver.cpp:(.text._ZN4YAML12BadSubscriptC2IA14_cEERKNS_4MarkERKT_[_ZN4YAML12BadSubscriptC5IA14_cEERKNS_4MarkERKT_]+0x60): undefined reference to `vtable for YAML::BadSubscript'
[25.871s] /usr/bin/ld: camera_driver.cpp:(.text._ZN4YAML12BadSubscriptC2IA14_cEERKNS_4MarkERKT_[_ZN4YAML12BadSubscriptC5IA14_cEERKNS_4MarkERKT_]+0x64): undefined reference to `vtable for YAML::BadSubscript'
[25.871s] /usr/bin/ld: CMakeFiles/camera_driver.dir/src/camera_driver.cpp.o: in function `YAML::detail::node& YAML::detail::node_data::convert_to_node<char [14]>(char const (&) [14], std::shared_ptr<YAML::detail::memory_holder>)':
[25.871s] camera_driver.cpp:(.text._ZN4YAML6detail9node_data15convert_to_nodeIA14_cEERNS0_4nodeERKT_St10shared_ptrINS0_13memory_holderEE[_ZN4YAML6detail9node_data15convert_to_nodeIA14_cEERNS0_4nodeERKT_St10shared_ptrINS0_13memory_holderEE]+0x64): undefined reference to `YAML::detail::memory_holder::merge(YAML::detail::memory_holder&)'
[25.871s] /usr/bin/ld: CMakeFiles/camera_driver.dir/src/camera_driver.cpp.o: in function `YAML::BadSubscript::BadSubscript<char [5]>(YAML::Mark const&, char const (&) [5])':
[25.872s] camera_driver.cpp:(.text._ZN4YAML12BadSubscriptC2IA5_cEERKNS_4MarkERKT_[_ZN4YAML12BadSubscriptC5IA5_cEERKNS_4MarkERKT_]+0x60): undefined reference to `vtable for YAML::BadSubscript'
[25.872s] /usr/bin/ld: camera_driver.cpp:(.text._ZN4YAML12BadSubscriptC2IA5_cEERKNS_4MarkERKT_[_ZN4YAML12BadSubscriptC5IA5_cEERKNS_4MarkERKT_]+0x64): undefined reference to `vtable for YAML::BadSubscript'
[25.872s] /usr/bin/ld: CMakeFiles/camera_driver.dir/src/camera_driver.cpp.o: in function `YAML::detail::node& YAML::detail::node_data::convert_to_node<char [5]>(char const (&) [5], std::shared_ptr<YAML::detail::memory_holder>)':
[25.872s] camera_driver.cpp:(.text._ZN4YAML6detail9node_data15convert_to_nodeIA5_cEERNS0_4nodeERKT_St10shared_ptrINS0_13memory_holderEE[_ZN4YAML6detail9node_data15convert_to_nodeIA5_cEERNS0_4nodeERKT_St10shared_ptrINS0_13memory_holderEE]+0x64): undefined reference to `YAML::detail::memory_holder::merge(YAML::detail::memory_holder&)'
[25.872s] /usr/bin/ld: CMakeFiles/camera_driver.dir/src/camera_driver.cpp.o: in function `YAML::TypedBadConversion<double>::~TypedBadConversion()':
[25.872s] camera_driver.cpp:(.text._ZN4YAML18TypedBadConversionIdED2Ev[_ZN4YAML18TypedBadConversionIdED5Ev]+0x20): undefined reference to `YAML::BadConversion::~BadConversion()'
[25.873s] /usr/bin/ld: CMakeFiles/camera_driver.dir/src/camera_driver.cpp.o: in function `YAML::BadSubscript::BadSubscript<char [24]>(YAML::Mark const&, char const (&) [24])':
[25.873s] camera_driver.cpp:(.text._ZN4YAML12BadSubscriptC2IA24_cEERKNS_4MarkERKT_[_ZN4YAML12BadSubscriptC5IA24_cEERKNS_4MarkERKT_]+0x60): undefined reference to `vtable for YAML::BadSubscript'
[25.873s] /usr/bin/ld: camera_driver.cpp:(.text._ZN4YAML12BadSubscriptC2IA24_cEERKNS_4MarkERKT_[_ZN4YAML12BadSubscriptC5IA24_cEERKNS_4MarkERKT_]+0x64): undefined reference to `vtable for YAML::BadSubscript'
[25.873s] /usr/bin/ld: CMakeFiles/camera_driver.dir/src/camera_driver.cpp.o: in function `YAML::detail::node& YAML::detail::node_data::convert_to_node<char [24]>(char const (&) [24], std::shared_ptr<YAML::detail::memory_holder>)':
[25.873s] camera_driver.cpp:(.text._ZN4YAML6detail9node_data15convert_to_nodeIA24_cEERNS0_4nodeERKT_St10shared_ptrINS0_13memory_holderEE[_ZN4YAML6detail9node_data15convert_to_nodeIA24_cEERNS0_4nodeERKT_St10shared_ptrINS0_13memory_holderEE]+0x64): undefined reference to `YAML::detail::memory_holder::merge(YAML::detail::memory_holder&)'
[25.873s] /usr/bin/ld: CMakeFiles/camera_driver.dir/src/camera_driver.cpp.o: in function `YAML::BadSubscript::BadSubscript<char [21]>(YAML::Mark const&, char const (&) [21])':
[25.873s] camera_driver.cpp:(.text._ZN4YAML12BadSubscriptC2IA21_cEERKNS_4MarkERKT_[_ZN4YAML12BadSubscriptC5IA21_cEERKNS_4MarkERKT_]+0x60): undefined reference to `vtable for YAML::BadSubscript'
[25.874s] /usr/bin/ld: camera_driver.cpp:(.text._ZN4YAML12BadSubscriptC2IA21_cEERKNS_4MarkERKT_[_ZN4YAML12BadSubscriptC5IA21_cEERKNS_4MarkERKT_]+0x64): undefined reference to `vtable for YAML::BadSubscript'
[25.874s] /usr/bin/ld: CMakeFiles/camera_driver.dir/src/camera_driver.cpp.o: in function `YAML::detail::node& YAML::detail::node_data::convert_to_node<char [21]>(char const (&) [21], std::shared_ptr<YAML::detail::memory_holder>)':
[25.874s] camera_driver.cpp:(.text._ZN4YAML6detail9node_data15convert_to_nodeIA21_cEERNS0_4nodeERKT_St10shared_ptrINS0_13memory_holderEE[_ZN4YAML6detail9node_data15convert_to_nodeIA21_cEERNS0_4nodeERKT_St10shared_ptrINS0_13memory_holderEE]+0x64): undefined reference to `YAML::detail::memory_holder::merge(YAML::detail::memory_holder&)'
[25.874s] /usr/bin/ld: CMakeFiles/camera_driver.dir/src/camera_driver.cpp.o: in function `YAML::BadSubscript::BadSubscript<char [18]>(YAML::Mark const&, char const (&) [18])':
[25.874s] camera_driver.cpp:(.text._ZN4YAML12BadSubscriptC2IA18_cEERKNS_4MarkERKT_[_ZN4YAML12BadSubscriptC5IA18_cEERKNS_4MarkERKT_]+0x60): undefined reference to `vtable for YAML::BadSubscript'
[25.874s] /usr/bin/ld: camera_driver.cpp:(.text._ZN4YAML12BadSubscriptC2IA18_cEERKNS_4MarkERKT_[_ZN4YAML12BadSubscriptC5IA18_cEERKNS_4MarkERKT_]+0x64): undefined reference to `vtable for YAML::BadSubscript'
[25.874s] /usr/bin/ld: CMakeFiles/camera_driver.dir/src/camera_driver.cpp.o: in function `YAML::detail::node& YAML::detail::node_data::convert_to_node<char [18]>(char const (&) [18], std::shared_ptr<YAML::detail::memory_holder>)':
[25.875s] camera_driver.cpp:(.text._ZN4YAML6detail9node_data15convert_to_nodeIA18_cEERNS0_4nodeERKT_St10shared_ptrINS0_13memory_holderEE[_ZN4YAML6detail9node_data15convert_to_nodeIA18_cEERNS0_4nodeERKT_St10shared_ptrINS0_13memory_holderEE]+0x64): undefined reference to `YAML::detail::memory_holder::merge(YAML::detail::memory_holder&)'
[25.875s] /usr/bin/ld: CMakeFiles/camera_driver.dir/src/camera_driver.cpp.o:(.data.rel.ro._ZTIN4YAML18TypedBadConversionIdEE[_ZTIN4YAML18TypedBadConversionIdEE]+0x10): undefined reference to `typeinfo for YAML::BadConversion'
[25.875s] /usr/bin/ld: CMakeFiles/camera_driver.dir/src/camera_driver.cpp.o:(.data.rel.ro._ZTIN4YAML18TypedBadConversionISt6vectorIdSaIdEEEE[_ZTIN4YAML18TypedBadConversionISt6vectorIdSaIdEEEE]+0x10): undefined reference to `typeinfo for YAML::BadConversion'
[25.875s] /usr/bin/ld: CMakeFiles/camera_driver.dir/src/camera_driver.cpp.o:(.data.rel.ro._ZTIN4YAML18TypedBadConversionIiEE[_ZTIN4YAML18TypedBadConversionIiEE]+0x10): undefined reference to `typeinfo for YAML::BadConversion'
[26.001s] collect2: error: ld returned 1 exit status
[26.007s] gmake[2]: *** [CMakeFiles/camera_driver.dir/build.make:193：camera_driver] 错误 1
[26.008s] gmake[1]: *** [CMakeFiles/Makefile2:167：CMakeFiles/camera_driver.dir/all] 错误 2
[26.009s] gmake: *** [Makefile:146：all] 错误 2
[26.017s] Invoked command in '/home/chuil/Desktop/zhongxi/build/sensor_interfaces' returned '2': CMAKE_PREFIX_PATH=${CMAKE_PREFIX_PATH}:/home/chuil/Desktop/zhongxi/install/demo_py:/opt/ros/humble /usr/bin/cmake --build /home/chuil/Desktop/zhongxi/build/sensor_interfaces -- -j6 -l6
