[0.025s] Invoking command in '/home/chuil/Desktop/zhongxi/build/graphslam': CMAKE_PREFIX_PATH=${CMAKE_PREFIX_PATH}:/home/chuil/Desktop/zhongxi/install/demo_py:/opt/ros/humble /usr/bin/cmake --build /home/chuil/Desktop/zhongxi/build/graphslam -- -j6 -l6
[0.166s] [ 16%] [34m[1mAutomatic MOC and UIC for target graphslam_node[0m
[0.167s] [ 16%] [34m[1mAutomatic MOC and UIC for target map_saver_node[0m
[0.167s] [ 16%] [34m[1mAutomatic MOC and UIC for target graphslam_g2o[0m
[0.167s] [ 16%] [34m[1mAutomatic MOC and UIC for target map_manager_node[0m
[0.222s] [ 16%] Built target graphslam_g2o_autogen
[0.223s] [ 16%] Built target map_manager_node_autogen
[0.223s] [ 16%] Built target graphslam_node_autogen
[0.226s] [ 16%] Built target map_saver_node_autogen
[0.257s] [35m[1mConsolidate compiler generated dependencies of target map_saver_node[0m
[0.257s] [35m[1mConsolidate compiler generated dependencies of target map_manager_node[0m
[0.265s] [35m[1mConsolidate compiler generated dependencies of target graphslam_node[0m
[0.309s] [ 45%] Built target map_saver_node
[0.309s] [ 50%] Built target graphslam_g2o
[0.326s] [ 62%] Built target map_manager_node
[0.352s] [100%] Built target graphslam_node
[0.381s] Invoked command in '/home/chuil/Desktop/zhongxi/build/graphslam' returned '0': CMAKE_PREFIX_PATH=${CMAKE_PREFIX_PATH}:/home/chuil/Desktop/zhongxi/install/demo_py:/opt/ros/humble /usr/bin/cmake --build /home/chuil/Desktop/zhongxi/build/graphslam -- -j6 -l6
[0.410s] Invoking command in '/home/chuil/Desktop/zhongxi/build/graphslam': CMAKE_PREFIX_PATH=${CMAKE_PREFIX_PATH}:/home/chuil/Desktop/zhongxi/install/demo_py:/opt/ros/humble /usr/bin/cmake --install /home/chuil/Desktop/zhongxi/build/graphslam
[0.429s] -- Install configuration: ""
[0.430s] -- Execute custom install script
[0.431s] -- Up-to-date symlink: /home/chuil/Desktop/zhongxi/install/graphslam/lib/graphslam/graphslam_g2o
[0.432s] -- Up-to-date symlink: /home/chuil/Desktop/zhongxi/install/graphslam/lib/graphslam/graphslam_node
[0.432s] -- Up-to-date symlink: /home/chuil/Desktop/zhongxi/install/graphslam/lib/graphslam/map_manager_node
[0.432s] -- Up-to-date symlink: /home/chuil/Desktop/zhongxi/install/graphslam/lib/graphslam/map_saver_node
[0.433s] -- Up-to-date symlink: /home/chuil/Desktop/zhongxi/install/graphslam/lib/graphslam/graphslam_g2o
[0.433s] -- Up-to-date symlink: /home/chuil/Desktop/zhongxi/install/graphslam/share/graphslam//launch/slam_launch.py
[0.434s] -- Up-to-date symlink: /home/chuil/Desktop/zhongxi/install/graphslam/share/graphslam//launch/slam_with_robot.launch.py
[0.434s] -- Up-to-date symlink: /home/chuil/Desktop/zhongxi/install/graphslam/share/graphslam//config/camera.yalm
[0.435s] -- Up-to-date symlink: /home/chuil/Desktop/zhongxi/install/graphslam/share/graphslam//config/parsms.yalm
[0.435s] -- Up-to-date symlink: /home/chuil/Desktop/zhongxi/install/graphslam/share/graphslam//config/rviz_config_with_path.rviz
[0.436s] -- Up-to-date symlink: /home/chuil/Desktop/zhongxi/install/graphslam/include/graphslam/slam2d/back_end.h
[0.436s] -- Up-to-date symlink: /home/chuil/Desktop/zhongxi/install/graphslam/include/graphslam/slam2d/front_end.h
[0.436s] -- Up-to-date symlink: /home/chuil/Desktop/zhongxi/install/graphslam/include/graphslam/slam2d/map.h
[0.436s] -- Up-to-date symlink: /home/chuil/Desktop/zhongxi/install/graphslam/include/graphslam/slam2d/types.h
[0.437s] -- Up-to-date symlink: /home/chuil/Desktop/zhongxi/install/graphslam/include/graphslam/slam2d/utils.h
[0.437s] -- Up-to-date symlink: /home/chuil/Desktop/zhongxi/install/graphslam/include/graphslam/slam2d/utils/camera_model.h
[0.437s] -- Up-to-date symlink: /home/chuil/Desktop/zhongxi/install/graphslam/include/graphslam/slam2d/utils/laser_scan.h
[0.437s] -- Up-to-date symlink: /home/chuil/Desktop/zhongxi/install/graphslam/include/graphslam/slam2d/utils/transformations.h
[0.438s] -- Up-to-date symlink: /home/chuil/Desktop/zhongxi/install/graphslam/share/ament_index/resource_index/package_run_dependencies/graphslam
[0.438s] -- Up-to-date symlink: /home/chuil/Desktop/zhongxi/install/graphslam/share/ament_index/resource_index/parent_prefix_path/graphslam
[0.438s] -- Up-to-date symlink: /home/chuil/Desktop/zhongxi/install/graphslam/share/graphslam/environment/ament_prefix_path.sh
[0.439s] -- Up-to-date symlink: /home/chuil/Desktop/zhongxi/install/graphslam/share/graphslam/environment/ament_prefix_path.dsv
[0.439s] -- Up-to-date symlink: /home/chuil/Desktop/zhongxi/install/graphslam/share/graphslam/environment/path.sh
[0.439s] -- Up-to-date symlink: /home/chuil/Desktop/zhongxi/install/graphslam/share/graphslam/environment/path.dsv
[0.440s] -- Up-to-date symlink: /home/chuil/Desktop/zhongxi/install/graphslam/share/graphslam/local_setup.bash
[0.440s] -- Up-to-date symlink: /home/chuil/Desktop/zhongxi/install/graphslam/share/graphslam/local_setup.sh
[0.440s] -- Up-to-date symlink: /home/chuil/Desktop/zhongxi/install/graphslam/share/graphslam/local_setup.zsh
[0.441s] -- Up-to-date symlink: /home/chuil/Desktop/zhongxi/install/graphslam/share/graphslam/local_setup.dsv
[0.441s] -- Symlinking: /home/chuil/Desktop/zhongxi/install/graphslam/share/graphslam/package.dsv
[0.463s] -- Up-to-date symlink: /home/chuil/Desktop/zhongxi/install/graphslam/share/ament_index/resource_index/packages/graphslam
[0.464s] -- Up-to-date symlink: /home/chuil/Desktop/zhongxi/install/graphslam/share/graphslam/cmake/graphslamConfig.cmake
[0.464s] -- Up-to-date symlink: /home/chuil/Desktop/zhongxi/install/graphslam/share/graphslam/cmake/graphslamConfig-version.cmake
[0.464s] -- Up-to-date symlink: /home/chuil/Desktop/zhongxi/install/graphslam/share/graphslam/package.xml
[0.470s] Invoked command in '/home/chuil/Desktop/zhongxi/build/graphslam' returned '0': CMAKE_PREFIX_PATH=${CMAKE_PREFIX_PATH}:/home/chuil/Desktop/zhongxi/install/demo_py:/opt/ros/humble /usr/bin/cmake --install /home/chuil/Desktop/zhongxi/build/graphslam
