[0.022s] Invoking command in '/home/chuil/Desktop/zhongxi/build/graphslam': CMAKE_PREFIX_PATH=${CMAKE_PREFIX_PATH}:/home/chuil/Desktop/zhongxi/install/demo_py:/opt/ros/humble /usr/bin/cmake --build /home/chuil/Desktop/zhongxi/build/graphslam -- -j6 -l6
[0.092s] -- Found ament_cmake: 1.3.12 (/opt/ros/humble/share/ament_cmake/cmake)
[0.423s] -- Override CMake install command with custom implementation using symlinks instead of copying resources
[0.441s] -- Found rclcpp: 16.0.17 (/opt/ros/humble/share/rclcpp/cmake)
[0.518s] -- Found rosidl_generator_c: 3.1.8 (/opt/ros/humble/share/rosidl_generator_c/cmake)
[0.523s] -- Found rosidl_adapter: 3.1.8 (/opt/ros/humble/share/rosidl_adapter/cmake)
[0.537s] -- Found rosidl_generator_cpp: 3.1.8 (/opt/ros/humble/share/rosidl_generator_cpp/cmake)
[0.558s] -- Using all available rosidl_typesupport_c: rosidl_typesupport_fastrtps_c;rosidl_typesupport_introspection_c
[0.586s] -- Using all available rosidl_typesupport_cpp: rosidl_typesupport_fastrtps_cpp;rosidl_typesupport_introspection_cpp
[0.655s] -- Found rmw_implementation_cmake: 6.1.2 (/opt/ros/humble/share/rmw_implementation_cmake/cmake)
[0.658s] -- Found rmw_fastrtps_cpp: 6.2.9 (/opt/ros/humble/share/rmw_fastrtps_cpp/cmake)
[0.922s] -- Using RMW implementation 'rmw_fastrtps_cpp' as default
[1.030s] -- Found sensor_msgs: 4.9.0 (/opt/ros/humble/share/sensor_msgs/cmake)
[1.090s] -- Found nav_msgs: 4.9.0 (/opt/ros/humble/share/nav_msgs/cmake)
[1.124s] -- Found tf2: 0.25.18 (/opt/ros/humble/share/tf2/cmake)
[1.132s] -- Found tf2_ros: 0.25.18 (/opt/ros/humble/share/tf2_ros/cmake)
[1.295s] -- Found tf2_geometry_msgs: 0.25.18 (/opt/ros/humble/share/tf2_geometry_msgs/cmake)
[1.302s] -- Found eigen3_cmake_module: 0.1.1 (/opt/ros/humble/share/eigen3_cmake_module/cmake)
[1.305s] -- Ensuring Eigen3 include directory is part of orocos-kdl CMake target
[1.359s] -- Found QGLViewer: /usr/include/QGLViewer
[1.564s] -- Configuring done
[1.788s] -- Generating done
[1.813s] -- Build files have been written to: /home/chuil/Desktop/zhongxi/build/graphslam
[1.936s] [ 16%] [34m[1mAutomatic MOC and UIC for target map_saver_node[0m
[1.937s] [ 16%] [34m[1mAutomatic MOC and UIC for target graphslam_g2o[0m
[1.937s] [ 16%] [34m[1mAutomatic MOC and UIC for target graphslam_node[0m
[1.937s] [ 16%] [34m[1mAutomatic MOC and UIC for target map_manager_node[0m
[1.987s] [ 16%] Built target graphslam_node_autogen
[1.988s] [ 16%] Built target map_manager_node_autogen
[1.988s] [ 16%] Built target graphslam_g2o_autogen
[1.988s] [ 16%] Built target map_saver_node_autogen
[2.031s] [35m[1mConsolidate compiler generated dependencies of target graphslam_g2o[0m
[2.032s] [35m[1mConsolidate compiler generated dependencies of target graphslam_node[0m
[2.035s] [35m[1mConsolidate compiler generated dependencies of target map_manager_node[0m
[2.043s] [35m[1mConsolidate compiler generated dependencies of target map_saver_node[0m
[2.101s] [ 29%] Built target map_manager_node
[2.101s] [ 33%] [32mBuilding CXX object CMakeFiles/map_saver_node.dir/map_saver_node.cpp.o[0m
[2.126s] [ 54%] Built target graphslam_g2o
[2.132s] [ 58%] [32mBuilding CXX object CMakeFiles/graphslam_node.dir/src/node/graphslam_node.cpp.o[0m
[14.813s] [01m[K/home/chuil/Desktop/zhongxi/src/graphslam/src/node/graphslam_node.cpp:242:38:[m[K [01;31m[Kerror: [m[K‘[01m[KPath[m[K’ is not a member of ‘[01m[Knav_msgs::msg[m[K’
[14.813s]   242 |     rclcpp::Publisher<nav_msgs::msg::[01;31m[KPath[m[K>::SharedPtr path_publisher_;
[14.813s]       |                                      [01;31m[K^~~~[m[K
[14.813s] [01m[K/home/chuil/Desktop/zhongxi/src/graphslam/src/node/graphslam_node.cpp:242:42:[m[K [01;31m[Kerror: [m[Ktemplate argument 1 is invalid
[14.814s]   242 |     rclcpp::Publisher<nav_msgs::msg::Path[01;31m[K>[m[K::SharedPtr path_publisher_;
[14.814s]       |                                          [01;31m[K^[m[K
[14.814s] [01m[K/home/chuil/Desktop/zhongxi/src/graphslam/src/node/graphslam_node.cpp:242:45:[m[K [01;31m[Kerror: [m[Kexpected ‘[01m[K;[m[K’ at end of member declaration
[14.814s]   242 |     rclcpp::Publisher<nav_msgs::msg::Path>::[01;31m[KSharedPtr[m[K path_publisher_;
[14.814s]       |                                             [01;31m[K^~~~~~~~~[m[K
[14.814s]       |                                                      [32m[K;[m[K
[14.825s] [01m[K/home/chuil/Desktop/zhongxi/src/graphslam/src/node/graphslam_node.cpp:242:55:[m[K [01;31m[Kerror: [m[K‘[01m[Kpath_publisher_[m[K’ does not name a type; did you mean ‘[01m[Krmw_publisher_t[m[K’?
[14.826s]   242 |     rclcpp::Publisher<nav_msgs::msg::Path>::SharedPtr [01;31m[Kpath_publisher_[m[K;
[14.826s]       |                                                       [01;31m[K^~~~~~~~~~~~~~~[m[K
[14.826s]       |                                                       [32m[Krmw_publisher_t[m[K
[14.960s] [01m[K/home/chuil/Desktop/zhongxi/src/graphslam/src/node/graphslam_node.cpp:[m[K In constructor ‘[01m[KGraphSlamNode::GraphSlamNode()[m[K’:
[14.960s] [01m[K/home/chuil/Desktop/zhongxi/src/graphslam/src/node/graphslam_node.cpp:48:9:[m[K [01;31m[Kerror: [m[K‘[01m[Kpath_publisher_[m[K’ was not declared in this scope; did you mean ‘[01m[Kmap_publisher_[m[K’?
[14.960s]    48 |         [01;31m[Kpath_publisher_[m[K = this->create_publisher<nav_msgs::msg::Path>("graphslam_path", 10);
[14.961s]       |         [01;31m[K^~~~~~~~~~~~~~~[m[K
[14.961s]       |         [32m[Kmap_publisher_[m[K
[14.965s] [01m[K/home/chuil/Desktop/zhongxi/src/graphslam/src/node/graphslam_node.cpp:48:65:[m[K [01;31m[Kerror: [m[K‘[01m[KPath[m[K’ is not a member of ‘[01m[Knav_msgs::msg[m[K’
[14.965s]    48 |         path_publisher_ = this->create_publisher<nav_msgs::msg::[01;31m[KPath[m[K>("graphslam_path", 10);
[14.965s]       |                                                                 [01;31m[K^~~~[m[K
[14.965s] [01m[K/home/chuil/Desktop/zhongxi/src/graphslam/src/node/graphslam_node.cpp:48:70:[m[K [01;31m[Kerror: [m[Kno matching function for call to ‘[01m[KGraphSlamNode::create_publisher<<expression error> >(const char [15], int)[m[K’
[14.966s]    48 |         path_publisher_ = [01;31m[Kthis->create_publisher<nav_msgs::msg::Path>("graphslam_path", 10)[m[K;
[14.966s]       |                           [01;31m[K~~~~~~~~~~~~~~~~~~~~~~~~~~~~~~~~~~~~~~~~~~~^~~~~~~~~~~~~~~~~~~~~~[m[K
[14.966s] In file included from [01m[K/opt/ros/humble/include/rclcpp/rclcpp/node.hpp:1321[m[K,
[14.966s]                  from [01m[K/opt/ros/humble/include/rclcpp/rclcpp/executors/single_threaded_executor.hpp:28[m[K,
[14.966s]                  from [01m[K/opt/ros/humble/include/rclcpp/rclcpp/executors.hpp:22[m[K,
[14.966s]                  from [01m[K/opt/ros/humble/include/rclcpp/rclcpp/rclcpp.hpp:155[m[K,
[14.967s]                  from [01m[K/home/chuil/Desktop/zhongxi/src/graphslam/src/node/graphslam_node.cpp:3[m[K:
[14.967s] [01m[K/opt/ros/humble/include/rclcpp/rclcpp/node_impl.hpp:73:1:[m[K [01;36m[Knote: [m[Kcandidate: ‘[01m[Ktemplate<class MessageT, class AllocatorT, class PublisherT> std::shared_ptr<PublisherT> rclcpp::Node::create_publisher(const string&, const rclcpp::QoS&, const rclcpp::PublisherOptionsWithAllocator<AllocatorT>&)[m[K’
[14.967s]    73 | [01;36m[KNode[m[K::create_publisher(
[14.967s]       | [01;36m[K^~~~[m[K
[14.967s] [01m[K/opt/ros/humble/include/rclcpp/rclcpp/node_impl.hpp:73:1:[m[K [01;36m[Knote: [m[K  template argument deduction/substitution failed:
[14.967s] [01m[K/home/chuil/Desktop/zhongxi/src/graphslam/src/node/graphslam_node.cpp:48:70:[m[K [01;31m[Kerror: [m[Ktemplate argument 1 is invalid
[14.968s]    48 |         path_publisher_ = [01;31m[Kthis->create_publisher<nav_msgs::msg::Path>("graphslam_path", 10)[m[K;
[14.968s]       |                           [01;31m[K~~~~~~~~~~~~~~~~~~~~~~~~~~~~~~~~~~~~~~~~~~~^~~~~~~~~~~~~~~~~~~~~~[m[K
[15.026s] [01m[K/home/chuil/Desktop/zhongxi/src/graphslam/src/node/graphslam_node.cpp:[m[K In member function ‘[01m[Kvoid GraphSlamNode::publish_map()[m[K’:
[15.026s] [01m[K/home/chuil/Desktop/zhongxi/src/graphslam/src/node/graphslam_node.cpp:204:54:[m[K [01;31m[Kerror: [m[K‘[01m[Kusing element_type = class slam2d::Map[m[K’ {aka ‘[01m[Kclass slam2d::Map[m[K’} has no member named ‘[01m[KgetData[m[K’
[15.026s]   204 |         std::vector<int8_t> map_data = current_map_->[01;31m[KgetData[m[K();
[15.027s]       |                                                      [01;31m[K^~~~~~~[m[K
[15.031s] [01m[K/home/chuil/Desktop/zhongxi/src/graphslam/src/node/graphslam_node.cpp:[m[K In member function ‘[01m[Kvoid GraphSlamNode::publish_path()[m[K’:
[15.031s] [01m[K/home/chuil/Desktop/zhongxi/src/graphslam/src/node/graphslam_node.cpp:214:52:[m[K [01;31m[Kerror: [m[K‘[01m[KPath[m[K’ is not a member of ‘[01m[Knav_msgs::msg[m[K’
[15.032s]   214 |         auto msg = std::make_shared<nav_msgs::msg::[01;31m[KPath[m[K>();
[15.032s]       |                                                    [01;31m[K^~~~[m[K
[15.032s] [01m[K/home/chuil/Desktop/zhongxi/src/graphslam/src/node/graphslam_node.cpp:214:57:[m[K [01;31m[Kerror: [m[Kno matching function for call to ‘[01m[Kmake_shared<<expression error> >()[m[K’
[15.032s]   214 |         auto msg = [01;31m[Kstd::make_shared<nav_msgs::msg::Path>()[m[K;
[15.032s]       |                    [01;31m[K~~~~~~~~~~~~~~~~~~~~~~~~~~~~~~~~~~~~~^~[m[K
[15.032s] In file included from [01m[K/usr/include/c++/11/memory:77[m[K,
[15.033s]                  from [01m[K/home/chuil/Desktop/zhongxi/src/graphslam/src/node/graphslam_node.cpp:1[m[K:
[15.033s] [01m[K/usr/include/c++/11/bits/shared_ptr.h:875:5:[m[K [01;36m[Knote: [m[Kcandidate: ‘[01m[Ktemplate<class _Tp, class ... _Args> std::shared_ptr<_Tp> std::make_shared(_Args&& ...)[m[K’
[15.033s]   875 |     [01;36m[Kmake_shared[m[K(_Args&&... __args)
[15.033s]       |     [01;36m[K^~~~~~~~~~~[m[K
[15.033s] [01m[K/usr/include/c++/11/bits/shared_ptr.h:875:5:[m[K [01;36m[Knote: [m[K  template argument deduction/substitution failed:
[15.033s] [01m[K/home/chuil/Desktop/zhongxi/src/graphslam/src/node/graphslam_node.cpp:214:57:[m[K [01;31m[Kerror: [m[Ktemplate argument 1 is invalid
[15.034s]   214 |         auto msg = [01;31m[Kstd::make_shared<nav_msgs::msg::Path>()[m[K;
[15.034s]       |                    [01;31m[K~~~~~~~~~~~~~~~~~~~~~~~~~~~~~~~~~~~~~^~[m[K
[15.075s] [01m[K/home/chuil/Desktop/zhongxi/src/graphslam/src/node/graphslam_node.cpp:236:9:[m[K [01;31m[Kerror: [m[K‘[01m[Kpath_publisher_[m[K’ was not declared in this scope; did you mean ‘[01m[Kmap_publisher_[m[K’?
[15.076s]   236 |         [01;31m[Kpath_publisher_[m[K->publish(*msg);
[15.076s]       |         [01;31m[K^~~~~~~~~~~~~~~[m[K
[15.076s]       |         [32m[Kmap_publisher_[m[K
[15.476s] In file included from [01m[K/usr/include/eigen3/Eigen/Geometry:41[m[K,
[15.477s]                  from [01m[K/home/chuil/Desktop/zhongxi/src/graphslam/include/slam2d/types.h:5[m[K,
[15.477s]                  from [01m[K/home/chuil/Desktop/zhongxi/src/graphslam/src/node/graphslam_node.cpp:11[m[K:
[15.477s] /usr/include/eigen3/Eigen/src/Geometry/Rotation2D.h: In instantiation of ‘[01m[KEigen::Rotation2D<Scalar> Eigen::Rotation2D<Scalar>::inverse() const [with _Scalar = double][m[K’:
[15.477s] [01m[K/usr/local/include/g2o/types/slam2d/se2.h:85:24:[m[K   required from here
[15.477s] [01m[K/usr/include/eigen3/Eigen/src/Geometry/Rotation2D.h:98:39:[m[K [01;36m[Knote: [m[Kparameter passing for argument of type ‘[01m[KEigen::Rotation2D<double>[m[K’ when C++17 is enabled changed to match C++14 ]8;;https://gcc.gnu.org/gcc-10/changes.html#empty_basein GCC 10.1]8;;
[15.478s]    98 |   EIGEN_DEVICE_FUNC inline Rotation2D [01;36m[Kinverse[m[K() const { return Rotation2D(-m_angle); }
[15.478s]       |                                       [01;36m[K^~~~~~~[m[K
[28.287s] gmake[2]: *** [CMakeFiles/graphslam_node.dir/build.make:90：CMakeFiles/graphslam_node.dir/src/node/graphslam_node.cpp.o] 错误 1
[28.288s] gmake[1]: *** [CMakeFiles/Makefile2:173：CMakeFiles/graphslam_node.dir/all] 错误 2
[28.288s] gmake[1]: *** 正在等待未完成的任务....
[33.319s] [ 62%] [32m[1mLinking CXX executable map_saver_node[0m
[34.989s] [ 66%] Built target map_saver_node
[34.993s] gmake: *** [Makefile:146：all] 错误 2
[35.001s] Invoked command in '/home/chuil/Desktop/zhongxi/build/graphslam' returned '2': CMAKE_PREFIX_PATH=${CMAKE_PREFIX_PATH}:/home/chuil/Desktop/zhongxi/install/demo_py:/opt/ros/humble /usr/bin/cmake --build /home/chuil/Desktop/zhongxi/build/graphslam -- -j6 -l6
