[0.783s] Invoking command in '/home/chuil/Desktop/zhongxi/build/graphslam': CMAKE_PREFIX_PATH=${CMAKE_PREFIX_PATH}:/home/chuil/Desktop/zhongxi/install/demo_py:/opt/ros/humble /usr/bin/cmake --build /home/chuil/Desktop/zhongxi/build/graphslam -- -j6 -l6
[0.995s] [  8%] [34m[1mAutomatic MOC and UIC for target graphslam_g2o[0m
[0.996s] [  8%] [34m[1mAutomatic MOC and UIC for target graphslam_node[0m
[1.017s] [ 12%] [34m[1mAutomatic MOC and UIC for target map_saver_node[0m
[1.024s] [ 16%] [34m[1mAutomatic MOC and UIC for target map_manager_node[0m
[1.134s] [ 16%] Built target graphslam_g2o_autogen
[1.134s] [ 16%] Built target graphslam_node_autogen
[1.150s] [ 16%] Built target map_saver_node_autogen
[1.174s] [ 16%] Built target map_manager_node_autogen
[1.295s] [ 20%] [32mBuilding CXX object CMakeFiles/graphslam_g2o.dir/slam2d_g2o.cpp.o[0m
[1.296s] [ 33%] Built target map_saver_node
[1.315s] [ 70%] Built target graphslam_node
[1.334s] [ 83%] Built target map_manager_node
[2.059s] In file included from [01m[K/home/chuil/Desktop/zhongxi/src/graphslam/slam2d_g2o.cpp:24[m[K:
[2.059s] [01m[K/home/chuil/Desktop/zhongxi/src/graphslam/main_window.h:23:10:[m[K [01;31m[Kfatal error: [m[Kui_main_window.h: жІЎжњ‰й‚ЈдёЄж–‡д»¶ж€–з›®еЅ•
[2.060s]    23 | #include [01;31m[K"ui_main_window.h"[m[K  // Updated to use the new UI file
[2.060s]       |          [01;31m[K^~~~~~~~~~~~~~~~~~[m[K
[2.060s] compilation terminated.
[2.121s] gmake[2]: *** [CMakeFiles/graphslam_g2o.dir/build.make:118пјљCMakeFiles/graphslam_g2o.dir/slam2d_g2o.cpp.o] й”™иЇЇ 1
[2.122s] gmake[1]: *** [CMakeFiles/Makefile2:147пјљCMakeFiles/graphslam_g2o.dir/all] й”™иЇЇ 2
[2.123s] gmake: *** [Makefile:146пјљall] й”™иЇЇ 2
[2.134s] Invoked command in '/home/chuil/Desktop/zhongxi/build/graphslam' returned '2': CMAKE_PREFIX_PATH=${CMAKE_PREFIX_PATH}:/home/chuil/Desktop/zhongxi/install/demo_py:/opt/ros/humble /usr/bin/cmake --build /home/chuil/Desktop/zhongxi/build/graphslam -- -j6 -l6
