[0.026s] Invoking command in '/home/chuil/Desktop/zhongxi/build/sensor_interfaces': CMAKE_PREFIX_PATH=${CMAKE_PREFIX_PATH}:/home/chuil/Desktop/zhongxi/install/demo_py:/opt/ros/humble /usr/bin/cmake /home/chuil/Desktop/zhongxi/src/sensor_interfaces -DCMAKE_INSTALL_PREFIX=/home/chuil/Desktop/zhongxi/install/sensor_interfaces
[0.055s] -- Found ament_cmake: 1.3.12 (/opt/ros/humble/share/ament_cmake/cmake)
[0.395s] -- Found rclcpp: 16.0.17 (/opt/ros/humble/share/rclcpp/cmake)
[0.472s] -- Found rosidl_generator_c: 3.1.8 (/opt/ros/humble/share/rosidl_generator_c/cmake)
[0.476s] -- Found rosidl_adapter: 3.1.8 (/opt/ros/humble/share/rosidl_adapter/cmake)
[0.489s] -- Found rosidl_generator_cpp: 3.1.8 (/opt/ros/humble/share/rosidl_generator_cpp/cmake)
[0.509s] -- Using all available rosidl_typesupport_c: rosidl_typesupport_fastrtps_c;rosidl_typesupport_introspection_c
[0.537s] -- Using all available rosidl_typesupport_cpp: rosidl_typesupport_fastrtps_cpp;rosidl_typesupport_introspection_cpp
[0.605s] -- Found rmw_implementation_cmake: 6.1.2 (/opt/ros/humble/share/rmw_implementation_cmake/cmake)
[0.608s] -- Found rmw_fastrtps_cpp: 6.2.9 (/opt/ros/humble/share/rmw_fastrtps_cpp/cmake)
[0.838s] -- Using RMW implementation 'rmw_fastrtps_cpp' as default
[0.941s] -- Found sensor_msgs: 4.9.0 (/opt/ros/humble/share/sensor_msgs/cmake)
[1.001s] -- Found cv_bridge: 3.2.1 (/opt/ros/humble/share/cv_bridge/cmake)
[1.011s] -- Found image_transport: 3.1.12 (/opt/ros/humble/share/image_transport/cmake)
[1.057s] -- Found nav_msgs: 4.9.0 (/opt/ros/humble/share/nav_msgs/cmake)
[1.092s] -- Found tf2: 0.25.18 (/opt/ros/humble/share/tf2/cmake)
[1.098s] -- Found tf2_ros: 0.25.18 (/opt/ros/humble/share/tf2_ros/cmake)
[1.253s] -- Found std_srvs: 4.9.0 (/opt/ros/humble/share/std_srvs/cmake)
[1.292s] [33mCMake Warning at CMakeLists.txt:66 (message):
[1.292s]   serial library not found, implementing serial communication with standard
[1.292s]   methods
[1.293s] 
[1.293s] [0m
[1.473s] -- Configuring done
[1.543s] -- Generating done
[1.560s] -- Build files have been written to: /home/chuil/Desktop/zhongxi/build/sensor_interfaces
[1.596s] Invoked command in '/home/chuil/Desktop/zhongxi/build/sensor_interfaces' returned '0': CMAKE_PREFIX_PATH=${CMAKE_PREFIX_PATH}:/home/chuil/Desktop/zhongxi/install/demo_py:/opt/ros/humble /usr/bin/cmake /home/chuil/Desktop/zhongxi/src/sensor_interfaces -DCMAKE_INSTALL_PREFIX=/home/chuil/Desktop/zhongxi/install/sensor_interfaces
[1.605s] Invoking command in '/home/chuil/Desktop/zhongxi/build/sensor_interfaces': CMAKE_PREFIX_PATH=${CMAKE_PREFIX_PATH}:/home/chuil/Desktop/zhongxi/install/demo_py:/opt/ros/humble /usr/bin/cmake --build /home/chuil/Desktop/zhongxi/build/sensor_interfaces -- -j6 -l6
[1.735s] [ 33%] [32mBuilding CXX object CMakeFiles/lidar_driver.dir/src/lidar_driver.cpp.o[0m
[1.735s] [ 50%] [32mBuilding CXX object CMakeFiles/control_board_interface.dir/src/control_board_interface.cpp.o[0m
[1.737s] [ 50%] [32mBuilding CXX object CMakeFiles/camera_driver.dir/src/camera_driver.cpp.o[0m
[2.503s] [01m[K/home/chuil/Desktop/zhongxi/src/sensor_interfaces/src/control_board_interface.cpp:4:10:[m[K [01;31m[Kfatal error: [m[Ksensor_msgs/msg/imu.hpp: 没有那个文件或目录
[2.503s]     4 | #include [01;31m[K<sensor_msgs/msg/imu.hpp>[m[K
[2.503s]       |          [01;31m[K^~~~~~~~~~~~~~~~~~~~~~~~~[m[K
[2.504s] compilation terminated.
[2.514s] gmake[2]: *** [CMakeFiles/control_board_interface.dir/build.make:76：CMakeFiles/control_board_interface.dir/src/control_board_interface.cpp.o] 错误 1
[2.515s] gmake[1]: *** [CMakeFiles/Makefile2:193：CMakeFiles/control_board_interface.dir/all] 错误 2
[2.515s] gmake[1]: *** 正在等待未完成的任务....
[14.988s] [ 66%] [32m[1mLinking CXX executable lidar_driver[0m
[15.666s] [ 66%] Built target lidar_driver
[16.472s] [ 83%] [32m[1mLinking CXX executable camera_driver[0m
[16.912s] /usr/bin/ld: warning: libopencv_core.so.4.5d, needed by /opt/ros/humble/lib/libcv_bridge.so, may conflict with libopencv_core.so.408
[18.955s] [ 83%] Built target camera_driver
[18.960s] gmake: *** [Makefile:146：all] 错误 2
[18.967s] Invoked command in '/home/chuil/Desktop/zhongxi/build/sensor_interfaces' returned '2': CMAKE_PREFIX_PATH=${CMAKE_PREFIX_PATH}:/home/chuil/Desktop/zhongxi/install/demo_py:/opt/ros/humble /usr/bin/cmake --build /home/chuil/Desktop/zhongxi/build/sensor_interfaces -- -j6 -l6
