[0.033s] Invoking command in '/home/chuil/Desktop/zhongxi/build/sensor_interfaces': CMAKE_PREFIX_PATH=${CMAKE_PREFIX_PATH}:/home/chuil/Desktop/zhongxi/install/demo_py:/opt/ros/humble /usr/bin/cmake --build /home/chuil/Desktop/zhongxi/build/sensor_interfaces -- -j6 -l6
[0.141s] [35m[1mConsolidate compiler generated dependencies of target camera_driver[0m
[0.169s] [ 10%] [32mBuilding CXX object CMakeFiles/ydlidar_sdk_lib.dir/home/chuil/Desktop/ori_resource/EAI_X3&X3_Pro激光雷达/ROS2-源码/源码/YDLidar-SDK-master/src/ETLidarDriver.cpp.o[0m
[0.171s] [ 20%] [32mBuilding CXX object CMakeFiles/ydlidar_sdk_lib.dir/home/chuil/Desktop/ori_resource/EAI_X3&X3_Pro激光雷达/ROS2-源码/源码/YDLidar-SDK-master/src/ydlidar_driver.cpp.o[0m
[0.172s] [ 30%] [32mBuilding CXX object CMakeFiles/ydlidar_sdk_lib.dir/home/chuil/Desktop/ori_resource/EAI_X3&X3_Pro激光雷达/ROS2-源码/源码/YDLidar-SDK-master/src/ydlidar_sdk.cpp.o[0m
[0.173s] [ 40%] [32mBuilding CXX object CMakeFiles/ydlidar_sdk_lib.dir/home/chuil/Desktop/ori_resource/EAI_X3&X3_Pro激光雷达/ROS2-源码/源码/YDLidar-SDK-master/core/serial/serial.cpp.o[0m
[0.175s] [ 50%] [32mBuilding CXX object CMakeFiles/ydlidar_sdk_lib.dir/home/chuil/Desktop/ori_resource/EAI_X3&X3_Pro激光雷达/ROS2-源码/源码/YDLidar-SDK-master/src/CYdLidar.cpp.o[0m
[0.208s] In file included from [01m[K/home/chuil/Desktop/ori_resource/EAI X3&X3 Pro激光雷达/ROS2-源码/源码/YDLidar-SDK-master/src/CYdLidar.cpp:24[m[K:
[0.208s] [01m[K/home/chuil/Desktop/ori_resource/EAI X3&X3 Pro激光雷达/ROS2-源码/源码/YDLidar-SDK-master/src/CYdLidar.h:46:10:[m[K [01;31m[Kfatal error: [m[Kcore/base/utils.h: 没有那个文件或目录
[0.209s]    46 | #include [01;31m[K<core/base/utils.h>[m[K
[0.209s]       |          [01;31m[K^~~~~~~~~~~~~~~~~~~[m[K
[0.209s] compilation terminated.
[0.212s] [ 60%] [32m[1mLinking CXX executable camera_driver[0m
[0.215s] [01m[K/home/chuil/Desktop/ori_resource/EAI X3&X3 Pro激光雷达/ROS2-源码/源码/YDLidar-SDK-master/src/ETLidarDriver.cpp:31:10:[m[K [01;31m[Kfatal error: [m[Kcore/network/PassiveSocket.h: 没有那个文件或目录
[0.215s]    31 | #include [01;31m[K<core/network/PassiveSocket.h>[m[K
[0.215s]       |          [01;31m[K^~~~~~~~~~~~~~~~~~~~~~~~~~~~~~[m[K
[0.215s] compilation terminated.
[0.222s] gmake[2]: *** [CMakeFiles/ydlidar_sdk_lib.dir/build.make:104：CMakeFiles/ydlidar_sdk_lib.dir/home/chuil/Desktop/ori_resource/EAI_X3&X3_Pro激光雷达/ROS2-源码/源码/YDLidar-SDK-master/src/ETLidarDriver.cpp.o] 错误 1
[0.222s] gmake[2]: *** 正在等待未完成的任务....
[0.232s] gmake[2]: *** [CMakeFiles/ydlidar_sdk_lib.dir/build.make:90：CMakeFiles/ydlidar_sdk_lib.dir/home/chuil/Desktop/ori_resource/EAI_X3&X3_Pro激光雷达/ROS2-源码/源码/YDLidar-SDK-master/src/CYdLidar.cpp.o] 错误 1
[0.233s] [01m[K/home/chuil/Desktop/ori_resource/EAI X3&X3 Pro激光雷达/ROS2-源码/源码/YDLidar-SDK-master/src/ydlidar_driver.cpp:24:10:[m[K [01;31m[Kfatal error: [m[Kcore/serial/serial.h: 没有那个文件或目录
[0.233s]    24 | #include [01;31m[K<core/serial/serial.h>[m[K
[0.234s]       |          [01;31m[K^~~~~~~~~~~~~~~~~~~~~~[m[K
[0.234s] compilation terminated.
[0.238s] gmake[2]: *** [CMakeFiles/ydlidar_sdk_lib.dir/build.make:118：CMakeFiles/ydlidar_sdk_lib.dir/home/chuil/Desktop/ori_resource/EAI_X3&X3_Pro激光雷达/ROS2-源码/源码/YDLidar-SDK-master/src/ydlidar_driver.cpp.o] 错误 1
[0.312s] In file included from [01m[K/home/chuil/Desktop/ori_resource/EAI X3&X3 Pro激光雷达/ROS2-源码/源码/YDLidar-SDK-master/src/ydlidar_sdk.cpp:26[m[K:
[0.313s] [01m[K/home/chuil/Desktop/ori_resource/EAI X3&X3 Pro激光雷达/ROS2-源码/源码/YDLidar-SDK-master/src/ydlidar_sdk.h:47:10:[m[K [01;31m[Kfatal error: [m[Kcore/common/ydlidar_def.h: 没有那个文件或目录
[0.313s]    47 | #include [01;31m[K<core/common/ydlidar_def.h>[m[K
[0.313s]       |          [01;31m[K^~~~~~~~~~~~~~~~~~~~~~~~~~~[m[K
[0.313s] compilation terminated.
[0.318s] gmake[2]: *** [CMakeFiles/ydlidar_sdk_lib.dir/build.make:132：CMakeFiles/ydlidar_sdk_lib.dir/home/chuil/Desktop/ori_resource/EAI_X3&X3_Pro激光雷达/ROS2-源码/源码/YDLidar-SDK-master/src/ydlidar_sdk.cpp.o] 错误 1
[0.335s] In file included from [01m[K/home/chuil/Desktop/ori_resource/EAI X3&X3 Pro激光雷达/ROS2-源码/源码/YDLidar-SDK-master/core/serial/serial.cpp:11[m[K:
[0.335s] [01m[K/home/chuil/Desktop/ori_resource/EAI X3&X3 Pro激光雷达/ROS2-源码/源码/YDLidar-SDK-master/core/serial/serial.h:9:10:[m[K [01;31m[Kfatal error: [m[Kcore/base/v8stdint.h: 没有那个文件或目录
[0.335s]     9 | #include [01;31m[K<core/base/v8stdint.h>[m[K
[0.336s]       |          [01;31m[K^~~~~~~~~~~~~~~~~~~~~~[m[K
[0.336s] compilation terminated.
[0.340s] gmake[2]: *** [CMakeFiles/ydlidar_sdk_lib.dir/build.make:76：CMakeFiles/ydlidar_sdk_lib.dir/home/chuil/Desktop/ori_resource/EAI_X3&X3_Pro激光雷达/ROS2-源码/源码/YDLidar-SDK-master/core/serial/serial.cpp.o] 错误 1
[0.341s] gmake[1]: *** [CMakeFiles/Makefile2:141：CMakeFiles/ydlidar_sdk_lib.dir/all] 错误 2
[0.342s] gmake[1]: *** 正在等待未完成的任务....
[0.473s] /usr/bin/ld: warning: libopencv_core.so.4.5d, needed by /opt/ros/humble/lib/libcv_bridge.so, may conflict with libopencv_core.so.408
[1.634s] /usr/bin/ld: CMakeFiles/camera_driver.dir/src/camera_driver.cpp.o: in function `YAML::Exception::Exception(YAML::Mark const&, std::__cxx11::basic_string<char, std::char_traits<char>, std::allocator<char> > const&)':
[1.635s] camera_driver.cpp:(.text._ZN4YAML9ExceptionC2ERKNS_4MarkERKNSt7__cxx1112basic_stringIcSt11char_traitsIcESaIcEEE[_ZN4YAML9ExceptionC5ERKNS_4MarkERKNSt7__cxx1112basic_stringIcSt11char_traitsIcESaIcEEE]+0x60): undefined reference to `vtable for YAML::Exception'
[1.635s] /usr/bin/ld: camera_driver.cpp:(.text._ZN4YAML9ExceptionC2ERKNS_4MarkERKNSt7__cxx1112basic_stringIcSt11char_traitsIcESaIcEEE[_ZN4YAML9ExceptionC5ERKNS_4MarkERKNSt7__cxx1112basic_stringIcSt11char_traitsIcESaIcEEE]+0x64): undefined reference to `vtable for YAML::Exception'
[1.636s] /usr/bin/ld: CMakeFiles/camera_driver.dir/src/camera_driver.cpp.o: in function `YAML::RepresentationException::RepresentationException(YAML::Mark const&, std::__cxx11::basic_string<char, std::char_traits<char>, std::allocator<char> > const&)':
[1.637s] camera_driver.cpp:(.text._ZN4YAML23RepresentationExceptionC2ERKNS_4MarkERKNSt7__cxx1112basic_stringIcSt11char_traitsIcESaIcEEE[_ZN4YAML23RepresentationExceptionC5ERKNS_4MarkERKNSt7__cxx1112basic_stringIcSt11char_traitsIcESaIcEEE]+0x24): undefined reference to `vtable for YAML::RepresentationException'
[1.637s] /usr/bin/ld: camera_driver.cpp:(.text._ZN4YAML23RepresentationExceptionC2ERKNS_4MarkERKNSt7__cxx1112basic_stringIcSt11char_traitsIcESaIcEEE[_ZN4YAML23RepresentationExceptionC5ERKNS_4MarkERKNSt7__cxx1112basic_stringIcSt11char_traitsIcESaIcEEE]+0x28): undefined reference to `vtable for YAML::RepresentationException'
[1.638s] /usr/bin/ld: CMakeFiles/camera_driver.dir/src/camera_driver.cpp.o: in function `YAML::InvalidNode::InvalidNode(std::__cxx11::basic_string<char, std::char_traits<char>, std::allocator<char> > const&)':
[1.640s] camera_driver.cpp:(.text._ZN4YAML11InvalidNodeC2ERKNSt7__cxx1112basic_stringIcSt11char_traitsIcESaIcEEE[_ZN4YAML11InvalidNodeC5ERKNSt7__cxx1112basic_stringIcSt11char_traitsIcESaIcEEE]+0x7c): undefined reference to `vtable for YAML::InvalidNode'
[1.640s] /usr/bin/ld: camera_driver.cpp:(.text._ZN4YAML11InvalidNodeC2ERKNSt7__cxx1112basic_stringIcSt11char_traitsIcESaIcEEE[_ZN4YAML11InvalidNodeC5ERKNSt7__cxx1112basic_stringIcSt11char_traitsIcESaIcEEE]+0x80): undefined reference to `vtable for YAML::InvalidNode'
[1.641s] /usr/bin/ld: CMakeFiles/camera_driver.dir/src/camera_driver.cpp.o: in function `YAML::BadConversion::BadConversion(YAML::Mark const&)':
[1.641s] camera_driver.cpp:(.text._ZN4YAML13BadConversionC2ERKNS_4MarkE[_ZN4YAML13BadConversionC5ERKNS_4MarkE]+0x78): undefined reference to `vtable for YAML::BadConversion'
[1.642s] /usr/bin/ld: camera_driver.cpp:(.text._ZN4YAML13BadConversionC2ERKNS_4MarkE[_ZN4YAML13BadConversionC5ERKNS_4MarkE]+0x7c): undefined reference to `vtable for YAML::BadConversion'
[1.642s] /usr/bin/ld: CMakeFiles/camera_driver.dir/src/camera_driver.cpp.o: in function `YAML::detail::memory_holder::create_node()':
[1.643s] camera_driver.cpp:(.text._ZN4YAML6detail13memory_holder11create_nodeEv[_ZN4YAML6detail13memory_holder11create_nodeEv]+0x14): undefined reference to `YAML::detail::memory::create_node()'
[1.644s] /usr/bin/ld: CMakeFiles/camera_driver.dir/src/camera_driver.cpp.o: in function `YAML::detail::node_ref::mark_defined()':
[1.644s] camera_driver.cpp:(.text._ZN4YAML6detail8node_ref12mark_definedEv[_ZN4YAML6detail8node_ref12mark_definedEv]+0x14): undefined reference to `YAML::detail::node_data::mark_defined()'
[1.646s] /usr/bin/ld: CMakeFiles/camera_driver.dir/src/camera_driver.cpp.o: in function `YAML::detail::node_ref::set_null()':
[1.646s] camera_driver.cpp:(.text._ZN4YAML6detail8node_ref8set_nullEv[_ZN4YAML6detail8node_ref8set_nullEv]+0x14): undefined reference to `YAML::detail::node_data::set_null()'
[1.647s] /usr/bin/ld: CMakeFiles/camera_driver.dir/src/camera_driver.cpp.o: in function `YAML::detail::node_ref::set_scalar(std::__cxx11::basic_string<char, std::char_traits<char>, std::allocator<char> > const&)':
[1.648s] camera_driver.cpp:(.text._ZN4YAML6detail8node_ref10set_scalarERKNSt7__cxx1112basic_stringIcSt11char_traitsIcESaIcEEE[_ZN4YAML6detail8node_ref10set_scalarERKNSt7__cxx1112basic_stringIcSt11char_traitsIcESaIcEEE]+0x1c): undefined reference to `YAML::detail::node_data::set_scalar(std::__cxx11::basic_string<char, std::char_traits<char>, std::allocator<char> > const&)'
[1.649s] /usr/bin/ld: CMakeFiles/camera_driver.dir/src/camera_driver.cpp.o: in function `YAML::detail::node_ref::begin()':
[1.649s] camera_driver.cpp:(.text._ZN4YAML6detail8node_ref5beginEv[_ZN4YAML6detail8node_ref5beginEv]+0x38): undefined reference to `YAML::detail::node_data::begin()'
[1.650s] /usr/bin/ld: CMakeFiles/camera_driver.dir/src/camera_driver.cpp.o: in function `YAML::detail::node_ref::end()':
[1.650s] camera_driver.cpp:(.text._ZN4YAML6detail8node_ref3endEv[_ZN4YAML6detail8node_ref3endEv]+0x38): undefined reference to `YAML::detail::node_data::end()'
[1.650s] /usr/bin/ld: CMakeFiles/camera_driver.dir/src/camera_driver.cpp.o: in function `YAML::Node::EnsureNodeExists() const':
[1.651s] camera_driver.cpp:(.text._ZNK4YAML4Node16EnsureNodeExistsEv[_ZNK4YAML4Node16EnsureNodeExistsEv]+0x48): undefined reference to `YAML::InvalidNode::~InvalidNode()'
[1.651s] /usr/bin/ld: camera_driver.cpp:(.text._ZNK4YAML4Node16EnsureNodeExistsEv[_ZNK4YAML4Node16EnsureNodeExistsEv]+0x4c): undefined reference to `YAML::InvalidNode::~InvalidNode()'
[1.651s] /usr/bin/ld: camera_driver.cpp:(.text._ZNK4YAML4Node16EnsureNodeExistsEv[_ZNK4YAML4Node16EnsureNodeExistsEv]+0x50): undefined reference to `typeinfo for YAML::InvalidNode'
[1.652s] /usr/bin/ld: camera_driver.cpp:(.text._ZNK4YAML4Node16EnsureNodeExistsEv[_ZNK4YAML4Node16EnsureNodeExistsEv]+0x54): undefined reference to `typeinfo for YAML::InvalidNode'
[1.652s] /usr/bin/ld: CMakeFiles/camera_driver.dir/src/camera_driver.cpp.o: in function `YAML::Node::Mark() const':
[1.653s] camera_driver.cpp:(.text._ZNK4YAML4Node4MarkEv[_ZNK4YAML4Node4MarkEv]+0x4c): undefined reference to `YAML::InvalidNode::~InvalidNode()'
[1.653s] /usr/bin/ld: camera_driver.cpp:(.text._ZNK4YAML4Node4MarkEv[_ZNK4YAML4Node4MarkEv]+0x50): undefined reference to `YAML::InvalidNode::~InvalidNode()'
[1.653s] /usr/bin/ld: camera_driver.cpp:(.text._ZNK4YAML4Node4MarkEv[_ZNK4YAML4Node4MarkEv]+0x54): undefined reference to `typeinfo for YAML::InvalidNode'
[1.654s] /usr/bin/ld: camera_driver.cpp:(.text._ZNK4YAML4Node4MarkEv[_ZNK4YAML4Node4MarkEv]+0x58): undefined reference to `typeinfo for YAML::InvalidNode'
[1.654s] /usr/bin/ld: CMakeFiles/camera_driver.dir/src/camera_driver.cpp.o: in function `YAML::Node::Type() const':
[1.654s] camera_driver.cpp:(.text._ZNK4YAML4Node4TypeEv[_ZNK4YAML4Node4TypeEv]+0x48): undefined reference to `YAML::InvalidNode::~InvalidNode()'
[1.654s] /usr/bin/ld: camera_driver.cpp:(.text._ZNK4YAML4Node4TypeEv[_ZNK4YAML4Node4TypeEv]+0x4c): undefined reference to `YAML::InvalidNode::~InvalidNode()'
[1.654s] /usr/bin/ld: camera_driver.cpp:(.text._ZNK4YAML4Node4TypeEv[_ZNK4YAML4Node4TypeEv]+0x50): undefined reference to `typeinfo for YAML::InvalidNode'
[1.655s] /usr/bin/ld: camera_driver.cpp:(.text._ZNK4YAML4Node4TypeEv[_ZNK4YAML4Node4TypeEv]+0x54): undefined reference to `typeinfo for YAML::InvalidNode'
[1.655s] /usr/bin/ld: CMakeFiles/camera_driver.dir/src/camera_driver.cpp.o: in function `YAML::Node::Scalar[abi:cxx11]() const':
[1.655s] camera_driver.cpp:(.text._ZNK4YAML4Node6ScalarB5cxx11Ev[_ZNK4YAML4Node6ScalarB5cxx11Ev]+0x48): undefined reference to `YAML::InvalidNode::~InvalidNode()'
[1.655s] /usr/bin/ld: camera_driver.cpp:(.text._ZNK4YAML4Node6ScalarB5cxx11Ev[_ZNK4YAML4Node6ScalarB5cxx11Ev]+0x4c): undefined reference to `YAML::InvalidNode::~InvalidNode()'
[1.655s] /usr/bin/ld: camera_driver.cpp:(.text._ZNK4YAML4Node6ScalarB5cxx11Ev[_ZNK4YAML4Node6ScalarB5cxx11Ev]+0x50): undefined reference to `typeinfo for YAML::InvalidNode'
[1.655s] /usr/bin/ld: camera_driver.cpp:(.text._ZNK4YAML4Node6ScalarB5cxx11Ev[_ZNK4YAML4Node6ScalarB5cxx11Ev]+0x54): undefined reference to `typeinfo for YAML::InvalidNode'
[1.656s] /usr/bin/ld: camera_driver.cpp:(.text._ZNK4YAML4Node6ScalarB5cxx11Ev[_ZNK4YAML4Node6ScalarB5cxx11Ev]+0x80): undefined reference to `YAML::detail::node_data::empty_scalar[abi:cxx11]()'
[1.656s] /usr/bin/ld: CMakeFiles/camera_driver.dir/src/camera_driver.cpp.o: in function `CameraDriver::loadCameraInfo()':
[1.656s] camera_driver.cpp:(.text._ZN12CameraDriver14loadCameraInfoEv[_ZN12CameraDriver14loadCameraInfoEv]+0x5c): undefined reference to `YAML::LoadFile(std::__cxx11::basic_string<char, std::char_traits<char>, std::allocator<char> > const&)'
[1.656s] /usr/bin/ld: CMakeFiles/camera_driver.dir/src/camera_driver.cpp.o: in function `int YAML::Node::as<int>() const':
[1.656s] camera_driver.cpp:(.text._ZNK4YAML4Node2asIiEET_v[_ZNK4YAML4Node2asIiEET_v]+0x60): undefined reference to `YAML::InvalidNode::~InvalidNode()'
[1.656s] /usr/bin/ld: camera_driver.cpp:(.text._ZNK4YAML4Node2asIiEET_v[_ZNK4YAML4Node2asIiEET_v]+0x64): undefined reference to `YAML::InvalidNode::~InvalidNode()'
[1.657s] /usr/bin/ld: camera_driver.cpp:(.text._ZNK4YAML4Node2asIiEET_v[_ZNK4YAML4Node2asIiEET_v]+0x68): undefined reference to `typeinfo for YAML::InvalidNode'
[1.657s] /usr/bin/ld: camera_driver.cpp:(.text._ZNK4YAML4Node2asIiEET_v[_ZNK4YAML4Node2asIiEET_v]+0x6c): undefined reference to `typeinfo for YAML::InvalidNode'
[1.657s] /usr/bin/ld: CMakeFiles/camera_driver.dir/src/camera_driver.cpp.o: in function `std::vector<double, std::allocator<double> > YAML::Node::as<std::vector<double, std::allocator<double> > >() const':
[1.657s] camera_driver.cpp:(.text._ZNK4YAML4Node2asISt6vectorIdSaIdEEEET_v[_ZNK4YAML4Node2asISt6vectorIdSaIdEEEET_v]+0x64): undefined reference to `YAML::InvalidNode::~InvalidNode()'
[1.658s] /usr/bin/ld: camera_driver.cpp:(.text._ZNK4YAML4Node2asISt6vectorIdSaIdEEEET_v[_ZNK4YAML4Node2asISt6vectorIdSaIdEEEET_v]+0x68): undefined reference to `YAML::InvalidNode::~InvalidNode()'
[1.658s] /usr/bin/ld: camera_driver.cpp:(.text._ZNK4YAML4Node2asISt6vectorIdSaIdEEEET_v[_ZNK4YAML4Node2asISt6vectorIdSaIdEEEET_v]+0x6c): undefined reference to `typeinfo for YAML::InvalidNode'
[1.659s] /usr/bin/ld: camera_driver.cpp:(.text._ZNK4YAML4Node2asISt6vectorIdSaIdEEEET_v[_ZNK4YAML4Node2asISt6vectorIdSaIdEEEET_v]+0x70): undefined reference to `typeinfo for YAML::InvalidNode'
[1.659s] /usr/bin/ld: CMakeFiles/camera_driver.dir/src/camera_driver.cpp.o: in function `YAML::TypedBadConversion<int>::~TypedBadConversion()':
[1.659s] camera_driver.cpp:(.text._ZN4YAML18TypedBadConversionIiED2Ev[_ZN4YAML18TypedBadConversionIiED5Ev]+0x20): undefined reference to `YAML::BadConversion::~BadConversion()'
[1.660s] /usr/bin/ld: CMakeFiles/camera_driver.dir/src/camera_driver.cpp.o: in function `YAML::TypedBadConversion<std::vector<double, std::allocator<double> > >::~TypedBadConversion()':
[1.660s] camera_driver.cpp:(.text._ZN4YAML18TypedBadConversionISt6vectorIdSaIdEEED2Ev[_ZN4YAML18TypedBadConversionISt6vectorIdSaIdEEED5Ev]+0x20): undefined reference to `YAML::BadConversion::~BadConversion()'
[1.660s] /usr/bin/ld: CMakeFiles/camera_driver.dir/src/camera_driver.cpp.o: in function `YAML::detail::node& YAML::detail::node_data::get<char [12]>(char const (&) [12], std::shared_ptr<YAML::detail::memory_holder>)':
[1.660s] camera_driver.cpp:(.text._ZN4YAML6detail9node_data3getIA12_cEERNS0_4nodeERKT_St10shared_ptrINS0_13memory_holderEE[_ZN4YAML6detail9node_data3getIA12_cEERNS0_4nodeERKT_St10shared_ptrINS0_13memory_holderEE]+0xd8): undefined reference to `YAML::detail::node_data::convert_to_map(std::shared_ptr<YAML::detail::memory_holder> const&)'
[1.661s] /usr/bin/ld: camera_driver.cpp:(.text._ZN4YAML6detail9node_data3getIA12_cEERNS0_4nodeERKT_St10shared_ptrINS0_13memory_holderEE[_ZN4YAML6detail9node_data3getIA12_cEERNS0_4nodeERKT_St10shared_ptrINS0_13memory_holderEE]+0x104): undefined reference to `YAML::BadSubscript::~BadSubscript()'
[1.661s] /usr/bin/ld: camera_driver.cpp:(.text._ZN4YAML6detail9node_data3getIA12_cEERNS0_4nodeERKT_St10shared_ptrINS0_13memory_holderEE[_ZN4YAML6detail9node_data3getIA12_cEERNS0_4nodeERKT_St10shared_ptrINS0_13memory_holderEE]+0x108): undefined reference to `YAML::BadSubscript::~BadSubscript()'
[1.661s] /usr/bin/ld: camera_driver.cpp:(.text._ZN4YAML6detail9node_data3getIA12_cEERNS0_4nodeERKT_St10shared_ptrINS0_13memory_holderEE[_ZN4YAML6detail9node_data3getIA12_cEERNS0_4nodeERKT_St10shared_ptrINS0_13memory_holderEE]+0x10c): undefined reference to `typeinfo for YAML::BadSubscript'
[1.662s] /usr/bin/ld: camera_driver.cpp:(.text._ZN4YAML6detail9node_data3getIA12_cEERNS0_4nodeERKT_St10shared_ptrINS0_13memory_holderEE[_ZN4YAML6detail9node_data3getIA12_cEERNS0_4nodeERKT_St10shared_ptrINS0_13memory_holderEE]+0x110): undefined reference to `typeinfo for YAML::BadSubscript'
[1.662s] /usr/bin/ld: camera_driver.cpp:(.text._ZN4YAML6detail9node_data3getIA12_cEERNS0_4nodeERKT_St10shared_ptrINS0_13memory_holderEE[_ZN4YAML6detail9node_data3getIA12_cEERNS0_4nodeERKT_St10shared_ptrINS0_13memory_holderEE]+0x1d8): undefined reference to `YAML::detail::node_data::insert_map_pair(YAML::detail::node&, YAML::detail::node&)'
[1.662s] /usr/bin/ld: CMakeFiles/camera_driver.dir/src/camera_driver.cpp.o: in function `YAML::detail::node& YAML::detail::node_data::get<char [13]>(char const (&) [13], std::shared_ptr<YAML::detail::memory_holder>)':
[1.663s] camera_driver.cpp:(.text._ZN4YAML6detail9node_data3getIA13_cEERNS0_4nodeERKT_St10shared_ptrINS0_13memory_holderEE[_ZN4YAML6detail9node_data3getIA13_cEERNS0_4nodeERKT_St10shared_ptrINS0_13memory_holderEE]+0xd8): undefined reference to `YAML::detail::node_data::convert_to_map(std::shared_ptr<YAML::detail::memory_holder> const&)'
[1.663s] /usr/bin/ld: camera_driver.cpp:(.text._ZN4YAML6detail9node_data3getIA13_cEERNS0_4nodeERKT_St10shared_ptrINS0_13memory_holderEE[_ZN4YAML6detail9node_data3getIA13_cEERNS0_4nodeERKT_St10shared_ptrINS0_13memory_holderEE]+0x104): undefined reference to `YAML::BadSubscript::~BadSubscript()'
[1.663s] /usr/bin/ld: camera_driver.cpp:(.text._ZN4YAML6detail9node_data3getIA13_cEERNS0_4nodeERKT_St10shared_ptrINS0_13memory_holderEE[_ZN4YAML6detail9node_data3getIA13_cEERNS0_4nodeERKT_St10shared_ptrINS0_13memory_holderEE]+0x108): undefined reference to `YAML::BadSubscript::~BadSubscript()'
[1.663s] /usr/bin/ld: camera_driver.cpp:(.text._ZN4YAML6detail9node_data3getIA13_cEERNS0_4nodeERKT_St10shared_ptrINS0_13memory_holderEE[_ZN4YAML6detail9node_data3getIA13_cEERNS0_4nodeERKT_St10shared_ptrINS0_13memory_holderEE]+0x10c): undefined reference to `typeinfo for YAML::BadSubscript'
[1.664s] /usr/bin/ld: camera_driver.cpp:(.text._ZN4YAML6detail9node_data3getIA13_cEERNS0_4nodeERKT_St10shared_ptrINS0_13memory_holderEE[_ZN4YAML6detail9node_data3getIA13_cEERNS0_4nodeERKT_St10shared_ptrINS0_13memory_holderEE]+0x110): undefined reference to `typeinfo for YAML::BadSubscript'
[1.664s] /usr/bin/ld: camera_driver.cpp:(.text._ZN4YAML6detail9node_data3getIA13_cEERNS0_4nodeERKT_St10shared_ptrINS0_13memory_holderEE[_ZN4YAML6detail9node_data3getIA13_cEERNS0_4nodeERKT_St10shared_ptrINS0_13memory_holderEE]+0x1d8): undefined reference to `YAML::detail::node_data::insert_map_pair(YAML::detail::node&, YAML::detail::node&)'
[1.664s] /usr/bin/ld: CMakeFiles/camera_driver.dir/src/camera_driver.cpp.o: in function `YAML::detail::node& YAML::detail::node_data::get<char [14]>(char const (&) [14], std::shared_ptr<YAML::detail::memory_holder>)':
[1.665s] camera_driver.cpp:(.text._ZN4YAML6detail9node_data3getIA14_cEERNS0_4nodeERKT_St10shared_ptrINS0_13memory_holderEE[_ZN4YAML6detail9node_data3getIA14_cEERNS0_4nodeERKT_St10shared_ptrINS0_13memory_holderEE]+0xd8): undefined reference to `YAML::detail::node_data::convert_to_map(std::shared_ptr<YAML::detail::memory_holder> const&)'
[1.665s] /usr/bin/ld: camera_driver.cpp:(.text._ZN4YAML6detail9node_data3getIA14_cEERNS0_4nodeERKT_St10shared_ptrINS0_13memory_holderEE[_ZN4YAML6detail9node_data3getIA14_cEERNS0_4nodeERKT_St10shared_ptrINS0_13memory_holderEE]+0x104): undefined reference to `YAML::BadSubscript::~BadSubscript()'
[1.665s] /usr/bin/ld: camera_driver.cpp:(.text._ZN4YAML6detail9node_data3getIA14_cEERNS0_4nodeERKT_St10shared_ptrINS0_13memory_holderEE[_ZN4YAML6detail9node_data3getIA14_cEERNS0_4nodeERKT_St10shared_ptrINS0_13memory_holderEE]+0x108): undefined reference to `YAML::BadSubscript::~BadSubscript()'
[1.665s] /usr/bin/ld: camera_driver.cpp:(.text._ZN4YAML6detail9node_data3getIA14_cEERNS0_4nodeERKT_St10shared_ptrINS0_13memory_holderEE[_ZN4YAML6detail9node_data3getIA14_cEERNS0_4nodeERKT_St10shared_ptrINS0_13memory_holderEE]+0x10c): undefined reference to `typeinfo for YAML::BadSubscript'
[1.666s] /usr/bin/ld: camera_driver.cpp:(.text._ZN4YAML6detail9node_data3getIA14_cEERNS0_4nodeERKT_St10shared_ptrINS0_13memory_holderEE[_ZN4YAML6detail9node_data3getIA14_cEERNS0_4nodeERKT_St10shared_ptrINS0_13memory_holderEE]+0x110): undefined reference to `typeinfo for YAML::BadSubscript'
[1.666s] /usr/bin/ld: camera_driver.cpp:(.text._ZN4YAML6detail9node_data3getIA14_cEERNS0_4nodeERKT_St10shared_ptrINS0_13memory_holderEE[_ZN4YAML6detail9node_data3getIA14_cEERNS0_4nodeERKT_St10shared_ptrINS0_13memory_holderEE]+0x1d8): undefined reference to `YAML::detail::node_data::insert_map_pair(YAML::detail::node&, YAML::detail::node&)'
[1.666s] /usr/bin/ld: CMakeFiles/camera_driver.dir/src/camera_driver.cpp.o: in function `YAML::detail::node& YAML::detail::node_data::get<char [5]>(char const (&) [5], std::shared_ptr<YAML::detail::memory_holder>)':
[1.667s] camera_driver.cpp:(.text._ZN4YAML6detail9node_data3getIA5_cEERNS0_4nodeERKT_St10shared_ptrINS0_13memory_holderEE[_ZN4YAML6detail9node_data3getIA5_cEERNS0_4nodeERKT_St10shared_ptrINS0_13memory_holderEE]+0xd8): undefined reference to `YAML::detail::node_data::convert_to_map(std::shared_ptr<YAML::detail::memory_holder> const&)'
[1.667s] /usr/bin/ld: camera_driver.cpp:(.text._ZN4YAML6detail9node_data3getIA5_cEERNS0_4nodeERKT_St10shared_ptrINS0_13memory_holderEE[_ZN4YAML6detail9node_data3getIA5_cEERNS0_4nodeERKT_St10shared_ptrINS0_13memory_holderEE]+0x104): undefined reference to `YAML::BadSubscript::~BadSubscript()'
[1.667s] /usr/bin/ld: camera_driver.cpp:(.text._ZN4YAML6detail9node_data3getIA5_cEERNS0_4nodeERKT_St10shared_ptrINS0_13memory_holderEE[_ZN4YAML6detail9node_data3getIA5_cEERNS0_4nodeERKT_St10shared_ptrINS0_13memory_holderEE]+0x108): undefined reference to `YAML::BadSubscript::~BadSubscript()'
[1.667s] /usr/bin/ld: camera_driver.cpp:(.text._ZN4YAML6detail9node_data3getIA5_cEERNS0_4nodeERKT_St10shared_ptrINS0_13memory_holderEE[_ZN4YAML6detail9node_data3getIA5_cEERNS0_4nodeERKT_St10shared_ptrINS0_13memory_holderEE]+0x10c): undefined reference to `typeinfo for YAML::BadSubscript'
[1.668s] /usr/bin/ld: camera_driver.cpp:(.text._ZN4YAML6detail9node_data3getIA5_cEERNS0_4nodeERKT_St10shared_ptrINS0_13memory_holderEE[_ZN4YAML6detail9node_data3getIA5_cEERNS0_4nodeERKT_St10shared_ptrINS0_13memory_holderEE]+0x110): undefined reference to `typeinfo for YAML::BadSubscript'
[1.668s] /usr/bin/ld: camera_driver.cpp:(.text._ZN4YAML6detail9node_data3getIA5_cEERNS0_4nodeERKT_St10shared_ptrINS0_13memory_holderEE[_ZN4YAML6detail9node_data3getIA5_cEERNS0_4nodeERKT_St10shared_ptrINS0_13memory_holderEE]+0x1d8): undefined reference to `YAML::detail::node_data::insert_map_pair(YAML::detail::node&, YAML::detail::node&)'
[1.668s] /usr/bin/ld: CMakeFiles/camera_driver.dir/src/camera_driver.cpp.o: in function `double YAML::Node::as<double>() const':
[1.669s] camera_driver.cpp:(.text._ZNK4YAML4Node2asIdEET_v[_ZNK4YAML4Node2asIdEET_v]+0x60): undefined reference to `YAML::InvalidNode::~InvalidNode()'
[1.669s] /usr/bin/ld: camera_driver.cpp:(.text._ZNK4YAML4Node2asIdEET_v[_ZNK4YAML4Node2asIdEET_v]+0x64): undefined reference to `YAML::InvalidNode::~InvalidNode()'
[1.669s] /usr/bin/ld: camera_driver.cpp:(.text._ZNK4YAML4Node2asIdEET_v[_ZNK4YAML4Node2asIdEET_v]+0x68): undefined reference to `typeinfo for YAML::InvalidNode'
[1.669s] /usr/bin/ld: camera_driver.cpp:(.text._ZNK4YAML4Node2asIdEET_v[_ZNK4YAML4Node2asIdEET_v]+0x6c): undefined reference to `typeinfo for YAML::InvalidNode'
[1.670s] /usr/bin/ld: CMakeFiles/camera_driver.dir/src/camera_driver.cpp.o: in function `YAML::detail::node& YAML::detail::node_data::get<char [24]>(char const (&) [24], std::shared_ptr<YAML::detail::memory_holder>)':
[1.670s] camera_driver.cpp:(.text._ZN4YAML6detail9node_data3getIA24_cEERNS0_4nodeERKT_St10shared_ptrINS0_13memory_holderEE[_ZN4YAML6detail9node_data3getIA24_cEERNS0_4nodeERKT_St10shared_ptrINS0_13memory_holderEE]+0xd8): undefined reference to `YAML::detail::node_data::convert_to_map(std::shared_ptr<YAML::detail::memory_holder> const&)'
[1.670s] /usr/bin/ld: camera_driver.cpp:(.text._ZN4YAML6detail9node_data3getIA24_cEERNS0_4nodeERKT_St10shared_ptrINS0_13memory_holderEE[_ZN4YAML6detail9node_data3getIA24_cEERNS0_4nodeERKT_St10shared_ptrINS0_13memory_holderEE]+0x104): undefined reference to `YAML::BadSubscript::~BadSubscript()'
[1.671s] /usr/bin/ld: camera_driver.cpp:(.text._ZN4YAML6detail9node_data3getIA24_cEERNS0_4nodeERKT_St10shared_ptrINS0_13memory_holderEE[_ZN4YAML6detail9node_data3getIA24_cEERNS0_4nodeERKT_St10shared_ptrINS0_13memory_holderEE]+0x108): undefined reference to `YAML::BadSubscript::~BadSubscript()'
[1.671s] /usr/bin/ld: camera_driver.cpp:(.text._ZN4YAML6detail9node_data3getIA24_cEERNS0_4nodeERKT_St10shared_ptrINS0_13memory_holderEE[_ZN4YAML6detail9node_data3getIA24_cEERNS0_4nodeERKT_St10shared_ptrINS0_13memory_holderEE]+0x10c): undefined reference to `typeinfo for YAML::BadSubscript'
[1.671s] /usr/bin/ld: camera_driver.cpp:(.text._ZN4YAML6detail9node_data3getIA24_cEERNS0_4nodeERKT_St10shared_ptrINS0_13memory_holderEE[_ZN4YAML6detail9node_data3getIA24_cEERNS0_4nodeERKT_St10shared_ptrINS0_13memory_holderEE]+0x110): undefined reference to `typeinfo for YAML::BadSubscript'
[1.671s] /usr/bin/ld: camera_driver.cpp:(.text._ZN4YAML6detail9node_data3getIA24_cEERNS0_4nodeERKT_St10shared_ptrINS0_13memory_holderEE[_ZN4YAML6detail9node_data3getIA24_cEERNS0_4nodeERKT_St10shared_ptrINS0_13memory_holderEE]+0x1d8): undefined reference to `YAML::detail::node_data::insert_map_pair(YAML::detail::node&, YAML::detail::node&)'
[1.672s] /usr/bin/ld: CMakeFiles/camera_driver.dir/src/camera_driver.cpp.o: in function `YAML::detail::node& YAML::detail::node_data::get<char [21]>(char const (&) [21], std::shared_ptr<YAML::detail::memory_holder>)':
[1.672s] camera_driver.cpp:(.text._ZN4YAML6detail9node_data3getIA21_cEERNS0_4nodeERKT_St10shared_ptrINS0_13memory_holderEE[_ZN4YAML6detail9node_data3getIA21_cEERNS0_4nodeERKT_St10shared_ptrINS0_13memory_holderEE]+0xd8): undefined reference to `YAML::detail::node_data::convert_to_map(std::shared_ptr<YAML::detail::memory_holder> const&)'
[1.672s] /usr/bin/ld: camera_driver.cpp:(.text._ZN4YAML6detail9node_data3getIA21_cEERNS0_4nodeERKT_St10shared_ptrINS0_13memory_holderEE[_ZN4YAML6detail9node_data3getIA21_cEERNS0_4nodeERKT_St10shared_ptrINS0_13memory_holderEE]+0x104): undefined reference to `YAML::BadSubscript::~BadSubscript()'
[1.673s] /usr/bin/ld: camera_driver.cpp:(.text._ZN4YAML6detail9node_data3getIA21_cEERNS0_4nodeERKT_St10shared_ptrINS0_13memory_holderEE[_ZN4YAML6detail9node_data3getIA21_cEERNS0_4nodeERKT_St10shared_ptrINS0_13memory_holderEE]+0x108): undefined reference to `YAML::BadSubscript::~BadSubscript()'
[1.673s] /usr/bin/ld: camera_driver.cpp:(.text._ZN4YAML6detail9node_data3getIA21_cEERNS0_4nodeERKT_St10shared_ptrINS0_13memory_holderEE[_ZN4YAML6detail9node_data3getIA21_cEERNS0_4nodeERKT_St10shared_ptrINS0_13memory_holderEE]+0x10c): undefined reference to `typeinfo for YAML::BadSubscript'
[1.673s] /usr/bin/ld: camera_driver.cpp:(.text._ZN4YAML6detail9node_data3getIA21_cEERNS0_4nodeERKT_St10shared_ptrINS0_13memory_holderEE[_ZN4YAML6detail9node_data3getIA21_cEERNS0_4nodeERKT_St10shared_ptrINS0_13memory_holderEE]+0x110): undefined reference to `typeinfo for YAML::BadSubscript'
[1.673s] /usr/bin/ld: camera_driver.cpp:(.text._ZN4YAML6detail9node_data3getIA21_cEERNS0_4nodeERKT_St10shared_ptrINS0_13memory_holderEE[_ZN4YAML6detail9node_data3getIA21_cEERNS0_4nodeERKT_St10shared_ptrINS0_13memory_holderEE]+0x1d8): undefined reference to `YAML::detail::node_data::insert_map_pair(YAML::detail::node&, YAML::detail::node&)'
[1.673s] /usr/bin/ld: CMakeFiles/camera_driver.dir/src/camera_driver.cpp.o: in function `YAML::detail::node& YAML::detail::node_data::get<char [18]>(char const (&) [18], std::shared_ptr<YAML::detail::memory_holder>)':
[1.673s] camera_driver.cpp:(.text._ZN4YAML6detail9node_data3getIA18_cEERNS0_4nodeERKT_St10shared_ptrINS0_13memory_holderEE[_ZN4YAML6detail9node_data3getIA18_cEERNS0_4nodeERKT_St10shared_ptrINS0_13memory_holderEE]+0xd8): undefined reference to `YAML::detail::node_data::convert_to_map(std::shared_ptr<YAML::detail::memory_holder> const&)'
[1.674s] /usr/bin/ld: camera_driver.cpp:(.text._ZN4YAML6detail9node_data3getIA18_cEERNS0_4nodeERKT_St10shared_ptrINS0_13memory_holderEE[_ZN4YAML6detail9node_data3getIA18_cEERNS0_4nodeERKT_St10shared_ptrINS0_13memory_holderEE]+0x104): undefined reference to `YAML::BadSubscript::~BadSubscript()'
[1.674s] /usr/bin/ld: camera_driver.cpp:(.text._ZN4YAML6detail9node_data3getIA18_cEERNS0_4nodeERKT_St10shared_ptrINS0_13memory_holderEE[_ZN4YAML6detail9node_data3getIA18_cEERNS0_4nodeERKT_St10shared_ptrINS0_13memory_holderEE]+0x108): undefined reference to `YAML::BadSubscript::~BadSubscript()'
[1.674s] /usr/bin/ld: camera_driver.cpp:(.text._ZN4YAML6detail9node_data3getIA18_cEERNS0_4nodeERKT_St10shared_ptrINS0_13memory_holderEE[_ZN4YAML6detail9node_data3getIA18_cEERNS0_4nodeERKT_St10shared_ptrINS0_13memory_holderEE]+0x10c): undefined reference to `typeinfo for YAML::BadSubscript'
[1.674s] /usr/bin/ld: camera_driver.cpp:(.text._ZN4YAML6detail9node_data3getIA18_cEERNS0_4nodeERKT_St10shared_ptrINS0_13memory_holderEE[_ZN4YAML6detail9node_data3getIA18_cEERNS0_4nodeERKT_St10shared_ptrINS0_13memory_holderEE]+0x110): undefined reference to `typeinfo for YAML::BadSubscript'
[1.674s] /usr/bin/ld: camera_driver.cpp:(.text._ZN4YAML6detail9node_data3getIA18_cEERNS0_4nodeERKT_St10shared_ptrINS0_13memory_holderEE[_ZN4YAML6detail9node_data3getIA18_cEERNS0_4nodeERKT_St10shared_ptrINS0_13memory_holderEE]+0x1d8): undefined reference to `YAML::detail::node_data::insert_map_pair(YAML::detail::node&, YAML::detail::node&)'
[1.674s] /usr/bin/ld: CMakeFiles/camera_driver.dir/src/camera_driver.cpp.o: in function `YAML::BadSubscript::BadSubscript<char [12]>(YAML::Mark const&, char const (&) [12])':
[1.675s] camera_driver.cpp:(.text._ZN4YAML12BadSubscriptC2IA12_cEERKNS_4MarkERKT_[_ZN4YAML12BadSubscriptC5IA12_cEERKNS_4MarkERKT_]+0x60): undefined reference to `vtable for YAML::BadSubscript'
[1.675s] /usr/bin/ld: camera_driver.cpp:(.text._ZN4YAML12BadSubscriptC2IA12_cEERKNS_4MarkERKT_[_ZN4YAML12BadSubscriptC5IA12_cEERKNS_4MarkERKT_]+0x64): undefined reference to `vtable for YAML::BadSubscript'
[1.675s] /usr/bin/ld: CMakeFiles/camera_driver.dir/src/camera_driver.cpp.o: in function `YAML::detail::node& YAML::detail::node_data::convert_to_node<char [12]>(char const (&) [12], std::shared_ptr<YAML::detail::memory_holder>)':
[1.675s] camera_driver.cpp:(.text._ZN4YAML6detail9node_data15convert_to_nodeIA12_cEERNS0_4nodeERKT_St10shared_ptrINS0_13memory_holderEE[_ZN4YAML6detail9node_data15convert_to_nodeIA12_cEERNS0_4nodeERKT_St10shared_ptrINS0_13memory_holderEE]+0x64): undefined reference to `YAML::detail::memory_holder::merge(YAML::detail::memory_holder&)'
[1.676s] /usr/bin/ld: CMakeFiles/camera_driver.dir/src/camera_driver.cpp.o: in function `YAML::BadSubscript::BadSubscript<char [13]>(YAML::Mark const&, char const (&) [13])':
[1.676s] camera_driver.cpp:(.text._ZN4YAML12BadSubscriptC2IA13_cEERKNS_4MarkERKT_[_ZN4YAML12BadSubscriptC5IA13_cEERKNS_4MarkERKT_]+0x60): undefined reference to `vtable for YAML::BadSubscript'
[1.676s] /usr/bin/ld: camera_driver.cpp:(.text._ZN4YAML12BadSubscriptC2IA13_cEERKNS_4MarkERKT_[_ZN4YAML12BadSubscriptC5IA13_cEERKNS_4MarkERKT_]+0x64): undefined reference to `vtable for YAML::BadSubscript'
[1.677s] /usr/bin/ld: CMakeFiles/camera_driver.dir/src/camera_driver.cpp.o: in function `YAML::detail::node& YAML::detail::node_data::convert_to_node<char [13]>(char const (&) [13], std::shared_ptr<YAML::detail::memory_holder>)':
[1.677s] camera_driver.cpp:(.text._ZN4YAML6detail9node_data15convert_to_nodeIA13_cEERNS0_4nodeERKT_St10shared_ptrINS0_13memory_holderEE[_ZN4YAML6detail9node_data15convert_to_nodeIA13_cEERNS0_4nodeERKT_St10shared_ptrINS0_13memory_holderEE]+0x64): undefined reference to `YAML::detail::memory_holder::merge(YAML::detail::memory_holder&)'
[1.677s] /usr/bin/ld: CMakeFiles/camera_driver.dir/src/camera_driver.cpp.o: in function `YAML::BadSubscript::BadSubscript<char [14]>(YAML::Mark const&, char const (&) [14])':
[1.678s] camera_driver.cpp:(.text._ZN4YAML12BadSubscriptC2IA14_cEERKNS_4MarkERKT_[_ZN4YAML12BadSubscriptC5IA14_cEERKNS_4MarkERKT_]+0x60): undefined reference to `vtable for YAML::BadSubscript'
[1.678s] /usr/bin/ld: camera_driver.cpp:(.text._ZN4YAML12BadSubscriptC2IA14_cEERKNS_4MarkERKT_[_ZN4YAML12BadSubscriptC5IA14_cEERKNS_4MarkERKT_]+0x64): undefined reference to `vtable for YAML::BadSubscript'
[1.678s] /usr/bin/ld: CMakeFiles/camera_driver.dir/src/camera_driver.cpp.o: in function `YAML::detail::node& YAML::detail::node_data::convert_to_node<char [14]>(char const (&) [14], std::shared_ptr<YAML::detail::memory_holder>)':
[1.679s] camera_driver.cpp:(.text._ZN4YAML6detail9node_data15convert_to_nodeIA14_cEERNS0_4nodeERKT_St10shared_ptrINS0_13memory_holderEE[_ZN4YAML6detail9node_data15convert_to_nodeIA14_cEERNS0_4nodeERKT_St10shared_ptrINS0_13memory_holderEE]+0x64): undefined reference to `YAML::detail::memory_holder::merge(YAML::detail::memory_holder&)'
[1.679s] /usr/bin/ld: CMakeFiles/camera_driver.dir/src/camera_driver.cpp.o: in function `YAML::BadSubscript::BadSubscript<char [5]>(YAML::Mark const&, char const (&) [5])':
[1.679s] camera_driver.cpp:(.text._ZN4YAML12BadSubscriptC2IA5_cEERKNS_4MarkERKT_[_ZN4YAML12BadSubscriptC5IA5_cEERKNS_4MarkERKT_]+0x60): undefined reference to `vtable for YAML::BadSubscript'
[1.679s] /usr/bin/ld: camera_driver.cpp:(.text._ZN4YAML12BadSubscriptC2IA5_cEERKNS_4MarkERKT_[_ZN4YAML12BadSubscriptC5IA5_cEERKNS_4MarkERKT_]+0x64): undefined reference to `vtable for YAML::BadSubscript'
[1.680s] /usr/bin/ld: CMakeFiles/camera_driver.dir/src/camera_driver.cpp.o: in function `YAML::detail::node& YAML::detail::node_data::convert_to_node<char [5]>(char const (&) [5], std::shared_ptr<YAML::detail::memory_holder>)':
[1.680s] camera_driver.cpp:(.text._ZN4YAML6detail9node_data15convert_to_nodeIA5_cEERNS0_4nodeERKT_St10shared_ptrINS0_13memory_holderEE[_ZN4YAML6detail9node_data15convert_to_nodeIA5_cEERNS0_4nodeERKT_St10shared_ptrINS0_13memory_holderEE]+0x64): undefined reference to `YAML::detail::memory_holder::merge(YAML::detail::memory_holder&)'
[1.680s] /usr/bin/ld: CMakeFiles/camera_driver.dir/src/camera_driver.cpp.o: in function `YAML::TypedBadConversion<double>::~TypedBadConversion()':
[1.680s] camera_driver.cpp:(.text._ZN4YAML18TypedBadConversionIdED2Ev[_ZN4YAML18TypedBadConversionIdED5Ev]+0x20): undefined reference to `YAML::BadConversion::~BadConversion()'
[1.681s] /usr/bin/ld: CMakeFiles/camera_driver.dir/src/camera_driver.cpp.o: in function `YAML::BadSubscript::BadSubscript<char [24]>(YAML::Mark const&, char const (&) [24])':
[1.681s] camera_driver.cpp:(.text._ZN4YAML12BadSubscriptC2IA24_cEERKNS_4MarkERKT_[_ZN4YAML12BadSubscriptC5IA24_cEERKNS_4MarkERKT_]+0x60): undefined reference to `vtable for YAML::BadSubscript'
[1.681s] /usr/bin/ld: camera_driver.cpp:(.text._ZN4YAML12BadSubscriptC2IA24_cEERKNS_4MarkERKT_[_ZN4YAML12BadSubscriptC5IA24_cEERKNS_4MarkERKT_]+0x64): undefined reference to `vtable for YAML::BadSubscript'
[1.681s] /usr/bin/ld: CMakeFiles/camera_driver.dir/src/camera_driver.cpp.o: in function `YAML::detail::node& YAML::detail::node_data::convert_to_node<char [24]>(char const (&) [24], std::shared_ptr<YAML::detail::memory_holder>)':
[1.682s] camera_driver.cpp:(.text._ZN4YAML6detail9node_data15convert_to_nodeIA24_cEERNS0_4nodeERKT_St10shared_ptrINS0_13memory_holderEE[_ZN4YAML6detail9node_data15convert_to_nodeIA24_cEERNS0_4nodeERKT_St10shared_ptrINS0_13memory_holderEE]+0x64): undefined reference to `YAML::detail::memory_holder::merge(YAML::detail::memory_holder&)'
[1.682s] /usr/bin/ld: CMakeFiles/camera_driver.dir/src/camera_driver.cpp.o: in function `YAML::BadSubscript::BadSubscript<char [21]>(YAML::Mark const&, char const (&) [21])':
[1.682s] camera_driver.cpp:(.text._ZN4YAML12BadSubscriptC2IA21_cEERKNS_4MarkERKT_[_ZN4YAML12BadSubscriptC5IA21_cEERKNS_4MarkERKT_]+0x60): undefined reference to `vtable for YAML::BadSubscript'
[1.682s] /usr/bin/ld: camera_driver.cpp:(.text._ZN4YAML12BadSubscriptC2IA21_cEERKNS_4MarkERKT_[_ZN4YAML12BadSubscriptC5IA21_cEERKNS_4MarkERKT_]+0x64): undefined reference to `vtable for YAML::BadSubscript'
[1.682s] /usr/bin/ld: CMakeFiles/camera_driver.dir/src/camera_driver.cpp.o: in function `YAML::detail::node& YAML::detail::node_data::convert_to_node<char [21]>(char const (&) [21], std::shared_ptr<YAML::detail::memory_holder>)':
[1.683s] camera_driver.cpp:(.text._ZN4YAML6detail9node_data15convert_to_nodeIA21_cEERNS0_4nodeERKT_St10shared_ptrINS0_13memory_holderEE[_ZN4YAML6detail9node_data15convert_to_nodeIA21_cEERNS0_4nodeERKT_St10shared_ptrINS0_13memory_holderEE]+0x64): undefined reference to `YAML::detail::memory_holder::merge(YAML::detail::memory_holder&)'
[1.683s] /usr/bin/ld: CMakeFiles/camera_driver.dir/src/camera_driver.cpp.o: in function `YAML::BadSubscript::BadSubscript<char [18]>(YAML::Mark const&, char const (&) [18])':
[1.683s] camera_driver.cpp:(.text._ZN4YAML12BadSubscriptC2IA18_cEERKNS_4MarkERKT_[_ZN4YAML12BadSubscriptC5IA18_cEERKNS_4MarkERKT_]+0x60): undefined reference to `vtable for YAML::BadSubscript'
[1.683s] /usr/bin/ld: camera_driver.cpp:(.text._ZN4YAML12BadSubscriptC2IA18_cEERKNS_4MarkERKT_[_ZN4YAML12BadSubscriptC5IA18_cEERKNS_4MarkERKT_]+0x64): undefined reference to `vtable for YAML::BadSubscript'
[1.684s] /usr/bin/ld: CMakeFiles/camera_driver.dir/src/camera_driver.cpp.o: in function `YAML::detail::node& YAML::detail::node_data::convert_to_node<char [18]>(char const (&) [18], std::shared_ptr<YAML::detail::memory_holder>)':
[1.684s] camera_driver.cpp:(.text._ZN4YAML6detail9node_data15convert_to_nodeIA18_cEERNS0_4nodeERKT_St10shared_ptrINS0_13memory_holderEE[_ZN4YAML6detail9node_data15convert_to_nodeIA18_cEERNS0_4nodeERKT_St10shared_ptrINS0_13memory_holderEE]+0x64): undefined reference to `YAML::detail::memory_holder::merge(YAML::detail::memory_holder&)'
[1.684s] /usr/bin/ld: CMakeFiles/camera_driver.dir/src/camera_driver.cpp.o:(.data.rel.ro._ZTIN4YAML18TypedBadConversionIdEE[_ZTIN4YAML18TypedBadConversionIdEE]+0x10): undefined reference to `typeinfo for YAML::BadConversion'
[1.684s] /usr/bin/ld: CMakeFiles/camera_driver.dir/src/camera_driver.cpp.o:(.data.rel.ro._ZTIN4YAML18TypedBadConversionISt6vectorIdSaIdEEEE[_ZTIN4YAML18TypedBadConversionISt6vectorIdSaIdEEEE]+0x10): undefined reference to `typeinfo for YAML::BadConversion'
[1.684s] /usr/bin/ld: CMakeFiles/camera_driver.dir/src/camera_driver.cpp.o:(.data.rel.ro._ZTIN4YAML18TypedBadConversionIiEE[_ZTIN4YAML18TypedBadConversionIiEE]+0x10): undefined reference to `typeinfo for YAML::BadConversion'
[1.783s] collect2: error: ld returned 1 exit status
[1.790s] gmake[2]: *** [CMakeFiles/camera_driver.dir/build.make:193：camera_driver] 错误 1
[1.791s] gmake[1]: *** [CMakeFiles/Makefile2:167：CMakeFiles/camera_driver.dir/all] 错误 2
[1.792s] gmake: *** [Makefile:146：all] 错误 2
[1.804s] Invoked command in '/home/chuil/Desktop/zhongxi/build/sensor_interfaces' returned '2': CMAKE_PREFIX_PATH=${CMAKE_PREFIX_PATH}:/home/chuil/Desktop/zhongxi/install/demo_py:/opt/ros/humble /usr/bin/cmake --build /home/chuil/Desktop/zhongxi/build/sensor_interfaces -- -j6 -l6
