-- Install configuration: ""
-- Up-to-date: /home/chuil/Desktop/zhongxi/install/zhongxi_description/share/zhongxi_description//config
-- Up-to-date: /home/chuil/Desktop/zhongxi/install/zhongxi_description/share/zhongxi_description//config/joint_names_zhongxi_description.yaml
-- Up-to-date: /home/chuil/Desktop/zhongxi/install/zhongxi_description/share/zhongxi_description//launch
-- Up-to-date: /home/chuil/Desktop/zhongxi/install/zhongxi_description/share/zhongxi_description//launch/simple_view.launch.py
-- Up-to-date: /home/chuil/Desktop/zhongxi/install/zhongxi_description/share/zhongxi_description//launch/view_robot.launch.py
-- Up-to-date: /home/chuil/Desktop/zhongxi/install/zhongxi_description/share/zhongxi_description//launch/gazebo_sim.launch.py
-- Up-to-date: /home/chuil/Desktop/zhongxi/install/zhongxi_description/share/zhongxi_description//launch/ign_gazebo.launch.py
-- Up-to-date: /home/chuil/Desktop/zhongxi/install/zhongxi_description/share/zhongxi_description//launch/gazebo.launch
-- Up-to-date: /home/chuil/Desktop/zhongxi/install/zhongxi_description/share/zhongxi_description//launch/display.launch
-- Up-to-date: /home/chuil/Desktop/zhongxi/install/zhongxi_description/share/zhongxi_description//meshes
-- Up-to-date: /home/chuil/Desktop/zhongxi/install/zhongxi_description/share/zhongxi_description//meshes/base_link.STL
-- Up-to-date: /home/chuil/Desktop/zhongxi/install/zhongxi_description/share/zhongxi_description//meshes/camera_link.STL
-- Up-to-date: /home/chuil/Desktop/zhongxi/install/zhongxi_description/share/zhongxi_description//meshes/laser_link.STL
-- Up-to-date: /home/chuil/Desktop/zhongxi/install/zhongxi_description/share/zhongxi_description//urdf
-- Up-to-date: /home/chuil/Desktop/zhongxi/install/zhongxi_description/share/zhongxi_description//urdf/zhongxi_description_enhanced.sdf
-- Up-to-date: /home/chuil/Desktop/zhongxi/install/zhongxi_description/share/zhongxi_description//urdf/zhongxi_description_enhanced.urdf
-- Up-to-date: /home/chuil/Desktop/zhongxi/install/zhongxi_description/share/zhongxi_description//urdf/zhongxi_description.sdf
-- Up-to-date: /home/chuil/Desktop/zhongxi/install/zhongxi_description/share/zhongxi_description//urdf/zhongxi_description.csv
-- Up-to-date: /home/chuil/Desktop/zhongxi/install/zhongxi_description/share/zhongxi_description//urdf/zhongxi_description.urdf
-- Up-to-date: /home/chuil/Desktop/zhongxi/install/zhongxi_description/share/ament_index/resource_index/package_run_dependencies/zhongxi_description
-- Up-to-date: /home/chuil/Desktop/zhongxi/install/zhongxi_description/share/ament_index/resource_index/parent_prefix_path/zhongxi_description
-- Up-to-date: /home/chuil/Desktop/zhongxi/install/zhongxi_description/share/zhongxi_description/environment/ament_prefix_path.sh
-- Up-to-date: /home/chuil/Desktop/zhongxi/install/zhongxi_description/share/zhongxi_description/environment/ament_prefix_path.dsv
-- Up-to-date: /home/chuil/Desktop/zhongxi/install/zhongxi_description/share/zhongxi_description/environment/path.sh
-- Up-to-date: /home/chuil/Desktop/zhongxi/install/zhongxi_description/share/zhongxi_description/environment/path.dsv
-- Up-to-date: /home/chuil/Desktop/zhongxi/install/zhongxi_description/share/zhongxi_description/local_setup.bash
-- Up-to-date: /home/chuil/Desktop/zhongxi/install/zhongxi_description/share/zhongxi_description/local_setup.sh
-- Up-to-date: /home/chuil/Desktop/zhongxi/install/zhongxi_description/share/zhongxi_description/local_setup.zsh
-- Up-to-date: /home/chuil/Desktop/zhongxi/install/zhongxi_description/share/zhongxi_description/local_setup.dsv
-- Up-to-date: /home/chuil/Desktop/zhongxi/install/zhongxi_description/share/zhongxi_description/package.dsv
-- Up-to-date: /home/chuil/Desktop/zhongxi/install/zhongxi_description/share/ament_index/resource_index/packages/zhongxi_description
-- Up-to-date: /home/chuil/Desktop/zhongxi/install/zhongxi_description/share/zhongxi_description/cmake/zhongxi_descriptionConfig.cmake
-- Up-to-date: /home/chuil/Desktop/zhongxi/install/zhongxi_description/share/zhongxi_description/cmake/zhongxi_descriptionConfig-version.cmake
-- Up-to-date: /home/chuil/Desktop/zhongxi/install/zhongxi_description/share/zhongxi_description/package.xml
