[0.023s] Invoking command in '/home/chuil/Desktop/zhongxi/build/zhongxi_description': CMAKE_PREFIX_PATH=/opt/ros/humble /usr/bin/cmake --build /home/chuil/Desktop/zhongxi/build/zhongxi_description -- -j6 -l6
[0.150s] Invoked command in '/home/chuil/Desktop/zhongxi/build/zhongxi_description' returned '0': CMAKE_PREFIX_PATH=/opt/ros/humble /usr/bin/cmake --build /home/chuil/Desktop/zhongxi/build/zhongxi_description -- -j6 -l6
[0.183s] Invoking command in '/home/chuil/Desktop/zhongxi/build/zhongxi_description': CMAKE_PREFIX_PATH=/opt/ros/humble /usr/bin/cmake --install /home/chuil/Desktop/zhongxi/build/zhongxi_description
[0.206s] -- Install configuration: ""
[0.207s] -- Up-to-date: /home/chuil/Desktop/zhongxi/install/zhongxi_description/share/zhongxi_description//config
[0.207s] -- Up-to-date: /home/chuil/Desktop/zhongxi/install/zhongxi_description/share/zhongxi_description//config/joint_names_zhongxi_description.yaml
[0.207s] -- Up-to-date: /home/chuil/Desktop/zhongxi/install/zhongxi_description/share/zhongxi_description//launch
[0.207s] -- Up-to-date: /home/chuil/Desktop/zhongxi/install/zhongxi_description/share/zhongxi_description//launch/simple_view.launch.py
[0.208s] -- Up-to-date: /home/chuil/Desktop/zhongxi/install/zhongxi_description/share/zhongxi_description//launch/view_robot.launch.py
[0.209s] -- Up-to-date: /home/chuil/Desktop/zhongxi/install/zhongxi_description/share/zhongxi_description//launch/gazebo_sim.launch.py
[0.209s] -- Up-to-date: /home/chuil/Desktop/zhongxi/install/zhongxi_description/share/zhongxi_description//launch/ign_gazebo.launch.py
[0.210s] -- Up-to-date: /home/chuil/Desktop/zhongxi/install/zhongxi_description/share/zhongxi_description//launch/gazebo.launch
[0.210s] -- Up-to-date: /home/chuil/Desktop/zhongxi/install/zhongxi_description/share/zhongxi_description//launch/display.launch
[0.210s] -- Up-to-date: /home/chuil/Desktop/zhongxi/install/zhongxi_description/share/zhongxi_description//meshes
[0.211s] -- Up-to-date: /home/chuil/Desktop/zhongxi/install/zhongxi_description/share/zhongxi_description//meshes/base_link.STL
[0.211s] -- Up-to-date: /home/chuil/Desktop/zhongxi/install/zhongxi_description/share/zhongxi_description//meshes/camera_link.STL
[0.211s] -- Up-to-date: /home/chuil/Desktop/zhongxi/install/zhongxi_description/share/zhongxi_description//meshes/laser_link.STL
[0.211s] -- Up-to-date: /home/chuil/Desktop/zhongxi/install/zhongxi_description/share/zhongxi_description//urdf
[0.211s] -- Up-to-date: /home/chuil/Desktop/zhongxi/install/zhongxi_description/share/zhongxi_description//urdf/zhongxi_description_enhanced.sdf
[0.212s] -- Up-to-date: /home/chuil/Desktop/zhongxi/install/zhongxi_description/share/zhongxi_description//urdf/zhongxi_description_enhanced.urdf
[0.213s] -- Up-to-date: /home/chuil/Desktop/zhongxi/install/zhongxi_description/share/zhongxi_description//urdf/zhongxi_description.sdf
[0.213s] -- Up-to-date: /home/chuil/Desktop/zhongxi/install/zhongxi_description/share/zhongxi_description//urdf/zhongxi_description.csv
[0.215s] -- Up-to-date: /home/chuil/Desktop/zhongxi/install/zhongxi_description/share/zhongxi_description//urdf/zhongxi_description.urdf
[0.216s] -- Up-to-date: /home/chuil/Desktop/zhongxi/install/zhongxi_description/share/ament_index/resource_index/package_run_dependencies/zhongxi_description
[0.216s] -- Up-to-date: /home/chuil/Desktop/zhongxi/install/zhongxi_description/share/ament_index/resource_index/parent_prefix_path/zhongxi_description
[0.217s] -- Up-to-date: /home/chuil/Desktop/zhongxi/install/zhongxi_description/share/zhongxi_description/environment/ament_prefix_path.sh
[0.217s] -- Up-to-date: /home/chuil/Desktop/zhongxi/install/zhongxi_description/share/zhongxi_description/environment/ament_prefix_path.dsv
[0.218s] -- Up-to-date: /home/chuil/Desktop/zhongxi/install/zhongxi_description/share/zhongxi_description/environment/path.sh
[0.219s] -- Up-to-date: /home/chuil/Desktop/zhongxi/install/zhongxi_description/share/zhongxi_description/environment/path.dsv
[0.219s] -- Up-to-date: /home/chuil/Desktop/zhongxi/install/zhongxi_description/share/zhongxi_description/local_setup.bash
[0.220s] -- Up-to-date: /home/chuil/Desktop/zhongxi/install/zhongxi_description/share/zhongxi_description/local_setup.sh
[0.221s] -- Up-to-date: /home/chuil/Desktop/zhongxi/install/zhongxi_description/share/zhongxi_description/local_setup.zsh
[0.222s] -- Up-to-date: /home/chuil/Desktop/zhongxi/install/zhongxi_description/share/zhongxi_description/local_setup.dsv
[0.222s] -- Installing: /home/chuil/Desktop/zhongxi/install/zhongxi_description/share/zhongxi_description/package.dsv
[0.223s] -- Up-to-date: /home/chuil/Desktop/zhongxi/install/zhongxi_description/share/ament_index/resource_index/packages/zhongxi_description
[0.223s] -- Up-to-date: /home/chuil/Desktop/zhongxi/install/zhongxi_description/share/zhongxi_description/cmake/zhongxi_descriptionConfig.cmake
[0.224s] -- Up-to-date: /home/chuil/Desktop/zhongxi/install/zhongxi_description/share/zhongxi_description/cmake/zhongxi_descriptionConfig-version.cmake
[0.225s] -- Up-to-date: /home/chuil/Desktop/zhongxi/install/zhongxi_description/share/zhongxi_description/package.xml
[0.227s] Invoked command in '/home/chuil/Desktop/zhongxi/build/zhongxi_description' returned '0': CMAKE_PREFIX_PATH=/opt/ros/humble /usr/bin/cmake --install /home/chuil/Desktop/zhongxi/build/zhongxi_description
